#
# There is insufficient memory for the Java Runtime Environment to continue.
# Native memory allocation (mmap) failed to map 136314880 bytes for committing reserved memory.
# Possible reasons:
#   The system is out of physical RAM or swap space
#   In 32 bit mode, the process size limit was hit
# Possible solutions:
#   Reduce memory load on the system
#   Increase physical memory or swap space
#   Check if swap backing store is full
#   Use 64 bit Java on a 64 bit OS
#   Decrease Java heap size (-Xmx/-Xms)
#   Decrease number of Java threads
#   Decrease Java thread stack sizes (-Xss)
#   Set larger code cache with -XX:ReservedCodeCacheSize=
# This output file may be truncated or incomplete.
#
#  Out of Memory Error (os_linux.cpp:2627), pid=3490, tid=139628358637312
#
# JRE version: Java(TM) SE Runtime Environment (8.0_66-b17) (build 1.8.0_66-b17)
# Java VM: Java HotSpot(TM) 64-Bit Server VM (25.66-b17 mixed mode linux-amd64 compressed oops)
# Failed to write core dump. Core dumps have been disabled. To enable core dumping, try "ulimit -c unlimited" before starting Java again
#

---------------  T H R E A D  ---------------

Current thread (0x00007efdd4079800):  VMThread [stack: 0x00007efdc2a79000,0x00007efdc2b7a000] [id=3507]

Stack: [0x00007efdc2a79000,0x00007efdc2b7a000],  sp=0x00007efdc2b77fe0,  free space=1019k
Native frames: (J=compiled Java code, j=interpreted, Vv=VM code, C=native code)
V  [libjvm.so+0xab9a1a]  VMError::report_and_die()+0x2ba
V  [libjvm.so+0x4f9e0b]  report_vm_out_of_memory(char const*, int, unsigned long, VMErrorType, char const*)+0x8b
V  [libjvm.so+0x91a8a3]  os::Linux::commit_memory_impl(char*, unsigned long, bool)+0x103
V  [libjvm.so+0x91adf9]  os::pd_commit_memory(char*, unsigned long, unsigned long, bool)+0x29
V  [libjvm.so+0x91510a]  os::commit_memory(char*, unsigned long, unsigned long, bool)+0x2a
V  [libjvm.so+0x9887a3]  PSVirtualSpace::expand_by(unsigned long)+0x53
V  [libjvm.so+0x989ba8]  PSYoungGen::resize_generation(unsigned long, unsigned long)+0xf8
V  [libjvm.so+0x988d02]  PSYoungGen::resize(unsigned long, unsigned long)+0x22
V  [libjvm.so+0x985fdb]  PSScavenge::invoke_no_policy()+0xf3b
V  [libjvm.so+0x986761]  PSScavenge::invoke()+0x41
V  [libjvm.so+0x93e500]  ParallelScavengeHeap::failed_mem_allocate(unsigned long)+0x70
V  [libjvm.so+0xabb437]  VM_ParallelGCFailedAllocation::doit()+0x97
V  [libjvm.so+0xac2e65]  VM_Operation::evaluate()+0x55
V  [libjvm.so+0xac123a]  VMThread::evaluate_operation(VM_Operation*)+0xba
V  [libjvm.so+0xac15be]  VMThread::loop()+0x1ce
V  [libjvm.so+0xac1a30]  VMThread::run()+0x70
V  [libjvm.so+0x91cc68]  java_start(Thread*)+0x108

VM_Operation (0x00007efddd10b490): ParallelGCFailedAllocation, mode: safepoint, requested by thread 0x00007efdd400b800


---------------  P R O C E S S  ---------------

Java Threads: ( => current thread )
  0x00007efdd4227800 JavaThread "Service Thread" daemon [_thread_blocked, id=3521, stack(0x00007efdc1bf4000,0x00007efdc1cf5000)]
  0x00007efdd4224800 JavaThread "C1 CompilerThread2" daemon [_thread_blocked, id=3520, stack(0x00007efdc1cf5000,0x00007efdc1df6000)]
  0x00007efdd4222800 JavaThread "C2 CompilerThread1" daemon [_thread_blocked, id=3519, stack(0x00007efdc1df6000,0x00007efdc1ef7000)]
  0x00007efdd4220800 JavaThread "C2 CompilerThread0" daemon [_thread_blocked, id=3518, stack(0x00007efdc1ef7000,0x00007efdc1ff8000)]
  0x00007efdd421e800 JavaThread "Signal Dispatcher" daemon [_thread_blocked, id=3517, stack(0x00007efdc1ff8000,0x00007efdc20f9000)]
  0x00007efdd4080800 JavaThread "Finalizer" daemon [_thread_blocked, id=3510, stack(0x00007efdc2877000,0x00007efdc2978000)]
  0x00007efdd407e800 JavaThread "Reference Handler" daemon [_thread_blocked, id=3508, stack(0x00007efdc2978000,0x00007efdc2a79000)]
  0x00007efdd400b800 JavaThread "main" [_thread_blocked, id=3494, stack(0x00007efddd00e000,0x00007efddd10f000)]

Other Threads:
=>0x00007efdd4079800 VMThread [stack: 0x00007efdc2a79000,0x00007efdc2b7a000] [id=3507]
  0x00007efdd422d000 WatcherThread [stack: 0x00007efdc1af3000,0x00007efdc1bf4000] [id=3522]

VM state:at safepoint (normal execution)

VM Mutex/Monitor currently owned by a thread:  ([mutex/lock_event])
[0x00007efdd4007fa0] Threads_lock - owner thread: 0x00007efdd4079800
[0x00007efdd40084a0] Heap_lock - owner thread: 0x00007efdd400b800

Heap:
 PSYoungGen      total 136704K, used 10227K [0x00000000ebb00000, 0x00000000f4b00000, 0x0000000100000000)
  eden space 126464K, 0% used [0x00000000ebb00000,0x00000000ebb00000,0x00000000f3680000)
  from space 10240K, 99% used [0x00000000f3680000,0x00000000f407cc28,0x00000000f4080000)
  to   space 9728K, 0% used [0x00000000f4080000,0x00000000f4080000,0x00000000f4a00000)
 ParOldGen       total 42496K, used 21813K [0x00000000c3000000, 0x00000000c5980000, 0x00000000ebb00000)
  object space 42496K, 51% used [0x00000000c3000000,0x00000000c454d6e0,0x00000000c5980000)
 Metaspace       used 15678K, capacity 15906K, committed 16256K, reserved 1062912K
  class space    used 1985K, capacity 2059K, committed 2176K, reserved 1048576K

Card table byte_map: [0x00007efdd9bf3000,0x00007efdd9ddc000] byte_map_base: 0x00007efdd95db000

Marking Bits: (ParMarkBitMap*) 0x00007efddc4eb020
 Begin Bits: [0x00007efdc3180000, 0x00007efdc40c0000)
 End Bits:   [0x00007efdc40c0000, 0x00007efdc5000000)

Polling page: 0x00007efddd132000

CodeCache: size=245760Kb used=6696Kb max_used=6701Kb free=239063Kb
 bounds [0x00007efdc5000000, 0x00007efdc56a0000, 0x00007efdd4000000]
 total_blobs=2432 nmethods=1994 adapters=351
 compilation: enabled

Compilation events (10 events):
Event: 7,921 Thread 0x00007efdd4222800 nmethod 1990 0x00007efdc568e350 code [0x00007efdc568e4a0, 0x00007efdc568e548]
Event: 7,926 Thread 0x00007efdd4224800 2001       1       scala.reflect.ClassTag$$anon$1::runtimeClass (5 bytes)
Event: 7,927 Thread 0x00007efdd4224800 nmethod 2001 0x00007efdc568e090 code [0x00007efdc568e1e0, 0x00007efdc568e2f0]
Event: 7,927 Thread 0x00007efdd4224800 2002       3       com.google.common.cache.LocalCache$Segment::newEntryArray (9 bytes)
Event: 7,928 Thread 0x00007efdd4224800 nmethod 2002 0x00007efdc568dad0 code [0x00007efdc568dc40, 0x00007efdc568df50]
Event: 7,928 Thread 0x00007efdd4224800 2003       3       java.util.concurrent.atomic.AtomicReferenceArray::<init> (13 bytes)
Event: 7,928 Thread 0x00007efdd4224800 nmethod 2003 0x00007efdc568d650 code [0x00007efdc568d7c0, 0x00007efdc568da10]
Event: 7,943 Thread 0x00007efdd4222800 2004       4       java.util.regex.Pattern::compile (406 bytes)
Event: 7,984 Thread 0x00007efdd4224800 2010       3       scala.collection.generic.GenericCompanion::empty (13 bytes)
Event: 7,984 Thread 0x00007efdd4224800 nmethod 2010 0x00007efdc568f4d0 code [0x00007efdc568f660, 0x00007efdc568fa38]

GC Heap History (10 events):
Event: 2,185 GC heap after
Heap after GC invocations=2 (full 0):
 PSYoungGen      total 34304K, used 2528K [0x00000000ebb00000, 0x00000000edf00000, 0x0000000100000000)
  eden space 31744K, 0% used [0x00000000ebb00000,0x00000000ebb00000,0x00000000eda00000)
  from space 2560K, 98% used [0x00000000edc80000,0x00000000edef8030,0x00000000edf00000)
  to   space 2560K, 0% used [0x00000000eda00000,0x00000000eda00000,0x00000000edc80000)
 ParOldGen       total 42496K, used 3455K [0x00000000c3000000, 0x00000000c5980000, 0x00000000ebb00000)
  object space 42496K, 8% used [0x00000000c3000000,0x00000000c335ffb0,0x00000000c5980000)
 Metaspace       used 10681K, capacity 10890K, committed 11136K, reserved 1058816K
  class space    used 1450K, capacity 1559K, committed 1664K, reserved 1048576K
}
Event: 3,439 GC heap before
{Heap before GC invocations=3 (full 0):
 PSYoungGen      total 34304K, used 34272K [0x00000000ebb00000, 0x00000000edf00000, 0x0000000100000000)
  eden space 31744K, 100% used [0x00000000ebb00000,0x00000000eda00000,0x00000000eda00000)
  from space 2560K, 98% used [0x00000000edc80000,0x00000000edef8030,0x00000000edf00000)
  to   space 2560K, 0% used [0x00000000eda00000,0x00000000eda00000,0x00000000edc80000)
 ParOldGen       total 42496K, used 3455K [0x00000000c3000000, 0x00000000c5980000, 0x00000000ebb00000)
  object space 42496K, 8% used [0x00000000c3000000,0x00000000c335ffb0,0x00000000c5980000)
 Metaspace       used 14406K, capacity 14608K, committed 14848K, reserved 1062912K
  class space    used 1864K, capacity 1944K, committed 2048K, reserved 1048576K
Event: 3,467 GC heap after
Heap after GC invocations=3 (full 0):
 PSYoungGen      total 34304K, used 2528K [0x00000000ebb00000, 0x00000000efe00000, 0x0000000100000000)
  eden space 31744K, 0% used [0x00000000ebb00000,0x00000000ebb00000,0x00000000eda00000)
  from space 2560K, 98% used [0x00000000eda00000,0x00000000edc78020,0x00000000edc80000)
  to   space 2560K, 0% used [0x00000000efb80000,0x00000000efb80000,0x00000000efe00000)
 ParOldGen       total 42496K, used 8854K [0x00000000c3000000, 0x00000000c5980000, 0x00000000ebb00000)
  object space 42496K, 20% used [0x00000000c3000000,0x00000000c38a5a28,0x00000000c5980000)
 Metaspace       used 14406K, capacity 14608K, committed 14848K, reserved 1062912K
  class space    used 1864K, capacity 1944K, committed 2048K, reserved 1048576K
}
Event: 4,192 GC heap before
{Heap before GC invocations=4 (full 0):
 PSYoungGen      total 34304K, used 34272K [0x00000000ebb00000, 0x00000000efe00000, 0x0000000100000000)
  eden space 31744K, 100% used [0x00000000ebb00000,0x00000000eda00000,0x00000000eda00000)
  from space 2560K, 98% used [0x00000000eda00000,0x00000000edc78020,0x00000000edc80000)
  to   space 2560K, 0% used [0x00000000efb80000,0x00000000efb80000,0x00000000efe00000)
 ParOldGen       total 42496K, used 8854K [0x00000000c3000000, 0x00000000c5980000, 0x00000000ebb00000)
  object space 42496K, 20% used [0x00000000c3000000,0x00000000c38a5a28,0x00000000c5980000)
 Metaspace       used 14810K, capacity 15056K, committed 15360K, reserved 1062912K
  class space    used 1910K, capacity 1992K, committed 2048K, reserved 1048576K
Event: 4,272 GC heap after
Heap after GC invocations=4 (full 0):
 PSYoungGen      total 66048K, used 2528K [0x00000000ebb00000, 0x00000000efe00000, 0x0000000100000000)
  eden space 63488K, 0% used [0x00000000ebb00000,0x00000000ebb00000,0x00000000ef900000)
  from space 2560K, 98% used [0x00000000efb80000,0x00000000efdf8040,0x00000000efe00000)
  to   space 2560K, 0% used [0x00000000ef900000,0x00000000ef900000,0x00000000efb80000)
 ParOldGen       total 42496K, used 12285K [0x00000000c3000000, 0x00000000c5980000, 0x00000000ebb00000)
  object space 42496K, 28% used [0x00000000c3000000,0x00000000c3bff508,0x00000000c5980000)
 Metaspace       used 14810K, capacity 15056K, committed 15360K, reserved 1062912K
  class space    used 1910K, capacity 1992K, committed 2048K, reserved 1048576K
}
Event: 5,227 GC heap before
{Heap before GC invocations=5 (full 0):
 PSYoungGen      total 66048K, used 66016K [0x00000000ebb00000, 0x00000000efe00000, 0x0000000100000000)
  eden space 63488K, 100% used [0x00000000ebb00000,0x00000000ef900000,0x00000000ef900000)
  from space 2560K, 98% used [0x00000000efb80000,0x00000000efdf8040,0x00000000efe00000)
  to   space 2560K, 0% used [0x00000000ef900000,0x00000000ef900000,0x00000000efb80000)
 ParOldGen       total 42496K, used 12285K [0x00000000c3000000, 0x00000000c5980000, 0x00000000ebb00000)
  object space 42496K, 28% used [0x00000000c3000000,0x00000000c3bff508,0x00000000c5980000)
 Metaspace       used 15063K, capacity 15248K, committed 15360K, reserved 1062912K
  class space    used 1921K, capacity 1992K, committed 2048K, reserved 1048576K
Event: 5,255 GC heap after
Heap after GC invocations=5 (full 0):
 PSYoungGen      total 66048K, used 2528K [0x00000000ebb00000, 0x00000000f4a00000, 0x0000000100000000)
  eden space 63488K, 0% used [0x00000000ebb00000,0x00000000ebb00000,0x00000000ef900000)
  from space 2560K, 98% used [0x00000000ef900000,0x00000000efb78020,0x00000000efb80000)
  to   space 9728K, 0% used [0x00000000f4080000,0x00000000f4080000,0x00000000f4a00000)
 ParOldGen       total 42496K, used 17815K [0x00000000c3000000, 0x00000000c5980000, 0x00000000ebb00000)
  object space 42496K, 41% used [0x00000000c3000000,0x00000000c4165d18,0x00000000c5980000)
 Metaspace       used 15063K, capacity 15248K, committed 15360K, reserved 1062912K
  class space    used 1921K, capacity 1992K, committed 2048K, reserved 1048576K
}
Event: 6,208 GC heap before
{Heap before GC invocations=6 (full 0):
 PSYoungGen      total 66048K, used 66016K [0x00000000ebb00000, 0x00000000f4a00000, 0x0000000100000000)
  eden space 63488K, 100% used [0x00000000ebb00000,0x00000000ef900000,0x00000000ef900000)
  from space 2560K, 98% used [0x00000000ef900000,0x00000000efb78020,0x00000000efb80000)
  to   space 9728K, 0% used [0x00000000f4080000,0x00000000f4080000,0x00000000f4a00000)
 ParOldGen       total 42496K, used 17815K [0x00000000c3000000, 0x00000000c5980000, 0x00000000ebb00000)
  object space 42496K, 41% used [0x00000000c3000000,0x00000000c4165d18,0x00000000c5980000)
 Metaspace       used 15153K, capacity 15376K, committed 15616K, reserved 1062912K
  class space    used 1922K, capacity 1992K, committed 2048K, reserved 1048576K
Event: 6,305 GC heap after
Heap after GC invocations=6 (full 0):
 PSYoungGen      total 136192K, used 7968K [0x00000000ebb00000, 0x00000000f4b00000, 0x0000000100000000)
  eden space 126464K, 0% used [0x00000000ebb00000,0x00000000ebb00000,0x00000000f3680000)
  from space 9728K, 81% used [0x00000000f4080000,0x00000000f4848040,0x00000000f4a00000)
  to   space 10240K, 0% used [0x00000000f3680000,0x00000000f3680000,0x00000000f4080000)
 ParOldGen       total 42496K, used 17815K [0x00000000c3000000, 0x00000000c5980000, 0x00000000ebb00000)
  object space 42496K, 41% used [0x00000000c3000000,0x00000000c4165d18,0x00000000c5980000)
 Metaspace       used 15153K, capacity 15376K, committed 15616K, reserved 1062912K
  class space    used 1922K, capacity 1992K, committed 2048K, reserved 1048576K
}
Event: 7,994 GC heap before
{Heap before GC invocations=7 (full 0):
 PSYoungGen      total 136192K, used 134432K [0x00000000ebb00000, 0x00000000f4b00000, 0x0000000100000000)
  eden space 126464K, 100% used [0x00000000ebb00000,0x00000000f3680000,0x00000000f3680000)
  from space 9728K, 81% used [0x00000000f4080000,0x00000000f4848040,0x00000000f4a00000)
  to   space 10240K, 0% used [0x00000000f3680000,0x00000000f3680000,0x00000000f4080000)
 ParOldGen       total 42496K, used 17815K [0x00000000c3000000, 0x00000000c5980000, 0x00000000ebb00000)
  object space 42496K, 41% used [0x00000000c3000000,0x00000000c4165d18,0x00000000c5980000)
 Metaspace       used 15678K, capacity 15906K, committed 16256K, reserved 1062912K
  class space    used 1985K, capacity 2059K, committed 2176K, reserved 1048576K

Deoptimization events (10 events):
Event: 5,163 Thread 0x00007efdd400b800 Uncommon trap: reason=unstable_if action=reinterpret pc=0x00007efdc53cf7f8 method=java.util.HashMap.putVal(ILjava/lang/Object;Ljava/lang/Object;ZZ)Ljava/lang/Object; @ 162
Event: 5,197 Thread 0x00007efdd400b800 Uncommon trap: reason=unstable_if action=reinterpret pc=0x00007efdc54c3178 method=java.util.HashMap.getNode(ILjava/lang/Object;)Ljava/util/HashMap$Node; @ 84
Event: 5,309 Thread 0x00007efdd400b800 Uncommon trap: reason=unstable_if action=reinterpret pc=0x00007efdc54981fc method=java.util.HashMap.getNode(ILjava/lang/Object;)Ljava/util/HashMap$Node; @ 84
Event: 5,728 Thread 0x00007efdd400b800 Uncommon trap: reason=unstable_if action=reinterpret pc=0x00007efdc54815a4 method=java.util.HashMap.resize()[Ljava/util/HashMap$Node; @ 206
Event: 6,527 Thread 0x00007efdd400b800 Uncommon trap: reason=unstable_if action=reinterpret pc=0x00007efdc55a6410 method=javassist.bytecode.AttributeInfo.read(Ljavassist/bytecode/ConstPool;Ljava/io/DataInputStream;)Ljavassist/bytecode/AttributeInfo; @ 276
Event: 7,630 Thread 0x00007efdd400b800 Uncommon trap: reason=class_check action=maybe_recompile pc=0x00007efdc55c8390 method=java.util.HashMap.putVal(ILjava/lang/Object;Ljava/lang/Object;ZZ)Ljava/lang/Object; @ 203
Event: 7,630 Thread 0x00007efdd400b800 Uncommon trap: reason=class_check action=maybe_recompile pc=0x00007efdc55c8390 method=java.util.HashMap.putVal(ILjava/lang/Object;Ljava/lang/Object;ZZ)Ljava/lang/Object; @ 203
Event: 7,630 Thread 0x00007efdd400b800 Uncommon trap: reason=class_check action=maybe_recompile pc=0x00007efdc563c668 method=java.util.HashMap.putVal(ILjava/lang/Object;Ljava/lang/Object;ZZ)Ljava/lang/Object; @ 203
Event: 7,703 Thread 0x00007efdd400b800 Uncommon trap: reason=unstable_if action=reinterpret pc=0x00007efdc55dabe4 method=java.util.HashMap.hash(Ljava/lang/Object;)I @ 1
Event: 7,704 Thread 0x00007efdd400b800 Uncommon trap: reason=unstable_if action=reinterpret pc=0x00007efdc529e2e8 method=java.util.HashMap.hash(Ljava/lang/Object;)I @ 1

Internal exceptions (10 events):
Event: 2,686 Thread 0x00007efdd400b800 Exception <a 'java/lang/ClassNotFoundException': java/lang/ObjectCustomizer> (0x00000000ec6cb778) thrown at [/HUDSON/workspace/8-2-build-linux-amd64/jdk8u66/4988/hotspot/src/share/vm/classfile/systemDictionary.cpp, line 210]
Event: 2,699 Thread 0x00007efdd400b800 Exception <a 'java/lang/ArrayIndexOutOfBoundsException': 18> (0x00000000ec6cd988) thrown at [/HUDSON/workspace/8-2-build-linux-amd64/jdk8u66/4988/hotspot/src/share/vm/interpreter/interpreterRuntime.cpp, line 366]
Event: 2,703 Thread 0x00007efdd400b800 Exception <a 'java/lang/ArrayIndexOutOfBoundsException': 22> (0x00000000ec6d0d38) thrown at [/HUDSON/workspace/8-2-build-linux-amd64/jdk8u66/4988/hotspot/src/share/vm/interpreter/interpreterRuntime.cpp, line 366]
Event: 2,706 Thread 0x00007efdd400b800 Exception <a 'java/lang/ArrayIndexOutOfBoundsException': 160> (0x00000000ec6d3110) thrown at [/HUDSON/workspace/8-2-build-linux-amd64/jdk8u66/4988/hotspot/src/share/vm/interpreter/interpreterRuntime.cpp, line 366]
Event: 2,710 Thread 0x00007efdd400b800 Exception <a 'java/lang/ClassNotFoundException': org/apache/log4j/LayoutCustomizer> (0x00000000ec6e0478) thrown at [/HUDSON/workspace/8-2-build-linux-amd64/jdk8u66/4988/hotspot/src/share/vm/classfile/systemDictionary.cpp, line 210]
Event: 2,713 Thread 0x00007efdd400b800 Exception <a 'java/lang/ClassNotFoundException': org/apache/log4j/PatternLayoutCustomizer> (0x00000000ec6fe7c0) thrown at [/HUDSON/workspace/8-2-build-linux-amd64/jdk8u66/4988/hotspot/src/share/vm/classfile/systemDictionary.cpp, line 210]
Event: 2,718 Thread 0x00007efdd400b800 Implicit null exception at 0x00007efdc51a5d35 to 0x00007efdc51a6075
Event: 3,783 Thread 0x00007efdd400b800 Implicit null exception at 0x00007efdc5456143 to 0x00007efdc5456b91
Event: 7,703 Thread 0x00007efdd400b800 Implicit null exception at 0x00007efdc55da9f5 to 0x00007efdc55dabd5
Event: 7,704 Thread 0x00007efdd400b800 Implicit null exception at 0x00007efdc529e26f to 0x00007efdc529e2d9

Events (10 events):
Event: 7,703 Thread 0x00007efdd400b800 DEOPT PACKING pc=0x00007efdc55dabe4 sp=0x00007efddd10ccf0
Event: 7,703 Thread 0x00007efdd400b800 DEOPT UNPACKING pc=0x00007efdc5005229 sp=0x00007efddd10cc58 mode 2
Event: 7,704 Thread 0x00007efdd400b800 Uncommon trap: trap_request=0xffffff65 fr.pc=0x00007efdc529e2e8
Event: 7,704 Thread 0x00007efdd400b800 DEOPT PACKING pc=0x00007efdc529e2e8 sp=0x00007efddd10cc90
Event: 7,704 Thread 0x00007efdd400b800 DEOPT UNPACKING pc=0x00007efdc5005229 sp=0x00007efddd10cc50 mode 2
Event: 7,888 loading class java/lang/Class$EnclosingMethodInfo
Event: 7,888 loading class java/lang/Class$EnclosingMethodInfo done
Event: 7,903 loading class javax/persistence/Transient
Event: 7,903 loading class javax/persistence/Transient done
Event: 7,993 Executing VM operation: ParallelGCFailedAllocation


Dynamic libraries:
00400000-00401000 r-xp 00000000 08:05 806533                             /usr/lib/jvm/java-8-oracle/bin/java
00600000-00601000 rw-p 00000000 08:05 806533                             /usr/lib/jvm/java-8-oracle/bin/java
018a7000-018c8000 rw-p 00000000 00:00 0                                  [heap]
c3000000-c5980000 rw-p 00000000 00:00 0 
c5980000-ebb00000 ---p 00000000 00:00 0 
ebb00000-f4b00000 rw-p 00000000 00:00 0 
fcd00000-100000000 ---p 00000000 00:00 0 
100000000-100220000 rw-p 00000000 00:00 0 
100220000-140000000 ---p 00000000 00:00 0 
7efd78000000-7efd78022000 rw-p 00000000 00:00 0 
7efd78022000-7efd7c000000 ---p 00000000 00:00 0 
7efd7ffee000-7efd80000000 r--s 00345000 08:05 807759                     /usr/lib/jvm/java-8-oracle/jre/lib/resources.jar
7efd80000000-7efd80021000 rw-p 00000000 00:00 0 
7efd80021000-7efd84000000 ---p 00000000 00:00 0 
7efd84006000-7efd841c7000 rw-p 00000000 00:00 0 
7efd841c7000-7efd84207000 ---p 00000000 00:00 0 
7efd84207000-7efd84407000 rw-p 00000000 00:00 0 
7efd84407000-7efd84459000 r--p 00000000 08:05 5522                       /usr/share/fonts/truetype/dejavu/DejaVuSansMono.ttf
7efd84459000-7efd844b0000 r--p 00000000 08:05 133210                     /usr/share/fonts/truetype/ubuntu-font-family/Ubuntu-R.ttf
7efd844b0000-7efd844b1000 r--s 00000000 08:05 289549                     /var/cache/fontconfig/c05880de57d1f5e948fdfacc138775d9-le64.cache-4
7efd844b1000-7efd844bc000 r--s 00000000 08:05 289543                     /var/cache/fontconfig/945677eb7aeaf62f1d50efc3fb3ec7d8-le64.cache-4
7efd844bc000-7efd844be000 r--s 00000000 08:05 292932                     /var/cache/fontconfig/99e8ed0e538f840c565b6ed5dad60d56-le64.cache-4
7efd844be000-7efd844c7000 r--s 00000000 08:05 292931                     /var/cache/fontconfig/a6d8cf8e4ec09cdbc8633c31745a07dd-le64.cache-4
7efd844c7000-7efd844cd000 r--s 00000000 08:05 289529                     /var/cache/fontconfig/2cd17615ca594fa2959ae173292e504c-le64.cache-4
7efd844cd000-7efd844ce000 r--s 00000000 08:05 289559                     /var/cache/fontconfig/e7071f4a29fa870f4323321c154eba04-le64.cache-4
7efd844ce000-7efd844cf000 r--s 00000000 08:05 289526                     /var/cache/fontconfig/0d8c3b2ac0904cb8a57a757ad11a4a08-le64.cache-4
7efd844cf000-7efd844d6000 r--s 00000000 08:05 289546                     /var/cache/fontconfig/a755afe4a08bf5b97852ceb7400b47bc-le64.cache-4
7efd844d6000-7efd844ea000 r--s 00000000 08:05 289524                     /var/cache/fontconfig/04aabc0a78ac019cf9454389977116d2-le64.cache-4
7efd844ea000-7efd844eb000 r--s 00000000 08:05 289528                     /var/cache/fontconfig/1ac9eb803944fde146138c791f5cc56a-le64.cache-4
7efd844eb000-7efd844ef000 r--s 00000000 08:05 289532                     /var/cache/fontconfig/385c0604a188198f04d133e54aba7fe7-le64.cache-4
7efd844ef000-7efd844f1000 r--s 00000000 08:05 289540                     /var/cache/fontconfig/767a8244fc0220cfb567a839d0392e0b-le64.cache-4
7efd844f1000-7efd8452c000 r--s 00000000 08:05 289941                     /var/cache/fontconfig/365b55f210c0a22e9a19e35191240f32-le64.cache-4
7efd8452c000-7efd8452d000 ---p 00000000 00:00 0 
7efd8452d000-7efd84d2d000 rw-p 00000000 00:00 0                          [stack:3525]
7efd84d2d000-7efd84d2e000 ---p 00000000 00:00 0 
7efd84d2e000-7efd8552e000 rw-p 00000000 00:00 0                          [stack:3524]
7efd8552e000-7efd85539000 r-xp 00000000 08:05 1047922                    /usr/lib/x86_64-linux-gnu/gio/modules/libdconfsettings.so
7efd85539000-7efd85739000 ---p 0000b000 08:05 1047922                    /usr/lib/x86_64-linux-gnu/gio/modules/libdconfsettings.so
7efd85739000-7efd8573a000 r--p 0000b000 08:05 1047922                    /usr/lib/x86_64-linux-gnu/gio/modules/libdconfsettings.so
7efd8573a000-7efd8573b000 rw-p 0000c000 08:05 1047922                    /usr/lib/x86_64-linux-gnu/gio/modules/libdconfsettings.so
7efd8573b000-7efd85742000 r-xp 00000000 08:05 922569                     /usr/lib/x86_64-linux-gnu/libogg.so.0.8.1
7efd85742000-7efd85942000 ---p 00007000 08:05 922569                     /usr/lib/x86_64-linux-gnu/libogg.so.0.8.1
7efd85942000-7efd85943000 r--p 00007000 08:05 922569                     /usr/lib/x86_64-linux-gnu/libogg.so.0.8.1
7efd85943000-7efd85944000 rw-p 00008000 08:05 922569                     /usr/lib/x86_64-linux-gnu/libogg.so.0.8.1
7efd85944000-7efd85970000 r-xp 00000000 08:05 922843                     /usr/lib/x86_64-linux-gnu/libvorbis.so.0.4.5
7efd85970000-7efd85b6f000 ---p 0002c000 08:05 922843                     /usr/lib/x86_64-linux-gnu/libvorbis.so.0.4.5
7efd85b6f000-7efd85b70000 r--p 0002b000 08:05 922843                     /usr/lib/x86_64-linux-gnu/libvorbis.so.0.4.5
7efd85b70000-7efd85b71000 rw-p 0002c000 08:05 922843                     /usr/lib/x86_64-linux-gnu/libvorbis.so.0.4.5
7efd85b71000-7efd85b7a000 r-xp 00000000 08:05 922475                     /usr/lib/x86_64-linux-gnu/libltdl.so.7.3.0
7efd85b7a000-7efd85d79000 ---p 00009000 08:05 922475                     /usr/lib/x86_64-linux-gnu/libltdl.so.7.3.0
7efd85d79000-7efd85d7a000 r--p 00008000 08:05 922475                     /usr/lib/x86_64-linux-gnu/libltdl.so.7.3.0
7efd85d7a000-7efd85d7b000 rw-p 00009000 08:05 922475                     /usr/lib/x86_64-linux-gnu/libltdl.so.7.3.0
7efd85d7b000-7efd85d8c000 r-xp 00000000 08:05 922764                     /usr/lib/x86_64-linux-gnu/libtdb.so.1.2.12
7efd85d8c000-7efd85f8b000 ---p 00011000 08:05 922764                     /usr/lib/x86_64-linux-gnu/libtdb.so.1.2.12
7efd85f8b000-7efd85f8c000 r--p 00010000 08:05 922764                     /usr/lib/x86_64-linux-gnu/libtdb.so.1.2.12
7efd85f8c000-7efd85f8d000 rw-p 00011000 08:05 922764                     /usr/lib/x86_64-linux-gnu/libtdb.so.1.2.12
7efd85f8d000-7efd85f94000 r-xp 00000000 08:05 922847                     /usr/lib/x86_64-linux-gnu/libvorbisfile.so.3.3.4
7efd85f94000-7efd86193000 ---p 00007000 08:05 922847                     /usr/lib/x86_64-linux-gnu/libvorbisfile.so.3.3.4
7efd86193000-7efd86194000 r--p 00006000 08:05 922847                     /usr/lib/x86_64-linux-gnu/libvorbisfile.so.3.3.4
7efd86194000-7efd86195000 rw-p 00007000 08:05 922847                     /usr/lib/x86_64-linux-gnu/libvorbisfile.so.3.3.4
7efd86195000-7efd861a4000 r-xp 00000000 08:05 921989                     /usr/lib/x86_64-linux-gnu/libcanberra.so.0.2.5
7efd861a4000-7efd863a3000 ---p 0000f000 08:05 921989                     /usr/lib/x86_64-linux-gnu/libcanberra.so.0.2.5
7efd863a3000-7efd863a4000 r--p 0000e000 08:05 921989                     /usr/lib/x86_64-linux-gnu/libcanberra.so.0.2.5
7efd863a4000-7efd863a5000 rw-p 0000f000 08:05 921989                     /usr/lib/x86_64-linux-gnu/libcanberra.so.0.2.5
7efd863a5000-7efd863a9000 r-xp 00000000 08:05 921985                     /usr/lib/x86_64-linux-gnu/libcanberra-gtk.so.0.1.9
7efd863a9000-7efd865a8000 ---p 00004000 08:05 921985                     /usr/lib/x86_64-linux-gnu/libcanberra-gtk.so.0.1.9
7efd865a8000-7efd865a9000 r--p 00003000 08:05 921985                     /usr/lib/x86_64-linux-gnu/libcanberra-gtk.so.0.1.9
7efd865a9000-7efd865aa000 rw-p 00004000 08:05 921985                     /usr/lib/x86_64-linux-gnu/libcanberra-gtk.so.0.1.9
7efd865aa000-7efd865af000 r-xp 00000000 08:05 1048177                    /usr/lib/x86_64-linux-gnu/gtk-2.0/modules/libcanberra-gtk-module.so
7efd865af000-7efd867ae000 ---p 00005000 08:05 1048177                    /usr/lib/x86_64-linux-gnu/gtk-2.0/modules/libcanberra-gtk-module.so
7efd867ae000-7efd867af000 r--p 00004000 08:05 1048177                    /usr/lib/x86_64-linux-gnu/gtk-2.0/modules/libcanberra-gtk-module.so
7efd867af000-7efd867b0000 rw-p 00005000 08:05 1048177                    /usr/lib/x86_64-linux-gnu/gtk-2.0/modules/libcanberra-gtk-module.so
7efd867b0000-7efd867df000 r-xp 00000000 08:05 1048159                    /usr/lib/x86_64-linux-gnu/gtk-2.0/2.10.0/engines/libmurrine.so
7efd867df000-7efd869df000 ---p 0002f000 08:05 1048159                    /usr/lib/x86_64-linux-gnu/gtk-2.0/2.10.0/engines/libmurrine.so
7efd869df000-7efd869e0000 r--p 0002f000 08:05 1048159                    /usr/lib/x86_64-linux-gnu/gtk-2.0/2.10.0/engines/libmurrine.so
7efd869e0000-7efd869e1000 rw-p 00030000 08:05 1048159                    /usr/lib/x86_64-linux-gnu/gtk-2.0/2.10.0/engines/libmurrine.so
7efd869e1000-7efd869f1000 r-xp 00000000 08:05 922813                     /usr/lib/x86_64-linux-gnu/libunity-gtk2-parser.so.0.0.0
7efd869f1000-7efd86bf0000 ---p 00010000 08:05 922813                     /usr/lib/x86_64-linux-gnu/libunity-gtk2-parser.so.0.0.0
7efd86bf0000-7efd86bf1000 r--p 0000f000 08:05 922813                     /usr/lib/x86_64-linux-gnu/libunity-gtk2-parser.so.0.0.0
7efd86bf1000-7efd86bf2000 rw-p 00010000 08:05 922813                     /usr/lib/x86_64-linux-gnu/libunity-gtk2-parser.so.0.0.0
7efd86bf2000-7efd86bf7000 r-xp 00000000 08:05 1048181                    /usr/lib/x86_64-linux-gnu/gtk-2.0/modules/libunity-gtk-module.so
7efd86bf7000-7efd86df6000 ---p 00005000 08:05 1048181                    /usr/lib/x86_64-linux-gnu/gtk-2.0/modules/libunity-gtk-module.so
7efd86df6000-7efd86df7000 r--p 00004000 08:05 1048181                    /usr/lib/x86_64-linux-gnu/gtk-2.0/modules/libunity-gtk-module.so
7efd86df7000-7efd86df8000 rw-p 00005000 08:05 1048181                    /usr/lib/x86_64-linux-gnu/gtk-2.0/modules/libunity-gtk-module.so
7efd86df8000-7efd86e09000 r-xp 00000000 08:05 1048180                    /usr/lib/x86_64-linux-gnu/gtk-2.0/modules/liboverlay-scrollbar.so
7efd86e09000-7efd87008000 ---p 00011000 08:05 1048180                    /usr/lib/x86_64-linux-gnu/gtk-2.0/modules/liboverlay-scrollbar.so
7efd87008000-7efd87009000 r--p 00010000 08:05 1048180                    /usr/lib/x86_64-linux-gnu/gtk-2.0/modules/liboverlay-scrollbar.so
7efd87009000-7efd8700a000 rw-p 00011000 08:05 1048180                    /usr/lib/x86_64-linux-gnu/gtk-2.0/modules/liboverlay-scrollbar.so
7efd8700a000-7efd87010000 r-xp 00000000 08:05 922053                     /usr/lib/x86_64-linux-gnu/libdatrie.so.1.3.1
7efd87010000-7efd8720f000 ---p 00006000 08:05 922053                     /usr/lib/x86_64-linux-gnu/libdatrie.so.1.3.1
7efd8720f000-7efd87210000 r--p 00005000 08:05 922053                     /usr/lib/x86_64-linux-gnu/libdatrie.so.1.3.1
7efd87210000-7efd87211000 rw-p 00006000 08:05 922053                     /usr/lib/x86_64-linux-gnu/libdatrie.so.1.3.1
7efd87211000-7efd8722b000 r-xp 00000000 08:05 922279                     /usr/lib/x86_64-linux-gnu/libgraphite2.so.3.0.1
7efd8722b000-7efd8742a000 ---p 0001a000 08:05 922279                     /usr/lib/x86_64-linux-gnu/libgraphite2.so.3.0.1
7efd8742a000-7efd8742c000 r--p 00019000 08:05 922279                     /usr/lib/x86_64-linux-gnu/libgraphite2.so.3.0.1
7efd8742c000-7efd8742d000 rw-p 0001b000 08:05 922279                     /usr/lib/x86_64-linux-gnu/libgraphite2.so.3.0.1
7efd8742d000-7efd87432000 r-xp 00000000 08:05 921861                     /usr/lib/x86_64-linux-gnu/libXdmcp.so.6.0.0
7efd87432000-7efd87631000 ---p 00005000 08:05 921861                     /usr/lib/x86_64-linux-gnu/libXdmcp.so.6.0.0
7efd87631000-7efd87632000 r--p 00004000 08:05 921861                     /usr/lib/x86_64-linux-gnu/libXdmcp.so.6.0.0
7efd87632000-7efd87633000 rw-p 00005000 08:05 921861                     /usr/lib/x86_64-linux-gnu/libXdmcp.so.6.0.0
7efd87633000-7efd87635000 r-xp 00000000 08:05 921850                     /usr/lib/x86_64-linux-gnu/libXau.so.6.0.0
7efd87635000-7efd87835000 ---p 00002000 08:05 921850                     /usr/lib/x86_64-linux-gnu/libXau.so.6.0.0
7efd87835000-7efd87836000 r--p 00002000 08:05 921850                     /usr/lib/x86_64-linux-gnu/libXau.so.6.0.0
7efd87836000-7efd87837000 rw-p 00003000 08:05 921850                     /usr/lib/x86_64-linux-gnu/libXau.so.6.0.0
7efd87837000-7efd87874000 r-xp 00000000 08:05 657801                     /lib/x86_64-linux-gnu/libpcre.so.3.13.1
7efd87874000-7efd87a73000 ---p 0003d000 08:05 657801                     /lib/x86_64-linux-gnu/libpcre.so.3.13.1
7efd87a73000-7efd87a74000 r--p 0003c000 08:05 657801                     /lib/x86_64-linux-gnu/libpcre.so.3.13.1
7efd87a74000-7efd87a75000 rw-p 0003d000 08:05 657801                     /lib/x86_64-linux-gnu/libpcre.so.3.13.1
7efd87a75000-7efd87a7c000 r-xp 00000000 08:05 921603                     /usr/lib/x86_64-linux-gnu/libffi.so.6.0.1
7efd87a7c000-7efd87c7b000 ---p 00007000 08:05 921603                     /usr/lib/x86_64-linux-gnu/libffi.so.6.0.1
7efd87c7b000-7efd87c7c000 r--p 00006000 08:05 921603                     /usr/lib/x86_64-linux-gnu/libffi.so.6.0.1
7efd87c7c000-7efd87c7d000 rw-p 00007000 08:05 921603                     /usr/lib/x86_64-linux-gnu/libffi.so.6.0.1
7efd87c7d000-7efd87ca4000 r-xp 00000000 08:05 652811                     /lib/x86_64-linux-gnu/libexpat.so.1.6.0
7efd87ca4000-7efd87ea4000 ---p 00027000 08:05 652811                     /lib/x86_64-linux-gnu/libexpat.so.1.6.0
7efd87ea4000-7efd87ea6000 r--p 00027000 08:05 652811                     /lib/x86_64-linux-gnu/libexpat.so.1.6.0
7efd87ea6000-7efd87ea7000 rw-p 00029000 08:05 652811                     /lib/x86_64-linux-gnu/libexpat.so.1.6.0
7efd87ea7000-7efd87eaf000 r-xp 00000000 08:05 922776                     /usr/lib/x86_64-linux-gnu/libthai.so.0.2.0
7efd87eaf000-7efd880ae000 ---p 00008000 08:05 922776                     /usr/lib/x86_64-linux-gnu/libthai.so.0.2.0
7efd880ae000-7efd880af000 r--p 00007000 08:05 922776                     /usr/lib/x86_64-linux-gnu/libthai.so.0.2.0
7efd880af000-7efd880b0000 rw-p 00008000 08:05 922776                     /usr/lib/x86_64-linux-gnu/libthai.so.0.2.0
7efd880b0000-7efd88103000 r-xp 00000000 08:05 922392                     /usr/lib/x86_64-linux-gnu/libharfbuzz.so.0.927.0
7efd88103000-7efd88303000 ---p 00053000 08:05 922392                     /usr/lib/x86_64-linux-gnu/libharfbuzz.so.0.927.0
7efd88303000-7efd88304000 r--p 00053000 08:05 922392                     /usr/lib/x86_64-linux-gnu/libharfbuzz.so.0.927.0
7efd88304000-7efd88305000 rw-p 00054000 08:05 922392                     /usr/lib/x86_64-linux-gnu/libharfbuzz.so.0.927.0
7efd88305000-7efd8831c000 r-xp 00000000 08:05 657824                     /lib/x86_64-linux-gnu/libresolv-2.19.so
7efd8831c000-7efd8851c000 ---p 00017000 08:05 657824                     /lib/x86_64-linux-gnu/libresolv-2.19.so
7efd8851c000-7efd8851d000 r--p 00017000 08:05 657824                     /lib/x86_64-linux-gnu/libresolv-2.19.so
7efd8851d000-7efd8851e000 rw-p 00018000 08:05 657824                     /lib/x86_64-linux-gnu/libresolv-2.19.so
7efd8851e000-7efd88520000 rw-p 00000000 00:00 0 
7efd88520000-7efd88540000 r-xp 00000000 08:05 657828                     /lib/x86_64-linux-gnu/libselinux.so.1
7efd88540000-7efd8873f000 ---p 00020000 08:05 657828                     /lib/x86_64-linux-gnu/libselinux.so.1
7efd8873f000-7efd88740000 r--p 0001f000 08:05 657828                     /lib/x86_64-linux-gnu/libselinux.so.1
7efd88740000-7efd88741000 rw-p 00020000 08:05 657828                     /lib/x86_64-linux-gnu/libselinux.so.1
7efd88741000-7efd88743000 rw-p 00000000 00:00 0 
7efd88743000-7efd8875b000 r-xp 00000000 08:05 657861                     /lib/x86_64-linux-gnu/libz.so.1.2.8
7efd8875b000-7efd8895a000 ---p 00018000 08:05 657861                     /lib/x86_64-linux-gnu/libz.so.1.2.8
7efd8895a000-7efd8895b000 r--p 00017000 08:05 657861                     /lib/x86_64-linux-gnu/libz.so.1.2.8
7efd8895b000-7efd8895c000 rw-p 00018000 08:05 657861                     /lib/x86_64-linux-gnu/libz.so.1.2.8
7efd8895c000-7efd88964000 r-xp 00000000 08:05 922902                     /usr/lib/x86_64-linux-gnu/libxcb-render.so.0.0.0
7efd88964000-7efd88b63000 ---p 00008000 08:05 922902                     /usr/lib/x86_64-linux-gnu/libxcb-render.so.0.0.0
7efd88b63000-7efd88b64000 r--p 00007000 08:05 922902                     /usr/lib/x86_64-linux-gnu/libxcb-render.so.0.0.0
7efd88b64000-7efd88b65000 rw-p 00008000 08:05 922902                     /usr/lib/x86_64-linux-gnu/libxcb-render.so.0.0.0
7efd88b65000-7efd88b67000 r-xp 00000000 08:05 922906                     /usr/lib/x86_64-linux-gnu/libxcb-shm.so.0.0.0
7efd88b67000-7efd88d66000 ---p 00002000 08:05 922906                     /usr/lib/x86_64-linux-gnu/libxcb-shm.so.0.0.0
7efd88d66000-7efd88d67000 r--p 00001000 08:05 922906                     /usr/lib/x86_64-linux-gnu/libxcb-shm.so.0.0.0
7efd88d67000-7efd88d68000 rw-p 00002000 08:05 922906                     /usr/lib/x86_64-linux-gnu/libxcb-shm.so.0.0.0
7efd88d68000-7efd88d8d000 r-xp 00000000 08:05 654139                     /lib/x86_64-linux-gnu/libpng12.so.0.50.0
7efd88d8d000-7efd88f8c000 ---p 00025000 08:05 654139                     /lib/x86_64-linux-gnu/libpng12.so.0.50.0
7efd88f8c000-7efd88f8d000 r--p 00024000 08:05 654139                     /lib/x86_64-linux-gnu/libpng12.so.0.50.0
7efd88f8d000-7efd88f8e000 rw-p 00025000 08:05 654139                     /lib/x86_64-linux-gnu/libpng12.so.0.50.0
7efd88f8e000-7efd8902f000 r-xp 00000000 08:05 922608                     /usr/lib/x86_64-linux-gnu/libpixman-1.so.0.30.2
7efd8902f000-7efd8922f000 ---p 000a1000 08:05 922608                     /usr/lib/x86_64-linux-gnu/libpixman-1.so.0.30.2
7efd8922f000-7efd89236000 r--p 000a1000 08:05 922608                     /usr/lib/x86_64-linux-gnu/libpixman-1.so.0.30.2
7efd89236000-7efd89237000 rw-p 000a8000 08:05 922608                     /usr/lib/x86_64-linux-gnu/libpixman-1.so.0.30.2
7efd89237000-7efd89254000 r-xp 00000000 08:05 922916                     /usr/lib/x86_64-linux-gnu/libxcb.so.1.1.0
7efd89254000-7efd89454000 ---p 0001d000 08:05 922916                     /usr/lib/x86_64-linux-gnu/libxcb.so.1.1.0
7efd89454000-7efd89455000 r--p 0001d000 08:05 922916                     /usr/lib/x86_64-linux-gnu/libxcb.so.1.1.0
7efd89455000-7efd89456000 rw-p 0001e000 08:05 922916                     /usr/lib/x86_64-linux-gnu/libxcb.so.1.1.0
7efd89456000-7efd894f3000 r-xp 00000000 08:05 921217                     /usr/lib/x86_64-linux-gnu/libfreetype.so.6.11.1
7efd894f3000-7efd896f2000 ---p 0009d000 08:05 921217                     /usr/lib/x86_64-linux-gnu/libfreetype.so.6.11.1
7efd896f2000-7efd896f8000 r--p 0009c000 08:05 921217                     /usr/lib/x86_64-linux-gnu/libfreetype.so.6.11.1
7efd896f8000-7efd896f9000 rw-p 000a2000 08:05 921217                     /usr/lib/x86_64-linux-gnu/libfreetype.so.6.11.1
7efd896f9000-7efd896fb000 r-xp 00000000 08:05 921859                     /usr/lib/x86_64-linux-gnu/libXdamage.so.1.1.0
7efd896fb000-7efd898fa000 ---p 00002000 08:05 921859                     /usr/lib/x86_64-linux-gnu/libXdamage.so.1.1.0
7efd898fa000-7efd898fb000 r--p 00001000 08:05 921859                     /usr/lib/x86_64-linux-gnu/libXdamage.so.1.1.0
7efd898fb000-7efd898fc000 rw-p 00002000 08:05 921859                     /usr/lib/x86_64-linux-gnu/libXdamage.so.1.1.0
7efd898fc000-7efd898fe000 r-xp 00000000 08:05 921855                     /usr/lib/x86_64-linux-gnu/libXcomposite.so.1.0.0
7efd898fe000-7efd89afd000 ---p 00002000 08:05 921855                     /usr/lib/x86_64-linux-gnu/libXcomposite.so.1.0.0
7efd89afd000-7efd89afe000 r--p 00001000 08:05 921855                     /usr/lib/x86_64-linux-gnu/libXcomposite.so.1.0.0
7efd89afe000-7efd89aff000 rw-p 00002000 08:05 921855                     /usr/lib/x86_64-linux-gnu/libXcomposite.so.1.0.0
7efd89aff000-7efd89b08000 r-xp 00000000 08:05 921857                     /usr/lib/x86_64-linux-gnu/libXcursor.so.1.0.2
7efd89b08000-7efd89d07000 ---p 00009000 08:05 921857                     /usr/lib/x86_64-linux-gnu/libXcursor.so.1.0.2
7efd89d07000-7efd89d08000 r--p 00008000 08:05 921857                     /usr/lib/x86_64-linux-gnu/libXcursor.so.1.0.2
7efd89d08000-7efd89d09000 rw-p 00009000 08:05 921857                     /usr/lib/x86_64-linux-gnu/libXcursor.so.1.0.2
7efd89d09000-7efd89d12000 r-xp 00000000 08:05 921883                     /usr/lib/x86_64-linux-gnu/libXrandr.so.2.2.0
7efd89d12000-7efd89f11000 ---p 00009000 08:05 921883                     /usr/lib/x86_64-linux-gnu/libXrandr.so.2.2.0
7efd89f11000-7efd89f12000 r--p 00008000 08:05 921883                     /usr/lib/x86_64-linux-gnu/libXrandr.so.2.2.0
7efd89f12000-7efd89f13000 rw-p 00009000 08:05 921883                     /usr/lib/x86_64-linux-gnu/libXrandr.so.2.2.0
7efd89f13000-7efd89f22000 r-xp 00000000 08:05 921871                     /usr/lib/x86_64-linux-gnu/libXi.so.6.1.0
7efd89f22000-7efd8a121000 ---p 0000f000 08:05 921871                     /usr/lib/x86_64-linux-gnu/libXi.so.6.1.0
7efd8a121000-7efd8a122000 r--p 0000e000 08:05 921871                     /usr/lib/x86_64-linux-gnu/libXi.so.6.1.0
7efd8a122000-7efd8a123000 rw-p 0000f000 08:05 921871                     /usr/lib/x86_64-linux-gnu/libXi.so.6.1.0
7efd8a123000-7efd8a125000 r-xp 00000000 08:05 921873                     /usr/lib/x86_64-linux-gnu/libXinerama.so.1.0.0
7efd8a125000-7efd8a324000 ---p 00002000 08:05 921873                     /usr/lib/x86_64-linux-gnu/libXinerama.so.1.0.0
7efd8a324000-7efd8a325000 r--p 00001000 08:05 921873                     /usr/lib/x86_64-linux-gnu/libXinerama.so.1.0.0
7efd8a325000-7efd8a326000 rw-p 00002000 08:05 921873                     /usr/lib/x86_64-linux-gnu/libXinerama.so.1.0.0
7efd8a326000-7efd8a32f000 r-xp 00000000 08:05 921885                     /usr/lib/x86_64-linux-gnu/libXrender.so.1.3.0
7efd8a32f000-7efd8a52e000 ---p 00009000 08:05 921885                     /usr/lib/x86_64-linux-gnu/libXrender.so.1.3.0
7efd8a52e000-7efd8a52f000 r--p 00008000 08:05 921885                     /usr/lib/x86_64-linux-gnu/libXrender.so.1.3.0
7efd8a52f000-7efd8a530000 rw-p 00009000 08:05 921885                     /usr/lib/x86_64-linux-gnu/libXrender.so.1.3.0
7efd8a530000-7efd8a541000 r-xp 00000000 08:05 921863                     /usr/lib/x86_64-linux-gnu/libXext.so.6.4.0
7efd8a541000-7efd8a740000 ---p 00011000 08:05 921863                     /usr/lib/x86_64-linux-gnu/libXext.so.6.4.0
7efd8a740000-7efd8a741000 r--p 00010000 08:05 921863                     /usr/lib/x86_64-linux-gnu/libXext.so.6.4.0
7efd8a741000-7efd8a742000 rw-p 00011000 08:05 921863                     /usr/lib/x86_64-linux-gnu/libXext.so.6.4.0
7efd8a742000-7efd8a848000 r-xp 00000000 08:05 657729                     /lib/x86_64-linux-gnu/libglib-2.0.so.0.4002.0
7efd8a848000-7efd8aa47000 ---p 00106000 08:05 657729                     /lib/x86_64-linux-gnu/libglib-2.0.so.0.4002.0
7efd8aa47000-7efd8aa48000 r--p 00105000 08:05 657729                     /lib/x86_64-linux-gnu/libglib-2.0.so.0.4002.0
7efd8aa48000-7efd8aa49000 rw-p 00106000 08:05 657729                     /lib/x86_64-linux-gnu/libglib-2.0.so.0.4002.0
7efd8aa49000-7efd8aa4a000 rw-p 00000000 00:00 0 
7efd8aa4a000-7efd8aa99000 r-xp 00000000 08:05 922261                     /usr/lib/x86_64-linux-gnu/libgobject-2.0.so.0.4002.0
7efd8aa99000-7efd8ac99000 ---p 0004f000 08:05 922261                     /usr/lib/x86_64-linux-gnu/libgobject-2.0.so.0.4002.0
7efd8ac99000-7efd8ac9a000 r--p 0004f000 08:05 922261                     /usr/lib/x86_64-linux-gnu/libgobject-2.0.so.0.4002.0
7efd8ac9a000-7efd8ac9b000 rw-p 00050000 08:05 922261                     /usr/lib/x86_64-linux-gnu/libgobject-2.0.so.0.4002.0
7efd8ac9b000-7efd8acd5000 r-xp 00000000 08:05 922146                     /usr/lib/x86_64-linux-gnu/libfontconfig.so.1.8.0
7efd8acd5000-7efd8aed4000 ---p 0003a000 08:05 922146                     /usr/lib/x86_64-linux-gnu/libfontconfig.so.1.8.0
7efd8aed4000-7efd8aed6000 r--p 00039000 08:05 922146                     /usr/lib/x86_64-linux-gnu/libfontconfig.so.1.8.0
7efd8aed6000-7efd8aed7000 rw-p 0003b000 08:05 922146                     /usr/lib/x86_64-linux-gnu/libfontconfig.so.1.8.0
7efd8aed7000-7efd8af21000 r-xp 00000000 08:05 922585                     /usr/lib/x86_64-linux-gnu/libpango-1.0.so.0.3600.3
7efd8af21000-7efd8b121000 ---p 0004a000 08:05 922585                     /usr/lib/x86_64-linux-gnu/libpango-1.0.so.0.3600.3
7efd8b121000-7efd8b123000 r--p 0004a000 08:05 922585                     /usr/lib/x86_64-linux-gnu/libpango-1.0.so.0.3600.3
7efd8b123000-7efd8b124000 rw-p 0004c000 08:05 922585                     /usr/lib/x86_64-linux-gnu/libpango-1.0.so.0.3600.3
7efd8b124000-7efd8b138000 r-xp 00000000 08:05 922589                     /usr/lib/x86_64-linux-gnu/libpangoft2-1.0.so.0.3600.3
7efd8b138000-7efd8b337000 ---p 00014000 08:05 922589                     /usr/lib/x86_64-linux-gnu/libpangoft2-1.0.so.0.3600.3
7efd8b337000-7efd8b338000 r--p 00013000 08:05 922589                     /usr/lib/x86_64-linux-gnu/libpangoft2-1.0.so.0.3600.3
7efd8b338000-7efd8b339000 rw-p 00014000 08:05 922589                     /usr/lib/x86_64-linux-gnu/libpangoft2-1.0.so.0.3600.3
7efd8b339000-7efd8b4a5000 r-xp 00000000 08:05 922233                     /usr/lib/x86_64-linux-gnu/libgio-2.0.so.0.4002.0
7efd8b4a5000-7efd8b6a4000 ---p 0016c000 08:05 922233                     /usr/lib/x86_64-linux-gnu/libgio-2.0.so.0.4002.0
7efd8b6a4000-7efd8b6a8000 r--p 0016b000 08:05 922233                     /usr/lib/x86_64-linux-gnu/libgio-2.0.so.0.4002.0
7efd8b6a8000-7efd8b6aa000 rw-p 0016f000 08:05 922233                     /usr/lib/x86_64-linux-gnu/libgio-2.0.so.0.4002.0
7efd8b6aa000-7efd8b6ac000 rw-p 00000000 00:00 0 
7efd8b6ac000-7efd8b6cc000 r-xp 00000000 08:05 921307                     /usr/lib/x86_64-linux-gnu/libgdk_pixbuf-2.0.so.0.3000.7
7efd8b6cc000-7efd8b8cb000 ---p 00020000 08:05 921307                     /usr/lib/x86_64-linux-gnu/libgdk_pixbuf-2.0.so.0.3000.7
7efd8b8cb000-7efd8b8cc000 r--p 0001f000 08:05 921307                     /usr/lib/x86_64-linux-gnu/libgdk_pixbuf-2.0.so.0.3000.7
7efd8b8cc000-7efd8b8cd000 rw-p 00020000 08:05 921307                     /usr/lib/x86_64-linux-gnu/libgdk_pixbuf-2.0.so.0.3000.7
7efd8b8cd000-7efd8b9d3000 r-xp 00000000 08:05 921981                     /usr/lib/x86_64-linux-gnu/libcairo.so.2.11301.0
7efd8b9d3000-7efd8bbd2000 ---p 00106000 08:05 921981                     /usr/lib/x86_64-linux-gnu/libcairo.so.2.11301.0
7efd8bbd2000-7efd8bbd5000 r--p 00105000 08:05 921981                     /usr/lib/x86_64-linux-gnu/libcairo.so.2.11301.0
7efd8bbd5000-7efd8bbd6000 rw-p 00108000 08:05 921981                     /usr/lib/x86_64-linux-gnu/libcairo.so.2.11301.0
7efd8bbd6000-7efd8bbd8000 rw-p 00000000 00:00 0 
7efd8bbd8000-7efd8bbf7000 r-xp 00000000 08:05 921942                     /usr/lib/x86_64-linux-gnu/libatk-1.0.so.0.21009.1
7efd8bbf7000-7efd8bdf7000 ---p 0001f000 08:05 921942                     /usr/lib/x86_64-linux-gnu/libatk-1.0.so.0.21009.1
7efd8bdf7000-7efd8bdf9000 r--p 0001f000 08:05 921942                     /usr/lib/x86_64-linux-gnu/libatk-1.0.so.0.21009.1
7efd8bdf9000-7efd8bdfa000 rw-p 00021000 08:05 921942                     /usr/lib/x86_64-linux-gnu/libatk-1.0.so.0.21009.1
7efd8bdfa000-7efd8bdff000 r-xp 00000000 08:05 921865                     /usr/lib/x86_64-linux-gnu/libXfixes.so.3.1.0
7efd8bdff000-7efd8bffe000 ---p 00005000 08:05 921865                     /usr/lib/x86_64-linux-gnu/libXfixes.so.3.1.0
7efd8bffe000-7efd8bfff000 r--p 00004000 08:05 921865                     /usr/lib/x86_64-linux-gnu/libXfixes.so.3.1.0
7efd8bfff000-7efd8c000000 rw-p 00005000 08:05 921865                     /usr/lib/x86_64-linux-gnu/libXfixes.so.3.1.0
7efd8c000000-7efd8c021000 rw-p 00000000 00:00 0 
7efd8c021000-7efd90000000 ---p 00000000 00:00 0 
7efd90000000-7efd90021000 rw-p 00000000 00:00 0 
7efd90021000-7efd94000000 ---p 00000000 00:00 0 
7efd94000000-7efd95125000 rw-p 00000000 00:00 0 
7efd95125000-7efd98000000 ---p 00000000 00:00 0 
7efd98000000-7efd98ccf000 rw-p 00000000 00:00 0 
7efd98ccf000-7efd9c000000 ---p 00000000 00:00 0 
7efd9c000000-7efd9c021000 rw-p 00000000 00:00 0 
7efd9c021000-7efda0000000 ---p 00000000 00:00 0 
7efda0000000-7efda0c0c000 rw-p 00000000 00:00 0 
7efda0c0c000-7efda4000000 ---p 00000000 00:00 0 
7efda4000000-7efda4021000 rw-p 00000000 00:00 0 
7efda4021000-7efda8000000 ---p 00000000 00:00 0 
7efda8000000-7efda8021000 rw-p 00000000 00:00 0 
7efda8021000-7efdac000000 ---p 00000000 00:00 0 
7efdac000000-7efdac021000 rw-p 00000000 00:00 0 
7efdac021000-7efdb0000000 ---p 00000000 00:00 0 
7efdb0000000-7efdb028a000 rw-p 00000000 00:00 0 
7efdb028a000-7efdb4000000 ---p 00000000 00:00 0 
7efdb4000000-7efdb4021000 rw-p 00000000 00:00 0 
7efdb4021000-7efdb8000000 ---p 00000000 00:00 0 
7efdb8000000-7efdb8021000 rw-p 00000000 00:00 0 
7efdb8021000-7efdbc000000 ---p 00000000 00:00 0 
7efdbc000000-7efdbc021000 rw-p 00000000 00:00 0 
7efdbc021000-7efdc0000000 ---p 00000000 00:00 0 
7efdc0000000-7efdc0001000 r--s 00000000 08:05 289556                     /var/cache/fontconfig/dc05db6664285cc2f12bf69c139ae4c3-le64.cache-4
7efdc0001000-7efdc0002000 r--s 00000000 08:05 286442                     /var/cache/fontconfig/4794a0821666d79190d59a36cb4f44b5-le64.cache-4
7efdc0002000-7efdc0007000 r--s 00000000 08:05 289542                     /var/cache/fontconfig/8801497958630a81b71ace7c5f9b32a8-le64.cache-4
7efdc0007000-7efdc000e000 r--s 00000000 08:05 289530                     /var/cache/fontconfig/3047814df9a2f067bd2d96a2b9c36e5a-le64.cache-4
7efdc000e000-7efdc000f000 r--s 00000000 08:05 289536                     /var/cache/fontconfig/56cf4f4769d0f4abc89a4895d7bd3ae1-le64.cache-4
7efdc000f000-7efdc0010000 r--s 00000000 08:05 289548                     /var/cache/fontconfig/b9d506c9ac06c20b433354fa67a72993-le64.cache-4
7efdc0010000-7efdc0016000 r--s 00000000 08:05 289547                     /var/cache/fontconfig/b47c4e1ecd0709278f4910c18777a504-le64.cache-4
7efdc0016000-7efdc001f000 r--s 00000000 08:05 290072                     /var/cache/fontconfig/52f7bdb7ce746bfd7eaa1985bd9cfa93-le64.cache-4
7efdc001f000-7efdc0032000 r--s 00000000 08:05 289553                     /var/cache/fontconfig/d52a8644073d54c13679302ca1180695-le64.cache-4
7efdc0032000-7efdc003b000 r--s 00000000 08:05 289533                     /var/cache/fontconfig/3f7329c5293ffd510edef78f73874cfd-le64.cache-4
7efdc003b000-7efdc0046000 r--s 00000000 08:05 290642                     /var/cache/fontconfig/d589a48862398ed80a3d6066f4f56f4c-le64.cache-4
7efdc0046000-7efdc0047000 r--s 00000000 08:05 289525                     /var/cache/fontconfig/0c9eb80ebd1c36541ebe2852d3bb0c49-le64.cache-4
7efdc0047000-7efdc005a000 r--s 00000000 08:05 292602                     /var/cache/fontconfig/4ac51e5cfbc76fc3f983e470323a16d3-le64.cache-4
7efdc005a000-7efdc0067000 r--s 00000000 08:05 290135                     /var/cache/fontconfig/e13b20fdb08344e0e664864cc2ede53d-le64.cache-4
7efdc0067000-7efdc00a7000 r--p 00000000 08:05 1046756                    /usr/share/glib-2.0/schemas/gschemas.compiled
7efdc00a7000-7efdc00c0000 r--p 00000000 08:05 168294                     /usr/share/locale-langpack/es/LC_MESSAGES/glib20.mo
7efdc00c0000-7efdc00ea000 r--p 00000000 08:05 168338                     /usr/share/locale-langpack/es/LC_MESSAGES/gtk20-properties.mo
7efdc00ea000-7efdc0110000 r--p 00000000 08:05 168395                     /usr/share/locale-langpack/es/LC_MESSAGES/libc.mo
7efdc0110000-7efdc0240000 r-xp 00000000 08:05 921846                     /usr/lib/x86_64-linux-gnu/libX11.so.6.3.0
7efdc0240000-7efdc0440000 ---p 00130000 08:05 921846                     /usr/lib/x86_64-linux-gnu/libX11.so.6.3.0
7efdc0440000-7efdc0441000 r--p 00130000 08:05 921846                     /usr/lib/x86_64-linux-gnu/libX11.so.6.3.0
7efdc0441000-7efdc0445000 rw-p 00131000 08:05 921846                     /usr/lib/x86_64-linux-gnu/libX11.so.6.3.0
7efdc0445000-7efdc0450000 r-xp 00000000 08:05 922587                     /usr/lib/x86_64-linux-gnu/libpangocairo-1.0.so.0.3600.3
7efdc0450000-7efdc0650000 ---p 0000b000 08:05 922587                     /usr/lib/x86_64-linux-gnu/libpangocairo-1.0.so.0.3600.3
7efdc0650000-7efdc0651000 r--p 0000b000 08:05 922587                     /usr/lib/x86_64-linux-gnu/libpangocairo-1.0.so.0.3600.3
7efdc0651000-7efdc0652000 rw-p 0000c000 08:05 922587                     /usr/lib/x86_64-linux-gnu/libpangocairo-1.0.so.0.3600.3
7efdc0652000-7efdc0655000 r-xp 00000000 08:05 922245                     /usr/lib/x86_64-linux-gnu/libgmodule-2.0.so.0.4002.0
7efdc0655000-7efdc0854000 ---p 00003000 08:05 922245                     /usr/lib/x86_64-linux-gnu/libgmodule-2.0.so.0.4002.0
7efdc0854000-7efdc0855000 r--p 00002000 08:05 922245                     /usr/lib/x86_64-linux-gnu/libgmodule-2.0.so.0.4002.0
7efdc0855000-7efdc0856000 rw-p 00003000 08:05 922245                     /usr/lib/x86_64-linux-gnu/libgmodule-2.0.so.0.4002.0
7efdc0856000-7efdc0904000 r-xp 00000000 08:05 921225                     /usr/lib/x86_64-linux-gnu/libgdk-x11-2.0.so.0.2400.23
7efdc0904000-7efdc0b03000 ---p 000ae000 08:05 921225                     /usr/lib/x86_64-linux-gnu/libgdk-x11-2.0.so.0.2400.23
7efdc0b03000-7efdc0b07000 r--p 000ad000 08:05 921225                     /usr/lib/x86_64-linux-gnu/libgdk-x11-2.0.so.0.2400.23
7efdc0b07000-7efdc0b09000 rw-p 000b1000 08:05 921225                     /usr/lib/x86_64-linux-gnu/libgdk-x11-2.0.so.0.2400.23
7efdc0b09000-7efdc0b0e000 r-xp 00000000 08:05 921891                     /usr/lib/x86_64-linux-gnu/libXtst.so.6.1.0
7efdc0b0e000-7efdc0d0d000 ---p 00005000 08:05 921891                     /usr/lib/x86_64-linux-gnu/libXtst.so.6.1.0
7efdc0d0d000-7efdc0d0e000 r--p 00004000 08:05 921891                     /usr/lib/x86_64-linux-gnu/libXtst.so.6.1.0
7efdc0d0e000-7efdc0d0f000 rw-p 00005000 08:05 921891                     /usr/lib/x86_64-linux-gnu/libXtst.so.6.1.0
7efdc0d0f000-7efdc0d10000 r-xp 00000000 08:05 922368                     /usr/lib/x86_64-linux-gnu/libgthread-2.0.so.0.4002.0
7efdc0d10000-7efdc0f0f000 ---p 00001000 08:05 922368                     /usr/lib/x86_64-linux-gnu/libgthread-2.0.so.0.4002.0
7efdc0f0f000-7efdc0f10000 r--p 00000000 08:05 922368                     /usr/lib/x86_64-linux-gnu/libgthread-2.0.so.0.4002.0
7efdc0f10000-7efdc0f11000 rw-p 00001000 08:05 922368                     /usr/lib/x86_64-linux-gnu/libgthread-2.0.so.0.4002.0
7efdc0f11000-7efdc1341000 r-xp 00000000 08:05 921226                     /usr/lib/x86_64-linux-gnu/libgtk-x11-2.0.so.0.2400.23
7efdc1341000-7efdc1540000 ---p 00430000 08:05 921226                     /usr/lib/x86_64-linux-gnu/libgtk-x11-2.0.so.0.2400.23
7efdc1540000-7efdc1547000 r--p 0042f000 08:05 921226                     /usr/lib/x86_64-linux-gnu/libgtk-x11-2.0.so.0.2400.23
7efdc1547000-7efdc154b000 rw-p 00436000 08:05 921226                     /usr/lib/x86_64-linux-gnu/libgtk-x11-2.0.so.0.2400.23
7efdc154b000-7efdc154e000 rw-p 00000000 00:00 0 
7efdc154e000-7efdc1552000 r--s 00000000 08:05 289937                     /var/cache/fontconfig/7ef2298fde41cc6eeb7af42e48b7d293-le64.cache-4
7efdc1552000-7efdc1557000 r--p 00000000 08:05 931563                     /home/chibi/.config/dconf/user
7efdc1557000-7efdc1558000 r--s 00000000 00:16 24665                      /run/user/1000/dconf/user
7efdc1558000-7efdc155f000 r--s 00000000 08:05 1047829                    /usr/lib/x86_64-linux-gnu/gconv/gconv-modules.cache
7efdc155f000-7efdc156e000 r--p 00000000 08:05 168339                     /usr/share/locale-langpack/es/LC_MESSAGES/gtk20.mo
7efdc156e000-7efdc15da000 r-xp 00000000 08:05 169009                     /tmp/swtlib-64/libswt-pi-gtk-3557.so
7efdc15da000-7efdc16d9000 ---p 0006c000 08:05 169009                     /tmp/swtlib-64/libswt-pi-gtk-3557.so
7efdc16d9000-7efdc16dd000 rw-p 0006b000 08:05 169009                     /tmp/swtlib-64/libswt-pi-gtk-3557.so
7efdc16dd000-7efdc16de000 rw-p 00000000 00:00 0 
7efdc16de000-7efdc171e000 r-xp 00000000 08:05 168913                     /tmp/swtlib-64/libswt-gtk-3557.so
7efdc171e000-7efdc181e000 ---p 00040000 08:05 168913                     /tmp/swtlib-64/libswt-gtk-3557.so
7efdc181e000-7efdc1822000 rw-p 00040000 08:05 168913                     /tmp/swtlib-64/libswt-gtk-3557.so
7efdc1822000-7efdc1823000 rw-p 00000000 00:00 0 
7efdc1823000-7efdc1826000 r--s 0001a000 08:05 807774                     /usr/lib/jvm/java-8-oracle/jre/lib/jce.jar
7efdc1826000-7efdc1a26000 rw-p 00000000 00:00 0 
7efdc1a26000-7efdc1a2b000 r--s 00096000 08:05 807776                     /usr/lib/jvm/java-8-oracle/jre/lib/jsse.jar
7efdc1a2b000-7efdc1a2f000 r--s 00038000 08:05 951484                     /home/chibi/.m2/repository/commons-lang/commons-lang/2.2/commons-lang-2.2.jar
7efdc1a2f000-7efdc1a37000 r--s 00053000 08:05 951483                     /home/chibi/.m2/repository/net/sf/oval/oval/1.81/oval-1.81.jar
7efdc1a37000-7efdc1a39000 r--s 0000d000 08:05 927933                     /home/chibi/.m2/repository/commons-logging/commons-logging/1.1.1/commons-logging-1.1.1.jar
7efdc1a39000-7efdc1a3e000 r--s 00034000 08:05 951481                     /home/chibi/.m2/repository/commons-beanutils/commons-beanutils/1.8.3/commons-beanutils-1.8.3.jar
7efdc1a3e000-7efdc1a4a000 r--s 00076000 08:05 940392                     /home/chibi/.m2/repository/net/sourceforge/collections/collections-generic/4.01/collections-generic-4.01.jar
7efdc1a4a000-7efdc1a58000 r--s 0007f000 08:05 927228                     /home/chibi/.m2/repository/commons-collections/commons-collections/3.2.1/commons-collections-3.2.1.jar
7efdc1a58000-7efdc1a61000 r--s 0006d000 08:05 942749                     /home/chibi/.m2/repository/log4j/log4j/1.2.16/log4j-1.2.16.jar
7efdc1a61000-7efdc1a64000 r--s 0000f000 08:05 943495                     /home/chibi/Descargas/eclipse/plugins/org.eclipse.xtend.lib.macro_2.9.0.v201512010527.jar
7efdc1a64000-7efdc1a69000 r--s 00036000 08:05 943494                     /home/chibi/Descargas/eclipse/plugins/org.eclipse.xtend.lib_2.9.0.v201512010527.jar
7efdc1a69000-7efdc1a6c000 r--s 0001f000 08:05 943805                     /home/chibi/Descargas/eclipse/plugins/org.eclipse.xtext.xbase.lib_2.9.0.v201512010527.jar
7efdc1a6c000-7efdc1a95000 r--s 00200000 08:05 932915                     /home/chibi/Descargas/eclipse/plugins/com.google.guava_15.0.0.v201403281430.jar
7efdc1a95000-7efdc1ab6000 r--s 00162000 08:05 952018                     /home/chibi/.m2/repository/org/mockito/mockito-all/1.9.5/mockito-all-1.9.5.jar
7efdc1ab6000-7efdc1ab9000 r--s 0000c000 08:05 961531                     /home/chibi/.m2/repository/org/eclipse/xtend/org.eclipse.xtend.lib.macro/2.9.1/org.eclipse.xtend.lib.macro-2.9.1.jar
7efdc1ab9000-7efdc1ae2000 r--s 001ee000 08:05 942551                     /home/chibi/.m2/repository/com/google/guava/guava/14.0.1/guava-14.0.1.jar
7efdc1ae2000-7efdc1ae5000 r--s 0001b000 08:05 961529                     /home/chibi/.m2/repository/org/eclipse/xtext/org.eclipse.xtext.xbase.lib/2.9.1/org.eclipse.xtext.xbase.lib-2.9.1.jar
7efdc1ae5000-7efdc1ae9000 r--s 00022000 08:05 961525                     /home/chibi/.m2/repository/org/eclipse/xtend/org.eclipse.xtend.lib/2.9.1/org.eclipse.xtend.lib-2.9.1.jar
7efdc1ae9000-7efdc1af3000 r--s 00095000 08:05 916803                     /home/chibi/.m2/repository/org/scala-lang/modules/scala-xml_2.11/1.0.2/scala-xml_2.11-1.0.2.jar
7efdc1af3000-7efdc1af4000 ---p 00000000 00:00 0 
7efdc1af4000-7efdc1bf4000 rw-p 00000000 00:00 0                          [stack:3522]
7efdc1bf4000-7efdc1bf7000 ---p 00000000 00:00 0 
7efdc1bf7000-7efdc1cf5000 rw-p 00000000 00:00 0                          [stack:3521]
7efdc1cf5000-7efdc1cf8000 ---p 00000000 00:00 0 
7efdc1cf8000-7efdc1df6000 rw-p 00000000 00:00 0                          [stack:3520]
7efdc1df6000-7efdc1df9000 ---p 00000000 00:00 0 
7efdc1df9000-7efdc1ef7000 rw-p 00000000 00:00 0                          [stack:3519]
7efdc1ef7000-7efdc1efa000 ---p 00000000 00:00 0 
7efdc1efa000-7efdc1ff8000 rw-p 00000000 00:00 0                          [stack:3518]
7efdc1ff8000-7efdc1ffb000 ---p 00000000 00:00 0 
7efdc1ffb000-7efdc20f9000 rw-p 00000000 00:00 0                          [stack:3517]
7efdc20f9000-7efdc2151000 r--s 004f2000 08:05 952183                     /home/chibi/.m2/repository/org/scala-lang/scala-library/2.11.2/scala-library-2.11.2.jar
7efdc2151000-7efdc2195000 r--s 0037c000 08:05 918073                     /home/chibi/.m2/repository/org/eclipse/ui/org.eclipse.ui.workbench/3.4.2.M20090127-1700/org.eclipse.ui.workbench-3.4.2.M20090127-1700.jar
7efdc2195000-7efdc2877000 r--p 00000000 08:05 789633                     /usr/lib/locale/locale-archive
7efdc2877000-7efdc287a000 ---p 00000000 00:00 0 
7efdc287a000-7efdc2978000 rw-p 00000000 00:00 0                          [stack:3510]
7efdc2978000-7efdc297b000 ---p 00000000 00:00 0 
7efdc297b000-7efdc2a79000 rw-p 00000000 00:00 0                          [stack:3508]
7efdc2a79000-7efdc2a7a000 ---p 00000000 00:00 0 
7efdc2a7a000-7efdc5000000 rw-p 00000000 00:00 0                          [stack:3507]
7efdc5000000-7efdc56a0000 rwxp 00000000 00:00 0 
7efdc56a0000-7efdd4000000 ---p 00000000 00:00 0 
7efdd4000000-7efdd4b13000 rw-p 00000000 00:00 0 
7efdd4b13000-7efdd8000000 ---p 00000000 00:00 0 
7efdd8000000-7efdd8002000 r--s 00008000 08:05 961454                     /home/chibi/.m2/repository/org/uqbar-project/uqbar-domain/3.5.0/uqbar-domain-3.5.0.jar
7efdd8002000-7efdd8004000 r--s 00002000 08:05 961523                     /home/chibi/.m2/repository/org/uqbar-project/arena-xtend/3.6.1/arena-xtend-3.6.1.jar
7efdd8004000-7efdd8017000 r--s 00211000 08:05 933303                     /home/chibi/.m2/repository/org/eclipse/swt/gtk/org.eclipse.swt.gtk.linux.x86_64/3.5.2.v3557f/org.eclipse.swt.gtk.linux.x86_64-3.5.2.v3557f.jar
7efdd8017000-7efdd8018000 r--s 00003000 08:05 918008                     /home/chibi/.m2/repository/org/eclipse/org.eclipse.swt/3.4.2.v3452b/org.eclipse.swt-3.4.2.v3452b.jar
7efdd8018000-7efdd8027000 r--s 000e5000 08:05 917936                     /home/chibi/.m2/repository/org/eclipse/org.eclipse.osgi/3.4.3.R34x_v20081215-1030/org.eclipse.osgi-3.4.3.R34x_v20081215-1030.jar
7efdd8027000-7efdd803b000 r--s 000eb000 08:05 917228                     /home/chibi/.m2/repository/org/eclipse/org.eclipse.jface/3.4.2.M20090107-0800/org.eclipse.jface-3.4.2.M20090107-0800.jar
7efdd803b000-7efdd8040000 r--s 0002b000 08:05 917172                     /home/chibi/.m2/repository/org/eclipse/jface/org.eclipse.jface.databinding/1.2.1.M20080827-0800a/org.eclipse.jface.databinding-1.2.1.M20080827-0800a.jar
7efdd8040000-7efdd8043000 r--s 00015000 08:05 917168                     /home/chibi/.m2/repository/org/eclipse/equinox/org.eclipse.equinox.common/3.4.0.v20080421-2006/org.eclipse.equinox.common-3.4.0.v20080421-2006.jar
7efdd8043000-7efdd804c000 r--s 0004c000 08:05 917136                     /home/chibi/.m2/repository/org/eclipse/core/org.eclipse.core.databinding/1.1.1.M20080827-0800b/org.eclipse.core.databinding-1.1.1.M20080827-0800b.jar
7efdd804c000-7efdd804e000 r--s 0000d000 08:05 917123                     /home/chibi/.m2/repository/org/eclipse/core/databinding/org.eclipse.core.databinding.beans/1.1.1.M20080827-0800a/org.eclipse.core.databinding.beans-1.1.1.M20080827-0800a.jar
7efdd804e000-7efdd8051000 r--s 00017000 08:05 917117                     /home/chibi/.m2/repository/org/eclipse/core/org.eclipse.core.commands/3.4.0.I20080509-2000/org.eclipse.core.commands-3.4.0.I20080509-2000.jar
7efdd8051000-7efdd809f000 r--s 0087c000 08:05 940691                     /home/chibi/.m2/repository/com/ibm/icu/icu4j/50.1.1/icu4j-50.1.1.jar
7efdd809f000-7efdd80a4000 r--s 00016000 08:05 951959                     /home/chibi/.m2/repository/xml-apis/xml-apis/1.0.b2/xml-apis-1.0.b2.jar
7efdd80a4000-7efdd80a9000 r--s 00048000 08:05 942722                     /home/chibi/.m2/repository/dom4j/dom4j/1.6.1/dom4j-1.6.1.jar
7efdd80a9000-7efdd80ac000 r--s 00017000 08:05 951950                     /home/chibi/.m2/repository/org/reflections/reflections/0.9.8/reflections-0.9.8.jar
7efdd80ac000-7efdd80b6000 r--s 000a5000 08:05 951946                     /home/chibi/.m2/repository/org/javassist/javassist/3.18.1-GA/javassist-3.18.1-GA.jar
7efdd80b6000-7efdd80ba000 r--s 00028000 08:05 951944                     /home/chibi/.m2/repository/org/uqbar-project/arena-apo/3.6.1/arena-apo-3.6.1.jar
7efdd80ba000-7efdd80bd000 r--s 00014000 08:05 951941                     /home/chibi/.m2/repository/org/uqbar-project/arena-pot/3.6.1/arena-pot-3.6.1.jar
7efdd80bd000-7efdd80c4000 r--s 0002c000 08:05 951937                     /home/chibi/.m2/repository/org/uqbar-project/arena-core/3.6.1/arena-core-3.6.1.jar
7efdd80c4000-7efdd8a72000 rw-p 00000000 00:00 0 
7efdd8a72000-7efdd8c4b000 r--s 03d20000 08:05 807771                     /usr/lib/jvm/java-8-oracle/jre/lib/rt.jar
7efdd8c4b000-7efdd96a9000 rw-p 00000000 00:00 0 
7efdd96a9000-7efdd96aa000 ---p 00000000 00:00 0 
7efdd96aa000-7efdd97aa000 rw-p 00000000 00:00 0                          [stack:3504]
7efdd97aa000-7efdd97ab000 ---p 00000000 00:00 0 
7efdd97ab000-7efdd98ab000 rw-p 00000000 00:00 0                          [stack:3503]
7efdd98ab000-7efdd98ac000 ---p 00000000 00:00 0 
7efdd98ac000-7efdd99ac000 rw-p 00000000 00:00 0                          [stack:3502]
7efdd99ac000-7efdd99ad000 ---p 00000000 00:00 0 
7efdd99ad000-7efdd9ac2000 rw-p 00000000 00:00 0                          [stack:3501]
7efdd9ac2000-7efdd9bf3000 ---p 00000000 00:00 0 
7efdd9bf3000-7efdd9c08000 rw-p 00000000 00:00 0 
7efdd9c08000-7efdd9d38000 ---p 00000000 00:00 0 
7efdd9d38000-7efdd9d81000 rw-p 00000000 00:00 0 
7efdd9d81000-7efdd9ddb000 ---p 00000000 00:00 0 
7efdd9ddb000-7efdd9df7000 rw-p 00000000 00:00 0 
7efdd9df7000-7efdda19c000 ---p 00000000 00:00 0 
7efdda19c000-7efdda1b6000 r-xp 00000000 08:05 807888                     /usr/lib/jvm/java-8-oracle/jre/lib/amd64/libzip.so
7efdda1b6000-7efdda3b6000 ---p 0001a000 08:05 807888                     /usr/lib/jvm/java-8-oracle/jre/lib/amd64/libzip.so
7efdda3b6000-7efdda3b7000 rw-p 0001a000 08:05 807888                     /usr/lib/jvm/java-8-oracle/jre/lib/amd64/libzip.so
7efdda3b7000-7efdda3c2000 r-xp 00000000 08:05 657773                     /lib/x86_64-linux-gnu/libnss_files-2.19.so
7efdda3c2000-7efdda5c1000 ---p 0000b000 08:05 657773                     /lib/x86_64-linux-gnu/libnss_files-2.19.so
7efdda5c1000-7efdda5c2000 r--p 0000a000 08:05 657773                     /lib/x86_64-linux-gnu/libnss_files-2.19.so
7efdda5c2000-7efdda5c3000 rw-p 0000b000 08:05 657773                     /lib/x86_64-linux-gnu/libnss_files-2.19.so
7efdda5c3000-7efdda5ce000 r-xp 00000000 08:05 657783                     /lib/x86_64-linux-gnu/libnss_nis-2.19.so
7efdda5ce000-7efdda7cd000 ---p 0000b000 08:05 657783                     /lib/x86_64-linux-gnu/libnss_nis-2.19.so
7efdda7cd000-7efdda7ce000 r--p 0000a000 08:05 657783                     /lib/x86_64-linux-gnu/libnss_nis-2.19.so
7efdda7ce000-7efdda7cf000 rw-p 0000b000 08:05 657783                     /lib/x86_64-linux-gnu/libnss_nis-2.19.so
7efdda7cf000-7efdda7e6000 r-xp 00000000 08:05 657767                     /lib/x86_64-linux-gnu/libnsl-2.19.so
7efdda7e6000-7efdda9e5000 ---p 00017000 08:05 657767                     /lib/x86_64-linux-gnu/libnsl-2.19.so
7efdda9e5000-7efdda9e6000 r--p 00016000 08:05 657767                     /lib/x86_64-linux-gnu/libnsl-2.19.so
7efdda9e6000-7efdda9e7000 rw-p 00017000 08:05 657767                     /lib/x86_64-linux-gnu/libnsl-2.19.so
7efdda9e7000-7efdda9e9000 rw-p 00000000 00:00 0 
7efdda9e9000-7efdda9f2000 r-xp 00000000 08:05 657769                     /lib/x86_64-linux-gnu/libnss_compat-2.19.so
7efdda9f2000-7efddabf1000 ---p 00009000 08:05 657769                     /lib/x86_64-linux-gnu/libnss_compat-2.19.so
7efddabf1000-7efddabf2000 r--p 00008000 08:05 657769                     /lib/x86_64-linux-gnu/libnss_compat-2.19.so
7efddabf2000-7efddabf3000 rw-p 00009000 08:05 657769                     /lib/x86_64-linux-gnu/libnss_compat-2.19.so
7efddabf3000-7efddac1d000 r-xp 00000000 08:05 807882                     /usr/lib/jvm/java-8-oracle/jre/lib/amd64/libjava.so
7efddac1d000-7efddae1d000 ---p 0002a000 08:05 807882                     /usr/lib/jvm/java-8-oracle/jre/lib/amd64/libjava.so
7efddae1d000-7efddae1f000 rw-p 0002a000 08:05 807882                     /usr/lib/jvm/java-8-oracle/jre/lib/amd64/libjava.so
7efddae1f000-7efddae2c000 r-xp 00000000 08:05 807881                     /usr/lib/jvm/java-8-oracle/jre/lib/amd64/libverify.so
7efddae2c000-7efddb02c000 ---p 0000d000 08:05 807881                     /usr/lib/jvm/java-8-oracle/jre/lib/amd64/libverify.so
7efddb02c000-7efddb02e000 rw-p 0000d000 08:05 807881                     /usr/lib/jvm/java-8-oracle/jre/lib/amd64/libverify.so
7efddb02e000-7efddb035000 r-xp 00000000 08:05 657826                     /lib/x86_64-linux-gnu/librt-2.19.so
7efddb035000-7efddb234000 ---p 00007000 08:05 657826                     /lib/x86_64-linux-gnu/librt-2.19.so
7efddb234000-7efddb235000 r--p 00006000 08:05 657826                     /lib/x86_64-linux-gnu/librt-2.19.so
7efddb235000-7efddb236000 rw-p 00007000 08:05 657826                     /lib/x86_64-linux-gnu/librt-2.19.so
7efddb236000-7efddb33b000 r-xp 00000000 08:05 657748                     /lib/x86_64-linux-gnu/libm-2.19.so
7efddb33b000-7efddb53a000 ---p 00105000 08:05 657748                     /lib/x86_64-linux-gnu/libm-2.19.so
7efddb53a000-7efddb53b000 r--p 00104000 08:05 657748                     /lib/x86_64-linux-gnu/libm-2.19.so
7efddb53b000-7efddb53c000 rw-p 00105000 08:05 657748                     /lib/x86_64-linux-gnu/libm-2.19.so
7efddb53c000-7efddc1fa000 r-xp 00000000 08:05 807898                     /usr/lib/jvm/java-8-oracle/jre/lib/amd64/server/libjvm.so
7efddc1fa000-7efddc3f9000 ---p 00cbe000 08:05 807898                     /usr/lib/jvm/java-8-oracle/jre/lib/amd64/server/libjvm.so
7efddc3f9000-7efddc4d2000 rw-p 00cbd000 08:05 807898                     /usr/lib/jvm/java-8-oracle/jre/lib/amd64/server/libjvm.so
7efddc4d2000-7efddc516000 rw-p 00000000 00:00 0 
7efddc516000-7efddc6d1000 r-xp 00000000 08:05 657698                     /lib/x86_64-linux-gnu/libc-2.19.so
7efddc6d1000-7efddc8d0000 ---p 001bb000 08:05 657698                     /lib/x86_64-linux-gnu/libc-2.19.so
7efddc8d0000-7efddc8d4000 r--p 001ba000 08:05 657698                     /lib/x86_64-linux-gnu/libc-2.19.so
7efddc8d4000-7efddc8d6000 rw-p 001be000 08:05 657698                     /lib/x86_64-linux-gnu/libc-2.19.so
7efddc8d6000-7efddc8db000 rw-p 00000000 00:00 0 
7efddc8db000-7efddc8de000 r-xp 00000000 08:05 657715                     /lib/x86_64-linux-gnu/libdl-2.19.so
7efddc8de000-7efddcadd000 ---p 00003000 08:05 657715                     /lib/x86_64-linux-gnu/libdl-2.19.so
7efddcadd000-7efddcade000 r--p 00002000 08:05 657715                     /lib/x86_64-linux-gnu/libdl-2.19.so
7efddcade000-7efddcadf000 rw-p 00003000 08:05 657715                     /lib/x86_64-linux-gnu/libdl-2.19.so
7efddcadf000-7efddcaf4000 r-xp 00000000 08:05 809124                     /usr/lib/jvm/java-8-oracle/lib/amd64/jli/libjli.so
7efddcaf4000-7efddccf4000 ---p 00015000 08:05 809124                     /usr/lib/jvm/java-8-oracle/lib/amd64/jli/libjli.so
7efddccf4000-7efddccf5000 rw-p 00015000 08:05 809124                     /usr/lib/jvm/java-8-oracle/lib/amd64/jli/libjli.so
7efddccf5000-7efddcd0e000 r-xp 00000000 08:05 657818                     /lib/x86_64-linux-gnu/libpthread-2.19.so
7efddcd0e000-7efddcf0d000 ---p 00019000 08:05 657818                     /lib/x86_64-linux-gnu/libpthread-2.19.so
7efddcf0d000-7efddcf0e000 r--p 00018000 08:05 657818                     /lib/x86_64-linux-gnu/libpthread-2.19.so
7efddcf0e000-7efddcf0f000 rw-p 00019000 08:05 657818                     /lib/x86_64-linux-gnu/libpthread-2.19.so
7efddcf0f000-7efddcf13000 rw-p 00000000 00:00 0 
7efddcf13000-7efddcf36000 r-xp 00000000 08:05 657674                     /lib/x86_64-linux-gnu/ld-2.19.so
7efddcf36000-7efddcf3c000 r--s 00035000 08:05 951933                     /home/chibi/.m2/repository/org/uqbar-project/arena-jface/3.6.1/arena-jface-3.6.1.jar
7efddcf3c000-7efddd00e000 rw-p 00000000 00:00 0 
7efddd00e000-7efddd011000 ---p 00000000 00:00 0 
7efddd011000-7efddd113000 rw-p 00000000 00:00 0                          [stack:3494]
7efddd113000-7efddd115000 r--s 00008000 08:05 933654                     /home/chibi/.m2/repository/org/uqbar-project/arena-poo/3.6.1/arena-poo-3.6.1.jar
7efddd115000-7efddd129000 rw-p 00000000 00:00 0 
7efddd129000-7efddd131000 rw-s 00000000 08:05 169051                     /tmp/hsperfdata_chibi/3490
7efddd131000-7efddd132000 rw-p 00000000 00:00 0 
7efddd132000-7efddd133000 ---p 00000000 00:00 0 
7efddd133000-7efddd135000 rw-p 00000000 00:00 0 
7efddd135000-7efddd136000 r--p 00022000 08:05 657674                     /lib/x86_64-linux-gnu/ld-2.19.so
7efddd136000-7efddd137000 rw-p 00023000 08:05 657674                     /lib/x86_64-linux-gnu/ld-2.19.so
7efddd137000-7efddd138000 rw-p 00000000 00:00 0 
7ffe77ca7000-7ffe77cc9000 rw-p 00000000 00:00 0                          [stack]
7ffe77d2a000-7ffe77d2c000 r--p 00000000 00:00 0                          [vvar]
7ffe77d2c000-7ffe77d2e000 r-xp 00000000 00:00 0                          [vdso]
ffffffffff600000-ffffffffff601000 r-xp 00000000 00:00 0                  [vsyscall]

VM Arguments:
jvm_args: -Djava.system.class.loader=org.uqbar.apo.APOClassLoader -Dfile.encoding=UTF-8 
java_command: runnable.AplicacionLaberinto
java_class_path (initial): /home/chibi/Escritorio/UIS-Laberinto/UIS-Arena/target/classes:/home/chibi/.m2/repository/org/uqbar-project/arena-jface/3.6.1/arena-jface-3.6.1.jar:/home/chibi/.m2/repository/org/uqbar-project/arena-core/3.6.1/arena-core-3.6.1.jar:/home/chibi/.m2/repository/org/uqbar-project/arena-pot/3.6.1/arena-pot-3.6.1.jar:/home/chibi/.m2/repository/org/uqbar-project/arena-apo/3.6.1/arena-apo-3.6.1.jar:/home/chibi/.m2/repository/org/javassist/javassist/3.18.1-GA/javassist-3.18.1-GA.jar:/home/chibi/.m2/repository/org/reflections/reflections/0.9.8/reflections-0.9.8.jar:/home/chibi/.m2/repository/dom4j/dom4j/1.6.1/dom4j-1.6.1.jar:/home/chibi/.m2/repository/xml-apis/xml-apis/1.0.b2/xml-apis-1.0.b2.jar:/home/chibi/.m2/repository/org/uqbar-project/arena-poo/3.6.1/arena-poo-3.6.1.jar:/home/chibi/.m2/repository/com/ibm/icu/icu4j/50.1.1/icu4j-50.1.1.jar:/home/chibi/.m2/repository/org/eclipse/core/org.eclipse.core.commands/3.4.0.I20080509-2000/org.eclipse.core.commands-3.4.0.I20080509-2000.jar:/home/chibi/.m2/repository/org/eclipse/core/databinding/org.eclipse.core.databinding.beans/1.1.1.M20080827-0800a/org.eclipse.core.databinding.beans-1.1.1.M20080827-0800a.jar:/home/chibi/.m2/repository/org/eclipse/core/org.eclipse.core.databinding/1.1.1.M20080827-0800b/org.eclipse.core.databinding-1.1.1.M20080827-0800b.jar:/home/chibi/.m2/repository/org/eclipse/equinox/org.eclipse.equinox.common/3.4.0.v20080421-2006/org.eclipse.equinox.common-3.4.0.v20080421-2006.jar:/home/chibi/.m2/repository/org/eclipse/jface/org.eclipse.jface.databinding/1.2.1.M20080827-0800a/org.eclipse.jface.databinding-1.2.1.M20080827-0800a.jar:/home/chibi/.m2/repository/org/eclipse/org.eclipse.jface/3.4.2.M20090107-0800/org.eclipse.jface-3.4.2.M20090107-0800.jar:/home/chibi/.m2/repository/org/eclipse/org.eclipse.osgi/3.4.3.R34x_v20081215-1030/org.eclipse.osgi-3.4.3.R34x_v20081215-1030.jar:/home/chibi/.m2/repository/org/eclipse/org.eclipse.swt/3.4.2.v3452b/org.eclipse.swt-3.4.2.v3452b.jar:/home/chibi
Launcher Type: SUN_STANDARD

Environment Variables:
PATH=/usr/local/sbin:/usr/local/bin:/usr/sbin:/usr/bin:/sbin:/bin:/usr/games:/usr/local/games
SHELL=/bin/bash
DISPLAY=:0.0

Signal Handlers:
SIGSEGV: [libjvm.so+0xaba2a0], sa_mask[0]=11111111011111111101111111111110, sa_flags=SA_RESTART|SA_SIGINFO
SIGBUS: [libjvm.so+0xaba2a0], sa_mask[0]=11111111011111111101111111111110, sa_flags=SA_RESTART|SA_SIGINFO
SIGFPE: [libjvm.so+0x917710], sa_mask[0]=11111111011111111101111111111110, sa_flags=SA_RESTART|SA_SIGINFO
SIGPIPE: SIG_IGN, sa_mask[0]=00000000000010000000000000000000, sa_flags=SA_RESTART
SIGXFSZ: [libjvm.so+0x917710], sa_mask[0]=11111111011111111101111111111110, sa_flags=SA_RESTART|SA_SIGINFO
SIGILL: [libjvm.so+0x917710], sa_mask[0]=11111111011111111101111111111110, sa_flags=SA_RESTART|SA_SIGINFO
SIGUSR1: SIG_DFL, sa_mask[0]=00000000000000000000000000000000, sa_flags=none
SIGUSR2: [libjvm.so+0x918d40], sa_mask[0]=00100000000000000000000000000000, sa_flags=SA_RESTART|SA_SIGINFO
SIGHUP: [libjvm.so+0x91a140], sa_mask[0]=11111111011111111101111111111110, sa_flags=SA_RESTART|SA_SIGINFO
SIGINT: [libjvm.so+0x91a140], sa_mask[0]=11111111011111111101111111111110, sa_flags=SA_RESTART|SA_SIGINFO
SIGTERM: [libjvm.so+0x91a140], sa_mask[0]=11111111011111111101111111111110, sa_flags=SA_RESTART|SA_SIGINFO
SIGQUIT: [libjvm.so+0x91a140], sa_mask[0]=11111111011111111101111111111110, sa_flags=SA_RESTART|SA_SIGINFO


---------------  S Y S T E M  ---------------

OS:DISTRIB_ID=Ubuntu
DISTRIB_RELEASE=14.04
DISTRIB_CODENAME=trusty
DISTRIB_DESCRIPTION="Ubuntu 14.04.3 LTS"

uname:Linux 3.19.0-30-generic #34~14.04.1-Ubuntu SMP Fri Oct 2 22:09:39 UTC 2015 x86_64
libc:glibc 2.19 NPTL 2.19 
rlimit: STACK 8192k, CORE 0k, NPROC 15514, NOFILE 4096, AS infinity
load average:2,19 1,51 0,92

/proc/meminfo:
MemTotal:        3993212 kB
MemFree:          132516 kB
MemAvailable:      85356 kB
Buffers:             832 kB
Cached:           300660 kB
SwapCached:            0 kB
Active:          2261120 kB
Inactive:         231292 kB
Active(anon):    2238584 kB
Inactive(anon):   211652 kB
Active(file):      22536 kB
Inactive(file):    19640 kB
Unevictable:     1211612 kB
Mlocked:         1211612 kB
SwapTotal:             0 kB
SwapFree:              0 kB
Dirty:              3256 kB
Writeback:             4 kB
AnonPages:       3403224 kB
Mapped:           139980 kB
Shmem:            238192 kB
Slab:              61956 kB
SReclaimable:      32444 kB
SUnreclaim:        29512 kB
KernelStack:       10304 kB
PageTables:        39096 kB
NFS_Unstable:          0 kB
Bounce:                0 kB
WritebackTmp:          0 kB
CommitLimit:     1996604 kB
Committed_AS:    7144808 kB
VmallocTotal:   34359738367 kB
VmallocUsed:      216668 kB
VmallocChunk:   34359513052 kB
HardwareCorrupted:     0 kB
AnonHugePages:   1683456 kB
CmaTotal:              0 kB
CmaFree:               0 kB
HugePages_Total:       0
HugePages_Free:        0
HugePages_Rsvd:        0
HugePages_Surp:        0
Hugepagesize:       2048 kB
DirectMap4k:       98560 kB
DirectMap2M:     4042752 kB


CPU:total 4 (2 cores per cpu, 2 threads per core) family 6 model 42 stepping 7, cmov, cx8, fxsr, mmx, sse, sse2, sse3, ssse3, sse4.1, sse4.2, popcnt, avx, clmul, ht, tsc, tscinvbit

/proc/cpuinfo:
processor	: 0
vendor_id	: GenuineIntel
cpu family	: 6
model		: 42
model name	: Intel(R) Core(TM) i3-2330M CPU @ 2.20GHz
stepping	: 7
microcode	: 0x23
cpu MHz		: 2200.000
cache size	: 3072 KB
physical id	: 0
siblings	: 4
core id		: 0
cpu cores	: 2
apicid		: 0
initial apicid	: 0
fpu		: yes
fpu_exception	: yes
cpuid level	: 13
wp		: yes
flags		: fpu vme de pse tsc msr pae mce cx8 apic sep mtrr pge mca cmov pat pse36 clflush dts acpi mmx fxsr sse sse2 ss ht tm pbe syscall nx rdtscp lm constant_tsc arch_perfmon pebs bts rep_good nopl xtopology nonstop_tsc aperfmperf eagerfpu pni pclmulqdq dtes64 monitor ds_cpl vmx est tm2 ssse3 cx16 xtpr pdcm pcid sse4_1 sse4_2 x2apic popcnt tsc_deadline_timer xsave avx lahf_lm arat epb pln pts dtherm tpr_shadow vnmi flexpriority ept vpid xsaveopt
bugs		:
bogomips	: 4390.18
clflush size	: 64
cache_alignment	: 64
address sizes	: 36 bits physical, 48 bits virtual
power management:

processor	: 1
vendor_id	: GenuineIntel
cpu family	: 6
model		: 42
model name	: Intel(R) Core(TM) i3-2330M CPU @ 2.20GHz
stepping	: 7
microcode	: 0x23
cpu MHz		: 2199.914
cache size	: 3072 KB
physical id	: 0
siblings	: 4
core id		: 0
cpu cores	: 2
apicid		: 1
initial apicid	: 1
fpu		: yes
fpu_exception	: yes
cpuid level	: 13
wp		: yes
flags		: fpu vme de pse tsc msr pae mce cx8 apic sep mtrr pge mca cmov pat pse36 clflush dts acpi mmx fxsr sse sse2 ss ht tm pbe syscall nx rdtscp lm constant_tsc arch_perfmon pebs bts rep_good nopl xtopology nonstop_tsc aperfmperf eagerfpu pni pclmulqdq dtes64 monitor ds_cpl vmx est tm2 ssse3 cx16 xtpr pdcm pcid sse4_1 sse4_2 x2apic popcnt tsc_deadline_timer xsave avx lahf_lm arat epb pln pts dtherm tpr_shadow vnmi flexpriority ept vpid xsaveopt
bugs		:
bogomips	: 4390.18
clflush size	: 64
cache_alignment	: 64
address sizes	: 36 bits physical, 48 bits virtual
power management:

processor	: 2
vendor_id	: GenuineIntel
cpu family	: 6
model		: 42
model name	: Intel(R) Core(TM) i3-2330M CPU @ 2.20GHz
stepping	: 7
microcode	: 0x23
cpu MHz		: 2200.000
cache size	: 3072 KB
physical id	: 0
siblings	: 4
core id		: 1
cpu cores	: 2
apicid		: 2
initial apicid	: 2
fpu		: yes
fpu_exception	: yes
cpuid level	: 13
wp		: yes
flags		: fpu vme de pse tsc msr pae mce cx8 apic sep mtrr pge mca cmov pat pse36 clflush dts acpi mmx fxsr sse sse2 ss ht tm pbe syscall nx rdtscp lm constant_tsc arch_perfmon pebs bts rep_good nopl xtopology nonstop_tsc aperfmperf eagerfpu pni pclmulqdq dtes64 monitor ds_cpl vmx est tm2 ssse3 cx16 xtpr pdcm pcid sse4_1 sse4_2 x2apic popcnt tsc_deadline_timer xsave avx lahf_lm arat epb pln pts dtherm tpr_shadow vnmi flexpriority ept vpid xsaveopt
bugs		:
bogomips	: 4390.18
clflush size	: 64
cache_alignment	: 64
address sizes	: 36 bits physical, 48 bits virtual
power management:

processor	: 3
vendor_id	: GenuineIntel
cpu family	: 6
model		: 42
model name	: Intel(R) Core(TM) i3-2330M CPU @ 2.20GHz
stepping	: 7
microcode	: 0x23
cpu MHz		: 2199.914
cache size	: 3072 KB
physical id	: 0
siblings	: 4
core id		: 1
cpu cores	: 2
apicid		: 3
initial apicid	: 3
fpu		: yes
fpu_exception	: yes
cpuid level	: 13
wp		: yes
flags		: fpu vme de pse tsc msr pae mce cx8 apic sep mtrr pge mca cmov pat pse36 clflush dts acpi mmx fxsr sse sse2 ss ht tm pbe syscall nx rdtscp lm constant_tsc arch_perfmon pebs bts rep_good nopl xtopology nonstop_tsc aperfmperf eagerfpu pni pclmulqdq dtes64 monitor ds_cpl vmx est tm2 ssse3 cx16 xtpr pdcm pcid sse4_1 sse4_2 x2apic popcnt tsc_deadline_timer xsave avx lahf_lm arat epb pln pts dtherm tpr_shadow vnmi flexpriority ept vpid xsaveopt
bugs		:
bogomips	: 4390.18
clflush size	: 64
cache_alignment	: 64
address sizes	: 36 bits physical, 48 bits virtual
power management:



Memory: 4k page, physical 3993212k(132516k free), swap 0k(0k free)

vm_info: Java HotSpot(TM) 64-Bit Server VM (25.66-b17) for linux-amd64 JRE (1.8.0_66-b17), built on Oct  6 2015 17:28:34 by "java_re" with gcc 4.3.0 20080428 (Red Hat 4.3.0-8)

time: Thu Apr 14 13:59:40 2016
elapsed time: 8 seconds (0d 0h 0m 8s)

