#
# There is insufficient memory for the Java Runtime Environment to continue.
# Native memory allocation (mmap) failed to map 104857600 bytes for committing reserved memory.
# Possible reasons:
#   The system is out of physical RAM or swap space
#   In 32 bit mode, the process size limit was hit
# Possible solutions:
#   Reduce memory load on the system
#   Increase physical memory or swap space
#   Check if swap backing store is full
#   Use 64 bit Java on a 64 bit OS
#   Decrease Java heap size (-Xmx/-Xms)
#   Decrease number of Java threads
#   Decrease Java thread stack sizes (-Xss)
#   Set larger code cache with -XX:ReservedCodeCacheSize=
# This output file may be truncated or incomplete.
#
#  Out of Memory Error (os_linux.cpp:2627), pid=7563, tid=140204051724032
#
# JRE version: Java(TM) SE Runtime Environment (8.0_66-b17) (build 1.8.0_66-b17)
# Java VM: Java HotSpot(TM) 64-Bit Server VM (25.66-b17 mixed mode linux-amd64 compressed oops)
# Failed to write core dump. Core dumps have been disabled. To enable core dumping, try "ulimit -c unlimited" before starting Java again
#

---------------  T H R E A D  ---------------

Current thread (0x00007f83f0079800):  VMThread [stack: 0x00007f83cca2f000,0x00007f83ccb30000] [id=7573]

Stack: [0x00007f83cca2f000,0x00007f83ccb30000],  sp=0x00007f83ccb2df60,  free space=1019k
Native frames: (J=compiled Java code, j=interpreted, Vv=VM code, C=native code)
V  [libjvm.so+0xab9a1a]  VMError::report_and_die()+0x2ba
V  [libjvm.so+0x4f9e0b]  report_vm_out_of_memory(char const*, int, unsigned long, VMErrorType, char const*)+0x8b
V  [libjvm.so+0x91a8a3]  os::Linux::commit_memory_impl(char*, unsigned long, bool)+0x103
V  [libjvm.so+0x91adf9]  os::pd_commit_memory(char*, unsigned long, unsigned long, bool)+0x29
V  [libjvm.so+0x91510a]  os::commit_memory(char*, unsigned long, unsigned long, bool)+0x2a
V  [libjvm.so+0x9887a3]  PSVirtualSpace::expand_by(unsigned long)+0x53
V  [libjvm.so+0x989ba8]  PSYoungGen::resize_generation(unsigned long, unsigned long)+0xf8
V  [libjvm.so+0x988d02]  PSYoungGen::resize(unsigned long, unsigned long)+0x22
V  [libjvm.so+0x985fdb]  PSScavenge::invoke_no_policy()+0xf3b
V  [libjvm.so+0x986761]  PSScavenge::invoke()+0x41
V  [libjvm.so+0x93e500]  ParallelScavengeHeap::failed_mem_allocate(unsigned long)+0x70
V  [libjvm.so+0xabb437]  VM_ParallelGCFailedAllocation::doit()+0x97
V  [libjvm.so+0xac2e65]  VM_Operation::evaluate()+0x55
V  [libjvm.so+0xac123a]  VMThread::evaluate_operation(VM_Operation*)+0xba
V  [libjvm.so+0xac15be]  VMThread::loop()+0x1ce
V  [libjvm.so+0xac1a30]  VMThread::run()+0x70
V  [libjvm.so+0x91cc68]  java_start(Thread*)+0x108

VM_Operation (0x00007f83f700e250): ParallelGCFailedAllocation, mode: safepoint, requested by thread 0x00007f83f000b800


---------------  P R O C E S S  ---------------

Java Threads: ( => current thread )
  0x00007f83f0227800 JavaThread "Service Thread" daemon [_thread_blocked, id=7580, stack(0x00007f83bfafb000,0x00007f83bfbfc000)]
  0x00007f83f0224800 JavaThread "C1 CompilerThread2" daemon [_thread_blocked, id=7579, stack(0x00007f83bfbfc000,0x00007f83bfcfd000)]
  0x00007f83f0222800 JavaThread "C2 CompilerThread1" daemon [_thread_blocked, id=7578, stack(0x00007f83bfcfd000,0x00007f83bfdfe000)]
  0x00007f83f0220800 JavaThread "C2 CompilerThread0" daemon [_thread_blocked, id=7577, stack(0x00007f83bfdfe000,0x00007f83bfeff000)]
  0x00007f83f021e800 JavaThread "Signal Dispatcher" daemon [_thread_blocked, id=7576, stack(0x00007f83bfeff000,0x00007f83c0000000)]
  0x00007f83f0080800 JavaThread "Finalizer" daemon [_thread_blocked, id=7575, stack(0x00007f83cc82d000,0x00007f83cc92e000)]
  0x00007f83f007e800 JavaThread "Reference Handler" daemon [_thread_blocked, id=7574, stack(0x00007f83cc92e000,0x00007f83cca2f000)]
  0x00007f83f000b800 JavaThread "main" [_thread_blocked, id=7568, stack(0x00007f83f6f11000,0x00007f83f7012000)]

Other Threads:
=>0x00007f83f0079800 VMThread [stack: 0x00007f83cca2f000,0x00007f83ccb30000] [id=7573]
  0x00007f83f022d000 WatcherThread [stack: 0x00007f83bf9fa000,0x00007f83bfafb000] [id=7581]

VM state:at safepoint (normal execution)

VM Mutex/Monitor currently owned by a thread:  ([mutex/lock_event])
[0x00007f83f0007fa0] Threads_lock - owner thread: 0x00007f83f0079800
[0x00007f83f00084a0] Heap_lock - owner thread: 0x00007f83f000b800

Heap:
 PSYoungGen      total 171008K, used 10212K [0x00000000ebb00000, 0x00000000f6d80000, 0x0000000100000000)
  eden space 160768K, 0% used [0x00000000ebb00000,0x00000000ebb00000,0x00000000f5800000)
  from space 10240K, 99% used [0x00000000f5800000,0x00000000f61f93a0,0x00000000f6200000)
  to   space 8704K, 0% used [0x00000000f6200000,0x00000000f6200000,0x00000000f6a80000)
 ParOldGen       total 42496K, used 23215K [0x00000000c3000000, 0x00000000c5980000, 0x00000000ebb00000)
  object space 42496K, 54% used [0x00000000c3000000,0x00000000c46abf70,0x00000000c5980000)
 Metaspace       used 19372K, capacity 19646K, committed 19840K, reserved 1067008K
  class space    used 2516K, capacity 2619K, committed 2688K, reserved 1048576K

Card table byte_map: [0x00007f83e0a57000,0x00007f83e0c40000] byte_map_base: 0x00007f83e043f000

Marking Bits: (ParMarkBitMap*) 0x00007f83f63ee020
 Begin Bits: [0x00007f83ce180000, 0x00007f83cf0c0000)
 End Bits:   [0x00007f83cf0c0000, 0x00007f83d0000000)

Polling page: 0x00007f83f7035000

CodeCache: size=245760Kb used=9565Kb max_used=9567Kb free=236194Kb
 bounds [0x00007f83e1000000, 0x00007f83e1970000, 0x00007f83f0000000]
 total_blobs=3267 nmethods=2793 adapters=385
 compilation: enabled

Compilation events (10 events):
Event: 27,858 Thread 0x00007f83f0224800 2796       3       org.eclipse.swt.widgets.Widget::sendEvent (8 bytes)
Event: 27,858 Thread 0x00007f83f0224800 nmethod 2796 0x00007f83e195c290 code [0x00007f83e195c400, 0x00007f83e195c628]
Event: 29,213 Thread 0x00007f83f0224800 2797       3       javassist.compiler.NoFieldException::<init> (34 bytes)
Event: 29,214 Thread 0x00007f83f0224800 nmethod 2797 0x00007f83e195b450 code [0x00007f83e195b640, 0x00007f83e195beb8]
Event: 29,218 Thread 0x00007f83f0220800 2798   !   4       org.reflections.Reflections::scan (628 bytes)
Event: 29,265 Thread 0x00007f83f0220800 nmethod 2798 0x00007f83e195f1d0 code [0x00007f83e195f4e0, 0x00007f83e1960770]
Event: 29,267 Thread 0x00007f83f0222800 2800       4       sun.net.www.protocol.file.FileURLConnection::<init> (38 bytes)
Event: 29,267 Thread 0x00007f83f0220800 2799  s!   4       sun.net.www.protocol.file.Handler::openConnection (194 bytes)
Event: 29,270 Thread 0x00007f83f0224800 2801       3       javassist.compiler.Lex::<init> (60 bytes)
Event: 29,271 Thread 0x00007f83f0224800 nmethod 2801 0x00007f83e195a950 code [0x00007f83e195ab00, 0x00007f83e195b130]

GC Heap History (10 events):
Event: 10,320 GC heap after
Heap after GC invocations=8 (full 0):
 PSYoungGen      total 69632K, used 3264K [0x00000000ebb00000, 0x00000000f0500000, 0x0000000100000000)
  eden space 63488K, 0% used [0x00000000ebb00000,0x00000000ebb00000,0x00000000ef900000)
  from space 6144K, 53% used [0x00000000eff00000,0x00000000f0230000,0x00000000f0500000)
  to   space 6144K, 0% used [0x00000000ef900000,0x00000000ef900000,0x00000000eff00000)
 ParOldGen       total 42496K, used 12973K [0x00000000c3000000, 0x00000000c5980000, 0x00000000ebb00000)
  object space 42496K, 30% used [0x00000000c3000000,0x00000000c3cab538,0x00000000c5980000)
 Metaspace       used 14982K, capacity 15184K, committed 15360K, reserved 1062912K
  class space    used 1921K, capacity 1992K, committed 2048K, reserved 1048576K
}
Event: 10,667 GC heap before
{Heap before GC invocations=9 (full 0):
 PSYoungGen      total 69632K, used 66752K [0x00000000ebb00000, 0x00000000f0500000, 0x0000000100000000)
  eden space 63488K, 100% used [0x00000000ebb00000,0x00000000ef900000,0x00000000ef900000)
  from space 6144K, 53% used [0x00000000eff00000,0x00000000f0230000,0x00000000f0500000)
  to   space 6144K, 0% used [0x00000000ef900000,0x00000000ef900000,0x00000000eff00000)
 ParOldGen       total 42496K, used 12973K [0x00000000c3000000, 0x00000000c5980000, 0x00000000ebb00000)
  object space 42496K, 30% used [0x00000000c3000000,0x00000000c3cab538,0x00000000c5980000)
 Metaspace       used 15132K, capacity 15376K, committed 15616K, reserved 1062912K
  class space    used 1923K, capacity 1992K, committed 2048K, reserved 1048576K
Event: 10,677 GC heap after
Heap after GC invocations=9 (full 0):
 PSYoungGen      total 69632K, used 5978K [0x00000000ebb00000, 0x00000000f2b80000, 0x0000000100000000)
  eden space 63488K, 0% used [0x00000000ebb00000,0x00000000ebb00000,0x00000000ef900000)
  from space 6144K, 97% used [0x00000000ef900000,0x00000000efed6810,0x00000000eff00000)
  to   space 6656K, 0% used [0x00000000f2500000,0x00000000f2500000,0x00000000f2b80000)
 ParOldGen       total 42496K, used 13117K [0x00000000c3000000, 0x00000000c5980000, 0x00000000ebb00000)
  object space 42496K, 30% used [0x00000000c3000000,0x00000000c3ccf538,0x00000000c5980000)
 Metaspace       used 15132K, capacity 15376K, committed 15616K, reserved 1062912K
  class space    used 1923K, capacity 1992K, committed 2048K, reserved 1048576K
}
Event: 10,965 GC heap before
{Heap before GC invocations=10 (full 0):
 PSYoungGen      total 69632K, used 69466K [0x00000000ebb00000, 0x00000000f2b80000, 0x0000000100000000)
  eden space 63488K, 100% used [0x00000000ebb00000,0x00000000ef900000,0x00000000ef900000)
  from space 6144K, 97% used [0x00000000ef900000,0x00000000efed6810,0x00000000eff00000)
  to   space 6656K, 0% used [0x00000000f2500000,0x00000000f2500000,0x00000000f2b80000)
 ParOldGen       total 42496K, used 13117K [0x00000000c3000000, 0x00000000c5980000, 0x00000000ebb00000)
  object space 42496K, 30% used [0x00000000c3000000,0x00000000c3ccf538,0x00000000c5980000)
 Metaspace       used 15191K, capacity 15382K, committed 15616K, reserved 1062912K
  class space    used 1923K, capacity 1993K, committed 2048K, reserved 1048576K
Event: 10,976 GC heap after
Heap after GC invocations=10 (full 0):
 PSYoungGen      total 108032K, used 6016K [0x00000000ebb00000, 0x00000000f2c80000, 0x0000000100000000)
  eden space 101376K, 0% used [0x00000000ebb00000,0x00000000ebb00000,0x00000000f1e00000)
  from space 6656K, 90% used [0x00000000f2500000,0x00000000f2ae0000,0x00000000f2b80000)
  to   space 7168K, 0% used [0x00000000f1e00000,0x00000000f1e00000,0x00000000f2500000)
 ParOldGen       total 42496K, used 13277K [0x00000000c3000000, 0x00000000c5980000, 0x00000000ebb00000)
  object space 42496K, 31% used [0x00000000c3000000,0x00000000c3cf7538,0x00000000c5980000)
 Metaspace       used 15191K, capacity 15382K, committed 15616K, reserved 1062912K
  class space    used 1923K, capacity 1993K, committed 2048K, reserved 1048576K
}
Event: 11,609 GC heap before
{Heap before GC invocations=11 (full 0):
 PSYoungGen      total 108032K, used 107392K [0x00000000ebb00000, 0x00000000f2c80000, 0x0000000100000000)
  eden space 101376K, 100% used [0x00000000ebb00000,0x00000000f1e00000,0x00000000f1e00000)
  from space 6656K, 90% used [0x00000000f2500000,0x00000000f2ae0000,0x00000000f2b80000)
  to   space 7168K, 0% used [0x00000000f1e00000,0x00000000f1e00000,0x00000000f2500000)
 ParOldGen       total 42496K, used 13277K [0x00000000c3000000, 0x00000000c5980000, 0x00000000ebb00000)
  object space 42496K, 31% used [0x00000000c3000000,0x00000000c3cf7538,0x00000000c5980000)
 Metaspace       used 15725K, capacity 16002K, committed 16256K, reserved 1062912K
  class space    used 1986K, capacity 2091K, committed 2176K, reserved 1048576K
Event: 11,619 GC heap after
Heap after GC invocations=11 (full 0):
 PSYoungGen      total 108544K, used 7154K [0x00000000ebb00000, 0x00000000f6a80000, 0x0000000100000000)
  eden space 101376K, 0% used [0x00000000ebb00000,0x00000000ebb00000,0x00000000f1e00000)
  from space 7168K, 99% used [0x00000000f1e00000,0x00000000f24fcb88,0x00000000f2500000)
  to   space 8704K, 0% used [0x00000000f6200000,0x00000000f6200000,0x00000000f6a80000)
 ParOldGen       total 42496K, used 16267K [0x00000000c3000000, 0x00000000c5980000, 0x00000000ebb00000)
  object space 42496K, 38% used [0x00000000c3000000,0x00000000c3fe2e48,0x00000000c5980000)
 Metaspace       used 15725K, capacity 16002K, committed 16256K, reserved 1062912K
  class space    used 1986K, capacity 2091K, committed 2176K, reserved 1048576K
}
Event: 11,960 GC heap before
{Heap before GC invocations=12 (full 0):
 PSYoungGen      total 108544K, used 108530K [0x00000000ebb00000, 0x00000000f6a80000, 0x0000000100000000)
  eden space 101376K, 100% used [0x00000000ebb00000,0x00000000f1e00000,0x00000000f1e00000)
  from space 7168K, 99% used [0x00000000f1e00000,0x00000000f24fcb88,0x00000000f2500000)
  to   space 8704K, 0% used [0x00000000f6200000,0x00000000f6200000,0x00000000f6a80000)
 ParOldGen       total 42496K, used 16267K [0x00000000c3000000, 0x00000000c5980000, 0x00000000ebb00000)
  object space 42496K, 38% used [0x00000000c3000000,0x00000000c3fe2e48,0x00000000c5980000)
 Metaspace       used 15802K, capacity 16130K, committed 16256K, reserved 1062912K
  class space    used 1987K, capacity 2091K, committed 2176K, reserved 1048576K
Event: 11,975 GC heap after
Heap after GC invocations=12 (full 0):
 PSYoungGen      total 169472K, used 8704K [0x00000000ebb00000, 0x00000000f6d80000, 0x0000000100000000)
  eden space 160768K, 0% used [0x00000000ebb00000,0x00000000ebb00000,0x00000000f5800000)
  from space 8704K, 100% used [0x00000000f6200000,0x00000000f6a80000,0x00000000f6a80000)
  to   space 10240K, 0% used [0x00000000f5800000,0x00000000f5800000,0x00000000f6200000)
 ParOldGen       total 42496K, used 17323K [0x00000000c3000000, 0x00000000c5980000, 0x00000000ebb00000)
  object space 42496K, 40% used [0x00000000c3000000,0x00000000c40eae48,0x00000000c5980000)
 Metaspace       used 15802K, capacity 16130K, committed 16256K, reserved 1062912K
  class space    used 1987K, capacity 2091K, committed 2176K, reserved 1048576K
}
Event: 29,272 GC heap before
{Heap before GC invocations=13 (full 0):
 PSYoungGen      total 169472K, used 169472K [0x00000000ebb00000, 0x00000000f6d80000, 0x0000000100000000)
  eden space 160768K, 100% used [0x00000000ebb00000,0x00000000f5800000,0x00000000f5800000)
  from space 8704K, 100% used [0x00000000f6200000,0x00000000f6a80000,0x00000000f6a80000)
  to   space 10240K, 0% used [0x00000000f5800000,0x00000000f5800000,0x00000000f6200000)
 ParOldGen       total 42496K, used 17323K [0x00000000c3000000, 0x00000000c5980000, 0x00000000ebb00000)
  object space 42496K, 40% used [0x00000000c3000000,0x00000000c40eae48,0x00000000c5980000)
 Metaspace       used 19372K, capacity 19646K, committed 19840K, reserved 1067008K
  class space    used 2516K, capacity 2619K, committed 2688K, reserved 1048576K

Deoptimization events (10 events):
Event: 11,569 Thread 0x00007f83f000b800 Uncommon trap: reason=unstable_if action=reinterpret pc=0x00007f83e12b6868 method=java.util.HashMap.hash(Ljava/lang/Object;)I @ 1
Event: 12,403 Thread 0x00007f83f000b800 Uncommon trap: reason=bimorphic action=maybe_recompile pc=0x00007f83e170bb08 method=java.util.HashMap.putVal(ILjava/lang/Object;Ljava/lang/Object;ZZ)Ljava/lang/Object; @ 203
Event: 12,610 Thread 0x00007f83f000b800 Uncommon trap: reason=unloaded action=reinterpret pc=0x00007f83e15a0800 method=javassist.bytecode.ConstPool.readOne(Ljava/io/DataInputStream;)I @ 156
Event: 12,611 Thread 0x00007f83f000b800 Uncommon trap: reason=unstable_if action=reinterpret pc=0x00007f83e1569a24 method=javassist.bytecode.ConstPool.read(Ljava/io/DataInputStream;)V @ 49
Event: 12,615 Thread 0x00007f83f000b800 Uncommon trap: reason=unstable_if action=reinterpret pc=0x00007f83e151acb8 method=javassist.bytecode.ConstPool.read(Ljava/io/DataInputStream;)V @ 49
Event: 12,858 Thread 0x00007f83f000b800 Uncommon trap: reason=unstable_if action=reinterpret pc=0x00007f83e1631628 method=java.lang.Class.getDeclaringClass()Ljava/lang/Class; @ 6
Event: 13,639 Thread 0x00007f83f000b800 Uncommon trap: reason=bimorphic action=maybe_recompile pc=0x00007f83e162aacc method=java.util.AbstractCollection.addAll(Ljava/util/Collection;)Z @ 3
Event: 13,792 Thread 0x00007f83f000b800 Uncommon trap: reason=bimorphic action=maybe_recompile pc=0x00007f83e162aacc method=java.util.AbstractCollection.addAll(Ljava/util/Collection;)Z @ 3
Event: 13,802 Thread 0x00007f83f000b800 Uncommon trap: reason=bimorphic action=maybe_recompile pc=0x00007f83e162aacc method=java.util.AbstractCollection.addAll(Ljava/util/Collection;)Z @ 3
Event: 13,802 Thread 0x00007f83f000b800 Uncommon trap: reason=bimorphic action=maybe_recompile pc=0x00007f83e162aacc method=java.util.AbstractCollection.addAll(Ljava/util/Collection;)Z @ 3

Internal exceptions (10 events):
Event: 12,449 Thread 0x00007f83f000b800 Exception <a 'java/lang/ArrayIndexOutOfBoundsException'> (0x00000000f05257c0) thrown at [/HUDSON/workspace/8-2-build-linux-amd64/jdk8u66/4988/hotspot/src/share/vm/runtime/sharedRuntime.cpp, line 605]
Event: 12,449 Thread 0x00007f83f000b800 Exception <a 'java/lang/ArrayIndexOutOfBoundsException'> (0x00000000f0526fb0) thrown at [/HUDSON/workspace/8-2-build-linux-amd64/jdk8u66/4988/hotspot/src/share/vm/runtime/sharedRuntime.cpp, line 605]
Event: 12,928 Thread 0x00007f83f000b800 Exception <a 'java/io/FileNotFoundException'> (0x00000000f100ac08) thrown at [/HUDSON/workspace/8-2-build-linux-amd64/jdk8u66/4988/hotspot/src/share/vm/prims/jni.cpp, line 709]
Event: 12,928 Thread 0x00007f83f000b800 Exception <a 'java/io/FileNotFoundException'> (0x00000000f100b680) thrown at [/HUDSON/workspace/8-2-build-linux-amd64/jdk8u66/4988/hotspot/src/share/vm/prims/jni.cpp, line 709]
Event: 13,622 Thread 0x00007f83f000b800 Exception <a 'java/lang/ClassNotFoundException': aplicationModel/GatoEncerradoAppModelBeanInfo> (0x00000000f21ab2b8) thrown at [/HUDSON/workspace/8-2-build-linux-amd64/jdk8u66/4988/hotspot/src/share/vm/classfile/systemDictionary.cpp, line 210]
Event: 13,622 Thread 0x00007f83f000b800 Exception <a 'java/lang/ClassNotFoundException': aplicationModel/GatoEncerradoAppModelCustomizer> (0x00000000f21c38b8) thrown at [/HUDSON/workspace/8-2-build-linux-amd64/jdk8u66/4988/hotspot/src/share/vm/classfile/systemDictionary.cpp, line 210]
Event: 20,905 Thread 0x00007f83f000b800 Exception <a 'java/lang/ClassNotFoundException': unq/edu/ar/UIS_Modelo/AccionAgarrarItemBeanInfo> (0x00000000f51e7758) thrown at [/HUDSON/workspace/8-2-build-linux-amd64/jdk8u66/4988/hotspot/src/share/vm/classfile/systemDictionary.cpp, line 210]
Event: 20,906 Thread 0x00007f83f000b800 Exception <a 'java/lang/ClassNotFoundException': unq/edu/ar/UIS_Modelo/AccionBeanInfo> (0x00000000f51fd728) thrown at [/HUDSON/workspace/8-2-build-linux-amd64/jdk8u66/4988/hotspot/src/share/vm/classfile/systemDictionary.cpp, line 210]
Event: 20,907 Thread 0x00007f83f000b800 Exception <a 'java/lang/ClassNotFoundException': unq/edu/ar/UIS_Modelo/AccionCustomizer> (0x00000000f5213d68) thrown at [/HUDSON/workspace/8-2-build-linux-amd64/jdk8u66/4988/hotspot/src/share/vm/classfile/systemDictionary.cpp, line 210]
Event: 20,912 Thread 0x00007f83f000b800 Exception <a 'java/lang/ClassNotFoundException': unq/edu/ar/UIS_Modelo/AccionAgarrarItemCustomizer> (0x00000000f5234d38) thrown at [/HUDSON/workspace/8-2-build-linux-amd64/jdk8u66/4988/hotspot/src/share/vm/classfile/systemDictionary.cpp, line 210]

Events (10 events):
Event: 25,231 loading class scala/StringContext$InvalidEscapeException done
Event: 25,232 loading class scala/collection/GenSeqLike$$anonfun$indexOf$1
Event: 25,232 loading class scala/collection/GenSeqLike$$anonfun$indexOf$1 done
Event: 25,233 loading class scala/collection/IndexedSeqOptimized$$anonfun$indexWhere$1
Event: 25,233 loading class scala/collection/IndexedSeqOptimized$$anonfun$indexWhere$1 done
Event: 29,218 Thread 0x00007f83f000b800 DEOPT PACKING pc=0x00007f83e15b42d8 sp=0x00007f83f700e2b0
Event: 29,218 Thread 0x00007f83f000b800 DEOPT UNPACKING pc=0x00007f83e1047633 sp=0x00007f83f700e148 mode 0
Event: 29,222 loading class java/net/Proxy
Event: 29,266 loading class java/net/Proxy done
Event: 29,272 Executing VM operation: ParallelGCFailedAllocation


Dynamic libraries:
00400000-00401000 r-xp 00000000 08:05 806533                             /usr/lib/jvm/java-8-oracle/bin/java
00600000-00601000 rw-p 00000000 08:05 806533                             /usr/lib/jvm/java-8-oracle/bin/java
0090c000-0092d000 rw-p 00000000 00:00 0                                  [heap]
c3000000-c5980000 rw-p 00000000 00:00 0 
c5980000-ebb00000 ---p 00000000 00:00 0 
ebb00000-f6d80000 rw-p 00000000 00:00 0 
fd180000-100000000 ---p 00000000 00:00 0 
100000000-1002a0000 rw-p 00000000 00:00 0 
1002a0000-140000000 ---p 00000000 00:00 0 
7f8384000000-7f8384022000 rw-p 00000000 00:00 0 
7f8384022000-7f8388000000 ---p 00000000 00:00 0 
7f8388000000-7f8388022000 rw-p 00000000 00:00 0 
7f8388022000-7f838c000000 ---p 00000000 00:00 0 
7f838c000000-7f838c021000 rw-p 00000000 00:00 0 
7f838c021000-7f8390000000 ---p 00000000 00:00 0 
7f8390000000-7f8390022000 rw-p 00000000 00:00 0 
7f8390022000-7f8394000000 ---p 00000000 00:00 0 
7f839677d000-7f83967fd000 rw-s 00000000 00:05 4292622                    /SYSV00000000 (deleted)
7f83967fd000-7f83967fe000 ---p 00000000 00:00 0 
7f83967fe000-7f8396ffe000 rw-p 00000000 00:00 0 
7f8396ffe000-7f8396fff000 ---p 00000000 00:00 0 
7f8396fff000-7f83977ff000 rw-p 00000000 00:00 0 
7f83977ff000-7f8397800000 ---p 00000000 00:00 0 
7f8397800000-7f8398000000 rw-p 00000000 00:00 0                          [stack:7584]
7f8398000000-7f8398021000 rw-p 00000000 00:00 0 
7f8398021000-7f839c000000 ---p 00000000 00:00 0 
7f839c23f000-7f839c2ff000 rw-p 00000000 00:00 0 
7f839c2ff000-7f839c43f000 ---p 00000000 00:00 0 
7f839c43f000-7f839c483000 r-xp 00000000 08:05 657712                     /lib/x86_64-linux-gnu/libdbus-1.so.3.7.6
7f839c483000-7f839c682000 ---p 00044000 08:05 657712                     /lib/x86_64-linux-gnu/libdbus-1.so.3.7.6
7f839c682000-7f839c683000 r--p 00043000 08:05 657712                     /lib/x86_64-linux-gnu/libdbus-1.so.3.7.6
7f839c683000-7f839c684000 rw-p 00044000 08:05 657712                     /lib/x86_64-linux-gnu/libdbus-1.so.3.7.6
7f839c684000-7f839c68c000 r-xp 00000000 08:05 657760                     /lib/x86_64-linux-gnu/libnih-dbus.so.1.0.0
7f839c68c000-7f839c88c000 ---p 00008000 08:05 657760                     /lib/x86_64-linux-gnu/libnih-dbus.so.1.0.0
7f839c88c000-7f839c88d000 r--p 00008000 08:05 657760                     /lib/x86_64-linux-gnu/libnih-dbus.so.1.0.0
7f839c88d000-7f839c88e000 rw-p 00009000 08:05 657760                     /lib/x86_64-linux-gnu/libnih-dbus.so.1.0.0
7f839c88e000-7f839c8a5000 r-xp 00000000 08:05 657762                     /lib/x86_64-linux-gnu/libnih.so.1.0.0
7f839c8a5000-7f839caa4000 ---p 00017000 08:05 657762                     /lib/x86_64-linux-gnu/libnih.so.1.0.0
7f839caa4000-7f839caa5000 r--p 00016000 08:05 657762                     /lib/x86_64-linux-gnu/libnih.so.1.0.0
7f839caa5000-7f839caa6000 rw-p 00017000 08:05 657762                     /lib/x86_64-linux-gnu/libnih.so.1.0.0
7f839caa6000-7f839cabf000 r-xp 00000000 08:05 654145                     /lib/x86_64-linux-gnu/libcgmanager.so.0.0.0
7f839cabf000-7f839ccbe000 ---p 00019000 08:05 654145                     /lib/x86_64-linux-gnu/libcgmanager.so.0.0.0
7f839ccbe000-7f839ccc0000 r--p 00018000 08:05 654145                     /lib/x86_64-linux-gnu/libcgmanager.so.0.0.0
7f839ccc0000-7f839ccc1000 rw-p 0001a000 08:05 654145                     /lib/x86_64-linux-gnu/libcgmanager.so.0.0.0
7f839ccc1000-7f839ccd1000 r-xp 00000000 08:05 652967                     /lib/x86_64-linux-gnu/libudev.so.1.3.5
7f839ccd1000-7f839ced0000 ---p 00010000 08:05 652967                     /lib/x86_64-linux-gnu/libudev.so.1.3.5
7f839ced0000-7f839ced1000 r--p 0000f000 08:05 652967                     /lib/x86_64-linux-gnu/libudev.so.1.3.5
7f839ced1000-7f839ced2000 rw-p 00010000 08:05 652967                     /lib/x86_64-linux-gnu/libudev.so.1.3.5
7f839ced2000-7f839cf06000 r-xp 00000000 08:05 1049333                    /usr/lib/x86_64-linux-gnu/gvfs/libgvfscommon.so
7f839cf06000-7f839d106000 ---p 00034000 08:05 1049333                    /usr/lib/x86_64-linux-gnu/gvfs/libgvfscommon.so
7f839d106000-7f839d10b000 r--p 00034000 08:05 1049333                    /usr/lib/x86_64-linux-gnu/gvfs/libgvfscommon.so
7f839d10b000-7f839d10c000 rw-p 00039000 08:05 1049333                    /usr/lib/x86_64-linux-gnu/gvfs/libgvfscommon.so
7f839d10c000-7f839d13b000 r-xp 00000000 08:05 1049334                    /usr/lib/x86_64-linux-gnu/gio/modules/libgvfsdbus.so
7f839d13b000-7f839d33b000 ---p 0002f000 08:05 1049334                    /usr/lib/x86_64-linux-gnu/gio/modules/libgvfsdbus.so
7f839d33b000-7f839d33c000 r--p 0002f000 08:05 1049334                    /usr/lib/x86_64-linux-gnu/gio/modules/libgvfsdbus.so
7f839d33c000-7f839d33d000 rw-p 00030000 08:05 1049334                    /usr/lib/x86_64-linux-gnu/gio/modules/libgvfsdbus.so
7f839d33d000-7f839d33e000 rw-p 00000000 00:00 0 
7f839d33e000-7f839d397000 r-xp 00000000 08:05 922406                     /usr/lib/x86_64-linux-gnu/libibus-1.0.so.5.0.505
7f839d397000-7f839d597000 ---p 00059000 08:05 922406                     /usr/lib/x86_64-linux-gnu/libibus-1.0.so.5.0.505
7f839d597000-7f839d599000 r--p 00059000 08:05 922406                     /usr/lib/x86_64-linux-gnu/libibus-1.0.so.5.0.505
7f839d599000-7f839d59a000 rw-p 0005b000 08:05 922406                     /usr/lib/x86_64-linux-gnu/libibus-1.0.so.5.0.505
7f839d59a000-7f839d59b000 rw-p 00000000 00:00 0 
7f839d5bb000-7f839d5c1000 r-xp 00000000 08:05 1048163                    /usr/lib/x86_64-linux-gnu/gtk-2.0/2.10.0/immodules/im-ibus.so
7f839d5c1000-7f839d7c1000 ---p 00006000 08:05 1048163                    /usr/lib/x86_64-linux-gnu/gtk-2.0/2.10.0/immodules/im-ibus.so
7f839d7c1000-7f839d7c2000 r--p 00006000 08:05 1048163                    /usr/lib/x86_64-linux-gnu/gtk-2.0/2.10.0/immodules/im-ibus.so
7f839d7c2000-7f839d7c3000 rw-p 00007000 08:05 1048163                    /usr/lib/x86_64-linux-gnu/gtk-2.0/2.10.0/immodules/im-ibus.so
7f839d7c3000-7f839d817000 r-xp 00000000 08:05 807899                     /usr/lib/jvm/java-8-oracle/jre/lib/amd64/libawt_xawt.so
7f839d817000-7f839da17000 ---p 00054000 08:05 807899                     /usr/lib/jvm/java-8-oracle/jre/lib/amd64/libawt_xawt.so
7f839da17000-7f839da1b000 rw-p 00054000 08:05 807899                     /usr/lib/jvm/java-8-oracle/jre/lib/amd64/libawt_xawt.so
7f839da1b000-7f839da1c000 rw-p 00000000 00:00 0 
7f839da1c000-7f839dabe000 r-xp 00000000 08:05 807867                     /usr/lib/jvm/java-8-oracle/jre/lib/amd64/libawt.so
7f839dabe000-7f839dcbe000 ---p 000a2000 08:05 807867                     /usr/lib/jvm/java-8-oracle/jre/lib/amd64/libawt.so
7f839dcbe000-7f839dcca000 rw-p 000a2000 08:05 807867                     /usr/lib/jvm/java-8-oracle/jre/lib/amd64/libawt.so
7f839dcca000-7f839deee000 rw-p 00000000 00:00 0 
7f839deee000-7f839e0ee000 rw-p 00000000 00:00 0 
7f839e0ee000-7f839e2ee000 rw-p 00000000 00:00 0 
7f839e2ee000-7f839e340000 r--p 00000000 08:05 5522                       /usr/share/fonts/truetype/dejavu/DejaVuSansMono.ttf
7f839e340000-7f839e397000 r--p 00000000 08:05 133210                     /usr/share/fonts/truetype/ubuntu-font-family/Ubuntu-R.ttf
7f839e397000-7f839e398000 ---p 00000000 00:00 0 
7f839e398000-7f839eb98000 rw-p 00000000 00:00 0                          [stack:7583]
7f839eb98000-7f839eb99000 ---p 00000000 00:00 0 
7f839eb99000-7f839f399000 rw-p 00000000 00:00 0                          [stack:7582]
7f839f399000-7f839f3a4000 r-xp 00000000 08:05 1047922                    /usr/lib/x86_64-linux-gnu/gio/modules/libdconfsettings.so
7f839f3a4000-7f839f5a4000 ---p 0000b000 08:05 1047922                    /usr/lib/x86_64-linux-gnu/gio/modules/libdconfsettings.so
7f839f5a4000-7f839f5a5000 r--p 0000b000 08:05 1047922                    /usr/lib/x86_64-linux-gnu/gio/modules/libdconfsettings.so
7f839f5a5000-7f839f5a6000 rw-p 0000c000 08:05 1047922                    /usr/lib/x86_64-linux-gnu/gio/modules/libdconfsettings.so
7f839f5a6000-7f839f5ad000 r-xp 00000000 08:05 922569                     /usr/lib/x86_64-linux-gnu/libogg.so.0.8.1
7f839f5ad000-7f839f7ad000 ---p 00007000 08:05 922569                     /usr/lib/x86_64-linux-gnu/libogg.so.0.8.1
7f839f7ad000-7f839f7ae000 r--p 00007000 08:05 922569                     /usr/lib/x86_64-linux-gnu/libogg.so.0.8.1
7f839f7ae000-7f839f7af000 rw-p 00008000 08:05 922569                     /usr/lib/x86_64-linux-gnu/libogg.so.0.8.1
7f839f7af000-7f839f7db000 r-xp 00000000 08:05 922843                     /usr/lib/x86_64-linux-gnu/libvorbis.so.0.4.5
7f839f7db000-7f839f9da000 ---p 0002c000 08:05 922843                     /usr/lib/x86_64-linux-gnu/libvorbis.so.0.4.5
7f839f9da000-7f839f9db000 r--p 0002b000 08:05 922843                     /usr/lib/x86_64-linux-gnu/libvorbis.so.0.4.5
7f839f9db000-7f839f9dc000 rw-p 0002c000 08:05 922843                     /usr/lib/x86_64-linux-gnu/libvorbis.so.0.4.5
7f839f9dc000-7f839f9e5000 r-xp 00000000 08:05 922475                     /usr/lib/x86_64-linux-gnu/libltdl.so.7.3.0
7f839f9e5000-7f839fbe4000 ---p 00009000 08:05 922475                     /usr/lib/x86_64-linux-gnu/libltdl.so.7.3.0
7f839fbe4000-7f839fbe5000 r--p 00008000 08:05 922475                     /usr/lib/x86_64-linux-gnu/libltdl.so.7.3.0
7f839fbe5000-7f839fbe6000 rw-p 00009000 08:05 922475                     /usr/lib/x86_64-linux-gnu/libltdl.so.7.3.0
7f839fbe6000-7f839fbf7000 r-xp 00000000 08:05 922764                     /usr/lib/x86_64-linux-gnu/libtdb.so.1.2.12
7f839fbf7000-7f839fdf6000 ---p 00011000 08:05 922764                     /usr/lib/x86_64-linux-gnu/libtdb.so.1.2.12
7f839fdf6000-7f839fdf7000 r--p 00010000 08:05 922764                     /usr/lib/x86_64-linux-gnu/libtdb.so.1.2.12
7f839fdf7000-7f839fdf8000 rw-p 00011000 08:05 922764                     /usr/lib/x86_64-linux-gnu/libtdb.so.1.2.12
7f839fdf8000-7f839fdff000 r-xp 00000000 08:05 922847                     /usr/lib/x86_64-linux-gnu/libvorbisfile.so.3.3.4
7f839fdff000-7f839fffe000 ---p 00007000 08:05 922847                     /usr/lib/x86_64-linux-gnu/libvorbisfile.so.3.3.4
7f839fffe000-7f839ffff000 r--p 00006000 08:05 922847                     /usr/lib/x86_64-linux-gnu/libvorbisfile.so.3.3.4
7f839ffff000-7f83a0000000 rw-p 00007000 08:05 922847                     /usr/lib/x86_64-linux-gnu/libvorbisfile.so.3.3.4
7f83a0000000-7f83a0021000 rw-p 00000000 00:00 0 
7f83a0021000-7f83a4000000 ---p 00000000 00:00 0 
7f83a4000000-7f83a4001000 rw-p 00000000 00:00 0 
7f83a4001000-7f83a4004000 r--p 00000000 08:05 168202                     /usr/share/locale-langpack/es/LC_MESSAGES/atk10.mo
7f83a4004000-7f83a400a000 r--s 002f8000 08:05 807739                     /usr/lib/jvm/java-8-oracle/jre/lib/charsets.jar
7f83a400a000-7f83a401c000 r--s 00345000 08:05 807759                     /usr/lib/jvm/java-8-oracle/jre/lib/resources.jar
7f83a401c000-7f83a401d000 r--s 00000000 08:05 289549                     /var/cache/fontconfig/c05880de57d1f5e948fdfacc138775d9-le64.cache-4
7f83a401d000-7f83a4028000 r--s 00000000 08:05 289543                     /var/cache/fontconfig/945677eb7aeaf62f1d50efc3fb3ec7d8-le64.cache-4
7f83a4028000-7f83a4031000 r--s 00000000 08:05 292931                     /var/cache/fontconfig/a6d8cf8e4ec09cdbc8633c31745a07dd-le64.cache-4
7f83a4031000-7f83a4037000 r--s 00000000 08:05 289529                     /var/cache/fontconfig/2cd17615ca594fa2959ae173292e504c-le64.cache-4
7f83a4037000-7f83a4072000 r--s 00000000 08:05 289941                     /var/cache/fontconfig/365b55f210c0a22e9a19e35191240f32-le64.cache-4
7f83a4072000-7f83a4081000 r-xp 00000000 08:05 921989                     /usr/lib/x86_64-linux-gnu/libcanberra.so.0.2.5
7f83a4081000-7f83a4280000 ---p 0000f000 08:05 921989                     /usr/lib/x86_64-linux-gnu/libcanberra.so.0.2.5
7f83a4280000-7f83a4281000 r--p 0000e000 08:05 921989                     /usr/lib/x86_64-linux-gnu/libcanberra.so.0.2.5
7f83a4281000-7f83a4282000 rw-p 0000f000 08:05 921989                     /usr/lib/x86_64-linux-gnu/libcanberra.so.0.2.5
7f83a4282000-7f83a4286000 r-xp 00000000 08:05 921985                     /usr/lib/x86_64-linux-gnu/libcanberra-gtk.so.0.1.9
7f83a4286000-7f83a4485000 ---p 00004000 08:05 921985                     /usr/lib/x86_64-linux-gnu/libcanberra-gtk.so.0.1.9
7f83a4485000-7f83a4486000 r--p 00003000 08:05 921985                     /usr/lib/x86_64-linux-gnu/libcanberra-gtk.so.0.1.9
7f83a4486000-7f83a4487000 rw-p 00004000 08:05 921985                     /usr/lib/x86_64-linux-gnu/libcanberra-gtk.so.0.1.9
7f83a4487000-7f83a448c000 r-xp 00000000 08:05 1048177                    /usr/lib/x86_64-linux-gnu/gtk-2.0/modules/libcanberra-gtk-module.so
7f83a448c000-7f83a468b000 ---p 00005000 08:05 1048177                    /usr/lib/x86_64-linux-gnu/gtk-2.0/modules/libcanberra-gtk-module.so
7f83a468b000-7f83a468c000 r--p 00004000 08:05 1048177                    /usr/lib/x86_64-linux-gnu/gtk-2.0/modules/libcanberra-gtk-module.so
7f83a468c000-7f83a468d000 rw-p 00005000 08:05 1048177                    /usr/lib/x86_64-linux-gnu/gtk-2.0/modules/libcanberra-gtk-module.so
7f83a468d000-7f83a46bc000 r-xp 00000000 08:05 1048159                    /usr/lib/x86_64-linux-gnu/gtk-2.0/2.10.0/engines/libmurrine.so
7f83a46bc000-7f83a48bc000 ---p 0002f000 08:05 1048159                    /usr/lib/x86_64-linux-gnu/gtk-2.0/2.10.0/engines/libmurrine.so
7f83a48bc000-7f83a48bd000 r--p 0002f000 08:05 1048159                    /usr/lib/x86_64-linux-gnu/gtk-2.0/2.10.0/engines/libmurrine.so
7f83a48bd000-7f83a48be000 rw-p 00030000 08:05 1048159                    /usr/lib/x86_64-linux-gnu/gtk-2.0/2.10.0/engines/libmurrine.so
7f83a48be000-7f83a48ce000 r-xp 00000000 08:05 922813                     /usr/lib/x86_64-linux-gnu/libunity-gtk2-parser.so.0.0.0
7f83a48ce000-7f83a4acd000 ---p 00010000 08:05 922813                     /usr/lib/x86_64-linux-gnu/libunity-gtk2-parser.so.0.0.0
7f83a4acd000-7f83a4ace000 r--p 0000f000 08:05 922813                     /usr/lib/x86_64-linux-gnu/libunity-gtk2-parser.so.0.0.0
7f83a4ace000-7f83a4acf000 rw-p 00010000 08:05 922813                     /usr/lib/x86_64-linux-gnu/libunity-gtk2-parser.so.0.0.0
7f83a4acf000-7f83a4ad4000 r-xp 00000000 08:05 1048181                    /usr/lib/x86_64-linux-gnu/gtk-2.0/modules/libunity-gtk-module.so
7f83a4ad4000-7f83a4cd3000 ---p 00005000 08:05 1048181                    /usr/lib/x86_64-linux-gnu/gtk-2.0/modules/libunity-gtk-module.so
7f83a4cd3000-7f83a4cd4000 r--p 00004000 08:05 1048181                    /usr/lib/x86_64-linux-gnu/gtk-2.0/modules/libunity-gtk-module.so
7f83a4cd4000-7f83a4cd5000 rw-p 00005000 08:05 1048181                    /usr/lib/x86_64-linux-gnu/gtk-2.0/modules/libunity-gtk-module.so
7f83a4cd5000-7f83a4ce6000 r-xp 00000000 08:05 1048180                    /usr/lib/x86_64-linux-gnu/gtk-2.0/modules/liboverlay-scrollbar.so
7f83a4ce6000-7f83a4ee5000 ---p 00011000 08:05 1048180                    /usr/lib/x86_64-linux-gnu/gtk-2.0/modules/liboverlay-scrollbar.so
7f83a4ee5000-7f83a4ee6000 r--p 00010000 08:05 1048180                    /usr/lib/x86_64-linux-gnu/gtk-2.0/modules/liboverlay-scrollbar.so
7f83a4ee6000-7f83a4ee7000 rw-p 00011000 08:05 1048180                    /usr/lib/x86_64-linux-gnu/gtk-2.0/modules/liboverlay-scrollbar.so
7f83a4ee7000-7f83a4eed000 r-xp 00000000 08:05 922053                     /usr/lib/x86_64-linux-gnu/libdatrie.so.1.3.1
7f83a4eed000-7f83a50ec000 ---p 00006000 08:05 922053                     /usr/lib/x86_64-linux-gnu/libdatrie.so.1.3.1
7f83a50ec000-7f83a50ed000 r--p 00005000 08:05 922053                     /usr/lib/x86_64-linux-gnu/libdatrie.so.1.3.1
7f83a50ed000-7f83a50ee000 rw-p 00006000 08:05 922053                     /usr/lib/x86_64-linux-gnu/libdatrie.so.1.3.1
7f83a50ee000-7f83a5108000 r-xp 00000000 08:05 922279                     /usr/lib/x86_64-linux-gnu/libgraphite2.so.3.0.1
7f83a5108000-7f83a5307000 ---p 0001a000 08:05 922279                     /usr/lib/x86_64-linux-gnu/libgraphite2.so.3.0.1
7f83a5307000-7f83a5309000 r--p 00019000 08:05 922279                     /usr/lib/x86_64-linux-gnu/libgraphite2.so.3.0.1
7f83a5309000-7f83a530a000 rw-p 0001b000 08:05 922279                     /usr/lib/x86_64-linux-gnu/libgraphite2.so.3.0.1
7f83a530a000-7f83a530f000 r-xp 00000000 08:05 921861                     /usr/lib/x86_64-linux-gnu/libXdmcp.so.6.0.0
7f83a530f000-7f83a550e000 ---p 00005000 08:05 921861                     /usr/lib/x86_64-linux-gnu/libXdmcp.so.6.0.0
7f83a550e000-7f83a550f000 r--p 00004000 08:05 921861                     /usr/lib/x86_64-linux-gnu/libXdmcp.so.6.0.0
7f83a550f000-7f83a5510000 rw-p 00005000 08:05 921861                     /usr/lib/x86_64-linux-gnu/libXdmcp.so.6.0.0
7f83a5510000-7f83a5512000 r-xp 00000000 08:05 921850                     /usr/lib/x86_64-linux-gnu/libXau.so.6.0.0
7f83a5512000-7f83a5712000 ---p 00002000 08:05 921850                     /usr/lib/x86_64-linux-gnu/libXau.so.6.0.0
7f83a5712000-7f83a5713000 r--p 00002000 08:05 921850                     /usr/lib/x86_64-linux-gnu/libXau.so.6.0.0
7f83a5713000-7f83a5714000 rw-p 00003000 08:05 921850                     /usr/lib/x86_64-linux-gnu/libXau.so.6.0.0
7f83a5714000-7f83a5751000 r-xp 00000000 08:05 657801                     /lib/x86_64-linux-gnu/libpcre.so.3.13.1
7f83a5751000-7f83a5950000 ---p 0003d000 08:05 657801                     /lib/x86_64-linux-gnu/libpcre.so.3.13.1
7f83a5950000-7f83a5951000 r--p 0003c000 08:05 657801                     /lib/x86_64-linux-gnu/libpcre.so.3.13.1
7f83a5951000-7f83a5952000 rw-p 0003d000 08:05 657801                     /lib/x86_64-linux-gnu/libpcre.so.3.13.1
7f83a5952000-7f83a5959000 r-xp 00000000 08:05 921603                     /usr/lib/x86_64-linux-gnu/libffi.so.6.0.1
7f83a5959000-7f83a5b58000 ---p 00007000 08:05 921603                     /usr/lib/x86_64-linux-gnu/libffi.so.6.0.1
7f83a5b58000-7f83a5b59000 r--p 00006000 08:05 921603                     /usr/lib/x86_64-linux-gnu/libffi.so.6.0.1
7f83a5b59000-7f83a5b5a000 rw-p 00007000 08:05 921603                     /usr/lib/x86_64-linux-gnu/libffi.so.6.0.1
7f83a5b5a000-7f83a5b81000 r-xp 00000000 08:05 652811                     /lib/x86_64-linux-gnu/libexpat.so.1.6.0
7f83a5b81000-7f83a5d81000 ---p 00027000 08:05 652811                     /lib/x86_64-linux-gnu/libexpat.so.1.6.0
7f83a5d81000-7f83a5d83000 r--p 00027000 08:05 652811                     /lib/x86_64-linux-gnu/libexpat.so.1.6.0
7f83a5d83000-7f83a5d84000 rw-p 00029000 08:05 652811                     /lib/x86_64-linux-gnu/libexpat.so.1.6.0
7f83a5d84000-7f83a5d8c000 r-xp 00000000 08:05 922776                     /usr/lib/x86_64-linux-gnu/libthai.so.0.2.0
7f83a5d8c000-7f83a5f8b000 ---p 00008000 08:05 922776                     /usr/lib/x86_64-linux-gnu/libthai.so.0.2.0
7f83a5f8b000-7f83a5f8c000 r--p 00007000 08:05 922776                     /usr/lib/x86_64-linux-gnu/libthai.so.0.2.0
7f83a5f8c000-7f83a5f8d000 rw-p 00008000 08:05 922776                     /usr/lib/x86_64-linux-gnu/libthai.so.0.2.0
7f83a5f8d000-7f83a5fe0000 r-xp 00000000 08:05 922392                     /usr/lib/x86_64-linux-gnu/libharfbuzz.so.0.927.0
7f83a5fe0000-7f83a61e0000 ---p 00053000 08:05 922392                     /usr/lib/x86_64-linux-gnu/libharfbuzz.so.0.927.0
7f83a61e0000-7f83a61e1000 r--p 00053000 08:05 922392                     /usr/lib/x86_64-linux-gnu/libharfbuzz.so.0.927.0
7f83a61e1000-7f83a61e2000 rw-p 00054000 08:05 922392                     /usr/lib/x86_64-linux-gnu/libharfbuzz.so.0.927.0
7f83a61e2000-7f83a61f9000 r-xp 00000000 08:05 657824                     /lib/x86_64-linux-gnu/libresolv-2.19.so
7f83a61f9000-7f83a63f9000 ---p 00017000 08:05 657824                     /lib/x86_64-linux-gnu/libresolv-2.19.so
7f83a63f9000-7f83a63fa000 r--p 00017000 08:05 657824                     /lib/x86_64-linux-gnu/libresolv-2.19.so
7f83a63fa000-7f83a63fb000 rw-p 00018000 08:05 657824                     /lib/x86_64-linux-gnu/libresolv-2.19.so
7f83a63fb000-7f83a63fd000 rw-p 00000000 00:00 0 
7f83a63fd000-7f83a641d000 r-xp 00000000 08:05 657828                     /lib/x86_64-linux-gnu/libselinux.so.1
7f83a641d000-7f83a661c000 ---p 00020000 08:05 657828                     /lib/x86_64-linux-gnu/libselinux.so.1
7f83a661c000-7f83a661d000 r--p 0001f000 08:05 657828                     /lib/x86_64-linux-gnu/libselinux.so.1
7f83a661d000-7f83a661e000 rw-p 00020000 08:05 657828                     /lib/x86_64-linux-gnu/libselinux.so.1
7f83a661e000-7f83a6620000 rw-p 00000000 00:00 0 
7f83a6620000-7f83a6638000 r-xp 00000000 08:05 657861                     /lib/x86_64-linux-gnu/libz.so.1.2.8
7f83a6638000-7f83a6837000 ---p 00018000 08:05 657861                     /lib/x86_64-linux-gnu/libz.so.1.2.8
7f83a6837000-7f83a6838000 r--p 00017000 08:05 657861                     /lib/x86_64-linux-gnu/libz.so.1.2.8
7f83a6838000-7f83a6839000 rw-p 00018000 08:05 657861                     /lib/x86_64-linux-gnu/libz.so.1.2.8
7f83a6839000-7f83a6841000 r-xp 00000000 08:05 922902                     /usr/lib/x86_64-linux-gnu/libxcb-render.so.0.0.0
7f83a6841000-7f83a6a40000 ---p 00008000 08:05 922902                     /usr/lib/x86_64-linux-gnu/libxcb-render.so.0.0.0
7f83a6a40000-7f83a6a41000 r--p 00007000 08:05 922902                     /usr/lib/x86_64-linux-gnu/libxcb-render.so.0.0.0
7f83a6a41000-7f83a6a42000 rw-p 00008000 08:05 922902                     /usr/lib/x86_64-linux-gnu/libxcb-render.so.0.0.0
7f83a6a42000-7f83a6a44000 r-xp 00000000 08:05 922906                     /usr/lib/x86_64-linux-gnu/libxcb-shm.so.0.0.0
7f83a6a44000-7f83a6c43000 ---p 00002000 08:05 922906                     /usr/lib/x86_64-linux-gnu/libxcb-shm.so.0.0.0
7f83a6c43000-7f83a6c44000 r--p 00001000 08:05 922906                     /usr/lib/x86_64-linux-gnu/libxcb-shm.so.0.0.0
7f83a6c44000-7f83a6c45000 rw-p 00002000 08:05 922906                     /usr/lib/x86_64-linux-gnu/libxcb-shm.so.0.0.0
7f83a6c45000-7f83a6c6a000 r-xp 00000000 08:05 654139                     /lib/x86_64-linux-gnu/libpng12.so.0.50.0
7f83a6c6a000-7f83a6e69000 ---p 00025000 08:05 654139                     /lib/x86_64-linux-gnu/libpng12.so.0.50.0
7f83a6e69000-7f83a6e6a000 r--p 00024000 08:05 654139                     /lib/x86_64-linux-gnu/libpng12.so.0.50.0
7f83a6e6a000-7f83a6e6b000 rw-p 00025000 08:05 654139                     /lib/x86_64-linux-gnu/libpng12.so.0.50.0
7f83a6e6b000-7f83a6f0c000 r-xp 00000000 08:05 922608                     /usr/lib/x86_64-linux-gnu/libpixman-1.so.0.30.2
7f83a6f0c000-7f83a710c000 ---p 000a1000 08:05 922608                     /usr/lib/x86_64-linux-gnu/libpixman-1.so.0.30.2
7f83a710c000-7f83a7113000 r--p 000a1000 08:05 922608                     /usr/lib/x86_64-linux-gnu/libpixman-1.so.0.30.2
7f83a7113000-7f83a7114000 rw-p 000a8000 08:05 922608                     /usr/lib/x86_64-linux-gnu/libpixman-1.so.0.30.2
7f83a7114000-7f83a7131000 r-xp 00000000 08:05 922916                     /usr/lib/x86_64-linux-gnu/libxcb.so.1.1.0
7f83a7131000-7f83a7331000 ---p 0001d000 08:05 922916                     /usr/lib/x86_64-linux-gnu/libxcb.so.1.1.0
7f83a7331000-7f83a7332000 r--p 0001d000 08:05 922916                     /usr/lib/x86_64-linux-gnu/libxcb.so.1.1.0
7f83a7332000-7f83a7333000 rw-p 0001e000 08:05 922916                     /usr/lib/x86_64-linux-gnu/libxcb.so.1.1.0
7f83a7333000-7f83a73d0000 r-xp 00000000 08:05 921217                     /usr/lib/x86_64-linux-gnu/libfreetype.so.6.11.1
7f83a73d0000-7f83a75cf000 ---p 0009d000 08:05 921217                     /usr/lib/x86_64-linux-gnu/libfreetype.so.6.11.1
7f83a75cf000-7f83a75d5000 r--p 0009c000 08:05 921217                     /usr/lib/x86_64-linux-gnu/libfreetype.so.6.11.1
7f83a75d5000-7f83a75d6000 rw-p 000a2000 08:05 921217                     /usr/lib/x86_64-linux-gnu/libfreetype.so.6.11.1
7f83a75d6000-7f83a75d8000 r-xp 00000000 08:05 921859                     /usr/lib/x86_64-linux-gnu/libXdamage.so.1.1.0
7f83a75d8000-7f83a77d7000 ---p 00002000 08:05 921859                     /usr/lib/x86_64-linux-gnu/libXdamage.so.1.1.0
7f83a77d7000-7f83a77d8000 r--p 00001000 08:05 921859                     /usr/lib/x86_64-linux-gnu/libXdamage.so.1.1.0
7f83a77d8000-7f83a77d9000 rw-p 00002000 08:05 921859                     /usr/lib/x86_64-linux-gnu/libXdamage.so.1.1.0
7f83a77d9000-7f83a77db000 r-xp 00000000 08:05 921855                     /usr/lib/x86_64-linux-gnu/libXcomposite.so.1.0.0
7f83a77db000-7f83a79da000 ---p 00002000 08:05 921855                     /usr/lib/x86_64-linux-gnu/libXcomposite.so.1.0.0
7f83a79da000-7f83a79db000 r--p 00001000 08:05 921855                     /usr/lib/x86_64-linux-gnu/libXcomposite.so.1.0.0
7f83a79db000-7f83a79dc000 rw-p 00002000 08:05 921855                     /usr/lib/x86_64-linux-gnu/libXcomposite.so.1.0.0
7f83a79dc000-7f83a79e5000 r-xp 00000000 08:05 921857                     /usr/lib/x86_64-linux-gnu/libXcursor.so.1.0.2
7f83a79e5000-7f83a7be4000 ---p 00009000 08:05 921857                     /usr/lib/x86_64-linux-gnu/libXcursor.so.1.0.2
7f83a7be4000-7f83a7be5000 r--p 00008000 08:05 921857                     /usr/lib/x86_64-linux-gnu/libXcursor.so.1.0.2
7f83a7be5000-7f83a7be6000 rw-p 00009000 08:05 921857                     /usr/lib/x86_64-linux-gnu/libXcursor.so.1.0.2
7f83a7be6000-7f83a7bef000 r-xp 00000000 08:05 921883                     /usr/lib/x86_64-linux-gnu/libXrandr.so.2.2.0
7f83a7bef000-7f83a7dee000 ---p 00009000 08:05 921883                     /usr/lib/x86_64-linux-gnu/libXrandr.so.2.2.0
7f83a7dee000-7f83a7def000 r--p 00008000 08:05 921883                     /usr/lib/x86_64-linux-gnu/libXrandr.so.2.2.0
7f83a7def000-7f83a7df0000 rw-p 00009000 08:05 921883                     /usr/lib/x86_64-linux-gnu/libXrandr.so.2.2.0
7f83a7df0000-7f83a7dff000 r-xp 00000000 08:05 921871                     /usr/lib/x86_64-linux-gnu/libXi.so.6.1.0
7f83a7dff000-7f83a7ffe000 ---p 0000f000 08:05 921871                     /usr/lib/x86_64-linux-gnu/libXi.so.6.1.0
7f83a7ffe000-7f83a7fff000 r--p 0000e000 08:05 921871                     /usr/lib/x86_64-linux-gnu/libXi.so.6.1.0
7f83a7fff000-7f83a8000000 rw-p 0000f000 08:05 921871                     /usr/lib/x86_64-linux-gnu/libXi.so.6.1.0
7f83a8000000-7f83a85b4000 rw-p 00000000 00:00 0 
7f83a85b4000-7f83ac000000 ---p 00000000 00:00 0 
7f83ac000000-7f83ac021000 rw-p 00000000 00:00 0 
7f83ac021000-7f83b0000000 ---p 00000000 00:00 0 
7f83b0000000-7f83b0a55000 rw-p 00000000 00:00 0 
7f83b0a55000-7f83b4000000 ---p 00000000 00:00 0 
7f83b4000000-7f83b5278000 rw-p 00000000 00:00 0 
7f83b5278000-7f83b8000000 ---p 00000000 00:00 0 
7f83b8000000-7f83b8021000 rw-p 00000000 00:00 0 
7f83b8021000-7f83bc000000 ---p 00000000 00:00 0 
7f83bc000000-7f83bc002000 r--s 00000000 08:05 292932                     /var/cache/fontconfig/99e8ed0e538f840c565b6ed5dad60d56-le64.cache-4
7f83bc002000-7f83bc003000 r--s 00000000 08:05 289559                     /var/cache/fontconfig/e7071f4a29fa870f4323321c154eba04-le64.cache-4
7f83bc003000-7f83bc004000 r--s 00000000 08:05 289526                     /var/cache/fontconfig/0d8c3b2ac0904cb8a57a757ad11a4a08-le64.cache-4
7f83bc004000-7f83bc00b000 r--s 00000000 08:05 289546                     /var/cache/fontconfig/a755afe4a08bf5b97852ceb7400b47bc-le64.cache-4
7f83bc00b000-7f83bc01f000 r--s 00000000 08:05 289524                     /var/cache/fontconfig/04aabc0a78ac019cf9454389977116d2-le64.cache-4
7f83bc01f000-7f83bc020000 r--s 00000000 08:05 289528                     /var/cache/fontconfig/1ac9eb803944fde146138c791f5cc56a-le64.cache-4
7f83bc020000-7f83bc024000 r--s 00000000 08:05 289532                     /var/cache/fontconfig/385c0604a188198f04d133e54aba7fe7-le64.cache-4
7f83bc024000-7f83bc025000 r--s 00000000 08:05 289556                     /var/cache/fontconfig/dc05db6664285cc2f12bf69c139ae4c3-le64.cache-4
7f83bc025000-7f83bc027000 r--s 00000000 08:05 289540                     /var/cache/fontconfig/767a8244fc0220cfb567a839d0392e0b-le64.cache-4
7f83bc027000-7f83bc028000 r--s 00000000 08:05 286442                     /var/cache/fontconfig/4794a0821666d79190d59a36cb4f44b5-le64.cache-4
7f83bc028000-7f83bc02d000 r--s 00000000 08:05 289542                     /var/cache/fontconfig/8801497958630a81b71ace7c5f9b32a8-le64.cache-4
7f83bc02d000-7f83bc034000 r--s 00000000 08:05 289530                     /var/cache/fontconfig/3047814df9a2f067bd2d96a2b9c36e5a-le64.cache-4
7f83bc034000-7f83bc035000 r--s 00000000 08:05 289536                     /var/cache/fontconfig/56cf4f4769d0f4abc89a4895d7bd3ae1-le64.cache-4
7f83bc035000-7f83bc036000 r--s 00000000 08:05 289548                     /var/cache/fontconfig/b9d506c9ac06c20b433354fa67a72993-le64.cache-4
7f83bc036000-7f83bc03c000 r--s 00000000 08:05 289547                     /var/cache/fontconfig/b47c4e1ecd0709278f4910c18777a504-le64.cache-4
7f83bc03c000-7f83bc045000 r--s 00000000 08:05 290072                     /var/cache/fontconfig/52f7bdb7ce746bfd7eaa1985bd9cfa93-le64.cache-4
7f83bc045000-7f83bc058000 r--s 00000000 08:05 289553                     /var/cache/fontconfig/d52a8644073d54c13679302ca1180695-le64.cache-4
7f83bc058000-7f83bc061000 r--s 00000000 08:05 289533                     /var/cache/fontconfig/3f7329c5293ffd510edef78f73874cfd-le64.cache-4
7f83bc061000-7f83bc06c000 r--s 00000000 08:05 290642                     /var/cache/fontconfig/d589a48862398ed80a3d6066f4f56f4c-le64.cache-4
7f83bc06c000-7f83bc06d000 r--s 00000000 08:05 289525                     /var/cache/fontconfig/0c9eb80ebd1c36541ebe2852d3bb0c49-le64.cache-4
7f83bc06d000-7f83bc080000 r--s 00000000 08:05 292602                     /var/cache/fontconfig/4ac51e5cfbc76fc3f983e470323a16d3-le64.cache-4
7f83bc080000-7f83bc08d000 r--s 00000000 08:05 290135                     /var/cache/fontconfig/e13b20fdb08344e0e664864cc2ede53d-le64.cache-4
7f83bc08d000-7f83bc0cd000 r--p 00000000 08:05 1046756                    /usr/share/glib-2.0/schemas/gschemas.compiled
7f83bc0cd000-7f83bc0e6000 r--p 00000000 08:05 168294                     /usr/share/locale-langpack/es/LC_MESSAGES/glib20.mo
7f83bc0e6000-7f83bc110000 r--p 00000000 08:05 168338                     /usr/share/locale-langpack/es/LC_MESSAGES/gtk20-properties.mo
7f83bc110000-7f83bc136000 r--p 00000000 08:05 168395                     /usr/share/locale-langpack/es/LC_MESSAGES/libc.mo
7f83bc136000-7f83bc138000 r-xp 00000000 08:05 921873                     /usr/lib/x86_64-linux-gnu/libXinerama.so.1.0.0
7f83bc138000-7f83bc337000 ---p 00002000 08:05 921873                     /usr/lib/x86_64-linux-gnu/libXinerama.so.1.0.0
7f83bc337000-7f83bc338000 r--p 00001000 08:05 921873                     /usr/lib/x86_64-linux-gnu/libXinerama.so.1.0.0
7f83bc338000-7f83bc339000 rw-p 00002000 08:05 921873                     /usr/lib/x86_64-linux-gnu/libXinerama.so.1.0.0
7f83bc339000-7f83bc342000 r-xp 00000000 08:05 921885                     /usr/lib/x86_64-linux-gnu/libXrender.so.1.3.0
7f83bc342000-7f83bc541000 ---p 00009000 08:05 921885                     /usr/lib/x86_64-linux-gnu/libXrender.so.1.3.0
7f83bc541000-7f83bc542000 r--p 00008000 08:05 921885                     /usr/lib/x86_64-linux-gnu/libXrender.so.1.3.0
7f83bc542000-7f83bc543000 rw-p 00009000 08:05 921885                     /usr/lib/x86_64-linux-gnu/libXrender.so.1.3.0
7f83bc543000-7f83bc554000 r-xp 00000000 08:05 921863                     /usr/lib/x86_64-linux-gnu/libXext.so.6.4.0
7f83bc554000-7f83bc753000 ---p 00011000 08:05 921863                     /usr/lib/x86_64-linux-gnu/libXext.so.6.4.0
7f83bc753000-7f83bc754000 r--p 00010000 08:05 921863                     /usr/lib/x86_64-linux-gnu/libXext.so.6.4.0
7f83bc754000-7f83bc755000 rw-p 00011000 08:05 921863                     /usr/lib/x86_64-linux-gnu/libXext.so.6.4.0
7f83bc755000-7f83bc85b000 r-xp 00000000 08:05 657729                     /lib/x86_64-linux-gnu/libglib-2.0.so.0.4002.0
7f83bc85b000-7f83bca5a000 ---p 00106000 08:05 657729                     /lib/x86_64-linux-gnu/libglib-2.0.so.0.4002.0
7f83bca5a000-7f83bca5b000 r--p 00105000 08:05 657729                     /lib/x86_64-linux-gnu/libglib-2.0.so.0.4002.0
7f83bca5b000-7f83bca5c000 rw-p 00106000 08:05 657729                     /lib/x86_64-linux-gnu/libglib-2.0.so.0.4002.0
7f83bca5c000-7f83bca5d000 rw-p 00000000 00:00 0 
7f83bca5d000-7f83bcaac000 r-xp 00000000 08:05 922261                     /usr/lib/x86_64-linux-gnu/libgobject-2.0.so.0.4002.0
7f83bcaac000-7f83bccac000 ---p 0004f000 08:05 922261                     /usr/lib/x86_64-linux-gnu/libgobject-2.0.so.0.4002.0
7f83bccac000-7f83bccad000 r--p 0004f000 08:05 922261                     /usr/lib/x86_64-linux-gnu/libgobject-2.0.so.0.4002.0
7f83bccad000-7f83bccae000 rw-p 00050000 08:05 922261                     /usr/lib/x86_64-linux-gnu/libgobject-2.0.so.0.4002.0
7f83bccae000-7f83bcce8000 r-xp 00000000 08:05 922146                     /usr/lib/x86_64-linux-gnu/libfontconfig.so.1.8.0
7f83bcce8000-7f83bcee7000 ---p 0003a000 08:05 922146                     /usr/lib/x86_64-linux-gnu/libfontconfig.so.1.8.0
7f83bcee7000-7f83bcee9000 r--p 00039000 08:05 922146                     /usr/lib/x86_64-linux-gnu/libfontconfig.so.1.8.0
7f83bcee9000-7f83bceea000 rw-p 0003b000 08:05 922146                     /usr/lib/x86_64-linux-gnu/libfontconfig.so.1.8.0
7f83bceea000-7f83bcf34000 r-xp 00000000 08:05 922585                     /usr/lib/x86_64-linux-gnu/libpango-1.0.so.0.3600.3
7f83bcf34000-7f83bd134000 ---p 0004a000 08:05 922585                     /usr/lib/x86_64-linux-gnu/libpango-1.0.so.0.3600.3
7f83bd134000-7f83bd136000 r--p 0004a000 08:05 922585                     /usr/lib/x86_64-linux-gnu/libpango-1.0.so.0.3600.3
7f83bd136000-7f83bd137000 rw-p 0004c000 08:05 922585                     /usr/lib/x86_64-linux-gnu/libpango-1.0.so.0.3600.3
7f83bd137000-7f83bd14b000 r-xp 00000000 08:05 922589                     /usr/lib/x86_64-linux-gnu/libpangoft2-1.0.so.0.3600.3
7f83bd14b000-7f83bd34a000 ---p 00014000 08:05 922589                     /usr/lib/x86_64-linux-gnu/libpangoft2-1.0.so.0.3600.3
7f83bd34a000-7f83bd34b000 r--p 00013000 08:05 922589                     /usr/lib/x86_64-linux-gnu/libpangoft2-1.0.so.0.3600.3
7f83bd34b000-7f83bd34c000 rw-p 00014000 08:05 922589                     /usr/lib/x86_64-linux-gnu/libpangoft2-1.0.so.0.3600.3
7f83bd34c000-7f83bd4b8000 r-xp 00000000 08:05 922233                     /usr/lib/x86_64-linux-gnu/libgio-2.0.so.0.4002.0
7f83bd4b8000-7f83bd6b7000 ---p 0016c000 08:05 922233                     /usr/lib/x86_64-linux-gnu/libgio-2.0.so.0.4002.0
7f83bd6b7000-7f83bd6bb000 r--p 0016b000 08:05 922233                     /usr/lib/x86_64-linux-gnu/libgio-2.0.so.0.4002.0
7f83bd6bb000-7f83bd6bd000 rw-p 0016f000 08:05 922233                     /usr/lib/x86_64-linux-gnu/libgio-2.0.so.0.4002.0
7f83bd6bd000-7f83bd6bf000 rw-p 00000000 00:00 0 
7f83bd6bf000-7f83bd6df000 r-xp 00000000 08:05 921307                     /usr/lib/x86_64-linux-gnu/libgdk_pixbuf-2.0.so.0.3000.7
7f83bd6df000-7f83bd8de000 ---p 00020000 08:05 921307                     /usr/lib/x86_64-linux-gnu/libgdk_pixbuf-2.0.so.0.3000.7
7f83bd8de000-7f83bd8df000 r--p 0001f000 08:05 921307                     /usr/lib/x86_64-linux-gnu/libgdk_pixbuf-2.0.so.0.3000.7
7f83bd8df000-7f83bd8e0000 rw-p 00020000 08:05 921307                     /usr/lib/x86_64-linux-gnu/libgdk_pixbuf-2.0.so.0.3000.7
7f83bd8e0000-7f83bd9e6000 r-xp 00000000 08:05 921981                     /usr/lib/x86_64-linux-gnu/libcairo.so.2.11301.0
7f83bd9e6000-7f83bdbe5000 ---p 00106000 08:05 921981                     /usr/lib/x86_64-linux-gnu/libcairo.so.2.11301.0
7f83bdbe5000-7f83bdbe8000 r--p 00105000 08:05 921981                     /usr/lib/x86_64-linux-gnu/libcairo.so.2.11301.0
7f83bdbe8000-7f83bdbe9000 rw-p 00108000 08:05 921981                     /usr/lib/x86_64-linux-gnu/libcairo.so.2.11301.0
7f83bdbe9000-7f83bdbeb000 rw-p 00000000 00:00 0 
7f83bdbeb000-7f83bdc0a000 r-xp 00000000 08:05 921942                     /usr/lib/x86_64-linux-gnu/libatk-1.0.so.0.21009.1
7f83bdc0a000-7f83bde0a000 ---p 0001f000 08:05 921942                     /usr/lib/x86_64-linux-gnu/libatk-1.0.so.0.21009.1
7f83bde0a000-7f83bde0c000 r--p 0001f000 08:05 921942                     /usr/lib/x86_64-linux-gnu/libatk-1.0.so.0.21009.1
7f83bde0c000-7f83bde0d000 rw-p 00021000 08:05 921942                     /usr/lib/x86_64-linux-gnu/libatk-1.0.so.0.21009.1
7f83bde0d000-7f83bde12000 r-xp 00000000 08:05 921865                     /usr/lib/x86_64-linux-gnu/libXfixes.so.3.1.0
7f83bde12000-7f83be011000 ---p 00005000 08:05 921865                     /usr/lib/x86_64-linux-gnu/libXfixes.so.3.1.0
7f83be011000-7f83be012000 r--p 00004000 08:05 921865                     /usr/lib/x86_64-linux-gnu/libXfixes.so.3.1.0
7f83be012000-7f83be013000 rw-p 00005000 08:05 921865                     /usr/lib/x86_64-linux-gnu/libXfixes.so.3.1.0
7f83be013000-7f83be143000 r-xp 00000000 08:05 921846                     /usr/lib/x86_64-linux-gnu/libX11.so.6.3.0
7f83be143000-7f83be343000 ---p 00130000 08:05 921846                     /usr/lib/x86_64-linux-gnu/libX11.so.6.3.0
7f83be343000-7f83be344000 r--p 00130000 08:05 921846                     /usr/lib/x86_64-linux-gnu/libX11.so.6.3.0
7f83be344000-7f83be348000 rw-p 00131000 08:05 921846                     /usr/lib/x86_64-linux-gnu/libX11.so.6.3.0
7f83be348000-7f83be353000 r-xp 00000000 08:05 922587                     /usr/lib/x86_64-linux-gnu/libpangocairo-1.0.so.0.3600.3
7f83be353000-7f83be553000 ---p 0000b000 08:05 922587                     /usr/lib/x86_64-linux-gnu/libpangocairo-1.0.so.0.3600.3
7f83be553000-7f83be554000 r--p 0000b000 08:05 922587                     /usr/lib/x86_64-linux-gnu/libpangocairo-1.0.so.0.3600.3
7f83be554000-7f83be555000 rw-p 0000c000 08:05 922587                     /usr/lib/x86_64-linux-gnu/libpangocairo-1.0.so.0.3600.3
7f83be555000-7f83be558000 r-xp 00000000 08:05 922245                     /usr/lib/x86_64-linux-gnu/libgmodule-2.0.so.0.4002.0
7f83be558000-7f83be757000 ---p 00003000 08:05 922245                     /usr/lib/x86_64-linux-gnu/libgmodule-2.0.so.0.4002.0
7f83be757000-7f83be758000 r--p 00002000 08:05 922245                     /usr/lib/x86_64-linux-gnu/libgmodule-2.0.so.0.4002.0
7f83be758000-7f83be759000 rw-p 00003000 08:05 922245                     /usr/lib/x86_64-linux-gnu/libgmodule-2.0.so.0.4002.0
7f83be759000-7f83be807000 r-xp 00000000 08:05 921225                     /usr/lib/x86_64-linux-gnu/libgdk-x11-2.0.so.0.2400.23
7f83be807000-7f83bea06000 ---p 000ae000 08:05 921225                     /usr/lib/x86_64-linux-gnu/libgdk-x11-2.0.so.0.2400.23
7f83bea06000-7f83bea0a000 r--p 000ad000 08:05 921225                     /usr/lib/x86_64-linux-gnu/libgdk-x11-2.0.so.0.2400.23
7f83bea0a000-7f83bea0c000 rw-p 000b1000 08:05 921225                     /usr/lib/x86_64-linux-gnu/libgdk-x11-2.0.so.0.2400.23
7f83bea0c000-7f83bea11000 r-xp 00000000 08:05 921891                     /usr/lib/x86_64-linux-gnu/libXtst.so.6.1.0
7f83bea11000-7f83bec10000 ---p 00005000 08:05 921891                     /usr/lib/x86_64-linux-gnu/libXtst.so.6.1.0
7f83bec10000-7f83bec11000 r--p 00004000 08:05 921891                     /usr/lib/x86_64-linux-gnu/libXtst.so.6.1.0
7f83bec11000-7f83bec12000 rw-p 00005000 08:05 921891                     /usr/lib/x86_64-linux-gnu/libXtst.so.6.1.0
7f83bec12000-7f83bec13000 r-xp 00000000 08:05 922368                     /usr/lib/x86_64-linux-gnu/libgthread-2.0.so.0.4002.0
7f83bec13000-7f83bee12000 ---p 00001000 08:05 922368                     /usr/lib/x86_64-linux-gnu/libgthread-2.0.so.0.4002.0
7f83bee12000-7f83bee13000 r--p 00000000 08:05 922368                     /usr/lib/x86_64-linux-gnu/libgthread-2.0.so.0.4002.0
7f83bee13000-7f83bee14000 rw-p 00001000 08:05 922368                     /usr/lib/x86_64-linux-gnu/libgthread-2.0.so.0.4002.0
7f83bee14000-7f83bf244000 r-xp 00000000 08:05 921226                     /usr/lib/x86_64-linux-gnu/libgtk-x11-2.0.so.0.2400.23
7f83bf244000-7f83bf443000 ---p 00430000 08:05 921226                     /usr/lib/x86_64-linux-gnu/libgtk-x11-2.0.so.0.2400.23
7f83bf443000-7f83bf44a000 r--p 0042f000 08:05 921226                     /usr/lib/x86_64-linux-gnu/libgtk-x11-2.0.so.0.2400.23
7f83bf44a000-7f83bf44e000 rw-p 00436000 08:05 921226                     /usr/lib/x86_64-linux-gnu/libgtk-x11-2.0.so.0.2400.23
7f83bf44e000-7f83bf451000 rw-p 00000000 00:00 0 
7f83bf451000-7f83bf455000 r--s 00000000 08:05 289937                     /var/cache/fontconfig/7ef2298fde41cc6eeb7af42e48b7d293-le64.cache-4
7f83bf455000-7f83bf45a000 r--p 00000000 08:05 922173                     /home/chibi/.config/dconf/user
7f83bf45a000-7f83bf45b000 r--s 00000000 00:16 19740                      /run/user/1000/dconf/user
7f83bf45b000-7f83bf462000 r--s 00000000 08:05 1047829                    /usr/lib/x86_64-linux-gnu/gconv/gconv-modules.cache
7f83bf462000-7f83bf471000 r--p 00000000 08:05 168339                     /usr/share/locale-langpack/es/LC_MESSAGES/gtk20.mo
7f83bf471000-7f83bf4dd000 r-xp 00000000 08:05 169256                     /tmp/swtlib-64/libswt-pi-gtk-3557.so
7f83bf4dd000-7f83bf5dc000 ---p 0006c000 08:05 169256                     /tmp/swtlib-64/libswt-pi-gtk-3557.so
7f83bf5dc000-7f83bf5e0000 rw-p 0006b000 08:05 169256                     /tmp/swtlib-64/libswt-pi-gtk-3557.so
7f83bf5e0000-7f83bf5e1000 rw-p 00000000 00:00 0 
7f83bf5e1000-7f83bf621000 r-xp 00000000 08:05 169232                     /tmp/swtlib-64/libswt-gtk-3557.so
7f83bf621000-7f83bf721000 ---p 00040000 08:05 169232                     /tmp/swtlib-64/libswt-gtk-3557.so
7f83bf721000-7f83bf725000 rw-p 00040000 08:05 169232                     /tmp/swtlib-64/libswt-gtk-3557.so
7f83bf725000-7f83bf726000 rw-p 00000000 00:00 0 
7f83bf726000-7f83bf729000 r--s 0001a000 08:05 807774                     /usr/lib/jvm/java-8-oracle/jre/lib/jce.jar
7f83bf729000-7f83bf929000 rw-p 00000000 00:00 0 
7f83bf929000-7f83bf92e000 r--s 00096000 08:05 807776                     /usr/lib/jvm/java-8-oracle/jre/lib/jsse.jar
7f83bf92e000-7f83bf932000 r--s 00038000 08:05 951484                     /home/chibi/.m2/repository/commons-lang/commons-lang/2.2/commons-lang-2.2.jar
7f83bf932000-7f83bf93a000 r--s 00053000 08:05 951483                     /home/chibi/.m2/repository/net/sf/oval/oval/1.81/oval-1.81.jar
7f83bf93a000-7f83bf93c000 r--s 0000d000 08:05 927933                     /home/chibi/.m2/repository/commons-logging/commons-logging/1.1.1/commons-logging-1.1.1.jar
7f83bf93c000-7f83bf941000 r--s 00034000 08:05 951481                     /home/chibi/.m2/repository/commons-beanutils/commons-beanutils/1.8.3/commons-beanutils-1.8.3.jar
7f83bf941000-7f83bf94d000 r--s 00076000 08:05 940392                     /home/chibi/.m2/repository/net/sourceforge/collections/collections-generic/4.01/collections-generic-4.01.jar
7f83bf94d000-7f83bf95b000 r--s 0007f000 08:05 927228                     /home/chibi/.m2/repository/commons-collections/commons-collections/3.2.1/commons-collections-3.2.1.jar
7f83bf95b000-7f83bf964000 r--s 0006d000 08:05 942749                     /home/chibi/.m2/repository/log4j/log4j/1.2.16/log4j-1.2.16.jar
7f83bf964000-7f83bf966000 r--s 00008000 08:05 951476                     /home/chibi/.m2/repository/org/uqbar-project/uqbar-domain/3.6.1/uqbar-domain-3.6.1.jar
7f83bf966000-7f83bf969000 r--s 0000f000 08:05 943495                     /home/chibi/Descargas/eclipse/plugins/org.eclipse.xtend.lib.macro_2.9.0.v201512010527.jar
7f83bf969000-7f83bf96e000 r--s 00036000 08:05 943494                     /home/chibi/Descargas/eclipse/plugins/org.eclipse.xtend.lib_2.9.0.v201512010527.jar
7f83bf96e000-7f83bf971000 r--s 0001f000 08:05 943805                     /home/chibi/Descargas/eclipse/plugins/org.eclipse.xtext.xbase.lib_2.9.0.v201512010527.jar
7f83bf971000-7f83bf99a000 r--s 00200000 08:05 932915                     /home/chibi/Descargas/eclipse/plugins/com.google.guava_15.0.0.v201403281430.jar
7f83bf99a000-7f83bf9bb000 r--s 00162000 08:05 952018                     /home/chibi/.m2/repository/org/mockito/mockito-all/1.9.5/mockito-all-1.9.5.jar
7f83bf9bb000-7f83bf9be000 r--s 0000c000 08:05 961531                     /home/chibi/.m2/repository/org/eclipse/xtend/org.eclipse.xtend.lib.macro/2.9.1/org.eclipse.xtend.lib.macro-2.9.1.jar
7f83bf9be000-7f83bf9e7000 r--s 001ee000 08:05 942551                     /home/chibi/.m2/repository/com/google/guava/guava/14.0.1/guava-14.0.1.jar
7f83bf9e7000-7f83bf9ea000 r--s 0001b000 08:05 961529                     /home/chibi/.m2/repository/org/eclipse/xtext/org.eclipse.xtext.xbase.lib/2.9.1/org.eclipse.xtext.xbase.lib-2.9.1.jar
7f83bf9ea000-7f83bf9ee000 r--s 00022000 08:05 961525                     /home/chibi/.m2/repository/org/eclipse/xtend/org.eclipse.xtend.lib/2.9.1/org.eclipse.xtend.lib-2.9.1.jar
7f83bf9ee000-7f83bf9f0000 r--s 00002000 08:05 961523                     /home/chibi/.m2/repository/org/uqbar-project/arena-xtend/3.6.1/arena-xtend-3.6.1.jar
7f83bf9f0000-7f83bf9fa000 r--s 00095000 08:05 916803                     /home/chibi/.m2/repository/org/scala-lang/modules/scala-xml_2.11/1.0.2/scala-xml_2.11-1.0.2.jar
7f83bf9fa000-7f83bf9fb000 ---p 00000000 00:00 0 
7f83bf9fb000-7f83bfafb000 rw-p 00000000 00:00 0                          [stack:7581]
7f83bfafb000-7f83bfafe000 ---p 00000000 00:00 0 
7f83bfafe000-7f83bfbfc000 rw-p 00000000 00:00 0                          [stack:7580]
7f83bfbfc000-7f83bfbff000 ---p 00000000 00:00 0 
7f83bfbff000-7f83bfcfd000 rw-p 00000000 00:00 0                          [stack:7579]
7f83bfcfd000-7f83bfd00000 ---p 00000000 00:00 0 
7f83bfd00000-7f83bfdfe000 rw-p 00000000 00:00 0                          [stack:7578]
7f83bfdfe000-7f83bfe01000 ---p 00000000 00:00 0 
7f83bfe01000-7f83bfeff000 rw-p 00000000 00:00 0                          [stack:7577]
7f83bfeff000-7f83bff02000 ---p 00000000 00:00 0 
7f83bff02000-7f83c0000000 rw-p 00000000 00:00 0                          [stack:7576]
7f83c0000000-7f83c0021000 rw-p 00000000 00:00 0 
7f83c0021000-7f83c4000000 ---p 00000000 00:00 0 
7f83c4000000-7f83c4021000 rw-p 00000000 00:00 0 
7f83c4021000-7f83c8000000 ---p 00000000 00:00 0 
7f83c8000000-7f83c828a000 rw-p 00000000 00:00 0 
7f83c828a000-7f83cc000000 ---p 00000000 00:00 0 
7f83cc000000-7f83cc058000 r--s 004f2000 08:05 952183                     /home/chibi/.m2/repository/org/scala-lang/scala-library/2.11.2/scala-library-2.11.2.jar
7f83cc058000-7f83cc06b000 r--s 00211000 08:05 933303                     /home/chibi/.m2/repository/org/eclipse/swt/gtk/org.eclipse.swt.gtk.linux.x86_64/3.5.2.v3557f/org.eclipse.swt.gtk.linux.x86_64-3.5.2.v3557f.jar
7f83cc06b000-7f83cc0af000 r--s 0037c000 08:05 918073                     /home/chibi/.m2/repository/org/eclipse/ui/org.eclipse.ui.workbench/3.4.2.M20090127-1700/org.eclipse.ui.workbench-3.4.2.M20090127-1700.jar
7f83cc0af000-7f83cc0be000 r--s 000e5000 08:05 917936                     /home/chibi/.m2/repository/org/eclipse/org.eclipse.osgi/3.4.3.R34x_v20081215-1030/org.eclipse.osgi-3.4.3.R34x_v20081215-1030.jar
7f83cc0be000-7f83cc0d2000 r--s 000eb000 08:05 917228                     /home/chibi/.m2/repository/org/eclipse/org.eclipse.jface/3.4.2.M20090107-0800/org.eclipse.jface-3.4.2.M20090107-0800.jar
7f83cc0d2000-7f83cc0d7000 r--s 0002b000 08:05 917172                     /home/chibi/.m2/repository/org/eclipse/jface/org.eclipse.jface.databinding/1.2.1.M20080827-0800a/org.eclipse.jface.databinding-1.2.1.M20080827-0800a.jar
7f83cc0d7000-7f83cc0da000 r--s 00015000 08:05 917168                     /home/chibi/.m2/repository/org/eclipse/equinox/org.eclipse.equinox.common/3.4.0.v20080421-2006/org.eclipse.equinox.common-3.4.0.v20080421-2006.jar
7f83cc0da000-7f83cc0e3000 r--s 0004c000 08:05 917136                     /home/chibi/.m2/repository/org/eclipse/core/org.eclipse.core.databinding/1.1.1.M20080827-0800b/org.eclipse.core.databinding-1.1.1.M20080827-0800b.jar
7f83cc0e3000-7f83cc0e6000 r--s 00017000 08:05 917117                     /home/chibi/.m2/repository/org/eclipse/core/org.eclipse.core.commands/3.4.0.I20080509-2000/org.eclipse.core.commands-3.4.0.I20080509-2000.jar
7f83cc0e6000-7f83cc134000 r--s 0087c000 08:05 940691                     /home/chibi/.m2/repository/com/ibm/icu/icu4j/50.1.1/icu4j-50.1.1.jar
7f83cc134000-7f83cc139000 r--s 00016000 08:05 951959                     /home/chibi/.m2/repository/xml-apis/xml-apis/1.0.b2/xml-apis-1.0.b2.jar
7f83cc139000-7f83cc13e000 r--s 00048000 08:05 942722                     /home/chibi/.m2/repository/dom4j/dom4j/1.6.1/dom4j-1.6.1.jar
7f83cc13e000-7f83cc141000 r--s 00017000 08:05 951950                     /home/chibi/.m2/repository/org/reflections/reflections/0.9.8/reflections-0.9.8.jar
7f83cc141000-7f83cc14b000 r--s 000a5000 08:05 951946                     /home/chibi/.m2/repository/org/javassist/javassist/3.18.1-GA/javassist-3.18.1-GA.jar
7f83cc14b000-7f83cc82d000 r--p 00000000 08:05 789633                     /usr/lib/locale/locale-archive
7f83cc82d000-7f83cc830000 ---p 00000000 00:00 0 
7f83cc830000-7f83cc92e000 rw-p 00000000 00:00 0                          [stack:7575]
7f83cc92e000-7f83cc931000 ---p 00000000 00:00 0 
7f83cc931000-7f83cca2f000 rw-p 00000000 00:00 0                          [stack:7574]
7f83cca2f000-7f83cca30000 ---p 00000000 00:00 0 
7f83cca30000-7f83d0000000 rw-p 00000000 00:00 0                          [stack:7573]
7f83d0000000-7f83d0021000 rw-p 00000000 00:00 0 
7f83d0021000-7f83d4000000 ---p 00000000 00:00 0 
7f83d4000000-7f83d4021000 rw-p 00000000 00:00 0 
7f83d4021000-7f83d8000000 ---p 00000000 00:00 0 
7f83d8000000-7f83d8021000 rw-p 00000000 00:00 0 
7f83d8021000-7f83dc000000 ---p 00000000 00:00 0 
7f83dc000000-7f83dc021000 rw-p 00000000 00:00 0 
7f83dc021000-7f83e0000000 ---p 00000000 00:00 0 
7f83e0000000-7f83e0002000 r--s 0000d000 08:05 917123                     /home/chibi/.m2/repository/org/eclipse/core/databinding/org.eclipse.core.databinding.beans/1.1.1.M20080827-0800a/org.eclipse.core.databinding.beans-1.1.1.M20080827-0800a.jar
7f83e0002000-7f83e0006000 r--s 00028000 08:05 951944                     /home/chibi/.m2/repository/org/uqbar-project/arena-apo/3.6.1/arena-apo-3.6.1.jar
7f83e0006000-7f83e0009000 r--s 00014000 08:05 951941                     /home/chibi/.m2/repository/org/uqbar-project/arena-pot/3.6.1/arena-pot-3.6.1.jar
7f83e0009000-7f83e014c000 rw-p 00000000 00:00 0 
7f83e014c000-7f83e0325000 r--s 03d20000 08:05 807771                     /usr/lib/jvm/java-8-oracle/jre/lib/rt.jar
7f83e0325000-7f83e050d000 rw-p 00000000 00:00 0 
7f83e050d000-7f83e050e000 ---p 00000000 00:00 0 
7f83e050e000-7f83e060e000 rw-p 00000000 00:00 0                          [stack:7572]
7f83e060e000-7f83e060f000 ---p 00000000 00:00 0 
7f83e060f000-7f83e070f000 rw-p 00000000 00:00 0                          [stack:7571]
7f83e070f000-7f83e0710000 ---p 00000000 00:00 0 
7f83e0710000-7f83e0810000 rw-p 00000000 00:00 0                          [stack:7570]
7f83e0810000-7f83e0811000 ---p 00000000 00:00 0 
7f83e0811000-7f83e0926000 rw-p 00000000 00:00 0                          [stack:7569]
7f83e0926000-7f83e0a57000 ---p 00000000 00:00 0 
7f83e0a57000-7f83e0a6c000 rw-p 00000000 00:00 0 
7f83e0a6c000-7f83e0b9c000 ---p 00000000 00:00 0 
7f83e0b9c000-7f83e0bf6000 rw-p 00000000 00:00 0 
7f83e0bf6000-7f83e0c3f000 ---p 00000000 00:00 0 
7f83e0c3f000-7f83e0c66000 rw-p 00000000 00:00 0 
7f83e0c66000-7f83e1000000 ---p 00000000 00:00 0 
7f83e1000000-7f83e1970000 rwxp 00000000 00:00 0 
7f83e1970000-7f83f0000000 ---p 00000000 00:00 0 
7f83f0000000-7f83f0a76000 rw-p 00000000 00:00 0 
7f83f0a76000-7f83f4000000 ---p 00000000 00:00 0 
7f83f4000000-7f83f4001000 r--s 00003000 08:05 918008                     /home/chibi/.m2/repository/org/eclipse/org.eclipse.swt/3.4.2.v3452b/org.eclipse.swt-3.4.2.v3452b.jar
7f83f4001000-7f83f4008000 r--s 0002c000 08:05 951937                     /home/chibi/.m2/repository/org/uqbar-project/arena-core/3.6.1/arena-core-3.6.1.jar
7f83f4008000-7f83f409f000 rw-p 00000000 00:00 0 
7f83f409f000-7f83f40b9000 r-xp 00000000 08:05 807888                     /usr/lib/jvm/java-8-oracle/jre/lib/amd64/libzip.so
7f83f40b9000-7f83f42b9000 ---p 0001a000 08:05 807888                     /usr/lib/jvm/java-8-oracle/jre/lib/amd64/libzip.so
7f83f42b9000-7f83f42ba000 rw-p 0001a000 08:05 807888                     /usr/lib/jvm/java-8-oracle/jre/lib/amd64/libzip.so
7f83f42ba000-7f83f42c5000 r-xp 00000000 08:05 657773                     /lib/x86_64-linux-gnu/libnss_files-2.19.so
7f83f42c5000-7f83f44c4000 ---p 0000b000 08:05 657773                     /lib/x86_64-linux-gnu/libnss_files-2.19.so
7f83f44c4000-7f83f44c5000 r--p 0000a000 08:05 657773                     /lib/x86_64-linux-gnu/libnss_files-2.19.so
7f83f44c5000-7f83f44c6000 rw-p 0000b000 08:05 657773                     /lib/x86_64-linux-gnu/libnss_files-2.19.so
7f83f44c6000-7f83f44d1000 r-xp 00000000 08:05 657783                     /lib/x86_64-linux-gnu/libnss_nis-2.19.so
7f83f44d1000-7f83f46d0000 ---p 0000b000 08:05 657783                     /lib/x86_64-linux-gnu/libnss_nis-2.19.so
7f83f46d0000-7f83f46d1000 r--p 0000a000 08:05 657783                     /lib/x86_64-linux-gnu/libnss_nis-2.19.so
7f83f46d1000-7f83f46d2000 rw-p 0000b000 08:05 657783                     /lib/x86_64-linux-gnu/libnss_nis-2.19.so
7f83f46d2000-7f83f46e9000 r-xp 00000000 08:05 657767                     /lib/x86_64-linux-gnu/libnsl-2.19.so
7f83f46e9000-7f83f48e8000 ---p 00017000 08:05 657767                     /lib/x86_64-linux-gnu/libnsl-2.19.so
7f83f48e8000-7f83f48e9000 r--p 00016000 08:05 657767                     /lib/x86_64-linux-gnu/libnsl-2.19.so
7f83f48e9000-7f83f48ea000 rw-p 00017000 08:05 657767                     /lib/x86_64-linux-gnu/libnsl-2.19.so
7f83f48ea000-7f83f48ec000 rw-p 00000000 00:00 0 
7f83f48ec000-7f83f48f5000 r-xp 00000000 08:05 657769                     /lib/x86_64-linux-gnu/libnss_compat-2.19.so
7f83f48f5000-7f83f4af4000 ---p 00009000 08:05 657769                     /lib/x86_64-linux-gnu/libnss_compat-2.19.so
7f83f4af4000-7f83f4af5000 r--p 00008000 08:05 657769                     /lib/x86_64-linux-gnu/libnss_compat-2.19.so
7f83f4af5000-7f83f4af6000 rw-p 00009000 08:05 657769                     /lib/x86_64-linux-gnu/libnss_compat-2.19.so
7f83f4af6000-7f83f4b20000 r-xp 00000000 08:05 807882                     /usr/lib/jvm/java-8-oracle/jre/lib/amd64/libjava.so
7f83f4b20000-7f83f4d20000 ---p 0002a000 08:05 807882                     /usr/lib/jvm/java-8-oracle/jre/lib/amd64/libjava.so
7f83f4d20000-7f83f4d22000 rw-p 0002a000 08:05 807882                     /usr/lib/jvm/java-8-oracle/jre/lib/amd64/libjava.so
7f83f4d22000-7f83f4d2f000 r-xp 00000000 08:05 807881                     /usr/lib/jvm/java-8-oracle/jre/lib/amd64/libverify.so
7f83f4d2f000-7f83f4f2f000 ---p 0000d000 08:05 807881                     /usr/lib/jvm/java-8-oracle/jre/lib/amd64/libverify.so
7f83f4f2f000-7f83f4f31000 rw-p 0000d000 08:05 807881                     /usr/lib/jvm/java-8-oracle/jre/lib/amd64/libverify.so
7f83f4f31000-7f83f4f38000 r-xp 00000000 08:05 657826                     /lib/x86_64-linux-gnu/librt-2.19.so
7f83f4f38000-7f83f5137000 ---p 00007000 08:05 657826                     /lib/x86_64-linux-gnu/librt-2.19.so
7f83f5137000-7f83f5138000 r--p 00006000 08:05 657826                     /lib/x86_64-linux-gnu/librt-2.19.so
7f83f5138000-7f83f5139000 rw-p 00007000 08:05 657826                     /lib/x86_64-linux-gnu/librt-2.19.so
7f83f5139000-7f83f523e000 r-xp 00000000 08:05 657748                     /lib/x86_64-linux-gnu/libm-2.19.so
7f83f523e000-7f83f543d000 ---p 00105000 08:05 657748                     /lib/x86_64-linux-gnu/libm-2.19.so
7f83f543d000-7f83f543e000 r--p 00104000 08:05 657748                     /lib/x86_64-linux-gnu/libm-2.19.so
7f83f543e000-7f83f543f000 rw-p 00105000 08:05 657748                     /lib/x86_64-linux-gnu/libm-2.19.so
7f83f543f000-7f83f60fd000 r-xp 00000000 08:05 807898                     /usr/lib/jvm/java-8-oracle/jre/lib/amd64/server/libjvm.so
7f83f60fd000-7f83f62fc000 ---p 00cbe000 08:05 807898                     /usr/lib/jvm/java-8-oracle/jre/lib/amd64/server/libjvm.so
7f83f62fc000-7f83f63d5000 rw-p 00cbd000 08:05 807898                     /usr/lib/jvm/java-8-oracle/jre/lib/amd64/server/libjvm.so
7f83f63d5000-7f83f6419000 rw-p 00000000 00:00 0 
7f83f6419000-7f83f65d4000 r-xp 00000000 08:05 657698                     /lib/x86_64-linux-gnu/libc-2.19.so
7f83f65d4000-7f83f67d3000 ---p 001bb000 08:05 657698                     /lib/x86_64-linux-gnu/libc-2.19.so
7f83f67d3000-7f83f67d7000 r--p 001ba000 08:05 657698                     /lib/x86_64-linux-gnu/libc-2.19.so
7f83f67d7000-7f83f67d9000 rw-p 001be000 08:05 657698                     /lib/x86_64-linux-gnu/libc-2.19.so
7f83f67d9000-7f83f67de000 rw-p 00000000 00:00 0 
7f83f67de000-7f83f67e1000 r-xp 00000000 08:05 657715                     /lib/x86_64-linux-gnu/libdl-2.19.so
7f83f67e1000-7f83f69e0000 ---p 00003000 08:05 657715                     /lib/x86_64-linux-gnu/libdl-2.19.so
7f83f69e0000-7f83f69e1000 r--p 00002000 08:05 657715                     /lib/x86_64-linux-gnu/libdl-2.19.so
7f83f69e1000-7f83f69e2000 rw-p 00003000 08:05 657715                     /lib/x86_64-linux-gnu/libdl-2.19.so
7f83f69e2000-7f83f69f7000 r-xp 00000000 08:05 809124                     /usr/lib/jvm/java-8-oracle/lib/amd64/jli/libjli.so
7f83f69f7000-7f83f6bf7000 ---p 00015000 08:05 809124                     /usr/lib/jvm/java-8-oracle/lib/amd64/jli/libjli.so
7f83f6bf7000-7f83f6bf8000 rw-p 00015000 08:05 809124                     /usr/lib/jvm/java-8-oracle/lib/amd64/jli/libjli.so
7f83f6bf8000-7f83f6c11000 r-xp 00000000 08:05 657818                     /lib/x86_64-linux-gnu/libpthread-2.19.so
7f83f6c11000-7f83f6e10000 ---p 00019000 08:05 657818                     /lib/x86_64-linux-gnu/libpthread-2.19.so
7f83f6e10000-7f83f6e11000 r--p 00018000 08:05 657818                     /lib/x86_64-linux-gnu/libpthread-2.19.so
7f83f6e11000-7f83f6e12000 rw-p 00019000 08:05 657818                     /lib/x86_64-linux-gnu/libpthread-2.19.so
7f83f6e12000-7f83f6e16000 rw-p 00000000 00:00 0 
7f83f6e16000-7f83f6e39000 r-xp 00000000 08:05 657674                     /lib/x86_64-linux-gnu/ld-2.19.so
7f83f6e39000-7f83f6e3f000 r--s 00035000 08:05 951933                     /home/chibi/.m2/repository/org/uqbar-project/arena-jface/3.6.1/arena-jface-3.6.1.jar
7f83f6e3f000-7f83f6f11000 rw-p 00000000 00:00 0 
7f83f6f11000-7f83f6f14000 ---p 00000000 00:00 0 
7f83f6f14000-7f83f7016000 rw-p 00000000 00:00 0                          [stack:7568]
7f83f7016000-7f83f7018000 r--s 00008000 08:05 933654                     /home/chibi/.m2/repository/org/uqbar-project/arena-poo/3.6.1/arena-poo-3.6.1.jar
7f83f7018000-7f83f702c000 rw-p 00000000 00:00 0 
7f83f702c000-7f83f7034000 rw-s 00000000 08:05 169438                     /tmp/hsperfdata_chibi/7563
7f83f7034000-7f83f7035000 rw-p 00000000 00:00 0 
7f83f7035000-7f83f7036000 ---p 00000000 00:00 0 
7f83f7036000-7f83f7038000 rw-p 00000000 00:00 0 
7f83f7038000-7f83f7039000 r--p 00022000 08:05 657674                     /lib/x86_64-linux-gnu/ld-2.19.so
7f83f7039000-7f83f703a000 rw-p 00023000 08:05 657674                     /lib/x86_64-linux-gnu/ld-2.19.so
7f83f703a000-7f83f703b000 rw-p 00000000 00:00 0 
7ffe23e38000-7ffe23e5a000 rw-p 00000000 00:00 0                          [stack]
7ffe23f60000-7ffe23f62000 r--p 00000000 00:00 0                          [vvar]
7ffe23f62000-7ffe23f64000 r-xp 00000000 00:00 0                          [vdso]
ffffffffff600000-ffffffffff601000 r-xp 00000000 00:00 0                  [vsyscall]

VM Arguments:
jvm_args: -Djava.system.class.loader=org.uqbar.apo.APOClassLoader -Dfile.encoding=UTF-8 
java_command: runnable.AplicacionLaberinto
java_class_path (initial): /home/chibi/Escritorio/UIS-Laberinto/UIS-Arena/target/classes:/home/chibi/.m2/repository/org/uqbar-project/arena-jface/3.6.1/arena-jface-3.6.1.jar:/home/chibi/.m2/repository/org/uqbar-project/arena-core/3.6.1/arena-core-3.6.1.jar:/home/chibi/.m2/repository/org/uqbar-project/arena-pot/3.6.1/arena-pot-3.6.1.jar:/home/chibi/.m2/repository/org/uqbar-project/arena-apo/3.6.1/arena-apo-3.6.1.jar:/home/chibi/.m2/repository/org/javassist/javassist/3.18.1-GA/javassist-3.18.1-GA.jar:/home/chibi/.m2/repository/org/reflections/reflections/0.9.8/reflections-0.9.8.jar:/home/chibi/.m2/repository/dom4j/dom4j/1.6.1/dom4j-1.6.1.jar:/home/chibi/.m2/repository/xml-apis/xml-apis/1.0.b2/xml-apis-1.0.b2.jar:/home/chibi/.m2/repository/org/uqbar-project/arena-poo/3.6.1/arena-poo-3.6.1.jar:/home/chibi/.m2/repository/com/ibm/icu/icu4j/50.1.1/icu4j-50.1.1.jar:/home/chibi/.m2/repository/org/eclipse/core/org.eclipse.core.commands/3.4.0.I20080509-2000/org.eclipse.core.commands-3.4.0.I20080509-2000.jar:/home/chibi/.m2/repository/org/eclipse/core/databinding/org.eclipse.core.databinding.beans/1.1.1.M20080827-0800a/org.eclipse.core.databinding.beans-1.1.1.M20080827-0800a.jar:/home/chibi/.m2/repository/org/eclipse/core/org.eclipse.core.databinding/1.1.1.M20080827-0800b/org.eclipse.core.databinding-1.1.1.M20080827-0800b.jar:/home/chibi/.m2/repository/org/eclipse/equinox/org.eclipse.equinox.common/3.4.0.v20080421-2006/org.eclipse.equinox.common-3.4.0.v20080421-2006.jar:/home/chibi/.m2/repository/org/eclipse/jface/org.eclipse.jface.databinding/1.2.1.M20080827-0800a/org.eclipse.jface.databinding-1.2.1.M20080827-0800a.jar:/home/chibi/.m2/repository/org/eclipse/org.eclipse.jface/3.4.2.M20090107-0800/org.eclipse.jface-3.4.2.M20090107-0800.jar:/home/chibi/.m2/repository/org/eclipse/org.eclipse.osgi/3.4.3.R34x_v20081215-1030/org.eclipse.osgi-3.4.3.R34x_v20081215-1030.jar:/home/chibi/.m2/repository/org/eclipse/org.eclipse.swt/3.4.2.v3452b/org.eclipse.swt-3.4.2.v3452b.jar:/home/chibi
Launcher Type: SUN_STANDARD

Environment Variables:
PATH=/usr/local/sbin:/usr/local/bin:/usr/sbin:/usr/bin:/sbin:/bin:/usr/games:/usr/local/games
SHELL=/bin/bash
DISPLAY=:0.0

Signal Handlers:
SIGSEGV: [libjvm.so+0xaba2a0], sa_mask[0]=11111111011111111101111111111110, sa_flags=SA_RESTART|SA_SIGINFO
SIGBUS: [libjvm.so+0xaba2a0], sa_mask[0]=11111111011111111101111111111110, sa_flags=SA_RESTART|SA_SIGINFO
SIGFPE: [libjvm.so+0x917710], sa_mask[0]=11111111011111111101111111111110, sa_flags=SA_RESTART|SA_SIGINFO
SIGPIPE: SIG_IGN, sa_mask[0]=00000000000010000000000000000000, sa_flags=SA_RESTART
SIGXFSZ: [libjvm.so+0x917710], sa_mask[0]=11111111011111111101111111111110, sa_flags=SA_RESTART|SA_SIGINFO
SIGILL: [libjvm.so+0x917710], sa_mask[0]=11111111011111111101111111111110, sa_flags=SA_RESTART|SA_SIGINFO
SIGUSR1: SIG_DFL, sa_mask[0]=00000000000000000000000000000000, sa_flags=none
SIGUSR2: [libjvm.so+0x918d40], sa_mask[0]=00100000000000000000000000000000, sa_flags=SA_RESTART|SA_SIGINFO
SIGHUP: [libjvm.so+0x91a140], sa_mask[0]=11111111011111111101111111111110, sa_flags=SA_RESTART|SA_SIGINFO
SIGINT: [libjvm.so+0x91a140], sa_mask[0]=11111111011111111101111111111110, sa_flags=SA_RESTART|SA_SIGINFO
SIGTERM: [libjvm.so+0x91a140], sa_mask[0]=11111111011111111101111111111110, sa_flags=SA_RESTART|SA_SIGINFO
SIGQUIT: [libjvm.so+0x91a140], sa_mask[0]=11111111011111111101111111111110, sa_flags=SA_RESTART|SA_SIGINFO


---------------  S Y S T E M  ---------------

OS:DISTRIB_ID=Ubuntu
DISTRIB_RELEASE=14.04
DISTRIB_CODENAME=trusty
DISTRIB_DESCRIPTION="Ubuntu 14.04.3 LTS"

uname:Linux 3.19.0-30-generic #34~14.04.1-Ubuntu SMP Fri Oct 2 22:09:39 UTC 2015 x86_64
libc:glibc 2.19 NPTL 2.19 
rlimit: STACK 8192k, CORE 0k, NPROC 15514, NOFILE 4096, AS infinity
load average:1,18 1,33 0,88

/proc/meminfo:
MemTotal:        3993212 kB
MemFree:          139728 kB
MemAvailable:      84660 kB
Buffers:             608 kB
Cached:           280492 kB
SwapCached:            0 kB
Active:          2252300 kB
Inactive:         223160 kB
Active(anon):    2238784 kB
Inactive(anon):   209772 kB
Active(file):      13516 kB
Inactive(file):    13388 kB
Unevictable:     1222104 kB
Mlocked:         1222104 kB
SwapTotal:             0 kB
SwapFree:              0 kB
Dirty:              4576 kB
Writeback:             0 kB
AnonPages:       3416500 kB
Mapped:           117404 kB
Shmem:            233340 kB
Slab:              62188 kB
SReclaimable:      31904 kB
SUnreclaim:        30284 kB
KernelStack:        9680 kB
PageTables:        37852 kB
NFS_Unstable:          0 kB
Bounce:                0 kB
WritebackTmp:          0 kB
CommitLimit:     1996604 kB
Committed_AS:    7091060 kB
VmallocTotal:   34359738367 kB
VmallocUsed:      216732 kB
VmallocChunk:   34359512028 kB
HardwareCorrupted:     0 kB
AnonHugePages:   1806336 kB
CmaTotal:              0 kB
CmaFree:               0 kB
HugePages_Total:       0
HugePages_Free:        0
HugePages_Rsvd:        0
HugePages_Surp:        0
Hugepagesize:       2048 kB
DirectMap4k:      116992 kB
DirectMap2M:     4024320 kB


CPU:total 4 (2 cores per cpu, 2 threads per core) family 6 model 42 stepping 7, cmov, cx8, fxsr, mmx, sse, sse2, sse3, ssse3, sse4.1, sse4.2, popcnt, avx, clmul, ht, tsc, tscinvbit

/proc/cpuinfo:
processor	: 0
vendor_id	: GenuineIntel
cpu family	: 6
model		: 42
model name	: Intel(R) Core(TM) i3-2330M CPU @ 2.20GHz
stepping	: 7
microcode	: 0x23
cpu MHz		: 892.546
cache size	: 3072 KB
physical id	: 0
siblings	: 4
core id		: 0
cpu cores	: 2
apicid		: 0
initial apicid	: 0
fpu		: yes
fpu_exception	: yes
cpuid level	: 13
wp		: yes
flags		: fpu vme de pse tsc msr pae mce cx8 apic sep mtrr pge mca cmov pat pse36 clflush dts acpi mmx fxsr sse sse2 ss ht tm pbe syscall nx rdtscp lm constant_tsc arch_perfmon pebs bts rep_good nopl xtopology nonstop_tsc aperfmperf eagerfpu pni pclmulqdq dtes64 monitor ds_cpl vmx est tm2 ssse3 cx16 xtpr pdcm pcid sse4_1 sse4_2 x2apic popcnt tsc_deadline_timer xsave avx lahf_lm arat epb pln pts dtherm tpr_shadow vnmi flexpriority ept vpid xsaveopt
bugs		:
bogomips	: 4390.12
clflush size	: 64
cache_alignment	: 64
address sizes	: 36 bits physical, 48 bits virtual
power management:

processor	: 1
vendor_id	: GenuineIntel
cpu family	: 6
model		: 42
model name	: Intel(R) Core(TM) i3-2330M CPU @ 2.20GHz
stepping	: 7
microcode	: 0x23
cpu MHz		: 833.250
cache size	: 3072 KB
physical id	: 0
siblings	: 4
core id		: 0
cpu cores	: 2
apicid		: 1
initial apicid	: 1
fpu		: yes
fpu_exception	: yes
cpuid level	: 13
wp		: yes
flags		: fpu vme de pse tsc msr pae mce cx8 apic sep mtrr pge mca cmov pat pse36 clflush dts acpi mmx fxsr sse sse2 ss ht tm pbe syscall nx rdtscp lm constant_tsc arch_perfmon pebs bts rep_good nopl xtopology nonstop_tsc aperfmperf eagerfpu pni pclmulqdq dtes64 monitor ds_cpl vmx est tm2 ssse3 cx16 xtpr pdcm pcid sse4_1 sse4_2 x2apic popcnt tsc_deadline_timer xsave avx lahf_lm arat epb pln pts dtherm tpr_shadow vnmi flexpriority ept vpid xsaveopt
bugs		:
bogomips	: 4390.12
clflush size	: 64
cache_alignment	: 64
address sizes	: 36 bits physical, 48 bits virtual
power management:

processor	: 2
vendor_id	: GenuineIntel
cpu family	: 6
model		: 42
model name	: Intel(R) Core(TM) i3-2330M CPU @ 2.20GHz
stepping	: 7
microcode	: 0x23
cpu MHz		: 844.851
cache size	: 3072 KB
physical id	: 0
siblings	: 4
core id		: 1
cpu cores	: 2
apicid		: 2
initial apicid	: 2
fpu		: yes
fpu_exception	: yes
cpuid level	: 13
wp		: yes
flags		: fpu vme de pse tsc msr pae mce cx8 apic sep mtrr pge mca cmov pat pse36 clflush dts acpi mmx fxsr sse sse2 ss ht tm pbe syscall nx rdtscp lm constant_tsc arch_perfmon pebs bts rep_good nopl xtopology nonstop_tsc aperfmperf eagerfpu pni pclmulqdq dtes64 monitor ds_cpl vmx est tm2 ssse3 cx16 xtpr pdcm pcid sse4_1 sse4_2 x2apic popcnt tsc_deadline_timer xsave avx lahf_lm arat epb pln pts dtherm tpr_shadow vnmi flexpriority ept vpid xsaveopt
bugs		:
bogomips	: 4390.12
clflush size	: 64
cache_alignment	: 64
address sizes	: 36 bits physical, 48 bits virtual
power management:

processor	: 3
vendor_id	: GenuineIntel
cpu family	: 6
model		: 42
model name	: Intel(R) Core(TM) i3-2330M CPU @ 2.20GHz
stepping	: 7
microcode	: 0x23
cpu MHz		: 804.718
cache size	: 3072 KB
physical id	: 0
siblings	: 4
core id		: 1
cpu cores	: 2
apicid		: 3
initial apicid	: 3
fpu		: yes
fpu_exception	: yes
cpuid level	: 13
wp		: yes
flags		: fpu vme de pse tsc msr pae mce cx8 apic sep mtrr pge mca cmov pat pse36 clflush dts acpi mmx fxsr sse sse2 ss ht tm pbe syscall nx rdtscp lm constant_tsc arch_perfmon pebs bts rep_good nopl xtopology nonstop_tsc aperfmperf eagerfpu pni pclmulqdq dtes64 monitor ds_cpl vmx est tm2 ssse3 cx16 xtpr pdcm pcid sse4_1 sse4_2 x2apic popcnt tsc_deadline_timer xsave avx lahf_lm arat epb pln pts dtherm tpr_shadow vnmi flexpriority ept vpid xsaveopt
bugs		:
bogomips	: 4390.12
clflush size	: 64
cache_alignment	: 64
address sizes	: 36 bits physical, 48 bits virtual
power management:



Memory: 4k page, physical 3993212k(139728k free), swap 0k(0k free)

vm_info: Java HotSpot(TM) 64-Bit Server VM (25.66-b17) for linux-amd64 JRE (1.8.0_66-b17), built on Oct  6 2015 17:28:34 by "java_re" with gcc 4.3.0 20080428 (Red Hat 4.3.0-8)

time: Mon Apr 18 05:35:36 2016
elapsed time: 29 seconds (0d 0h 0m 29s)

