#
# There is insufficient memory for the Java Runtime Environment to continue.
# Native memory allocation (mmap) failed to map 136314880 bytes for committing reserved memory.
# Possible reasons:
#   The system is out of physical RAM or swap space
#   In 32 bit mode, the process size limit was hit
# Possible solutions:
#   Reduce memory load on the system
#   Increase physical memory or swap space
#   Check if swap backing store is full
#   Use 64 bit Java on a 64 bit OS
#   Decrease Java heap size (-Xmx/-Xms)
#   Decrease number of Java threads
#   Decrease Java thread stack sizes (-Xss)
#   Set larger code cache with -XX:ReservedCodeCacheSize=
# This output file may be truncated or incomplete.
#
#  Out of Memory Error (os_linux.cpp:2627), pid=3537, tid=140611201984256
#
# JRE version: Java(TM) SE Runtime Environment (8.0_66-b17) (build 1.8.0_66-b17)
# Java VM: Java HotSpot(TM) 64-Bit Server VM (25.66-b17 mixed mode linux-amd64 compressed oops)
# Failed to write core dump. Core dumps have been disabled. To enable core dumping, try "ulimit -c unlimited" before starting Java again
#

---------------  T H R E A D  ---------------

Current thread (0x00007fe2b0079800):  VMThread [stack: 0x00007fe298aee000,0x00007fe298bef000] [id=3548]

Stack: [0x00007fe298aee000,0x00007fe298bef000],  sp=0x00007fe298bed060,  free space=1020k
Native frames: (J=compiled Java code, j=interpreted, Vv=VM code, C=native code)
V  [libjvm.so+0xab9a1a]  VMError::report_and_die()+0x2ba
V  [libjvm.so+0x4f9e0b]  report_vm_out_of_memory(char const*, int, unsigned long, VMErrorType, char const*)+0x8b
V  [libjvm.so+0x91a8a3]  os::Linux::commit_memory_impl(char*, unsigned long, bool)+0x103
V  [libjvm.so+0x91adf9]  os::pd_commit_memory(char*, unsigned long, unsigned long, bool)+0x29
V  [libjvm.so+0x91510a]  os::commit_memory(char*, unsigned long, unsigned long, bool)+0x2a
V  [libjvm.so+0x9887a3]  PSVirtualSpace::expand_by(unsigned long)+0x53
V  [libjvm.so+0x989ba8]  PSYoungGen::resize_generation(unsigned long, unsigned long)+0xf8
V  [libjvm.so+0x988d02]  PSYoungGen::resize(unsigned long, unsigned long)+0x22
V  [libjvm.so+0x985fdb]  PSScavenge::invoke_no_policy()+0xf3b
V  [libjvm.so+0x986761]  PSScavenge::invoke()+0x41
V  [libjvm.so+0x93e500]  ParallelScavengeHeap::failed_mem_allocate(unsigned long)+0x70
V  [libjvm.so+0xabb437]  VM_ParallelGCFailedAllocation::doit()+0x97
V  [libjvm.so+0xac2e65]  VM_Operation::evaluate()+0x55
V  [libjvm.so+0xac123a]  VMThread::evaluate_operation(VM_Operation*)+0xba
V  [libjvm.so+0xac15be]  VMThread::loop()+0x1ce
V  [libjvm.so+0xac1a30]  VMThread::run()+0x70
V  [libjvm.so+0x91cc68]  java_start(Thread*)+0x108

VM_Operation (0x00007fe2b70f3ac0): ParallelGCFailedAllocation, mode: safepoint, requested by thread 0x00007fe2b000b800


---------------  P R O C E S S  ---------------

Java Threads: ( => current thread )
  0x00007fe2b0238000 JavaThread "Service Thread" daemon [_thread_blocked, id=3555, stack(0x00007fe27fafb000,0x00007fe27fbfc000)]
  0x00007fe2b0224800 JavaThread "C1 CompilerThread2" daemon [_thread_blocked, id=3554, stack(0x00007fe27fbfc000,0x00007fe27fcfd000)]
  0x00007fe2b0222800 JavaThread "C2 CompilerThread1" daemon [_thread_blocked, id=3553, stack(0x00007fe27fcfd000,0x00007fe27fdfe000)]
  0x00007fe2b0220800 JavaThread "C2 CompilerThread0" daemon [_thread_blocked, id=3552, stack(0x00007fe27fdfe000,0x00007fe27feff000)]
  0x00007fe2b021e800 JavaThread "Signal Dispatcher" daemon [_thread_blocked, id=3551, stack(0x00007fe27feff000,0x00007fe280000000)]
  0x00007fe2b0080800 JavaThread "Finalizer" daemon [_thread_blocked, id=3550, stack(0x00007fe2988ec000,0x00007fe2989ed000)]
  0x00007fe2b007e800 JavaThread "Reference Handler" daemon [_thread_blocked, id=3549, stack(0x00007fe2989ed000,0x00007fe298aee000)]
  0x00007fe2b000b800 JavaThread "main" [_thread_blocked, id=3539, stack(0x00007fe2b6ff6000,0x00007fe2b70f7000)]

Other Threads:
=>0x00007fe2b0079800 VMThread [stack: 0x00007fe298aee000,0x00007fe298bef000] [id=3548]
  0x00007fe2b023d000 WatcherThread [stack: 0x00007fe27f9fa000,0x00007fe27fafb000] [id=3556]

VM state:at safepoint (normal execution)

VM Mutex/Monitor currently owned by a thread:  ([mutex/lock_event])
[0x00007fe2b0007fa0] Threads_lock - owner thread: 0x00007fe2b0079800
[0x00007fe2b00084a0] Heap_lock - owner thread: 0x00007fe2b000b800

Heap:
 PSYoungGen      total 136704K, used 10240K [0x00000000ebb00000, 0x00000000f4b00000, 0x0000000100000000)
  eden space 126464K, 0% used [0x00000000ebb00000,0x00000000ebb00000,0x00000000f3680000)
  from space 10240K, 100% used [0x00000000f3680000,0x00000000f4080000,0x00000000f4080000)
  to   space 9728K, 0% used [0x00000000f4080000,0x00000000f4080000,0x00000000f4a00000)
 ParOldGen       total 42496K, used 21684K [0x00000000c3000000, 0x00000000c5980000, 0x00000000ebb00000)
  object space 42496K, 51% used [0x00000000c3000000,0x00000000c452d1f0,0x00000000c5980000)
 Metaspace       used 15521K, capacity 15746K, committed 15872K, reserved 1062912K
  class space    used 1955K, capacity 2027K, committed 2048K, reserved 1048576K

Card table byte_map: [0x00007fe2a0a57000,0x00007fe2a0c40000] byte_map_base: 0x00007fe2a043f000

Marking Bits: (ParMarkBitMap*) 0x00007fe2b64d3020
 Begin Bits: [0x00007fe29a180000, 0x00007fe29b0c0000)
 End Bits:   [0x00007fe29b0c0000, 0x00007fe29c000000)

Polling page: 0x00007fe2b711a000

CodeCache: size=245760Kb used=6620Kb max_used=6631Kb free=239139Kb
 bounds [0x00007fe2a1000000, 0x00007fe2a1690000, 0x00007fe2b0000000]
 total_blobs=2370 nmethods=1932 adapters=351
 compilation: enabled

Compilation events (10 events):
Event: 9,067 Thread 0x00007fe2b0224800 1935       3       javassist.compiler.CodeGen::invalidDim (71 bytes)
Event: 9,068 Thread 0x00007fe2b0224800 nmethod 1935 0x00007fe2a1664b90 code [0x00007fe2a1664d20, 0x00007fe2a1665278]
Event: 9,087 Thread 0x00007fe2b0224800 1936       3       javassist.bytecode.LocalVariableAttribute::shiftPc (130 bytes)
Event: 9,088 Thread 0x00007fe2b0224800 nmethod 1936 0x00007fe2a167a910 code [0x00007fe2a167aae0, 0x00007fe2a167b310]
Event: 9,103 Thread 0x00007fe2b0224800 1937       3       java.lang.Class::getPackage (5 bytes)
Event: 9,103 Thread 0x00007fe2b0224800 nmethod 1937 0x00007fe2a1664810 code [0x00007fe2a1664980, 0x00007fe2a1664b08]
Event: 9,103 Thread 0x00007fe2b0224800 1938       3       java.lang.Package::getPackage (46 bytes)
Event: 9,105 Thread 0x00007fe2b0224800 nmethod 1938 0x00007fe2a167bcd0 code [0x00007fe2a167bf20, 0x00007fe2a167cf68]
Event: 9,127 Thread 0x00007fe2b0222800 1939       4       java.util.concurrent.ConcurrentLinkedQueue$Node::<init> (16 bytes)
Event: 9,131 Thread 0x00007fe2b0222800 nmethod 1939 0x00007fe2a1679b50 code [0x00007fe2a1679ca0, 0x00007fe2a1679d18]

GC Heap History (10 events):
Event: 1,815 GC heap after
Heap after GC invocations=2 (full 0):
 PSYoungGen      total 34304K, used 2544K [0x00000000ebb00000, 0x00000000edf00000, 0x0000000100000000)
  eden space 31744K, 0% used [0x00000000ebb00000,0x00000000ebb00000,0x00000000eda00000)
  from space 2560K, 99% used [0x00000000edc80000,0x00000000edefc010,0x00000000edf00000)
  to   space 2560K, 0% used [0x00000000eda00000,0x00000000eda00000,0x00000000edc80000)
 ParOldGen       total 42496K, used 3766K [0x00000000c3000000, 0x00000000c5980000, 0x00000000ebb00000)
  object space 42496K, 8% used [0x00000000c3000000,0x00000000c33adae8,0x00000000c5980000)
 Metaspace       used 10681K, capacity 10890K, committed 11136K, reserved 1058816K
  class space    used 1450K, capacity 1559K, committed 1664K, reserved 1048576K
}
Event: 3,651 GC heap before
{Heap before GC invocations=3 (full 0):
 PSYoungGen      total 34304K, used 34288K [0x00000000ebb00000, 0x00000000edf00000, 0x0000000100000000)
  eden space 31744K, 100% used [0x00000000ebb00000,0x00000000eda00000,0x00000000eda00000)
  from space 2560K, 99% used [0x00000000edc80000,0x00000000edefc010,0x00000000edf00000)
  to   space 2560K, 0% used [0x00000000eda00000,0x00000000eda00000,0x00000000edc80000)
 ParOldGen       total 42496K, used 3766K [0x00000000c3000000, 0x00000000c5980000, 0x00000000ebb00000)
  object space 42496K, 8% used [0x00000000c3000000,0x00000000c33adae8,0x00000000c5980000)
 Metaspace       used 14391K, capacity 14608K, committed 14848K, reserved 1062912K
  class space    used 1864K, capacity 1944K, committed 2048K, reserved 1048576K
Event: 3,694 GC heap after
Heap after GC invocations=3 (full 0):
 PSYoungGen      total 34304K, used 2544K [0x00000000ebb00000, 0x00000000efe00000, 0x0000000100000000)
  eden space 31744K, 0% used [0x00000000ebb00000,0x00000000ebb00000,0x00000000eda00000)
  from space 2560K, 99% used [0x00000000eda00000,0x00000000edc7c030,0x00000000edc80000)
  to   space 2560K, 0% used [0x00000000efb80000,0x00000000efb80000,0x00000000efe00000)
 ParOldGen       total 42496K, used 8798K [0x00000000c3000000, 0x00000000c5980000, 0x00000000ebb00000)
  object space 42496K, 20% used [0x00000000c3000000,0x00000000c3897b60,0x00000000c5980000)
 Metaspace       used 14391K, capacity 14608K, committed 14848K, reserved 1062912K
  class space    used 1864K, capacity 1944K, committed 2048K, reserved 1048576K
}
Event: 4,618 GC heap before
{Heap before GC invocations=4 (full 0):
 PSYoungGen      total 34304K, used 34288K [0x00000000ebb00000, 0x00000000efe00000, 0x0000000100000000)
  eden space 31744K, 100% used [0x00000000ebb00000,0x00000000eda00000,0x00000000eda00000)
  from space 2560K, 99% used [0x00000000eda00000,0x00000000edc7c030,0x00000000edc80000)
  to   space 2560K, 0% used [0x00000000efb80000,0x00000000efb80000,0x00000000efe00000)
 ParOldGen       total 42496K, used 8798K [0x00000000c3000000, 0x00000000c5980000, 0x00000000ebb00000)
  object space 42496K, 20% used [0x00000000c3000000,0x00000000c3897b60,0x00000000c5980000)
 Metaspace       used 14717K, capacity 14896K, committed 15104K, reserved 1062912K
  class space    used 1888K, capacity 1960K, committed 2048K, reserved 1048576K
Event: 4,646 GC heap after
Heap after GC invocations=4 (full 0):
 PSYoungGen      total 66048K, used 2544K [0x00000000ebb00000, 0x00000000efe00000, 0x0000000100000000)
  eden space 63488K, 0% used [0x00000000ebb00000,0x00000000ebb00000,0x00000000ef900000)
  from space 2560K, 99% used [0x00000000efb80000,0x00000000efdfc030,0x00000000efe00000)
  to   space 2560K, 0% used [0x00000000ef900000,0x00000000ef900000,0x00000000efb80000)
 ParOldGen       total 42496K, used 11935K [0x00000000c3000000, 0x00000000c5980000, 0x00000000ebb00000)
  object space 42496K, 28% used [0x00000000c3000000,0x00000000c3ba7ee0,0x00000000c5980000)
 Metaspace       used 14717K, capacity 14896K, committed 15104K, reserved 1062912K
  class space    used 1888K, capacity 1960K, committed 2048K, reserved 1048576K
}
Event: 5,986 GC heap before
{Heap before GC invocations=5 (full 0):
 PSYoungGen      total 66048K, used 66032K [0x00000000ebb00000, 0x00000000efe00000, 0x0000000100000000)
  eden space 63488K, 100% used [0x00000000ebb00000,0x00000000ef900000,0x00000000ef900000)
  from space 2560K, 99% used [0x00000000efb80000,0x00000000efdfc030,0x00000000efe00000)
  to   space 2560K, 0% used [0x00000000ef900000,0x00000000ef900000,0x00000000efb80000)
 ParOldGen       total 42496K, used 11935K [0x00000000c3000000, 0x00000000c5980000, 0x00000000ebb00000)
  object space 42496K, 28% used [0x00000000c3000000,0x00000000c3ba7ee0,0x00000000c5980000)
 Metaspace       used 14985K, capacity 15184K, committed 15360K, reserved 1062912K
  class space    used 1921K, capacity 1992K, committed 2048K, reserved 1048576K
Event: 6,029 GC heap after
Heap after GC invocations=5 (full 0):
 PSYoungGen      total 66048K, used 2544K [0x00000000ebb00000, 0x00000000f4a00000, 0x0000000100000000)
  eden space 63488K, 0% used [0x00000000ebb00000,0x00000000ebb00000,0x00000000ef900000)
  from space 2560K, 99% used [0x00000000ef900000,0x00000000efb7c030,0x00000000efb80000)
  to   space 9728K, 0% used [0x00000000f4080000,0x00000000f4080000,0x00000000f4a00000)
 ParOldGen       total 42496K, used 18013K [0x00000000c3000000, 0x00000000c5980000, 0x00000000ebb00000)
  object space 42496K, 42% used [0x00000000c3000000,0x00000000c4197600,0x00000000c5980000)
 Metaspace       used 14985K, capacity 15184K, committed 15360K, reserved 1062912K
  class space    used 1921K, capacity 1992K, committed 2048K, reserved 1048576K
}
Event: 7,218 GC heap before
{Heap before GC invocations=6 (full 0):
 PSYoungGen      total 66048K, used 66032K [0x00000000ebb00000, 0x00000000f4a00000, 0x0000000100000000)
  eden space 63488K, 100% used [0x00000000ebb00000,0x00000000ef900000,0x00000000ef900000)
  from space 2560K, 99% used [0x00000000ef900000,0x00000000efb7c030,0x00000000efb80000)
  to   space 9728K, 0% used [0x00000000f4080000,0x00000000f4080000,0x00000000f4a00000)
 ParOldGen       total 42496K, used 18013K [0x00000000c3000000, 0x00000000c5980000, 0x00000000ebb00000)
  object space 42496K, 42% used [0x00000000c3000000,0x00000000c4197600,0x00000000c5980000)
 Metaspace       used 15143K, capacity 15376K, committed 15616K, reserved 1062912K
  class space    used 1923K, capacity 1992K, committed 2048K, reserved 1048576K
Event: 7,258 GC heap after
Heap after GC invocations=6 (full 0):
 PSYoungGen      total 136192K, used 8090K [0x00000000ebb00000, 0x00000000f4b00000, 0x0000000100000000)
  eden space 126464K, 0% used [0x00000000ebb00000,0x00000000ebb00000,0x00000000f3680000)
  from space 9728K, 83% used [0x00000000f4080000,0x00000000f4866830,0x00000000f4a00000)
  to   space 10240K, 0% used [0x00000000f3680000,0x00000000f3680000,0x00000000f4080000)
 ParOldGen       total 42496K, used 18021K [0x00000000c3000000, 0x00000000c5980000, 0x00000000ebb00000)
  object space 42496K, 42% used [0x00000000c3000000,0x00000000c4199600,0x00000000c5980000)
 Metaspace       used 15143K, capacity 15376K, committed 15616K, reserved 1062912K
  class space    used 1923K, capacity 1992K, committed 2048K, reserved 1048576K
}
Event: 9,132 GC heap before
{Heap before GC invocations=7 (full 0):
 PSYoungGen      total 136192K, used 134554K [0x00000000ebb00000, 0x00000000f4b00000, 0x0000000100000000)
  eden space 126464K, 100% used [0x00000000ebb00000,0x00000000f3680000,0x00000000f3680000)
  from space 9728K, 83% used [0x00000000f4080000,0x00000000f4866830,0x00000000f4a00000)
  to   space 10240K, 0% used [0x00000000f3680000,0x00000000f3680000,0x00000000f4080000)
 ParOldGen       total 42496K, used 18021K [0x00000000c3000000, 0x00000000c5980000, 0x00000000ebb00000)
  object space 42496K, 42% used [0x00000000c3000000,0x00000000c4199600,0x00000000c5980000)
 Metaspace       used 15521K, capacity 15746K, committed 15872K, reserved 1062912K
  class space    used 1955K, capacity 2027K, committed 2048K, reserved 1048576K

Deoptimization events (10 events):
Event: 4,449 Thread 0x00007fe2b000b800 Uncommon trap: reason=class_check action=maybe_recompile pc=0x00007fe2a1302118 method=java.io.BufferedInputStream.read1([BII)I @ 39
Event: 4,550 Thread 0x00007fe2b000b800 Uncommon trap: reason=unstable_if action=reinterpret pc=0x00007fe2a143c608 method=javassist.bytecode.ConstPool.read(Ljava/io/DataInputStream;)V @ 43
Event: 4,804 Thread 0x00007fe2b000b800 Uncommon trap: reason=bimorphic action=maybe_recompile pc=0x00007fe2a12b3ea0 method=java.util.HashMap.putVal(ILjava/lang/Object;Ljava/lang/Object;ZZ)Ljava/lang/Object; @ 91
Event: 5,424 Thread 0x00007fe2b000b800 Uncommon trap: reason=unstable_if action=reinterpret pc=0x00007fe2a146a578 method=java.util.HashMap.putVal(ILjava/lang/Object;Ljava/lang/Object;ZZ)Ljava/lang/Object; @ 162
Event: 5,424 Thread 0x00007fe2b000b800 Uncommon trap: reason=unstable_if action=reinterpret pc=0x00007fe2a1456a78 method=java.util.HashMap.getNode(ILjava/lang/Object;)Ljava/util/HashMap$Node; @ 84
Event: 5,425 Thread 0x00007fe2b000b800 Uncommon trap: reason=unstable_if action=reinterpret pc=0x00007fe2a1468ba4 method=java.util.HashMap.resize()[Ljava/util/HashMap$Node; @ 206
Event: 6,194 Thread 0x00007fe2b000b800 Uncommon trap: reason=unloaded action=reinterpret pc=0x00007fe2a1369d1c method=javassist.bytecode.ConstPool.readOne(Ljava/io/DataInputStream;)I @ 300
Event: 6,194 Thread 0x00007fe2b000b800 Uncommon trap: reason=unstable_if action=reinterpret pc=0x00007fe2a13c69f8 method=javassist.bytecode.AttributeInfo.read(Ljavassist/bytecode/ConstPool;Ljava/io/DataInputStream;)Ljavassist/bytecode/AttributeInfo; @ 47
Event: 8,224 Thread 0x00007fe2b000b800 Uncommon trap: reason=unstable_if action=reinterpret pc=0x00007fe2a15ba454 method=javassist.bytecode.AttributeInfo.read(Ljavassist/bytecode/ConstPool;Ljava/io/DataInputStream;)Ljavassist/bytecode/AttributeInfo; @ 276
Event: 8,506 Thread 0x00007fe2b000b800 Uncommon trap: reason=unstable_if action=reinterpret pc=0x00007fe2a1540e7c method=javassist.bytecode.AttributeInfo.remove(Ljava/util/ArrayList;Ljava/lang/String;)V @ 37

Internal exceptions (10 events):
Event: 2,410 Thread 0x00007fe2b000b800 Exception <a 'java/lang/ClassNotFoundException': java/lang/ObjectBeanInfo> (0x00000000ec67d158) thrown at [/HUDSON/workspace/8-2-build-linux-amd64/jdk8u66/4988/hotspot/src/share/vm/classfile/systemDictionary.cpp, line 210]
Event: 2,411 Thread 0x00007fe2b000b800 Exception <a 'java/lang/ClassNotFoundException': java/lang/ObjectCustomizer> (0x00000000ec6823d8) thrown at [/HUDSON/workspace/8-2-build-linux-amd64/jdk8u66/4988/hotspot/src/share/vm/classfile/systemDictionary.cpp, line 210]
Event: 2,455 Thread 0x00007fe2b000b800 Exception <a 'java/lang/ArrayIndexOutOfBoundsException': 18> (0x00000000ec6845e8) thrown at [/HUDSON/workspace/8-2-build-linux-amd64/jdk8u66/4988/hotspot/src/share/vm/interpreter/interpreterRuntime.cpp, line 366]
Event: 2,458 Thread 0x00007fe2b000b800 Exception <a 'java/lang/ArrayIndexOutOfBoundsException': 22> (0x00000000ec687998) thrown at [/HUDSON/workspace/8-2-build-linux-amd64/jdk8u66/4988/hotspot/src/share/vm/interpreter/interpreterRuntime.cpp, line 366]
Event: 2,463 Thread 0x00007fe2b000b800 Exception <a 'java/lang/ArrayIndexOutOfBoundsException'> (0x00000000ec689d70) thrown at [/HUDSON/workspace/8-2-build-linux-amd64/jdk8u66/4988/hotspot/src/share/vm/runtime/sharedRuntime.cpp, line 605]
Event: 2,484 Thread 0x00007fe2b000b800 Exception <a 'java/lang/ClassNotFoundException': org/apache/log4j/LayoutCustomizer> (0x00000000ec6970d8) thrown at [/HUDSON/workspace/8-2-build-linux-amd64/jdk8u66/4988/hotspot/src/share/vm/classfile/systemDictionary.cpp, line 210]
Event: 2,486 Thread 0x00007fe2b000b800 Exception <a 'java/lang/ClassNotFoundException': org/apache/log4j/PatternLayoutCustomizer> (0x00000000ec6b5420) thrown at [/HUDSON/workspace/8-2-build-linux-amd64/jdk8u66/4988/hotspot/src/share/vm/classfile/systemDictionary.cpp, line 210]
Event: 2,515 Thread 0x00007fe2b000b800 Implicit null exception at 0x00007fe2a119ac75 to 0x00007fe2a119afb5
Event: 4,041 Thread 0x00007fe2b000b800 Implicit null exception at 0x00007fe2a143fac3 to 0x00007fe2a1440511
Event: 4,446 Thread 0x00007fe2b000b800 Implicit null exception at 0x00007fe2a146b7d7 to 0x00007fe2a146bc61

Events (10 events):
Event: 8,539 loading class javax/persistence/Transient done
Event: 8,565 loading class java/util/AbstractList$1
Event: 8,565 loading class java/util/AbstractList$1 done
Event: 8,727 loading class org/uqbar/common/transaction/Collection/TransactionalData
Event: 8,727 loading class org/uqbar/common/transaction/Collection/TransactionalData done
Event: 8,880 loading class javassist/bytecode/StackMapTable$Copier
Event: 8,880 loading class javassist/bytecode/StackMapTable$Copier done
Event: 8,900 loading class javassist/bytecode/StackMapTable$SimpleCopy
Event: 8,900 loading class javassist/bytecode/StackMapTable$SimpleCopy done
Event: 9,132 Executing VM operation: ParallelGCFailedAllocation


Dynamic libraries:
00400000-00401000 r-xp 00000000 08:05 806533                             /usr/lib/jvm/java-8-oracle/bin/java
00600000-00601000 rw-p 00000000 08:05 806533                             /usr/lib/jvm/java-8-oracle/bin/java
00cff000-00d20000 rw-p 00000000 00:00 0                                  [heap]
c3000000-c5980000 rw-p 00000000 00:00 0 
c5980000-ebb00000 ---p 00000000 00:00 0 
ebb00000-f4b00000 rw-p 00000000 00:00 0 
fcd00000-100000000 ---p 00000000 00:00 0 
100000000-100200000 rw-p 00000000 00:00 0 
100200000-140000000 ---p 00000000 00:00 0 
7fe250000000-7fe250022000 rw-p 00000000 00:00 0 
7fe250022000-7fe254000000 ---p 00000000 00:00 0 
7fe258000000-7fe258021000 rw-p 00000000 00:00 0 
7fe258021000-7fe25c000000 ---p 00000000 00:00 0 
7fe25dfdc000-7fe25dfdd000 rw-p 00000000 00:00 0 
7fe25dfdd000-7fe25dfef000 r--s 00345000 08:05 807759                     /usr/lib/jvm/java-8-oracle/jre/lib/resources.jar
7fe25dfef000-7fe25e16f000 rw-p 00000000 00:00 0 
7fe25e16f000-7fe25e1ef000 ---p 00000000 00:00 0 
7fe25e1ef000-7fe25e3ef000 rw-p 00000000 00:00 0 
7fe25e3ef000-7fe25e441000 r--p 00000000 08:05 5522                       /usr/share/fonts/truetype/dejavu/DejaVuSansMono.ttf
7fe25e441000-7fe25e498000 r--p 00000000 08:05 133210                     /usr/share/fonts/truetype/ubuntu-font-family/Ubuntu-R.ttf
7fe25e498000-7fe25e499000 r--s 00000000 08:05 289549                     /var/cache/fontconfig/c05880de57d1f5e948fdfacc138775d9-le64.cache-4
7fe25e499000-7fe25e4a4000 r--s 00000000 08:05 289543                     /var/cache/fontconfig/945677eb7aeaf62f1d50efc3fb3ec7d8-le64.cache-4
7fe25e4a4000-7fe25e4a6000 r--s 00000000 08:05 292932                     /var/cache/fontconfig/99e8ed0e538f840c565b6ed5dad60d56-le64.cache-4
7fe25e4a6000-7fe25e4af000 r--s 00000000 08:05 292931                     /var/cache/fontconfig/a6d8cf8e4ec09cdbc8633c31745a07dd-le64.cache-4
7fe25e4af000-7fe25e4b5000 r--s 00000000 08:05 289529                     /var/cache/fontconfig/2cd17615ca594fa2959ae173292e504c-le64.cache-4
7fe25e4b5000-7fe25e4b6000 r--s 00000000 08:05 289559                     /var/cache/fontconfig/e7071f4a29fa870f4323321c154eba04-le64.cache-4
7fe25e4b6000-7fe25e4b7000 r--s 00000000 08:05 289526                     /var/cache/fontconfig/0d8c3b2ac0904cb8a57a757ad11a4a08-le64.cache-4
7fe25e4b7000-7fe25e4be000 r--s 00000000 08:05 289546                     /var/cache/fontconfig/a755afe4a08bf5b97852ceb7400b47bc-le64.cache-4
7fe25e4be000-7fe25e4d2000 r--s 00000000 08:05 289524                     /var/cache/fontconfig/04aabc0a78ac019cf9454389977116d2-le64.cache-4
7fe25e4d2000-7fe25e4d3000 r--s 00000000 08:05 289528                     /var/cache/fontconfig/1ac9eb803944fde146138c791f5cc56a-le64.cache-4
7fe25e4d3000-7fe25e4d7000 r--s 00000000 08:05 289532                     /var/cache/fontconfig/385c0604a188198f04d133e54aba7fe7-le64.cache-4
7fe25e4d7000-7fe25e4d8000 r--s 00000000 08:05 289556                     /var/cache/fontconfig/dc05db6664285cc2f12bf69c139ae4c3-le64.cache-4
7fe25e4d8000-7fe25e4dd000 r--s 00000000 08:05 289542                     /var/cache/fontconfig/8801497958630a81b71ace7c5f9b32a8-le64.cache-4
7fe25e4dd000-7fe25e518000 r--s 00000000 08:05 289941                     /var/cache/fontconfig/365b55f210c0a22e9a19e35191240f32-le64.cache-4
7fe25e518000-7fe25e51f000 r--s 00000000 08:05 289530                     /var/cache/fontconfig/3047814df9a2f067bd2d96a2b9c36e5a-le64.cache-4
7fe25e51f000-7fe25e525000 r--s 00000000 08:05 289547                     /var/cache/fontconfig/b47c4e1ecd0709278f4910c18777a504-le64.cache-4
7fe25e525000-7fe25e52e000 r--s 00000000 08:05 290072                     /var/cache/fontconfig/52f7bdb7ce746bfd7eaa1985bd9cfa93-le64.cache-4
7fe25e52e000-7fe25e541000 r--s 00000000 08:05 289553                     /var/cache/fontconfig/d52a8644073d54c13679302ca1180695-le64.cache-4
7fe25e541000-7fe25e54c000 r--s 00000000 08:05 290642                     /var/cache/fontconfig/d589a48862398ed80a3d6066f4f56f4c-le64.cache-4
7fe25e54c000-7fe25e55f000 r--s 00000000 08:05 292602                     /var/cache/fontconfig/4ac51e5cfbc76fc3f983e470323a16d3-le64.cache-4
7fe25e55f000-7fe25e560000 ---p 00000000 00:00 0 
7fe25e560000-7fe25ed60000 rw-p 00000000 00:00 0                          [stack:3559]
7fe25ed60000-7fe25ed61000 ---p 00000000 00:00 0 
7fe25ed61000-7fe25f561000 rw-p 00000000 00:00 0                          [stack:3557]
7fe25f561000-7fe25f56c000 r-xp 00000000 08:05 1047922                    /usr/lib/x86_64-linux-gnu/gio/modules/libdconfsettings.so
7fe25f56c000-7fe25f76c000 ---p 0000b000 08:05 1047922                    /usr/lib/x86_64-linux-gnu/gio/modules/libdconfsettings.so
7fe25f76c000-7fe25f76d000 r--p 0000b000 08:05 1047922                    /usr/lib/x86_64-linux-gnu/gio/modules/libdconfsettings.so
7fe25f76d000-7fe25f76e000 rw-p 0000c000 08:05 1047922                    /usr/lib/x86_64-linux-gnu/gio/modules/libdconfsettings.so
7fe25f76e000-7fe25f7ae000 r--p 00000000 08:05 1046756                    /usr/share/glib-2.0/schemas/gschemas.compiled
7fe25f7ae000-7fe25f7b5000 r-xp 00000000 08:05 922569                     /usr/lib/x86_64-linux-gnu/libogg.so.0.8.1
7fe25f7b5000-7fe25f9b5000 ---p 00007000 08:05 922569                     /usr/lib/x86_64-linux-gnu/libogg.so.0.8.1
7fe25f9b5000-7fe25f9b6000 r--p 00007000 08:05 922569                     /usr/lib/x86_64-linux-gnu/libogg.so.0.8.1
7fe25f9b6000-7fe25f9b7000 rw-p 00008000 08:05 922569                     /usr/lib/x86_64-linux-gnu/libogg.so.0.8.1
7fe25f9b7000-7fe25f9e3000 r-xp 00000000 08:05 922843                     /usr/lib/x86_64-linux-gnu/libvorbis.so.0.4.5
7fe25f9e3000-7fe25fbe2000 ---p 0002c000 08:05 922843                     /usr/lib/x86_64-linux-gnu/libvorbis.so.0.4.5
7fe25fbe2000-7fe25fbe3000 r--p 0002b000 08:05 922843                     /usr/lib/x86_64-linux-gnu/libvorbis.so.0.4.5
7fe25fbe3000-7fe25fbe4000 rw-p 0002c000 08:05 922843                     /usr/lib/x86_64-linux-gnu/libvorbis.so.0.4.5
7fe25fbe4000-7fe25fbed000 r-xp 00000000 08:05 922475                     /usr/lib/x86_64-linux-gnu/libltdl.so.7.3.0
7fe25fbed000-7fe25fdec000 ---p 00009000 08:05 922475                     /usr/lib/x86_64-linux-gnu/libltdl.so.7.3.0
7fe25fdec000-7fe25fded000 r--p 00008000 08:05 922475                     /usr/lib/x86_64-linux-gnu/libltdl.so.7.3.0
7fe25fded000-7fe25fdee000 rw-p 00009000 08:05 922475                     /usr/lib/x86_64-linux-gnu/libltdl.so.7.3.0
7fe25fdee000-7fe25fdff000 r-xp 00000000 08:05 922764                     /usr/lib/x86_64-linux-gnu/libtdb.so.1.2.12
7fe25fdff000-7fe25fffe000 ---p 00011000 08:05 922764                     /usr/lib/x86_64-linux-gnu/libtdb.so.1.2.12
7fe25fffe000-7fe25ffff000 r--p 00010000 08:05 922764                     /usr/lib/x86_64-linux-gnu/libtdb.so.1.2.12
7fe25ffff000-7fe260000000 rw-p 00011000 08:05 922764                     /usr/lib/x86_64-linux-gnu/libtdb.so.1.2.12
7fe260000000-7fe260021000 rw-p 00000000 00:00 0 
7fe260021000-7fe264000000 ---p 00000000 00:00 0 
7fe264000000-7fe264002000 r--s 00000000 08:05 289540                     /var/cache/fontconfig/767a8244fc0220cfb567a839d0392e0b-le64.cache-4
7fe264002000-7fe264003000 r--s 00000000 08:05 286442                     /var/cache/fontconfig/4794a0821666d79190d59a36cb4f44b5-le64.cache-4
7fe264003000-7fe264004000 r--s 00000000 08:05 289536                     /var/cache/fontconfig/56cf4f4769d0f4abc89a4895d7bd3ae1-le64.cache-4
7fe264004000-7fe26400b000 r-xp 00000000 08:05 922847                     /usr/lib/x86_64-linux-gnu/libvorbisfile.so.3.3.4
7fe26400b000-7fe26420a000 ---p 00007000 08:05 922847                     /usr/lib/x86_64-linux-gnu/libvorbisfile.so.3.3.4
7fe26420a000-7fe26420b000 r--p 00006000 08:05 922847                     /usr/lib/x86_64-linux-gnu/libvorbisfile.so.3.3.4
7fe26420b000-7fe26420c000 rw-p 00007000 08:05 922847                     /usr/lib/x86_64-linux-gnu/libvorbisfile.so.3.3.4
7fe26420c000-7fe26421b000 r-xp 00000000 08:05 921989                     /usr/lib/x86_64-linux-gnu/libcanberra.so.0.2.5
7fe26421b000-7fe26441a000 ---p 0000f000 08:05 921989                     /usr/lib/x86_64-linux-gnu/libcanberra.so.0.2.5
7fe26441a000-7fe26441b000 r--p 0000e000 08:05 921989                     /usr/lib/x86_64-linux-gnu/libcanberra.so.0.2.5
7fe26441b000-7fe26441c000 rw-p 0000f000 08:05 921989                     /usr/lib/x86_64-linux-gnu/libcanberra.so.0.2.5
7fe26441c000-7fe264420000 r-xp 00000000 08:05 921985                     /usr/lib/x86_64-linux-gnu/libcanberra-gtk.so.0.1.9
7fe264420000-7fe26461f000 ---p 00004000 08:05 921985                     /usr/lib/x86_64-linux-gnu/libcanberra-gtk.so.0.1.9
7fe26461f000-7fe264620000 r--p 00003000 08:05 921985                     /usr/lib/x86_64-linux-gnu/libcanberra-gtk.so.0.1.9
7fe264620000-7fe264621000 rw-p 00004000 08:05 921985                     /usr/lib/x86_64-linux-gnu/libcanberra-gtk.so.0.1.9
7fe264621000-7fe264626000 r-xp 00000000 08:05 1048177                    /usr/lib/x86_64-linux-gnu/gtk-2.0/modules/libcanberra-gtk-module.so
7fe264626000-7fe264825000 ---p 00005000 08:05 1048177                    /usr/lib/x86_64-linux-gnu/gtk-2.0/modules/libcanberra-gtk-module.so
7fe264825000-7fe264826000 r--p 00004000 08:05 1048177                    /usr/lib/x86_64-linux-gnu/gtk-2.0/modules/libcanberra-gtk-module.so
7fe264826000-7fe264827000 rw-p 00005000 08:05 1048177                    /usr/lib/x86_64-linux-gnu/gtk-2.0/modules/libcanberra-gtk-module.so
7fe264827000-7fe264856000 r-xp 00000000 08:05 1048159                    /usr/lib/x86_64-linux-gnu/gtk-2.0/2.10.0/engines/libmurrine.so
7fe264856000-7fe264a56000 ---p 0002f000 08:05 1048159                    /usr/lib/x86_64-linux-gnu/gtk-2.0/2.10.0/engines/libmurrine.so
7fe264a56000-7fe264a57000 r--p 0002f000 08:05 1048159                    /usr/lib/x86_64-linux-gnu/gtk-2.0/2.10.0/engines/libmurrine.so
7fe264a57000-7fe264a58000 rw-p 00030000 08:05 1048159                    /usr/lib/x86_64-linux-gnu/gtk-2.0/2.10.0/engines/libmurrine.so
7fe264a58000-7fe264a68000 r-xp 00000000 08:05 922813                     /usr/lib/x86_64-linux-gnu/libunity-gtk2-parser.so.0.0.0
7fe264a68000-7fe264c67000 ---p 00010000 08:05 922813                     /usr/lib/x86_64-linux-gnu/libunity-gtk2-parser.so.0.0.0
7fe264c67000-7fe264c68000 r--p 0000f000 08:05 922813                     /usr/lib/x86_64-linux-gnu/libunity-gtk2-parser.so.0.0.0
7fe264c68000-7fe264c69000 rw-p 00010000 08:05 922813                     /usr/lib/x86_64-linux-gnu/libunity-gtk2-parser.so.0.0.0
7fe264c69000-7fe264c6a000 r--s 00000000 08:05 289548                     /var/cache/fontconfig/b9d506c9ac06c20b433354fa67a72993-le64.cache-4
7fe264c6a000-7fe264c73000 r--s 00000000 08:05 289533                     /var/cache/fontconfig/3f7329c5293ffd510edef78f73874cfd-le64.cache-4
7fe264c73000-7fe264c80000 r--s 00000000 08:05 290135                     /var/cache/fontconfig/e13b20fdb08344e0e664864cc2ede53d-le64.cache-4
7fe264c80000-7fe264c84000 r--s 00000000 08:05 289937                     /var/cache/fontconfig/7ef2298fde41cc6eeb7af42e48b7d293-le64.cache-4
7fe264c84000-7fe264c89000 r--p 00000000 08:05 922173                     /home/chibi/.config/dconf/user
7fe264c89000-7fe264c8e000 r-xp 00000000 08:05 1048181                    /usr/lib/x86_64-linux-gnu/gtk-2.0/modules/libunity-gtk-module.so
7fe264c8e000-7fe264e8d000 ---p 00005000 08:05 1048181                    /usr/lib/x86_64-linux-gnu/gtk-2.0/modules/libunity-gtk-module.so
7fe264e8d000-7fe264e8e000 r--p 00004000 08:05 1048181                    /usr/lib/x86_64-linux-gnu/gtk-2.0/modules/libunity-gtk-module.so
7fe264e8e000-7fe264e8f000 rw-p 00005000 08:05 1048181                    /usr/lib/x86_64-linux-gnu/gtk-2.0/modules/libunity-gtk-module.so
7fe264e8f000-7fe264ea0000 r-xp 00000000 08:05 1048180                    /usr/lib/x86_64-linux-gnu/gtk-2.0/modules/liboverlay-scrollbar.so
7fe264ea0000-7fe26509f000 ---p 00011000 08:05 1048180                    /usr/lib/x86_64-linux-gnu/gtk-2.0/modules/liboverlay-scrollbar.so
7fe26509f000-7fe2650a0000 r--p 00010000 08:05 1048180                    /usr/lib/x86_64-linux-gnu/gtk-2.0/modules/liboverlay-scrollbar.so
7fe2650a0000-7fe2650a1000 rw-p 00011000 08:05 1048180                    /usr/lib/x86_64-linux-gnu/gtk-2.0/modules/liboverlay-scrollbar.so
7fe2650a1000-7fe2650cb000 r--p 00000000 08:05 168338                     /usr/share/locale-langpack/es/LC_MESSAGES/gtk20-properties.mo
7fe2650cb000-7fe2650f1000 r--p 00000000 08:05 168395                     /usr/share/locale-langpack/es/LC_MESSAGES/libc.mo
7fe2650f1000-7fe2650f7000 r-xp 00000000 08:05 922053                     /usr/lib/x86_64-linux-gnu/libdatrie.so.1.3.1
7fe2650f7000-7fe2652f6000 ---p 00006000 08:05 922053                     /usr/lib/x86_64-linux-gnu/libdatrie.so.1.3.1
7fe2652f6000-7fe2652f7000 r--p 00005000 08:05 922053                     /usr/lib/x86_64-linux-gnu/libdatrie.so.1.3.1
7fe2652f7000-7fe2652f8000 rw-p 00006000 08:05 922053                     /usr/lib/x86_64-linux-gnu/libdatrie.so.1.3.1
7fe2652f8000-7fe265312000 r-xp 00000000 08:05 922279                     /usr/lib/x86_64-linux-gnu/libgraphite2.so.3.0.1
7fe265312000-7fe265511000 ---p 0001a000 08:05 922279                     /usr/lib/x86_64-linux-gnu/libgraphite2.so.3.0.1
7fe265511000-7fe265513000 r--p 00019000 08:05 922279                     /usr/lib/x86_64-linux-gnu/libgraphite2.so.3.0.1
7fe265513000-7fe265514000 rw-p 0001b000 08:05 922279                     /usr/lib/x86_64-linux-gnu/libgraphite2.so.3.0.1
7fe265514000-7fe265519000 r-xp 00000000 08:05 921861                     /usr/lib/x86_64-linux-gnu/libXdmcp.so.6.0.0
7fe265519000-7fe265718000 ---p 00005000 08:05 921861                     /usr/lib/x86_64-linux-gnu/libXdmcp.so.6.0.0
7fe265718000-7fe265719000 r--p 00004000 08:05 921861                     /usr/lib/x86_64-linux-gnu/libXdmcp.so.6.0.0
7fe265719000-7fe26571a000 rw-p 00005000 08:05 921861                     /usr/lib/x86_64-linux-gnu/libXdmcp.so.6.0.0
7fe26571a000-7fe26571c000 r-xp 00000000 08:05 921850                     /usr/lib/x86_64-linux-gnu/libXau.so.6.0.0
7fe26571c000-7fe26591c000 ---p 00002000 08:05 921850                     /usr/lib/x86_64-linux-gnu/libXau.so.6.0.0
7fe26591c000-7fe26591d000 r--p 00002000 08:05 921850                     /usr/lib/x86_64-linux-gnu/libXau.so.6.0.0
7fe26591d000-7fe26591e000 rw-p 00003000 08:05 921850                     /usr/lib/x86_64-linux-gnu/libXau.so.6.0.0
7fe26591e000-7fe26595b000 r-xp 00000000 08:05 657801                     /lib/x86_64-linux-gnu/libpcre.so.3.13.1
7fe26595b000-7fe265b5a000 ---p 0003d000 08:05 657801                     /lib/x86_64-linux-gnu/libpcre.so.3.13.1
7fe265b5a000-7fe265b5b000 r--p 0003c000 08:05 657801                     /lib/x86_64-linux-gnu/libpcre.so.3.13.1
7fe265b5b000-7fe265b5c000 rw-p 0003d000 08:05 657801                     /lib/x86_64-linux-gnu/libpcre.so.3.13.1
7fe265b5c000-7fe265b63000 r-xp 00000000 08:05 921603                     /usr/lib/x86_64-linux-gnu/libffi.so.6.0.1
7fe265b63000-7fe265d62000 ---p 00007000 08:05 921603                     /usr/lib/x86_64-linux-gnu/libffi.so.6.0.1
7fe265d62000-7fe265d63000 r--p 00006000 08:05 921603                     /usr/lib/x86_64-linux-gnu/libffi.so.6.0.1
7fe265d63000-7fe265d64000 rw-p 00007000 08:05 921603                     /usr/lib/x86_64-linux-gnu/libffi.so.6.0.1
7fe265d64000-7fe265d8b000 r-xp 00000000 08:05 652811                     /lib/x86_64-linux-gnu/libexpat.so.1.6.0
7fe265d8b000-7fe265f8b000 ---p 00027000 08:05 652811                     /lib/x86_64-linux-gnu/libexpat.so.1.6.0
7fe265f8b000-7fe265f8d000 r--p 00027000 08:05 652811                     /lib/x86_64-linux-gnu/libexpat.so.1.6.0
7fe265f8d000-7fe265f8e000 rw-p 00029000 08:05 652811                     /lib/x86_64-linux-gnu/libexpat.so.1.6.0
7fe265f8e000-7fe265f96000 r-xp 00000000 08:05 922776                     /usr/lib/x86_64-linux-gnu/libthai.so.0.2.0
7fe265f96000-7fe266195000 ---p 00008000 08:05 922776                     /usr/lib/x86_64-linux-gnu/libthai.so.0.2.0
7fe266195000-7fe266196000 r--p 00007000 08:05 922776                     /usr/lib/x86_64-linux-gnu/libthai.so.0.2.0
7fe266196000-7fe266197000 rw-p 00008000 08:05 922776                     /usr/lib/x86_64-linux-gnu/libthai.so.0.2.0
7fe266197000-7fe2661ea000 r-xp 00000000 08:05 922392                     /usr/lib/x86_64-linux-gnu/libharfbuzz.so.0.927.0
7fe2661ea000-7fe2663ea000 ---p 00053000 08:05 922392                     /usr/lib/x86_64-linux-gnu/libharfbuzz.so.0.927.0
7fe2663ea000-7fe2663eb000 r--p 00053000 08:05 922392                     /usr/lib/x86_64-linux-gnu/libharfbuzz.so.0.927.0
7fe2663eb000-7fe2663ec000 rw-p 00054000 08:05 922392                     /usr/lib/x86_64-linux-gnu/libharfbuzz.so.0.927.0
7fe2663ec000-7fe266403000 r-xp 00000000 08:05 657824                     /lib/x86_64-linux-gnu/libresolv-2.19.so
7fe266403000-7fe266603000 ---p 00017000 08:05 657824                     /lib/x86_64-linux-gnu/libresolv-2.19.so
7fe266603000-7fe266604000 r--p 00017000 08:05 657824                     /lib/x86_64-linux-gnu/libresolv-2.19.so
7fe266604000-7fe266605000 rw-p 00018000 08:05 657824                     /lib/x86_64-linux-gnu/libresolv-2.19.so
7fe266605000-7fe266607000 rw-p 00000000 00:00 0 
7fe266607000-7fe266627000 r-xp 00000000 08:05 657828                     /lib/x86_64-linux-gnu/libselinux.so.1
7fe266627000-7fe266826000 ---p 00020000 08:05 657828                     /lib/x86_64-linux-gnu/libselinux.so.1
7fe266826000-7fe266827000 r--p 0001f000 08:05 657828                     /lib/x86_64-linux-gnu/libselinux.so.1
7fe266827000-7fe266828000 rw-p 00020000 08:05 657828                     /lib/x86_64-linux-gnu/libselinux.so.1
7fe266828000-7fe26682a000 rw-p 00000000 00:00 0 
7fe26682a000-7fe266842000 r-xp 00000000 08:05 657861                     /lib/x86_64-linux-gnu/libz.so.1.2.8
7fe266842000-7fe266a41000 ---p 00018000 08:05 657861                     /lib/x86_64-linux-gnu/libz.so.1.2.8
7fe266a41000-7fe266a42000 r--p 00017000 08:05 657861                     /lib/x86_64-linux-gnu/libz.so.1.2.8
7fe266a42000-7fe266a43000 rw-p 00018000 08:05 657861                     /lib/x86_64-linux-gnu/libz.so.1.2.8
7fe266a43000-7fe266a4b000 r-xp 00000000 08:05 922902                     /usr/lib/x86_64-linux-gnu/libxcb-render.so.0.0.0
7fe266a4b000-7fe266c4a000 ---p 00008000 08:05 922902                     /usr/lib/x86_64-linux-gnu/libxcb-render.so.0.0.0
7fe266c4a000-7fe266c4b000 r--p 00007000 08:05 922902                     /usr/lib/x86_64-linux-gnu/libxcb-render.so.0.0.0
7fe266c4b000-7fe266c4c000 rw-p 00008000 08:05 922902                     /usr/lib/x86_64-linux-gnu/libxcb-render.so.0.0.0
7fe266c4c000-7fe266c4e000 r-xp 00000000 08:05 922906                     /usr/lib/x86_64-linux-gnu/libxcb-shm.so.0.0.0
7fe266c4e000-7fe266e4d000 ---p 00002000 08:05 922906                     /usr/lib/x86_64-linux-gnu/libxcb-shm.so.0.0.0
7fe266e4d000-7fe266e4e000 r--p 00001000 08:05 922906                     /usr/lib/x86_64-linux-gnu/libxcb-shm.so.0.0.0
7fe266e4e000-7fe266e4f000 rw-p 00002000 08:05 922906                     /usr/lib/x86_64-linux-gnu/libxcb-shm.so.0.0.0
7fe266e4f000-7fe266e74000 r-xp 00000000 08:05 654139                     /lib/x86_64-linux-gnu/libpng12.so.0.50.0
7fe266e74000-7fe267073000 ---p 00025000 08:05 654139                     /lib/x86_64-linux-gnu/libpng12.so.0.50.0
7fe267073000-7fe267074000 r--p 00024000 08:05 654139                     /lib/x86_64-linux-gnu/libpng12.so.0.50.0
7fe267074000-7fe267075000 rw-p 00025000 08:05 654139                     /lib/x86_64-linux-gnu/libpng12.so.0.50.0
7fe267075000-7fe267116000 r-xp 00000000 08:05 922608                     /usr/lib/x86_64-linux-gnu/libpixman-1.so.0.30.2
7fe267116000-7fe267316000 ---p 000a1000 08:05 922608                     /usr/lib/x86_64-linux-gnu/libpixman-1.so.0.30.2
7fe267316000-7fe26731d000 r--p 000a1000 08:05 922608                     /usr/lib/x86_64-linux-gnu/libpixman-1.so.0.30.2
7fe26731d000-7fe26731e000 rw-p 000a8000 08:05 922608                     /usr/lib/x86_64-linux-gnu/libpixman-1.so.0.30.2
7fe26731e000-7fe26733b000 r-xp 00000000 08:05 922916                     /usr/lib/x86_64-linux-gnu/libxcb.so.1.1.0
7fe26733b000-7fe26753b000 ---p 0001d000 08:05 922916                     /usr/lib/x86_64-linux-gnu/libxcb.so.1.1.0
7fe26753b000-7fe26753c000 r--p 0001d000 08:05 922916                     /usr/lib/x86_64-linux-gnu/libxcb.so.1.1.0
7fe26753c000-7fe26753d000 rw-p 0001e000 08:05 922916                     /usr/lib/x86_64-linux-gnu/libxcb.so.1.1.0
7fe26753d000-7fe2675da000 r-xp 00000000 08:05 921217                     /usr/lib/x86_64-linux-gnu/libfreetype.so.6.11.1
7fe2675da000-7fe2677d9000 ---p 0009d000 08:05 921217                     /usr/lib/x86_64-linux-gnu/libfreetype.so.6.11.1
7fe2677d9000-7fe2677df000 r--p 0009c000 08:05 921217                     /usr/lib/x86_64-linux-gnu/libfreetype.so.6.11.1
7fe2677df000-7fe2677e0000 rw-p 000a2000 08:05 921217                     /usr/lib/x86_64-linux-gnu/libfreetype.so.6.11.1
7fe2677e0000-7fe2677e2000 r-xp 00000000 08:05 921859                     /usr/lib/x86_64-linux-gnu/libXdamage.so.1.1.0
7fe2677e2000-7fe2679e1000 ---p 00002000 08:05 921859                     /usr/lib/x86_64-linux-gnu/libXdamage.so.1.1.0
7fe2679e1000-7fe2679e2000 r--p 00001000 08:05 921859                     /usr/lib/x86_64-linux-gnu/libXdamage.so.1.1.0
7fe2679e2000-7fe2679e3000 rw-p 00002000 08:05 921859                     /usr/lib/x86_64-linux-gnu/libXdamage.so.1.1.0
7fe2679e3000-7fe2679e5000 r-xp 00000000 08:05 921855                     /usr/lib/x86_64-linux-gnu/libXcomposite.so.1.0.0
7fe2679e5000-7fe267be4000 ---p 00002000 08:05 921855                     /usr/lib/x86_64-linux-gnu/libXcomposite.so.1.0.0
7fe267be4000-7fe267be5000 r--p 00001000 08:05 921855                     /usr/lib/x86_64-linux-gnu/libXcomposite.so.1.0.0
7fe267be5000-7fe267be6000 rw-p 00002000 08:05 921855                     /usr/lib/x86_64-linux-gnu/libXcomposite.so.1.0.0
7fe267be6000-7fe267bef000 r-xp 00000000 08:05 921857                     /usr/lib/x86_64-linux-gnu/libXcursor.so.1.0.2
7fe267bef000-7fe267dee000 ---p 00009000 08:05 921857                     /usr/lib/x86_64-linux-gnu/libXcursor.so.1.0.2
7fe267dee000-7fe267def000 r--p 00008000 08:05 921857                     /usr/lib/x86_64-linux-gnu/libXcursor.so.1.0.2
7fe267def000-7fe267df0000 rw-p 00009000 08:05 921857                     /usr/lib/x86_64-linux-gnu/libXcursor.so.1.0.2
7fe267df0000-7fe267dff000 r-xp 00000000 08:05 921871                     /usr/lib/x86_64-linux-gnu/libXi.so.6.1.0
7fe267dff000-7fe267ffe000 ---p 0000f000 08:05 921871                     /usr/lib/x86_64-linux-gnu/libXi.so.6.1.0
7fe267ffe000-7fe267fff000 r--p 0000e000 08:05 921871                     /usr/lib/x86_64-linux-gnu/libXi.so.6.1.0
7fe267fff000-7fe268000000 rw-p 0000f000 08:05 921871                     /usr/lib/x86_64-linux-gnu/libXi.so.6.1.0
7fe268000000-7fe268562000 rw-p 00000000 00:00 0 
7fe268562000-7fe26c000000 ---p 00000000 00:00 0 
7fe26c000000-7fe26c021000 rw-p 00000000 00:00 0 
7fe26c021000-7fe270000000 ---p 00000000 00:00 0 
7fe270000000-7fe27077c000 rw-p 00000000 00:00 0 
7fe27077c000-7fe274000000 ---p 00000000 00:00 0 
7fe274000000-7fe2749ad000 rw-p 00000000 00:00 0 
7fe2749ad000-7fe278000000 ---p 00000000 00:00 0 
7fe278000000-7fe278021000 rw-p 00000000 00:00 0 
7fe278021000-7fe27c000000 ---p 00000000 00:00 0 
7fe27c000000-7fe27c009000 r-xp 00000000 08:05 921883                     /usr/lib/x86_64-linux-gnu/libXrandr.so.2.2.0
7fe27c009000-7fe27c208000 ---p 00009000 08:05 921883                     /usr/lib/x86_64-linux-gnu/libXrandr.so.2.2.0
7fe27c208000-7fe27c209000 r--p 00008000 08:05 921883                     /usr/lib/x86_64-linux-gnu/libXrandr.so.2.2.0
7fe27c209000-7fe27c20a000 rw-p 00009000 08:05 921883                     /usr/lib/x86_64-linux-gnu/libXrandr.so.2.2.0
7fe27c20a000-7fe27c20c000 r-xp 00000000 08:05 921873                     /usr/lib/x86_64-linux-gnu/libXinerama.so.1.0.0
7fe27c20c000-7fe27c40b000 ---p 00002000 08:05 921873                     /usr/lib/x86_64-linux-gnu/libXinerama.so.1.0.0
7fe27c40b000-7fe27c40c000 r--p 00001000 08:05 921873                     /usr/lib/x86_64-linux-gnu/libXinerama.so.1.0.0
7fe27c40c000-7fe27c40d000 rw-p 00002000 08:05 921873                     /usr/lib/x86_64-linux-gnu/libXinerama.so.1.0.0
7fe27c40d000-7fe27c416000 r-xp 00000000 08:05 921885                     /usr/lib/x86_64-linux-gnu/libXrender.so.1.3.0
7fe27c416000-7fe27c615000 ---p 00009000 08:05 921885                     /usr/lib/x86_64-linux-gnu/libXrender.so.1.3.0
7fe27c615000-7fe27c616000 r--p 00008000 08:05 921885                     /usr/lib/x86_64-linux-gnu/libXrender.so.1.3.0
7fe27c616000-7fe27c617000 rw-p 00009000 08:05 921885                     /usr/lib/x86_64-linux-gnu/libXrender.so.1.3.0
7fe27c617000-7fe27c628000 r-xp 00000000 08:05 921863                     /usr/lib/x86_64-linux-gnu/libXext.so.6.4.0
7fe27c628000-7fe27c827000 ---p 00011000 08:05 921863                     /usr/lib/x86_64-linux-gnu/libXext.so.6.4.0
7fe27c827000-7fe27c828000 r--p 00010000 08:05 921863                     /usr/lib/x86_64-linux-gnu/libXext.so.6.4.0
7fe27c828000-7fe27c829000 rw-p 00011000 08:05 921863                     /usr/lib/x86_64-linux-gnu/libXext.so.6.4.0
7fe27c829000-7fe27c92f000 r-xp 00000000 08:05 657729                     /lib/x86_64-linux-gnu/libglib-2.0.so.0.4002.0
7fe27c92f000-7fe27cb2e000 ---p 00106000 08:05 657729                     /lib/x86_64-linux-gnu/libglib-2.0.so.0.4002.0
7fe27cb2e000-7fe27cb2f000 r--p 00105000 08:05 657729                     /lib/x86_64-linux-gnu/libglib-2.0.so.0.4002.0
7fe27cb2f000-7fe27cb30000 rw-p 00106000 08:05 657729                     /lib/x86_64-linux-gnu/libglib-2.0.so.0.4002.0
7fe27cb30000-7fe27cb31000 rw-p 00000000 00:00 0 
7fe27cb31000-7fe27cb80000 r-xp 00000000 08:05 922261                     /usr/lib/x86_64-linux-gnu/libgobject-2.0.so.0.4002.0
7fe27cb80000-7fe27cd80000 ---p 0004f000 08:05 922261                     /usr/lib/x86_64-linux-gnu/libgobject-2.0.so.0.4002.0
7fe27cd80000-7fe27cd81000 r--p 0004f000 08:05 922261                     /usr/lib/x86_64-linux-gnu/libgobject-2.0.so.0.4002.0
7fe27cd81000-7fe27cd82000 rw-p 00050000 08:05 922261                     /usr/lib/x86_64-linux-gnu/libgobject-2.0.so.0.4002.0
7fe27cd82000-7fe27cdbc000 r-xp 00000000 08:05 922146                     /usr/lib/x86_64-linux-gnu/libfontconfig.so.1.8.0
7fe27cdbc000-7fe27cfbb000 ---p 0003a000 08:05 922146                     /usr/lib/x86_64-linux-gnu/libfontconfig.so.1.8.0
7fe27cfbb000-7fe27cfbd000 r--p 00039000 08:05 922146                     /usr/lib/x86_64-linux-gnu/libfontconfig.so.1.8.0
7fe27cfbd000-7fe27cfbe000 rw-p 0003b000 08:05 922146                     /usr/lib/x86_64-linux-gnu/libfontconfig.so.1.8.0
7fe27cfbe000-7fe27d008000 r-xp 00000000 08:05 922585                     /usr/lib/x86_64-linux-gnu/libpango-1.0.so.0.3600.3
7fe27d008000-7fe27d208000 ---p 0004a000 08:05 922585                     /usr/lib/x86_64-linux-gnu/libpango-1.0.so.0.3600.3
7fe27d208000-7fe27d20a000 r--p 0004a000 08:05 922585                     /usr/lib/x86_64-linux-gnu/libpango-1.0.so.0.3600.3
7fe27d20a000-7fe27d20b000 rw-p 0004c000 08:05 922585                     /usr/lib/x86_64-linux-gnu/libpango-1.0.so.0.3600.3
7fe27d20b000-7fe27d21f000 r-xp 00000000 08:05 922589                     /usr/lib/x86_64-linux-gnu/libpangoft2-1.0.so.0.3600.3
7fe27d21f000-7fe27d41e000 ---p 00014000 08:05 922589                     /usr/lib/x86_64-linux-gnu/libpangoft2-1.0.so.0.3600.3
7fe27d41e000-7fe27d41f000 r--p 00013000 08:05 922589                     /usr/lib/x86_64-linux-gnu/libpangoft2-1.0.so.0.3600.3
7fe27d41f000-7fe27d420000 rw-p 00014000 08:05 922589                     /usr/lib/x86_64-linux-gnu/libpangoft2-1.0.so.0.3600.3
7fe27d420000-7fe27d58c000 r-xp 00000000 08:05 922233                     /usr/lib/x86_64-linux-gnu/libgio-2.0.so.0.4002.0
7fe27d58c000-7fe27d78b000 ---p 0016c000 08:05 922233                     /usr/lib/x86_64-linux-gnu/libgio-2.0.so.0.4002.0
7fe27d78b000-7fe27d78f000 r--p 0016b000 08:05 922233                     /usr/lib/x86_64-linux-gnu/libgio-2.0.so.0.4002.0
7fe27d78f000-7fe27d791000 rw-p 0016f000 08:05 922233                     /usr/lib/x86_64-linux-gnu/libgio-2.0.so.0.4002.0
7fe27d791000-7fe27d793000 rw-p 00000000 00:00 0 
7fe27d793000-7fe27d7b3000 r-xp 00000000 08:05 921307                     /usr/lib/x86_64-linux-gnu/libgdk_pixbuf-2.0.so.0.3000.7
7fe27d7b3000-7fe27d9b2000 ---p 00020000 08:05 921307                     /usr/lib/x86_64-linux-gnu/libgdk_pixbuf-2.0.so.0.3000.7
7fe27d9b2000-7fe27d9b3000 r--p 0001f000 08:05 921307                     /usr/lib/x86_64-linux-gnu/libgdk_pixbuf-2.0.so.0.3000.7
7fe27d9b3000-7fe27d9b4000 rw-p 00020000 08:05 921307                     /usr/lib/x86_64-linux-gnu/libgdk_pixbuf-2.0.so.0.3000.7
7fe27d9b4000-7fe27daba000 r-xp 00000000 08:05 921981                     /usr/lib/x86_64-linux-gnu/libcairo.so.2.11301.0
7fe27daba000-7fe27dcb9000 ---p 00106000 08:05 921981                     /usr/lib/x86_64-linux-gnu/libcairo.so.2.11301.0
7fe27dcb9000-7fe27dcbc000 r--p 00105000 08:05 921981                     /usr/lib/x86_64-linux-gnu/libcairo.so.2.11301.0
7fe27dcbc000-7fe27dcbd000 rw-p 00108000 08:05 921981                     /usr/lib/x86_64-linux-gnu/libcairo.so.2.11301.0
7fe27dcbd000-7fe27dcbf000 rw-p 00000000 00:00 0 
7fe27dcbf000-7fe27dcde000 r-xp 00000000 08:05 921942                     /usr/lib/x86_64-linux-gnu/libatk-1.0.so.0.21009.1
7fe27dcde000-7fe27dede000 ---p 0001f000 08:05 921942                     /usr/lib/x86_64-linux-gnu/libatk-1.0.so.0.21009.1
7fe27dede000-7fe27dee0000 r--p 0001f000 08:05 921942                     /usr/lib/x86_64-linux-gnu/libatk-1.0.so.0.21009.1
7fe27dee0000-7fe27dee1000 rw-p 00021000 08:05 921942                     /usr/lib/x86_64-linux-gnu/libatk-1.0.so.0.21009.1
7fe27dee1000-7fe27dee6000 r-xp 00000000 08:05 921865                     /usr/lib/x86_64-linux-gnu/libXfixes.so.3.1.0
7fe27dee6000-7fe27e0e5000 ---p 00005000 08:05 921865                     /usr/lib/x86_64-linux-gnu/libXfixes.so.3.1.0
7fe27e0e5000-7fe27e0e6000 r--p 00004000 08:05 921865                     /usr/lib/x86_64-linux-gnu/libXfixes.so.3.1.0
7fe27e0e6000-7fe27e0e7000 rw-p 00005000 08:05 921865                     /usr/lib/x86_64-linux-gnu/libXfixes.so.3.1.0
7fe27e0e7000-7fe27e217000 r-xp 00000000 08:05 921846                     /usr/lib/x86_64-linux-gnu/libX11.so.6.3.0
7fe27e217000-7fe27e417000 ---p 00130000 08:05 921846                     /usr/lib/x86_64-linux-gnu/libX11.so.6.3.0
7fe27e417000-7fe27e418000 r--p 00130000 08:05 921846                     /usr/lib/x86_64-linux-gnu/libX11.so.6.3.0
7fe27e418000-7fe27e41c000 rw-p 00131000 08:05 921846                     /usr/lib/x86_64-linux-gnu/libX11.so.6.3.0
7fe27e41c000-7fe27e427000 r-xp 00000000 08:05 922587                     /usr/lib/x86_64-linux-gnu/libpangocairo-1.0.so.0.3600.3
7fe27e427000-7fe27e627000 ---p 0000b000 08:05 922587                     /usr/lib/x86_64-linux-gnu/libpangocairo-1.0.so.0.3600.3
7fe27e627000-7fe27e628000 r--p 0000b000 08:05 922587                     /usr/lib/x86_64-linux-gnu/libpangocairo-1.0.so.0.3600.3
7fe27e628000-7fe27e629000 rw-p 0000c000 08:05 922587                     /usr/lib/x86_64-linux-gnu/libpangocairo-1.0.so.0.3600.3
7fe27e629000-7fe27e62c000 r-xp 00000000 08:05 922245                     /usr/lib/x86_64-linux-gnu/libgmodule-2.0.so.0.4002.0
7fe27e62c000-7fe27e82b000 ---p 00003000 08:05 922245                     /usr/lib/x86_64-linux-gnu/libgmodule-2.0.so.0.4002.0
7fe27e82b000-7fe27e82c000 r--p 00002000 08:05 922245                     /usr/lib/x86_64-linux-gnu/libgmodule-2.0.so.0.4002.0
7fe27e82c000-7fe27e82d000 rw-p 00003000 08:05 922245                     /usr/lib/x86_64-linux-gnu/libgmodule-2.0.so.0.4002.0
7fe27e82d000-7fe27e8db000 r-xp 00000000 08:05 921225                     /usr/lib/x86_64-linux-gnu/libgdk-x11-2.0.so.0.2400.23
7fe27e8db000-7fe27eada000 ---p 000ae000 08:05 921225                     /usr/lib/x86_64-linux-gnu/libgdk-x11-2.0.so.0.2400.23
7fe27eada000-7fe27eade000 r--p 000ad000 08:05 921225                     /usr/lib/x86_64-linux-gnu/libgdk-x11-2.0.so.0.2400.23
7fe27eade000-7fe27eae0000 rw-p 000b1000 08:05 921225                     /usr/lib/x86_64-linux-gnu/libgdk-x11-2.0.so.0.2400.23
7fe27eae0000-7fe27eae5000 r-xp 00000000 08:05 921891                     /usr/lib/x86_64-linux-gnu/libXtst.so.6.1.0
7fe27eae5000-7fe27ece4000 ---p 00005000 08:05 921891                     /usr/lib/x86_64-linux-gnu/libXtst.so.6.1.0
7fe27ece4000-7fe27ece5000 r--p 00004000 08:05 921891                     /usr/lib/x86_64-linux-gnu/libXtst.so.6.1.0
7fe27ece5000-7fe27ece6000 rw-p 00005000 08:05 921891                     /usr/lib/x86_64-linux-gnu/libXtst.so.6.1.0
7fe27ece6000-7fe27ece7000 r-xp 00000000 08:05 922368                     /usr/lib/x86_64-linux-gnu/libgthread-2.0.so.0.4002.0
7fe27ece7000-7fe27eee6000 ---p 00001000 08:05 922368                     /usr/lib/x86_64-linux-gnu/libgthread-2.0.so.0.4002.0
7fe27eee6000-7fe27eee7000 r--p 00000000 08:05 922368                     /usr/lib/x86_64-linux-gnu/libgthread-2.0.so.0.4002.0
7fe27eee7000-7fe27eee8000 rw-p 00001000 08:05 922368                     /usr/lib/x86_64-linux-gnu/libgthread-2.0.so.0.4002.0
7fe27eee8000-7fe27f318000 r-xp 00000000 08:05 921226                     /usr/lib/x86_64-linux-gnu/libgtk-x11-2.0.so.0.2400.23
7fe27f318000-7fe27f517000 ---p 00430000 08:05 921226                     /usr/lib/x86_64-linux-gnu/libgtk-x11-2.0.so.0.2400.23
7fe27f517000-7fe27f51e000 r--p 0042f000 08:05 921226                     /usr/lib/x86_64-linux-gnu/libgtk-x11-2.0.so.0.2400.23
7fe27f51e000-7fe27f522000 rw-p 00436000 08:05 921226                     /usr/lib/x86_64-linux-gnu/libgtk-x11-2.0.so.0.2400.23
7fe27f522000-7fe27f525000 rw-p 00000000 00:00 0 
7fe27f525000-7fe27f53e000 r--p 00000000 08:05 168294                     /usr/share/locale-langpack/es/LC_MESSAGES/glib20.mo
7fe27f53e000-7fe27f545000 r--s 00000000 08:05 1047829                    /usr/lib/x86_64-linux-gnu/gconv/gconv-modules.cache
7fe27f545000-7fe27f5b1000 r-xp 00000000 08:05 169256                     /tmp/swtlib-64/libswt-pi-gtk-3557.so
7fe27f5b1000-7fe27f6b0000 ---p 0006c000 08:05 169256                     /tmp/swtlib-64/libswt-pi-gtk-3557.so
7fe27f6b0000-7fe27f6b4000 rw-p 0006b000 08:05 169256                     /tmp/swtlib-64/libswt-pi-gtk-3557.so
7fe27f6b4000-7fe27f6b5000 rw-p 00000000 00:00 0 
7fe27f6b5000-7fe27f6f5000 r-xp 00000000 08:05 169232                     /tmp/swtlib-64/libswt-gtk-3557.so
7fe27f6f5000-7fe27f7f5000 ---p 00040000 08:05 169232                     /tmp/swtlib-64/libswt-gtk-3557.so
7fe27f7f5000-7fe27f7f9000 rw-p 00040000 08:05 169232                     /tmp/swtlib-64/libswt-gtk-3557.so
7fe27f7f9000-7fe27f9fa000 rw-p 00000000 00:00 0 
7fe27f9fa000-7fe27f9fb000 ---p 00000000 00:00 0 
7fe27f9fb000-7fe27fafb000 rw-p 00000000 00:00 0                          [stack:3556]
7fe27fafb000-7fe27fafe000 ---p 00000000 00:00 0 
7fe27fafe000-7fe27fbfc000 rw-p 00000000 00:00 0                          [stack:3555]
7fe27fbfc000-7fe27fbff000 ---p 00000000 00:00 0 
7fe27fbff000-7fe27fcfd000 rw-p 00000000 00:00 0                          [stack:3554]
7fe27fcfd000-7fe27fd00000 ---p 00000000 00:00 0 
7fe27fd00000-7fe27fdfe000 rw-p 00000000 00:00 0                          [stack:3553]
7fe27fdfe000-7fe27fe01000 ---p 00000000 00:00 0 
7fe27fe01000-7fe27feff000 rw-p 00000000 00:00 0                          [stack:3552]
7fe27feff000-7fe27ff02000 ---p 00000000 00:00 0 
7fe27ff02000-7fe280000000 rw-p 00000000 00:00 0                          [stack:3551]
7fe280000000-7fe280021000 rw-p 00000000 00:00 0 
7fe280021000-7fe284000000 ---p 00000000 00:00 0 
7fe284000000-7fe284021000 rw-p 00000000 00:00 0 
7fe284021000-7fe288000000 ---p 00000000 00:00 0 
7fe288000000-7fe288021000 rw-p 00000000 00:00 0 
7fe288021000-7fe28c000000 ---p 00000000 00:00 0 
7fe28c000000-7fe28c28a000 rw-p 00000000 00:00 0 
7fe28c28a000-7fe290000000 ---p 00000000 00:00 0 
7fe290000000-7fe290021000 rw-p 00000000 00:00 0 
7fe290021000-7fe294000000 ---p 00000000 00:00 0 
7fe294000000-7fe294021000 rw-p 00000000 00:00 0 
7fe294021000-7fe298000000 ---p 00000000 00:00 0 
7fe298000000-7fe298001000 r--s 00000000 08:05 289525                     /var/cache/fontconfig/0c9eb80ebd1c36541ebe2852d3bb0c49-le64.cache-4
7fe298001000-7fe298002000 r--s 00000000 00:16 19740                      /run/user/1000/dconf/user
7fe298002000-7fe298011000 r--p 00000000 08:05 168339                     /usr/share/locale-langpack/es/LC_MESSAGES/gtk20.mo
7fe298011000-7fe298014000 r--s 0001a000 08:05 807774                     /usr/lib/jvm/java-8-oracle/jre/lib/jce.jar
7fe298014000-7fe298019000 r--s 00096000 08:05 807776                     /usr/lib/jvm/java-8-oracle/jre/lib/jsse.jar
7fe298019000-7fe29801d000 r--s 00038000 08:05 951484                     /home/chibi/.m2/repository/commons-lang/commons-lang/2.2/commons-lang-2.2.jar
7fe29801d000-7fe298025000 r--s 00053000 08:05 951483                     /home/chibi/.m2/repository/net/sf/oval/oval/1.81/oval-1.81.jar
7fe298025000-7fe298027000 r--s 0000d000 08:05 927933                     /home/chibi/.m2/repository/commons-logging/commons-logging/1.1.1/commons-logging-1.1.1.jar
7fe298027000-7fe29802c000 r--s 00034000 08:05 951481                     /home/chibi/.m2/repository/commons-beanutils/commons-beanutils/1.8.3/commons-beanutils-1.8.3.jar
7fe29802c000-7fe298038000 r--s 00076000 08:05 940392                     /home/chibi/.m2/repository/net/sourceforge/collections/collections-generic/4.01/collections-generic-4.01.jar
7fe298038000-7fe298046000 r--s 0007f000 08:05 927228                     /home/chibi/.m2/repository/commons-collections/commons-collections/3.2.1/commons-collections-3.2.1.jar
7fe298046000-7fe29804f000 r--s 0006d000 08:05 942749                     /home/chibi/.m2/repository/log4j/log4j/1.2.16/log4j-1.2.16.jar
7fe29804f000-7fe298051000 r--s 00008000 08:05 951476                     /home/chibi/.m2/repository/org/uqbar-project/uqbar-domain/3.6.1/uqbar-domain-3.6.1.jar
7fe298051000-7fe298054000 r--s 0000f000 08:05 943495                     /home/chibi/Descargas/eclipse/plugins/org.eclipse.xtend.lib.macro_2.9.0.v201512010527.jar
7fe298054000-7fe298059000 r--s 00036000 08:05 943494                     /home/chibi/Descargas/eclipse/plugins/org.eclipse.xtend.lib_2.9.0.v201512010527.jar
7fe298059000-7fe29805c000 r--s 0001f000 08:05 943805                     /home/chibi/Descargas/eclipse/plugins/org.eclipse.xtext.xbase.lib_2.9.0.v201512010527.jar
7fe29805c000-7fe298085000 r--s 00200000 08:05 932915                     /home/chibi/Descargas/eclipse/plugins/com.google.guava_15.0.0.v201403281430.jar
7fe298085000-7fe2980a6000 r--s 00162000 08:05 952018                     /home/chibi/.m2/repository/org/mockito/mockito-all/1.9.5/mockito-all-1.9.5.jar
7fe2980a6000-7fe2980a9000 r--s 0000c000 08:05 961531                     /home/chibi/.m2/repository/org/eclipse/xtend/org.eclipse.xtend.lib.macro/2.9.1/org.eclipse.xtend.lib.macro-2.9.1.jar
7fe2980a9000-7fe2980d2000 r--s 001ee000 08:05 942551                     /home/chibi/.m2/repository/com/google/guava/guava/14.0.1/guava-14.0.1.jar
7fe2980d2000-7fe2980d5000 r--s 0001b000 08:05 961529                     /home/chibi/.m2/repository/org/eclipse/xtext/org.eclipse.xtext.xbase.lib/2.9.1/org.eclipse.xtext.xbase.lib-2.9.1.jar
7fe2980d5000-7fe2980d9000 r--s 00022000 08:05 961525                     /home/chibi/.m2/repository/org/eclipse/xtend/org.eclipse.xtend.lib/2.9.1/org.eclipse.xtend.lib-2.9.1.jar
7fe2980d9000-7fe2980db000 r--s 00002000 08:05 961523                     /home/chibi/.m2/repository/org/uqbar-project/arena-xtend/3.6.1/arena-xtend-3.6.1.jar
7fe2980db000-7fe2980e5000 r--s 00095000 08:05 916803                     /home/chibi/.m2/repository/org/scala-lang/modules/scala-xml_2.11/1.0.2/scala-xml_2.11-1.0.2.jar
7fe2980e5000-7fe29813d000 r--s 004f2000 08:05 952183                     /home/chibi/.m2/repository/org/scala-lang/scala-library/2.11.2/scala-library-2.11.2.jar
7fe29813d000-7fe298150000 r--s 00211000 08:05 933303                     /home/chibi/.m2/repository/org/eclipse/swt/gtk/org.eclipse.swt.gtk.linux.x86_64/3.5.2.v3557f/org.eclipse.swt.gtk.linux.x86_64-3.5.2.v3557f.jar
7fe298150000-7fe298194000 r--s 0037c000 08:05 918073                     /home/chibi/.m2/repository/org/eclipse/ui/org.eclipse.ui.workbench/3.4.2.M20090127-1700/org.eclipse.ui.workbench-3.4.2.M20090127-1700.jar
7fe298194000-7fe2981a3000 r--s 000e5000 08:05 917936                     /home/chibi/.m2/repository/org/eclipse/org.eclipse.osgi/3.4.3.R34x_v20081215-1030/org.eclipse.osgi-3.4.3.R34x_v20081215-1030.jar
7fe2981a3000-7fe2981b7000 r--s 000eb000 08:05 917228                     /home/chibi/.m2/repository/org/eclipse/org.eclipse.jface/3.4.2.M20090107-0800/org.eclipse.jface-3.4.2.M20090107-0800.jar
7fe2981b7000-7fe2981bc000 r--s 0002b000 08:05 917172                     /home/chibi/.m2/repository/org/eclipse/jface/org.eclipse.jface.databinding/1.2.1.M20080827-0800a/org.eclipse.jface.databinding-1.2.1.M20080827-0800a.jar
7fe2981bc000-7fe29820a000 r--s 0087c000 08:05 940691                     /home/chibi/.m2/repository/com/ibm/icu/icu4j/50.1.1/icu4j-50.1.1.jar
7fe29820a000-7fe2988ec000 r--p 00000000 08:05 789633                     /usr/lib/locale/locale-archive
7fe2988ec000-7fe2988ef000 ---p 00000000 00:00 0 
7fe2988ef000-7fe2989ed000 rw-p 00000000 00:00 0                          [stack:3550]
7fe2989ed000-7fe2989f0000 ---p 00000000 00:00 0 
7fe2989f0000-7fe298aee000 rw-p 00000000 00:00 0                          [stack:3549]
7fe298aee000-7fe298aef000 ---p 00000000 00:00 0 
7fe298aef000-7fe29c000000 rw-p 00000000 00:00 0                          [stack:3548]
7fe29c000000-7fe29c021000 rw-p 00000000 00:00 0 
7fe29c021000-7fe2a0000000 ---p 00000000 00:00 0 
7fe2a0000000-7fe2a0001000 r--s 00003000 08:05 918008                     /home/chibi/.m2/repository/org/eclipse/org.eclipse.swt/3.4.2.v3452b/org.eclipse.swt-3.4.2.v3452b.jar
7fe2a0001000-7fe2a0004000 r--s 00015000 08:05 917168                     /home/chibi/.m2/repository/org/eclipse/equinox/org.eclipse.equinox.common/3.4.0.v20080421-2006/org.eclipse.equinox.common-3.4.0.v20080421-2006.jar
7fe2a0004000-7fe2a000d000 r--s 0004c000 08:05 917136                     /home/chibi/.m2/repository/org/eclipse/core/org.eclipse.core.databinding/1.1.1.M20080827-0800b/org.eclipse.core.databinding-1.1.1.M20080827-0800b.jar
7fe2a000d000-7fe2a0010000 r--s 00017000 08:05 917117                     /home/chibi/.m2/repository/org/eclipse/core/org.eclipse.core.commands/3.4.0.I20080509-2000/org.eclipse.core.commands-3.4.0.I20080509-2000.jar
7fe2a0010000-7fe2a0015000 r--s 00016000 08:05 951959                     /home/chibi/.m2/repository/xml-apis/xml-apis/1.0.b2/xml-apis-1.0.b2.jar
7fe2a0015000-7fe2a001a000 r--s 00048000 08:05 942722                     /home/chibi/.m2/repository/dom4j/dom4j/1.6.1/dom4j-1.6.1.jar
7fe2a001a000-7fe2a021c000 rw-p 00000000 00:00 0 
7fe2a021c000-7fe2a03f5000 r--s 03d20000 08:05 807771                     /usr/lib/jvm/java-8-oracle/jre/lib/rt.jar
7fe2a03f5000-7fe2a0653000 rw-p 00000000 00:00 0 
7fe2a0653000-7fe2a0654000 ---p 00000000 00:00 0 
7fe2a0654000-7fe2a0754000 rw-p 00000000 00:00 0                          [stack:3546]
7fe2a0754000-7fe2a0755000 ---p 00000000 00:00 0 
7fe2a0755000-7fe2a0855000 rw-p 00000000 00:00 0                          [stack:3545]
7fe2a0855000-7fe2a0856000 ---p 00000000 00:00 0 
7fe2a0856000-7fe2a0956000 rw-p 00000000 00:00 0                          [stack:3544]
7fe2a0956000-7fe2a0957000 ---p 00000000 00:00 0 
7fe2a0957000-7fe2a0a6c000 rw-p 00000000 00:00 0                          [stack:3543]
7fe2a0a6c000-7fe2a0b9c000 ---p 00000000 00:00 0 
7fe2a0b9c000-7fe2a0be5000 rw-p 00000000 00:00 0 
7fe2a0be5000-7fe2a0c3f000 ---p 00000000 00:00 0 
7fe2a0c3f000-7fe2a0c5b000 rw-p 00000000 00:00 0 
7fe2a0c5b000-7fe2a1000000 ---p 00000000 00:00 0 
7fe2a1000000-7fe2a1690000 rwxp 00000000 00:00 0 
7fe2a1690000-7fe2b0000000 ---p 00000000 00:00 0 
7fe2b0000000-7fe2b0b75000 rw-p 00000000 00:00 0 
7fe2b0b75000-7fe2b4000000 ---p 00000000 00:00 0 
7fe2b4000000-7fe2b4002000 r--s 0000d000 08:05 917123                     /home/chibi/.m2/repository/org/eclipse/core/databinding/org.eclipse.core.databinding.beans/1.1.1.M20080827-0800a/org.eclipse.core.databinding.beans-1.1.1.M20080827-0800a.jar
7fe2b4002000-7fe2b4005000 r--s 00017000 08:05 951950                     /home/chibi/.m2/repository/org/reflections/reflections/0.9.8/reflections-0.9.8.jar
7fe2b4005000-7fe2b400f000 r--s 000a5000 08:05 951946                     /home/chibi/.m2/repository/org/javassist/javassist/3.18.1-GA/javassist-3.18.1-GA.jar
7fe2b400f000-7fe2b4013000 r--s 00028000 08:05 951944                     /home/chibi/.m2/repository/org/uqbar-project/arena-apo/3.6.1/arena-apo-3.6.1.jar
7fe2b4013000-7fe2b4016000 r--s 00014000 08:05 951941                     /home/chibi/.m2/repository/org/uqbar-project/arena-pot/3.6.1/arena-pot-3.6.1.jar
7fe2b4016000-7fe2b401d000 r--s 0002c000 08:05 951937                     /home/chibi/.m2/repository/org/uqbar-project/arena-core/3.6.1/arena-core-3.6.1.jar
7fe2b401d000-7fe2b4053000 rw-p 00000000 00:00 0 
7fe2b4053000-7fe2b4184000 ---p 00000000 00:00 0 
7fe2b4184000-7fe2b419e000 r-xp 00000000 08:05 807888                     /usr/lib/jvm/java-8-oracle/jre/lib/amd64/libzip.so
7fe2b419e000-7fe2b439e000 ---p 0001a000 08:05 807888                     /usr/lib/jvm/java-8-oracle/jre/lib/amd64/libzip.so
7fe2b439e000-7fe2b439f000 rw-p 0001a000 08:05 807888                     /usr/lib/jvm/java-8-oracle/jre/lib/amd64/libzip.so
7fe2b439f000-7fe2b43aa000 r-xp 00000000 08:05 657773                     /lib/x86_64-linux-gnu/libnss_files-2.19.so
7fe2b43aa000-7fe2b45a9000 ---p 0000b000 08:05 657773                     /lib/x86_64-linux-gnu/libnss_files-2.19.so
7fe2b45a9000-7fe2b45aa000 r--p 0000a000 08:05 657773                     /lib/x86_64-linux-gnu/libnss_files-2.19.so
7fe2b45aa000-7fe2b45ab000 rw-p 0000b000 08:05 657773                     /lib/x86_64-linux-gnu/libnss_files-2.19.so
7fe2b45ab000-7fe2b45b6000 r-xp 00000000 08:05 657783                     /lib/x86_64-linux-gnu/libnss_nis-2.19.so
7fe2b45b6000-7fe2b47b5000 ---p 0000b000 08:05 657783                     /lib/x86_64-linux-gnu/libnss_nis-2.19.so
7fe2b47b5000-7fe2b47b6000 r--p 0000a000 08:05 657783                     /lib/x86_64-linux-gnu/libnss_nis-2.19.so
7fe2b47b6000-7fe2b47b7000 rw-p 0000b000 08:05 657783                     /lib/x86_64-linux-gnu/libnss_nis-2.19.so
7fe2b47b7000-7fe2b47ce000 r-xp 00000000 08:05 657767                     /lib/x86_64-linux-gnu/libnsl-2.19.so
7fe2b47ce000-7fe2b49cd000 ---p 00017000 08:05 657767                     /lib/x86_64-linux-gnu/libnsl-2.19.so
7fe2b49cd000-7fe2b49ce000 r--p 00016000 08:05 657767                     /lib/x86_64-linux-gnu/libnsl-2.19.so
7fe2b49ce000-7fe2b49cf000 rw-p 00017000 08:05 657767                     /lib/x86_64-linux-gnu/libnsl-2.19.so
7fe2b49cf000-7fe2b49d1000 rw-p 00000000 00:00 0 
7fe2b49d1000-7fe2b49da000 r-xp 00000000 08:05 657769                     /lib/x86_64-linux-gnu/libnss_compat-2.19.so
7fe2b49da000-7fe2b4bd9000 ---p 00009000 08:05 657769                     /lib/x86_64-linux-gnu/libnss_compat-2.19.so
7fe2b4bd9000-7fe2b4bda000 r--p 00008000 08:05 657769                     /lib/x86_64-linux-gnu/libnss_compat-2.19.so
7fe2b4bda000-7fe2b4bdb000 rw-p 00009000 08:05 657769                     /lib/x86_64-linux-gnu/libnss_compat-2.19.so
7fe2b4bdb000-7fe2b4c05000 r-xp 00000000 08:05 807882                     /usr/lib/jvm/java-8-oracle/jre/lib/amd64/libjava.so
7fe2b4c05000-7fe2b4e05000 ---p 0002a000 08:05 807882                     /usr/lib/jvm/java-8-oracle/jre/lib/amd64/libjava.so
7fe2b4e05000-7fe2b4e07000 rw-p 0002a000 08:05 807882                     /usr/lib/jvm/java-8-oracle/jre/lib/amd64/libjava.so
7fe2b4e07000-7fe2b4e14000 r-xp 00000000 08:05 807881                     /usr/lib/jvm/java-8-oracle/jre/lib/amd64/libverify.so
7fe2b4e14000-7fe2b5014000 ---p 0000d000 08:05 807881                     /usr/lib/jvm/java-8-oracle/jre/lib/amd64/libverify.so
7fe2b5014000-7fe2b5016000 rw-p 0000d000 08:05 807881                     /usr/lib/jvm/java-8-oracle/jre/lib/amd64/libverify.so
7fe2b5016000-7fe2b501d000 r-xp 00000000 08:05 657826                     /lib/x86_64-linux-gnu/librt-2.19.so
7fe2b501d000-7fe2b521c000 ---p 00007000 08:05 657826                     /lib/x86_64-linux-gnu/librt-2.19.so
7fe2b521c000-7fe2b521d000 r--p 00006000 08:05 657826                     /lib/x86_64-linux-gnu/librt-2.19.so
7fe2b521d000-7fe2b521e000 rw-p 00007000 08:05 657826                     /lib/x86_64-linux-gnu/librt-2.19.so
7fe2b521e000-7fe2b5323000 r-xp 00000000 08:05 657748                     /lib/x86_64-linux-gnu/libm-2.19.so
7fe2b5323000-7fe2b5522000 ---p 00105000 08:05 657748                     /lib/x86_64-linux-gnu/libm-2.19.so
7fe2b5522000-7fe2b5523000 r--p 00104000 08:05 657748                     /lib/x86_64-linux-gnu/libm-2.19.so
7fe2b5523000-7fe2b5524000 rw-p 00105000 08:05 657748                     /lib/x86_64-linux-gnu/libm-2.19.so
7fe2b5524000-7fe2b61e2000 r-xp 00000000 08:05 807898                     /usr/lib/jvm/java-8-oracle/jre/lib/amd64/server/libjvm.so
7fe2b61e2000-7fe2b63e1000 ---p 00cbe000 08:05 807898                     /usr/lib/jvm/java-8-oracle/jre/lib/amd64/server/libjvm.so
7fe2b63e1000-7fe2b64ba000 rw-p 00cbd000 08:05 807898                     /usr/lib/jvm/java-8-oracle/jre/lib/amd64/server/libjvm.so
7fe2b64ba000-7fe2b64fe000 rw-p 00000000 00:00 0 
7fe2b64fe000-7fe2b66b9000 r-xp 00000000 08:05 657698                     /lib/x86_64-linux-gnu/libc-2.19.so
7fe2b66b9000-7fe2b68b8000 ---p 001bb000 08:05 657698                     /lib/x86_64-linux-gnu/libc-2.19.so
7fe2b68b8000-7fe2b68bc000 r--p 001ba000 08:05 657698                     /lib/x86_64-linux-gnu/libc-2.19.so
7fe2b68bc000-7fe2b68be000 rw-p 001be000 08:05 657698                     /lib/x86_64-linux-gnu/libc-2.19.so
7fe2b68be000-7fe2b68c3000 rw-p 00000000 00:00 0 
7fe2b68c3000-7fe2b68c6000 r-xp 00000000 08:05 657715                     /lib/x86_64-linux-gnu/libdl-2.19.so
7fe2b68c6000-7fe2b6ac5000 ---p 00003000 08:05 657715                     /lib/x86_64-linux-gnu/libdl-2.19.so
7fe2b6ac5000-7fe2b6ac6000 r--p 00002000 08:05 657715                     /lib/x86_64-linux-gnu/libdl-2.19.so
7fe2b6ac6000-7fe2b6ac7000 rw-p 00003000 08:05 657715                     /lib/x86_64-linux-gnu/libdl-2.19.so
7fe2b6ac7000-7fe2b6adc000 r-xp 00000000 08:05 809124                     /usr/lib/jvm/java-8-oracle/lib/amd64/jli/libjli.so
7fe2b6adc000-7fe2b6cdc000 ---p 00015000 08:05 809124                     /usr/lib/jvm/java-8-oracle/lib/amd64/jli/libjli.so
7fe2b6cdc000-7fe2b6cdd000 rw-p 00015000 08:05 809124                     /usr/lib/jvm/java-8-oracle/lib/amd64/jli/libjli.so
7fe2b6cdd000-7fe2b6cf6000 r-xp 00000000 08:05 657818                     /lib/x86_64-linux-gnu/libpthread-2.19.so
7fe2b6cf6000-7fe2b6ef5000 ---p 00019000 08:05 657818                     /lib/x86_64-linux-gnu/libpthread-2.19.so
7fe2b6ef5000-7fe2b6ef6000 r--p 00018000 08:05 657818                     /lib/x86_64-linux-gnu/libpthread-2.19.so
7fe2b6ef6000-7fe2b6ef7000 rw-p 00019000 08:05 657818                     /lib/x86_64-linux-gnu/libpthread-2.19.so
7fe2b6ef7000-7fe2b6efb000 rw-p 00000000 00:00 0 
7fe2b6efb000-7fe2b6f1e000 r-xp 00000000 08:05 657674                     /lib/x86_64-linux-gnu/ld-2.19.so
7fe2b6f1e000-7fe2b6f24000 r--s 00035000 08:05 951933                     /home/chibi/.m2/repository/org/uqbar-project/arena-jface/3.6.1/arena-jface-3.6.1.jar
7fe2b6f24000-7fe2b6ff6000 rw-p 00000000 00:00 0 
7fe2b6ff6000-7fe2b6ff9000 ---p 00000000 00:00 0 
7fe2b6ff9000-7fe2b70fb000 rw-p 00000000 00:00 0                          [stack:3539]
7fe2b70fb000-7fe2b70fd000 r--s 00008000 08:05 933654                     /home/chibi/.m2/repository/org/uqbar-project/arena-poo/3.6.1/arena-poo-3.6.1.jar
7fe2b70fd000-7fe2b7111000 rw-p 00000000 00:00 0 
7fe2b7111000-7fe2b7119000 rw-s 00000000 08:05 169440                     /tmp/hsperfdata_chibi/3537
7fe2b7119000-7fe2b711a000 rw-p 00000000 00:00 0 
7fe2b711a000-7fe2b711b000 ---p 00000000 00:00 0 
7fe2b711b000-7fe2b711d000 rw-p 00000000 00:00 0 
7fe2b711d000-7fe2b711e000 r--p 00022000 08:05 657674                     /lib/x86_64-linux-gnu/ld-2.19.so
7fe2b711e000-7fe2b711f000 rw-p 00023000 08:05 657674                     /lib/x86_64-linux-gnu/ld-2.19.so
7fe2b711f000-7fe2b7120000 rw-p 00000000 00:00 0 
7ffff1236000-7ffff1258000 rw-p 00000000 00:00 0                          [stack]
7ffff1347000-7ffff1349000 r--p 00000000 00:00 0                          [vvar]
7ffff1349000-7ffff134b000 r-xp 00000000 00:00 0                          [vdso]
ffffffffff600000-ffffffffff601000 r-xp 00000000 00:00 0                  [vsyscall]

VM Arguments:
jvm_args: -Djava.system.class.loader=org.uqbar.apo.APOClassLoader -Dfile.encoding=UTF-8 
java_command: runnable.AplicacionLaberinto
java_class_path (initial): /home/chibi/Escritorio/UIS-Laberinto/UIS-Arena/target/classes:/home/chibi/.m2/repository/org/uqbar-project/arena-jface/3.6.1/arena-jface-3.6.1.jar:/home/chibi/.m2/repository/org/uqbar-project/arena-core/3.6.1/arena-core-3.6.1.jar:/home/chibi/.m2/repository/org/uqbar-project/arena-pot/3.6.1/arena-pot-3.6.1.jar:/home/chibi/.m2/repository/org/uqbar-project/arena-apo/3.6.1/arena-apo-3.6.1.jar:/home/chibi/.m2/repository/org/javassist/javassist/3.18.1-GA/javassist-3.18.1-GA.jar:/home/chibi/.m2/repository/org/reflections/reflections/0.9.8/reflections-0.9.8.jar:/home/chibi/.m2/repository/dom4j/dom4j/1.6.1/dom4j-1.6.1.jar:/home/chibi/.m2/repository/xml-apis/xml-apis/1.0.b2/xml-apis-1.0.b2.jar:/home/chibi/.m2/repository/org/uqbar-project/arena-poo/3.6.1/arena-poo-3.6.1.jar:/home/chibi/.m2/repository/com/ibm/icu/icu4j/50.1.1/icu4j-50.1.1.jar:/home/chibi/.m2/repository/org/eclipse/core/org.eclipse.core.commands/3.4.0.I20080509-2000/org.eclipse.core.commands-3.4.0.I20080509-2000.jar:/home/chibi/.m2/repository/org/eclipse/core/databinding/org.eclipse.core.databinding.beans/1.1.1.M20080827-0800a/org.eclipse.core.databinding.beans-1.1.1.M20080827-0800a.jar:/home/chibi/.m2/repository/org/eclipse/core/org.eclipse.core.databinding/1.1.1.M20080827-0800b/org.eclipse.core.databinding-1.1.1.M20080827-0800b.jar:/home/chibi/.m2/repository/org/eclipse/equinox/org.eclipse.equinox.common/3.4.0.v20080421-2006/org.eclipse.equinox.common-3.4.0.v20080421-2006.jar:/home/chibi/.m2/repository/org/eclipse/jface/org.eclipse.jface.databinding/1.2.1.M20080827-0800a/org.eclipse.jface.databinding-1.2.1.M20080827-0800a.jar:/home/chibi/.m2/repository/org/eclipse/org.eclipse.jface/3.4.2.M20090107-0800/org.eclipse.jface-3.4.2.M20090107-0800.jar:/home/chibi/.m2/repository/org/eclipse/org.eclipse.osgi/3.4.3.R34x_v20081215-1030/org.eclipse.osgi-3.4.3.R34x_v20081215-1030.jar:/home/chibi/.m2/repository/org/eclipse/org.eclipse.swt/3.4.2.v3452b/org.eclipse.swt-3.4.2.v3452b.jar:/home/chibi
Launcher Type: SUN_STANDARD

Environment Variables:
PATH=/usr/local/sbin:/usr/local/bin:/usr/sbin:/usr/bin:/sbin:/bin:/usr/games:/usr/local/games
SHELL=/bin/bash
DISPLAY=:0.0

Signal Handlers:
SIGSEGV: [libjvm.so+0xaba2a0], sa_mask[0]=11111111011111111101111111111110, sa_flags=SA_RESTART|SA_SIGINFO
SIGBUS: [libjvm.so+0xaba2a0], sa_mask[0]=11111111011111111101111111111110, sa_flags=SA_RESTART|SA_SIGINFO
SIGFPE: [libjvm.so+0x917710], sa_mask[0]=11111111011111111101111111111110, sa_flags=SA_RESTART|SA_SIGINFO
SIGPIPE: SIG_IGN, sa_mask[0]=00000000000010000000000000000000, sa_flags=SA_RESTART
SIGXFSZ: [libjvm.so+0x917710], sa_mask[0]=11111111011111111101111111111110, sa_flags=SA_RESTART|SA_SIGINFO
SIGILL: [libjvm.so+0x917710], sa_mask[0]=11111111011111111101111111111110, sa_flags=SA_RESTART|SA_SIGINFO
SIGUSR1: SIG_DFL, sa_mask[0]=00000000000000000000000000000000, sa_flags=none
SIGUSR2: [libjvm.so+0x918d40], sa_mask[0]=00100000000000000000000000000000, sa_flags=SA_RESTART|SA_SIGINFO
SIGHUP: [libjvm.so+0x91a140], sa_mask[0]=11111111011111111101111111111110, sa_flags=SA_RESTART|SA_SIGINFO
SIGINT: [libjvm.so+0x91a140], sa_mask[0]=11111111011111111101111111111110, sa_flags=SA_RESTART|SA_SIGINFO
SIGTERM: [libjvm.so+0x91a140], sa_mask[0]=11111111011111111101111111111110, sa_flags=SA_RESTART|SA_SIGINFO
SIGQUIT: [libjvm.so+0x91a140], sa_mask[0]=11111111011111111101111111111110, sa_flags=SA_RESTART|SA_SIGINFO


---------------  S Y S T E M  ---------------

OS:DISTRIB_ID=Ubuntu
DISTRIB_RELEASE=14.04
DISTRIB_CODENAME=trusty
DISTRIB_DESCRIPTION="Ubuntu 14.04.3 LTS"

uname:Linux 3.19.0-30-generic #34~14.04.1-Ubuntu SMP Fri Oct 2 22:09:39 UTC 2015 x86_64
libc:glibc 2.19 NPTL 2.19 
rlimit: STACK 8192k, CORE 0k, NPROC 15514, NOFILE 4096, AS infinity
load average:2,63 1,64 0,95

/proc/meminfo:
MemTotal:        3993212 kB
MemFree:           90352 kB
MemAvailable:      23264 kB
Buffers:             392 kB
Cached:           229736 kB
SwapCached:            0 kB
Active:          2353996 kB
Inactive:         186000 kB
Active(anon):    2352804 kB
Inactive(anon):   184832 kB
Active(file):       1192 kB
Inactive(file):     1168 kB
Unevictable:     1206184 kB
Mlocked:         1206184 kB
SwapTotal:             0 kB
SwapFree:              0 kB
Dirty:               304 kB
Writeback:             0 kB
AnonPages:       3516616 kB
Mapped:            97796 kB
Shmem:            206552 kB
Slab:              61772 kB
SReclaimable:      32404 kB
SUnreclaim:        29368 kB
KernelStack:       10208 kB
PageTables:        38640 kB
NFS_Unstable:          0 kB
Bounce:                0 kB
WritebackTmp:          0 kB
CommitLimit:     1996604 kB
Committed_AS:    7213796 kB
VmallocTotal:   34359738367 kB
VmallocUsed:      216732 kB
VmallocChunk:   34359512028 kB
HardwareCorrupted:     0 kB
AnonHugePages:   1624064 kB
CmaTotal:              0 kB
CmaFree:               0 kB
HugePages_Total:       0
HugePages_Free:        0
HugePages_Rsvd:        0
HugePages_Surp:        0
Hugepagesize:       2048 kB
DirectMap4k:      100608 kB
DirectMap2M:     4040704 kB


CPU:total 4 (2 cores per cpu, 2 threads per core) family 6 model 42 stepping 7, cmov, cx8, fxsr, mmx, sse, sse2, sse3, ssse3, sse4.1, sse4.2, popcnt, avx, clmul, ht, tsc, tscinvbit

/proc/cpuinfo:
processor	: 0
vendor_id	: GenuineIntel
cpu family	: 6
model		: 42
model name	: Intel(R) Core(TM) i3-2330M CPU @ 2.20GHz
stepping	: 7
microcode	: 0x23
cpu MHz		: 864.531
cache size	: 3072 KB
physical id	: 0
siblings	: 4
core id		: 0
cpu cores	: 2
apicid		: 0
initial apicid	: 0
fpu		: yes
fpu_exception	: yes
cpuid level	: 13
wp		: yes
flags		: fpu vme de pse tsc msr pae mce cx8 apic sep mtrr pge mca cmov pat pse36 clflush dts acpi mmx fxsr sse sse2 ss ht tm pbe syscall nx rdtscp lm constant_tsc arch_perfmon pebs bts rep_good nopl xtopology nonstop_tsc aperfmperf eagerfpu pni pclmulqdq dtes64 monitor ds_cpl vmx est tm2 ssse3 cx16 xtpr pdcm pcid sse4_1 sse4_2 x2apic popcnt tsc_deadline_timer xsave avx lahf_lm arat epb pln pts dtherm tpr_shadow vnmi flexpriority ept vpid xsaveopt
bugs		:
bogomips	: 4390.12
clflush size	: 64
cache_alignment	: 64
address sizes	: 36 bits physical, 48 bits virtual
power management:

processor	: 1
vendor_id	: GenuineIntel
cpu family	: 6
model		: 42
model name	: Intel(R) Core(TM) i3-2330M CPU @ 2.20GHz
stepping	: 7
microcode	: 0x23
cpu MHz		: 987.679
cache size	: 3072 KB
physical id	: 0
siblings	: 4
core id		: 0
cpu cores	: 2
apicid		: 1
initial apicid	: 1
fpu		: yes
fpu_exception	: yes
cpuid level	: 13
wp		: yes
flags		: fpu vme de pse tsc msr pae mce cx8 apic sep mtrr pge mca cmov pat pse36 clflush dts acpi mmx fxsr sse sse2 ss ht tm pbe syscall nx rdtscp lm constant_tsc arch_perfmon pebs bts rep_good nopl xtopology nonstop_tsc aperfmperf eagerfpu pni pclmulqdq dtes64 monitor ds_cpl vmx est tm2 ssse3 cx16 xtpr pdcm pcid sse4_1 sse4_2 x2apic popcnt tsc_deadline_timer xsave avx lahf_lm arat epb pln pts dtherm tpr_shadow vnmi flexpriority ept vpid xsaveopt
bugs		:
bogomips	: 4390.12
clflush size	: 64
cache_alignment	: 64
address sizes	: 36 bits physical, 48 bits virtual
power management:

processor	: 2
vendor_id	: GenuineIntel
cpu family	: 6
model		: 42
model name	: Intel(R) Core(TM) i3-2330M CPU @ 2.20GHz
stepping	: 7
microcode	: 0x23
cpu MHz		: 810.820
cache size	: 3072 KB
physical id	: 0
siblings	: 4
core id		: 1
cpu cores	: 2
apicid		: 2
initial apicid	: 2
fpu		: yes
fpu_exception	: yes
cpuid level	: 13
wp		: yes
flags		: fpu vme de pse tsc msr pae mce cx8 apic sep mtrr pge mca cmov pat pse36 clflush dts acpi mmx fxsr sse sse2 ss ht tm pbe syscall nx rdtscp lm constant_tsc arch_perfmon pebs bts rep_good nopl xtopology nonstop_tsc aperfmperf eagerfpu pni pclmulqdq dtes64 monitor ds_cpl vmx est tm2 ssse3 cx16 xtpr pdcm pcid sse4_1 sse4_2 x2apic popcnt tsc_deadline_timer xsave avx lahf_lm arat epb pln pts dtherm tpr_shadow vnmi flexpriority ept vpid xsaveopt
bugs		:
bogomips	: 4390.12
clflush size	: 64
cache_alignment	: 64
address sizes	: 36 bits physical, 48 bits virtual
power management:

processor	: 3
vendor_id	: GenuineIntel
cpu family	: 6
model		: 42
model name	: Intel(R) Core(TM) i3-2330M CPU @ 2.20GHz
stepping	: 7
microcode	: 0x23
cpu MHz		: 814.085
cache size	: 3072 KB
physical id	: 0
siblings	: 4
core id		: 1
cpu cores	: 2
apicid		: 3
initial apicid	: 3
fpu		: yes
fpu_exception	: yes
cpuid level	: 13
wp		: yes
flags		: fpu vme de pse tsc msr pae mce cx8 apic sep mtrr pge mca cmov pat pse36 clflush dts acpi mmx fxsr sse sse2 ss ht tm pbe syscall nx rdtscp lm constant_tsc arch_perfmon pebs bts rep_good nopl xtopology nonstop_tsc aperfmperf eagerfpu pni pclmulqdq dtes64 monitor ds_cpl vmx est tm2 ssse3 cx16 xtpr pdcm pcid sse4_1 sse4_2 x2apic popcnt tsc_deadline_timer xsave avx lahf_lm arat epb pln pts dtherm tpr_shadow vnmi flexpriority ept vpid xsaveopt
bugs		:
bogomips	: 4390.12
clflush size	: 64
cache_alignment	: 64
address sizes	: 36 bits physical, 48 bits virtual
power management:



Memory: 4k page, physical 3993212k(90352k free), swap 0k(0k free)

vm_info: Java HotSpot(TM) 64-Bit Server VM (25.66-b17) for linux-amd64 JRE (1.8.0_66-b17), built on Oct  6 2015 17:28:34 by "java_re" with gcc 4.3.0 20080428 (Red Hat 4.3.0-8)

time: Mon Apr 18 03:38:44 2016
elapsed time: 11 seconds (0d 0h 0m 11s)

