#
# There is insufficient memory for the Java Runtime Environment to continue.
# Native memory allocation (mmap) failed to map 83886080 bytes for committing reserved memory.
# Possible reasons:
#   The system is out of physical RAM or swap space
#   In 32 bit mode, the process size limit was hit
# Possible solutions:
#   Reduce memory load on the system
#   Increase physical memory or swap space
#   Check if swap backing store is full
#   Use 64 bit Java on a 64 bit OS
#   Decrease Java heap size (-Xmx/-Xms)
#   Decrease number of Java threads
#   Decrease Java thread stack sizes (-Xss)
#   Set larger code cache with -XX:ReservedCodeCacheSize=
# This output file may be truncated or incomplete.
#
#  Out of Memory Error (os_linux.cpp:2627), pid=3502, tid=139694820620032
#
# JRE version: Java(TM) SE Runtime Environment (8.0_66-b17) (build 1.8.0_66-b17)
# Java VM: Java HotSpot(TM) 64-Bit Server VM (25.66-b17 mixed mode linux-amd64 compressed oops)
# Failed to write core dump. Core dumps have been disabled. To enable core dumping, try "ulimit -c unlimited" before starting Java again
#

---------------  T H R E A D  ---------------

Current thread (0x00007f0d4c079800):  VMThread [stack: 0x00007f0d3c18f000,0x00007f0d3c290000] [id=3522]

Stack: [0x00007f0d3c18f000,0x00007f0d3c290000],  sp=0x00007f0d3c28e1e0,  free space=1020k
Native frames: (J=compiled Java code, j=interpreted, Vv=VM code, C=native code)
V  [libjvm.so+0xab9a1a]  VMError::report_and_die()+0x2ba
V  [libjvm.so+0x4f9e0b]  report_vm_out_of_memory(char const*, int, unsigned long, VMErrorType, char const*)+0x8b
V  [libjvm.so+0x91a8a3]  os::Linux::commit_memory_impl(char*, unsigned long, bool)+0x103
V  [libjvm.so+0x91adf9]  os::pd_commit_memory(char*, unsigned long, unsigned long, bool)+0x29
V  [libjvm.so+0x91510a]  os::commit_memory(char*, unsigned long, unsigned long, bool)+0x2a
V  [libjvm.so+0x9887a3]  PSVirtualSpace::expand_by(unsigned long)+0x53
V  [libjvm.so+0x989ba8]  PSYoungGen::resize_generation(unsigned long, unsigned long)+0xf8
V  [libjvm.so+0x988d02]  PSYoungGen::resize(unsigned long, unsigned long)+0x22
V  [libjvm.so+0x985fdb]  PSScavenge::invoke_no_policy()+0xf3b
V  [libjvm.so+0x986761]  PSScavenge::invoke()+0x41
V  [libjvm.so+0x93e500]  ParallelScavengeHeap::failed_mem_allocate(unsigned long)+0x70
V  [libjvm.so+0xabb437]  VM_ParallelGCFailedAllocation::doit()+0x97
V  [libjvm.so+0xac2e65]  VM_Operation::evaluate()+0x55
V  [libjvm.so+0xac123a]  VMThread::evaluate_operation(VM_Operation*)+0xba
V  [libjvm.so+0xac15be]  VMThread::loop()+0x1ce
V  [libjvm.so+0xac1a30]  VMThread::run()+0x70
V  [libjvm.so+0x91cc68]  java_start(Thread*)+0x108

VM_Operation (0x00007f0d548dfb10): ParallelGCFailedAllocation, mode: safepoint, requested by thread 0x00007f0d4c00b800


---------------  P R O C E S S  ---------------

Java Threads: ( => current thread )
  0x00007f0d4c238000 JavaThread "Service Thread" daemon [_thread_blocked, id=3535, stack(0x00007f0d353c6000,0x00007f0d354c7000)]
  0x00007f0d4c224800 JavaThread "C1 CompilerThread2" daemon [_thread_blocked, id=3534, stack(0x00007f0d354c7000,0x00007f0d355c8000)]
  0x00007f0d4c222800 JavaThread "C2 CompilerThread1" daemon [_thread_blocked, id=3533, stack(0x00007f0d355c8000,0x00007f0d356c9000)]
  0x00007f0d4c220800 JavaThread "C2 CompilerThread0" daemon [_thread_blocked, id=3532, stack(0x00007f0d356c9000,0x00007f0d357ca000)]
  0x00007f0d4c21e800 JavaThread "Signal Dispatcher" daemon [_thread_blocked, id=3531, stack(0x00007f0d357ca000,0x00007f0d358cb000)]
  0x00007f0d4c080800 JavaThread "Finalizer" daemon [_thread_blocked, id=3524, stack(0x00007f0d3607f000,0x00007f0d36180000)]
  0x00007f0d4c07e800 JavaThread "Reference Handler" daemon [_thread_blocked, id=3523, stack(0x00007f0d3c08e000,0x00007f0d3c18f000)]
  0x00007f0d4c00b800 JavaThread "main" [_thread_blocked, id=3510, stack(0x00007f0d547e2000,0x00007f0d548e3000)]

Other Threads:
=>0x00007f0d4c079800 VMThread [stack: 0x00007f0d3c18f000,0x00007f0d3c290000] [id=3522]
  0x00007f0d4c23d000 WatcherThread [stack: 0x00007f0d352c5000,0x00007f0d353c6000] [id=3536]

VM state:at safepoint (normal execution)

VM Mutex/Monitor currently owned by a thread:  ([mutex/lock_event])
[0x00007f0d4c007fa0] Threads_lock - owner thread: 0x00007f0d4c079800
[0x00007f0d4c0084a0] Heap_lock - owner thread: 0x00007f0d4c00b800

Heap:
 PSYoungGen      total 133632K, used 7680K [0x00000000ebb00000, 0x00000000f4500000, 0x0000000100000000)
  eden space 125952K, 0% used [0x00000000ebb00000,0x00000000ebb00000,0x00000000f3600000)
  from space 7680K, 100% used [0x00000000f3600000,0x00000000f3d80000,0x00000000f3d80000)
  to   space 7680K, 0% used [0x00000000f3d80000,0x00000000f3d80000,0x00000000f4500000)
 ParOldGen       total 42496K, used 18747K [0x00000000c3000000, 0x00000000c5980000, 0x00000000ebb00000)
  object space 42496K, 44% used [0x00000000c3000000,0x00000000c424ee90,0x00000000c5980000)
 Metaspace       used 15576K, capacity 15810K, committed 15872K, reserved 1062912K
  class space    used 1955K, capacity 2027K, committed 2048K, reserved 1048576K

Card table byte_map: [0x00007f0d513c7000,0x00007f0d515b0000] byte_map_base: 0x00007f0d50daf000

Marking Bits: (ParMarkBitMap*) 0x00007f0d53cbf020
 Begin Bits: [0x00007f0d36180000, 0x00007f0d370c0000)
 End Bits:   [0x00007f0d370c0000, 0x00007f0d38000000)

Polling page: 0x00007f0d54906000

CodeCache: size=245760Kb used=6881Kb max_used=6893Kb free=238878Kb
 bounds [0x00007f0d3d000000, 0x00007f0d3d6d0000, 0x00007f0d4c000000]
 total_blobs=2447 nmethods=2009 adapters=351
 compilation: enabled

Compilation events (10 events):
Event: 10,393 Thread 0x00007f0d4c224800 2006       3       scala.runtime.PolyMethodCache::find (6 bytes)
Event: 10,393 Thread 0x00007f0d4c224800 nmethod 2006 0x00007f0d3d6b1850 code [0x00007f0d3d6b19c0, 0x00007f0d3d6b1b48]
Event: 10,393 Thread 0x00007f0d4c224800 2008       3       scala.collection.generic.GenericCompanion::empty (13 bytes)
Event: 10,393 Thread 0x00007f0d4c224800 nmethod 2008 0x00007f0d3d6b34d0 code [0x00007f0d3d6b3660, 0x00007f0d3d6b3a38]
Event: 10,416 Thread 0x00007f0d4c224800 2009       3       javassist.CtClassType::getSuperclass (23 bytes)
Event: 10,417 Thread 0x00007f0d4c224800 nmethod 2009 0x00007f0d3d6bdf10 code [0x00007f0d3d6be140, 0x00007f0d3d6befe8]
Event: 10,423 Thread 0x00007f0d4c222800 2010       4       java.util.regex.Pattern::newSlice (181 bytes)
Event: 10,429 Thread 0x00007f0d4c222800 nmethod 2010 0x00007f0d3d6b2f10 code [0x00007f0d3d6b3080, 0x00007f0d3d6b3378]
Event: 10,429 Thread 0x00007f0d4c222800 2011       4       java.util.HashSet::isEmpty (8 bytes)
Event: 10,430 Thread 0x00007f0d4c222800 nmethod 2011 0x00007f0d3d6bf710 code [0x00007f0d3d6bf860, 0x00007f0d3d6bf8d8]

GC Heap History (10 events):
Event: 4,665 GC heap after
Heap after GC invocations=4 (full 0):
 PSYoungGen      total 34304K, used 2544K [0x00000000ebb00000, 0x00000000edf00000, 0x0000000100000000)
  eden space 31744K, 0% used [0x00000000ebb00000,0x00000000ebb00000,0x00000000eda00000)
  from space 2560K, 99% used [0x00000000edc80000,0x00000000edefc010,0x00000000edf00000)
  to   space 2560K, 0% used [0x00000000eda00000,0x00000000eda00000,0x00000000edc80000)
 ParOldGen       total 42496K, used 8857K [0x00000000c3000000, 0x00000000c5980000, 0x00000000ebb00000)
  object space 42496K, 20% used [0x00000000c3000000,0x00000000c38a6440,0x00000000c5980000)
 Metaspace       used 14429K, capacity 14608K, committed 14848K, reserved 1062912K
  class space    used 1864K, capacity 1944K, committed 2048K, reserved 1048576K
}
Event: 5,487 GC heap before
{Heap before GC invocations=5 (full 0):
 PSYoungGen      total 34304K, used 34288K [0x00000000ebb00000, 0x00000000edf00000, 0x0000000100000000)
  eden space 31744K, 100% used [0x00000000ebb00000,0x00000000eda00000,0x00000000eda00000)
  from space 2560K, 99% used [0x00000000edc80000,0x00000000edefc010,0x00000000edf00000)
  to   space 2560K, 0% used [0x00000000eda00000,0x00000000eda00000,0x00000000edc80000)
 ParOldGen       total 42496K, used 8857K [0x00000000c3000000, 0x00000000c5980000, 0x00000000ebb00000)
  object space 42496K, 20% used [0x00000000c3000000,0x00000000c38a6440,0x00000000c5980000)
 Metaspace       used 14754K, capacity 15024K, committed 15360K, reserved 1062912K
  class space    used 1888K, capacity 1960K, committed 2048K, reserved 1048576K
Event: 5,508 GC heap after
Heap after GC invocations=5 (full 0):
 PSYoungGen      total 34304K, used 2544K [0x00000000ebb00000, 0x00000000f0600000, 0x0000000100000000)
  eden space 31744K, 0% used [0x00000000ebb00000,0x00000000ebb00000,0x00000000eda00000)
  from space 2560K, 99% used [0x00000000eda00000,0x00000000edc7c010,0x00000000edc80000)
  to   space 6656K, 0% used [0x00000000eff80000,0x00000000eff80000,0x00000000f0600000)
 ParOldGen       total 42496K, used 11809K [0x00000000c3000000, 0x00000000c5980000, 0x00000000ebb00000)
  object space 42496K, 27% used [0x00000000c3000000,0x00000000c3b887a8,0x00000000c5980000)
 Metaspace       used 14754K, capacity 15024K, committed 15360K, reserved 1062912K
  class space    used 1888K, capacity 1960K, committed 2048K, reserved 1048576K
}
Event: 6,169 GC heap before
{Heap before GC invocations=6 (full 0):
 PSYoungGen      total 34304K, used 34288K [0x00000000ebb00000, 0x00000000f0600000, 0x0000000100000000)
  eden space 31744K, 100% used [0x00000000ebb00000,0x00000000eda00000,0x00000000eda00000)
  from space 2560K, 99% used [0x00000000eda00000,0x00000000edc7c010,0x00000000edc80000)
  to   space 6656K, 0% used [0x00000000eff80000,0x00000000eff80000,0x00000000f0600000)
 ParOldGen       total 42496K, used 11809K [0x00000000c3000000, 0x00000000c5980000, 0x00000000ebb00000)
  object space 42496K, 27% used [0x00000000c3000000,0x00000000c3b887a8,0x00000000c5980000)
 Metaspace       used 14949K, capacity 15184K, committed 15360K, reserved 1062912K
  class space    used 1916K, capacity 1992K, committed 2048K, reserved 1048576K
Event: 6,192 GC heap after
Heap after GC invocations=6 (full 0):
 PSYoungGen      total 69632K, used 5744K [0x00000000ebb00000, 0x00000000f0700000, 0x0000000100000000)
  eden space 62976K, 0% used [0x00000000ebb00000,0x00000000ebb00000,0x00000000ef880000)
  from space 6656K, 86% used [0x00000000eff80000,0x00000000f051c010,0x00000000f0600000)
  to   space 7168K, 0% used [0x00000000ef880000,0x00000000ef880000,0x00000000eff80000)
 ParOldGen       total 42496K, used 11817K [0x00000000c3000000, 0x00000000c5980000, 0x00000000ebb00000)
  object space 42496K, 27% used [0x00000000c3000000,0x00000000c3b8a7a8,0x00000000c5980000)
 Metaspace       used 14949K, capacity 15184K, committed 15360K, reserved 1062912K
  class space    used 1916K, capacity 1992K, committed 2048K, reserved 1048576K
}
Event: 7,459 GC heap before
{Heap before GC invocations=7 (full 0):
 PSYoungGen      total 69632K, used 68720K [0x00000000ebb00000, 0x00000000f0700000, 0x0000000100000000)
  eden space 62976K, 100% used [0x00000000ebb00000,0x00000000ef880000,0x00000000ef880000)
  from space 6656K, 86% used [0x00000000eff80000,0x00000000f051c010,0x00000000f0600000)
  to   space 7168K, 0% used [0x00000000ef880000,0x00000000ef880000,0x00000000eff80000)
 ParOldGen       total 42496K, used 11817K [0x00000000c3000000, 0x00000000c5980000, 0x00000000ebb00000)
  object space 42496K, 27% used [0x00000000c3000000,0x00000000c3b8a7a8,0x00000000c5980000)
 Metaspace       used 15134K, capacity 15376K, committed 15616K, reserved 1062912K
  class space    used 1923K, capacity 1992K, committed 2048K, reserved 1048576K
Event: 7,494 GC heap after
Heap after GC invocations=7 (full 0):
 PSYoungGen      total 70144K, used 6858K [0x00000000ebb00000, 0x00000000f4500000, 0x0000000100000000)
  eden space 62976K, 0% used [0x00000000ebb00000,0x00000000ebb00000,0x00000000ef880000)
  from space 7168K, 95% used [0x00000000ef880000,0x00000000eff32820,0x00000000eff80000)
  to   space 7680K, 0% used [0x00000000f3d80000,0x00000000f3d80000,0x00000000f4500000)
 ParOldGen       total 42496K, used 13104K [0x00000000c3000000, 0x00000000c5980000, 0x00000000ebb00000)
  object space 42496K, 30% used [0x00000000c3000000,0x00000000c3ccc148,0x00000000c5980000)
 Metaspace       used 15134K, capacity 15376K, committed 15616K, reserved 1062912K
  class space    used 1923K, capacity 1992K, committed 2048K, reserved 1048576K
}
Event: 8,534 GC heap before
{Heap before GC invocations=8 (full 0):
 PSYoungGen      total 70144K, used 69834K [0x00000000ebb00000, 0x00000000f4500000, 0x0000000100000000)
  eden space 62976K, 100% used [0x00000000ebb00000,0x00000000ef880000,0x00000000ef880000)
  from space 7168K, 95% used [0x00000000ef880000,0x00000000eff32820,0x00000000eff80000)
  to   space 7680K, 0% used [0x00000000f3d80000,0x00000000f3d80000,0x00000000f4500000)
 ParOldGen       total 42496K, used 13104K [0x00000000c3000000, 0x00000000c5980000, 0x00000000ebb00000)
  object space 42496K, 30% used [0x00000000c3000000,0x00000000c3ccc148,0x00000000c5980000)
 Metaspace       used 15195K, capacity 15382K, committed 15616K, reserved 1062912K
  class space    used 1923K, capacity 1993K, committed 2048K, reserved 1048576K
Event: 8,550 GC heap after
Heap after GC invocations=8 (full 0):
 PSYoungGen      total 133632K, used 6272K [0x00000000ebb00000, 0x00000000f4500000, 0x0000000100000000)
  eden space 125952K, 0% used [0x00000000ebb00000,0x00000000ebb00000,0x00000000f3600000)
  from space 7680K, 81% used [0x00000000f3d80000,0x00000000f43a0000,0x00000000f4500000)
  to   space 7680K, 0% used [0x00000000f3600000,0x00000000f3600000,0x00000000f3d80000)
 ParOldGen       total 42496K, used 13736K [0x00000000c3000000, 0x00000000c5980000, 0x00000000ebb00000)
  object space 42496K, 32% used [0x00000000c3000000,0x00000000c3d6a3a0,0x00000000c5980000)
 Metaspace       used 15195K, capacity 15382K, committed 15616K, reserved 1062912K
  class space    used 1923K, capacity 1993K, committed 2048K, reserved 1048576K
}
Event: 10,432 GC heap before
{Heap before GC invocations=9 (full 0):
 PSYoungGen      total 133632K, used 132224K [0x00000000ebb00000, 0x00000000f4500000, 0x0000000100000000)
  eden space 125952K, 100% used [0x00000000ebb00000,0x00000000f3600000,0x00000000f3600000)
  from space 7680K, 81% used [0x00000000f3d80000,0x00000000f43a0000,0x00000000f4500000)
  to   space 7680K, 0% used [0x00000000f3600000,0x00000000f3600000,0x00000000f3d80000)
 ParOldGen       total 42496K, used 13736K [0x00000000c3000000, 0x00000000c5980000, 0x00000000ebb00000)
  object space 42496K, 32% used [0x00000000c3000000,0x00000000c3d6a3a0,0x00000000c5980000)
 Metaspace       used 15576K, capacity 15810K, committed 15872K, reserved 1062912K
  class space    used 1955K, capacity 2027K, committed 2048K, reserved 1048576K

Deoptimization events (10 events):
Event: 5,330 Thread 0x00007f0d4c00b800 Uncommon trap: reason=class_check action=maybe_recompile pc=0x00007f0d3d305978 method=java.io.BufferedInputStream.read1([BII)I @ 39
Event: 5,427 Thread 0x00007f0d4c00b800 Uncommon trap: reason=unstable_if action=reinterpret pc=0x00007f0d3d4bcc88 method=javassist.bytecode.ConstPool.read(Ljava/io/DataInputStream;)V @ 43
Event: 5,428 Thread 0x00007f0d4c00b800 Uncommon trap: reason=unloaded action=reinterpret pc=0x00007f0d3d48a2b8 method=javassist.bytecode.AttributeInfo.read(Ljavassist/bytecode/ConstPool;Ljava/io/DataInputStream;)Ljavassist/bytecode/AttributeInfo; @ 150
Event: 6,372 Thread 0x00007f0d4c00b800 Uncommon trap: reason=unstable_if action=reinterpret pc=0x00007f0d3d4ba038 method=java.util.HashMap.putVal(ILjava/lang/Object;Ljava/lang/Object;ZZ)Ljava/lang/Object; @ 162
Event: 6,372 Thread 0x00007f0d4c00b800 Uncommon trap: reason=unstable_if action=reinterpret pc=0x00007f0d3d4d87b8 method=java.util.HashMap.getNode(ILjava/lang/Object;)Ljava/util/HashMap$Node; @ 84
Event: 6,413 Thread 0x00007f0d4c00b800 Uncommon trap: reason=class_check action=maybe_recompile pc=0x00007f0d3d2da978 method=java.util.HashMap.putVal(ILjava/lang/Object;Ljava/lang/Object;ZZ)Ljava/lang/Object; @ 253
Event: 6,413 Thread 0x00007f0d4c00b800 Uncommon trap: reason=class_check action=maybe_recompile pc=0x00007f0d3d2da978 method=java.util.HashMap.putVal(ILjava/lang/Object;Ljava/lang/Object;ZZ)Ljava/lang/Object; @ 253
Event: 6,948 Thread 0x00007f0d4c00b800 Uncommon trap: reason=unloaded action=reinterpret pc=0x00007f0d3d3a9e1c method=javassist.bytecode.ConstPool.readOne(Ljava/io/DataInputStream;)I @ 300
Event: 7,268 Thread 0x00007f0d4c00b800 Uncommon trap: reason=bimorphic action=maybe_recompile pc=0x00007f0d3d2da9b4 method=java.util.HashMap.putVal(ILjava/lang/Object;Ljava/lang/Object;ZZ)Ljava/lang/Object; @ 91
Event: 9,144 Thread 0x00007f0d4c00b800 Uncommon trap: reason=unstable_if action=reinterpret pc=0x00007f0d3d5b596c method=javassist.bytecode.AttributeInfo.read(Ljavassist/bytecode/ConstPool;Ljava/io/DataInputStream;)Ljavassist/bytecode/AttributeInfo; @ 276

Internal exceptions (10 events):
Event: 3,317 Thread 0x00007f0d4c00b800 Exception <a 'java/lang/ClassNotFoundException': org/apache/log4j/LayoutBeanInfo> (0x00000000ec6a71c8) thrown at [/HUDSON/workspace/8-2-build-linux-amd64/jdk8u66/4988/hotspot/src/share/vm/classfile/systemDictionary.cpp, line 210]
Event: 3,317 Thread 0x00007f0d4c00b800 Exception <a 'java/lang/ClassNotFoundException': java/lang/ObjectBeanInfo> (0x00000000ec6ac2b8) thrown at [/HUDSON/workspace/8-2-build-linux-amd64/jdk8u66/4988/hotspot/src/share/vm/classfile/systemDictionary.cpp, line 210]
Event: 3,318 Thread 0x00007f0d4c00b800 Exception <a 'java/lang/ClassNotFoundException': java/lang/ObjectCustomizer> (0x00000000ec6b1538) thrown at [/HUDSON/workspace/8-2-build-linux-amd64/jdk8u66/4988/hotspot/src/share/vm/classfile/systemDictionary.cpp, line 210]
Event: 3,334 Thread 0x00007f0d4c00b800 Exception <a 'java/lang/ArrayIndexOutOfBoundsException': 18> (0x00000000ec6b3748) thrown at [/HUDSON/workspace/8-2-build-linux-amd64/jdk8u66/4988/hotspot/src/share/vm/interpreter/interpreterRuntime.cpp, line 366]
Event: 3,336 Thread 0x00007f0d4c00b800 Exception <a 'java/lang/ArrayIndexOutOfBoundsException': 22> (0x00000000ec6b6af8) thrown at [/HUDSON/workspace/8-2-build-linux-amd64/jdk8u66/4988/hotspot/src/share/vm/interpreter/interpreterRuntime.cpp, line 366]
Event: 3,346 Thread 0x00007f0d4c00b800 Exception <a 'java/lang/ArrayIndexOutOfBoundsException'> (0x00000000ec6b8ed0) thrown at [/HUDSON/workspace/8-2-build-linux-amd64/jdk8u66/4988/hotspot/src/share/vm/runtime/sharedRuntime.cpp, line 605]
Event: 3,351 Thread 0x00007f0d4c00b800 Exception <a 'java/lang/ClassNotFoundException': org/apache/log4j/LayoutCustomizer> (0x00000000ec6c6288) thrown at [/HUDSON/workspace/8-2-build-linux-amd64/jdk8u66/4988/hotspot/src/share/vm/classfile/systemDictionary.cpp, line 210]
Event: 3,360 Thread 0x00007f0d4c00b800 Exception <a 'java/lang/ClassNotFoundException': org/apache/log4j/PatternLayoutCustomizer> (0x00000000ec6e45d0) thrown at [/HUDSON/workspace/8-2-build-linux-amd64/jdk8u66/4988/hotspot/src/share/vm/classfile/systemDictionary.cpp, line 210]
Event: 3,368 Thread 0x00007f0d4c00b800 Implicit null exception at 0x00007f0d3d1aecf5 to 0x00007f0d3d1af035
Event: 5,057 Thread 0x00007f0d4c00b800 Implicit null exception at 0x00007f0d3d4b7503 to 0x00007f0d3d4b7f51

Events (10 events):
Event: 9,647 loading class javassist/bytecode/StackMapTable$Copier done
Event: 9,648 loading class javassist/bytecode/StackMapTable$SimpleCopy
Event: 9,648 loading class javassist/bytecode/StackMapTable$SimpleCopy done
Event: 9,770 loading class java/lang/Class$EnclosingMethodInfo
Event: 9,770 loading class java/lang/Class$EnclosingMethodInfo done
Event: 9,931 loading class javax/persistence/Transient
Event: 9,931 loading class javax/persistence/Transient done
Event: 10,235 Thread 0x00007f0d4c00b800 DEOPT PACKING pc=0x00007f0d3d579cd3 sp=0x00007f0d548dfe40
Event: 10,235 Thread 0x00007f0d4c00b800 DEOPT UNPACKING pc=0x00007f0d3d047633 sp=0x00007f0d548dfce0 mode 0
Event: 10,432 Executing VM operation: ParallelGCFailedAllocation


Dynamic libraries:
00400000-00401000 r-xp 00000000 08:05 806533                             /usr/lib/jvm/java-8-oracle/bin/java
00600000-00601000 rw-p 00000000 08:05 806533                             /usr/lib/jvm/java-8-oracle/bin/java
00b71000-00b92000 rw-p 00000000 00:00 0                                  [heap]
c3000000-c5980000 rw-p 00000000 00:00 0 
c5980000-ebb00000 ---p 00000000 00:00 0 
ebb00000-f4500000 rw-p 00000000 00:00 0 
f9500000-100000000 ---p 00000000 00:00 0 
100000000-100200000 rw-p 00000000 00:00 0 
100200000-140000000 ---p 00000000 00:00 0 
7f0cf0000000-7f0cf0022000 rw-p 00000000 00:00 0 
7f0cf0022000-7f0cf4000000 ---p 00000000 00:00 0 
7f0cf75ff000-7f0cf777f000 rw-p 00000000 00:00 0 
7f0cf777f000-7f0cf77ff000 ---p 00000000 00:00 0 
7f0cf77ff000-7f0cf7800000 ---p 00000000 00:00 0 
7f0cf7800000-7f0cf8000000 rw-p 00000000 00:00 0                          [stack:3562]
7f0cf8000000-7f0cf8021000 rw-p 00000000 00:00 0 
7f0cf8021000-7f0cfc000000 ---p 00000000 00:00 0 
7f0cfc003000-7f0cfc015000 r--s 00345000 08:05 807759                     /usr/lib/jvm/java-8-oracle/jre/lib/resources.jar
7f0cfc1db000-7f0cfc3dc000 rw-p 00000000 00:00 0 
7f0cfc3dc000-7f0cfc42e000 r--p 00000000 08:05 5522                       /usr/share/fonts/truetype/dejavu/DejaVuSansMono.ttf
7f0cfc42e000-7f0cfc485000 r--p 00000000 08:05 133210                     /usr/share/fonts/truetype/ubuntu-font-family/Ubuntu-R.ttf
7f0cfc485000-7f0cfc486000 r--s 00000000 08:05 289549                     /var/cache/fontconfig/c05880de57d1f5e948fdfacc138775d9-le64.cache-4
7f0cfc486000-7f0cfc491000 r--s 00000000 08:05 289543                     /var/cache/fontconfig/945677eb7aeaf62f1d50efc3fb3ec7d8-le64.cache-4
7f0cfc491000-7f0cfc493000 r--s 00000000 08:05 292932                     /var/cache/fontconfig/99e8ed0e538f840c565b6ed5dad60d56-le64.cache-4
7f0cfc493000-7f0cfc49c000 r--s 00000000 08:05 292931                     /var/cache/fontconfig/a6d8cf8e4ec09cdbc8633c31745a07dd-le64.cache-4
7f0cfc49c000-7f0cfc4a2000 r--s 00000000 08:05 289529                     /var/cache/fontconfig/2cd17615ca594fa2959ae173292e504c-le64.cache-4
7f0cfc4a2000-7f0cfc4a3000 r--s 00000000 08:05 289559                     /var/cache/fontconfig/e7071f4a29fa870f4323321c154eba04-le64.cache-4
7f0cfc4a3000-7f0cfc4a4000 r--s 00000000 08:05 289526                     /var/cache/fontconfig/0d8c3b2ac0904cb8a57a757ad11a4a08-le64.cache-4
7f0cfc4a4000-7f0cfc4ab000 r--s 00000000 08:05 289546                     /var/cache/fontconfig/a755afe4a08bf5b97852ceb7400b47bc-le64.cache-4
7f0cfc4ab000-7f0cfc4bf000 r--s 00000000 08:05 289524                     /var/cache/fontconfig/04aabc0a78ac019cf9454389977116d2-le64.cache-4
7f0cfc4bf000-7f0cfc4c0000 r--s 00000000 08:05 289528                     /var/cache/fontconfig/1ac9eb803944fde146138c791f5cc56a-le64.cache-4
7f0cfc4c0000-7f0cfc4c4000 r--s 00000000 08:05 289532                     /var/cache/fontconfig/385c0604a188198f04d133e54aba7fe7-le64.cache-4
7f0cfc4c4000-7f0cfc4c6000 r--s 00000000 08:05 289540                     /var/cache/fontconfig/767a8244fc0220cfb567a839d0392e0b-le64.cache-4
7f0cfc4c6000-7f0cfc4cb000 r--s 00000000 08:05 289542                     /var/cache/fontconfig/8801497958630a81b71ace7c5f9b32a8-le64.cache-4
7f0cfc4cb000-7f0cfc506000 r--s 00000000 08:05 289941                     /var/cache/fontconfig/365b55f210c0a22e9a19e35191240f32-le64.cache-4
7f0cfc506000-7f0cfc50d000 r--s 00000000 08:05 289530                     /var/cache/fontconfig/3047814df9a2f067bd2d96a2b9c36e5a-le64.cache-4
7f0cfc50d000-7f0cfc516000 r--s 00000000 08:05 290072                     /var/cache/fontconfig/52f7bdb7ce746bfd7eaa1985bd9cfa93-le64.cache-4
7f0cfc516000-7f0cfc529000 r--s 00000000 08:05 289553                     /var/cache/fontconfig/d52a8644073d54c13679302ca1180695-le64.cache-4
7f0cfc529000-7f0cfc532000 r--s 00000000 08:05 289533                     /var/cache/fontconfig/3f7329c5293ffd510edef78f73874cfd-le64.cache-4
7f0cfc532000-7f0cfc53d000 r--s 00000000 08:05 290642                     /var/cache/fontconfig/d589a48862398ed80a3d6066f4f56f4c-le64.cache-4
7f0cfc53d000-7f0cfc550000 r--s 00000000 08:05 292602                     /var/cache/fontconfig/4ac51e5cfbc76fc3f983e470323a16d3-le64.cache-4
7f0cfc550000-7f0cfc551000 ---p 00000000 00:00 0 
7f0cfc551000-7f0cfcd51000 rw-p 00000000 00:00 0                          [stack:3560]
7f0cfcd51000-7f0cfcd5c000 r-xp 00000000 08:05 1047922                    /usr/lib/x86_64-linux-gnu/gio/modules/libdconfsettings.so
7f0cfcd5c000-7f0cfcf5c000 ---p 0000b000 08:05 1047922                    /usr/lib/x86_64-linux-gnu/gio/modules/libdconfsettings.so
7f0cfcf5c000-7f0cfcf5d000 r--p 0000b000 08:05 1047922                    /usr/lib/x86_64-linux-gnu/gio/modules/libdconfsettings.so
7f0cfcf5d000-7f0cfcf5e000 rw-p 0000c000 08:05 1047922                    /usr/lib/x86_64-linux-gnu/gio/modules/libdconfsettings.so
7f0cfcf5e000-7f0cfcf9e000 r--p 00000000 08:05 1046756                    /usr/share/glib-2.0/schemas/gschemas.compiled
7f0cfcf9e000-7f0cfcfa5000 r-xp 00000000 08:05 922569                     /usr/lib/x86_64-linux-gnu/libogg.so.0.8.1
7f0cfcfa5000-7f0cfd1a5000 ---p 00007000 08:05 922569                     /usr/lib/x86_64-linux-gnu/libogg.so.0.8.1
7f0cfd1a5000-7f0cfd1a6000 r--p 00007000 08:05 922569                     /usr/lib/x86_64-linux-gnu/libogg.so.0.8.1
7f0cfd1a6000-7f0cfd1a7000 rw-p 00008000 08:05 922569                     /usr/lib/x86_64-linux-gnu/libogg.so.0.8.1
7f0cfd1a7000-7f0cfd1d3000 r-xp 00000000 08:05 922843                     /usr/lib/x86_64-linux-gnu/libvorbis.so.0.4.5
7f0cfd1d3000-7f0cfd3d2000 ---p 0002c000 08:05 922843                     /usr/lib/x86_64-linux-gnu/libvorbis.so.0.4.5
7f0cfd3d2000-7f0cfd3d3000 r--p 0002b000 08:05 922843                     /usr/lib/x86_64-linux-gnu/libvorbis.so.0.4.5
7f0cfd3d3000-7f0cfd3d4000 rw-p 0002c000 08:05 922843                     /usr/lib/x86_64-linux-gnu/libvorbis.so.0.4.5
7f0cfd3d4000-7f0cfd3dd000 r-xp 00000000 08:05 922475                     /usr/lib/x86_64-linux-gnu/libltdl.so.7.3.0
7f0cfd3dd000-7f0cfd5dc000 ---p 00009000 08:05 922475                     /usr/lib/x86_64-linux-gnu/libltdl.so.7.3.0
7f0cfd5dc000-7f0cfd5dd000 r--p 00008000 08:05 922475                     /usr/lib/x86_64-linux-gnu/libltdl.so.7.3.0
7f0cfd5dd000-7f0cfd5de000 rw-p 00009000 08:05 922475                     /usr/lib/x86_64-linux-gnu/libltdl.so.7.3.0
7f0cfd5de000-7f0cfd5ef000 r-xp 00000000 08:05 922764                     /usr/lib/x86_64-linux-gnu/libtdb.so.1.2.12
7f0cfd5ef000-7f0cfd7ee000 ---p 00011000 08:05 922764                     /usr/lib/x86_64-linux-gnu/libtdb.so.1.2.12
7f0cfd7ee000-7f0cfd7ef000 r--p 00010000 08:05 922764                     /usr/lib/x86_64-linux-gnu/libtdb.so.1.2.12
7f0cfd7ef000-7f0cfd7f0000 rw-p 00011000 08:05 922764                     /usr/lib/x86_64-linux-gnu/libtdb.so.1.2.12
7f0cfd7f0000-7f0cfd7f7000 r-xp 00000000 08:05 922847                     /usr/lib/x86_64-linux-gnu/libvorbisfile.so.3.3.4
7f0cfd7f7000-7f0cfd9f6000 ---p 00007000 08:05 922847                     /usr/lib/x86_64-linux-gnu/libvorbisfile.so.3.3.4
7f0cfd9f6000-7f0cfd9f7000 r--p 00006000 08:05 922847                     /usr/lib/x86_64-linux-gnu/libvorbisfile.so.3.3.4
7f0cfd9f7000-7f0cfd9f8000 rw-p 00007000 08:05 922847                     /usr/lib/x86_64-linux-gnu/libvorbisfile.so.3.3.4
7f0cfd9f8000-7f0cfda07000 r-xp 00000000 08:05 921989                     /usr/lib/x86_64-linux-gnu/libcanberra.so.0.2.5
7f0cfda07000-7f0cfdc06000 ---p 0000f000 08:05 921989                     /usr/lib/x86_64-linux-gnu/libcanberra.so.0.2.5
7f0cfdc06000-7f0cfdc07000 r--p 0000e000 08:05 921989                     /usr/lib/x86_64-linux-gnu/libcanberra.so.0.2.5
7f0cfdc07000-7f0cfdc08000 rw-p 0000f000 08:05 921989                     /usr/lib/x86_64-linux-gnu/libcanberra.so.0.2.5
7f0cfdc08000-7f0cfdc0c000 r-xp 00000000 08:05 921985                     /usr/lib/x86_64-linux-gnu/libcanberra-gtk.so.0.1.9
7f0cfdc0c000-7f0cfde0b000 ---p 00004000 08:05 921985                     /usr/lib/x86_64-linux-gnu/libcanberra-gtk.so.0.1.9
7f0cfde0b000-7f0cfde0c000 r--p 00003000 08:05 921985                     /usr/lib/x86_64-linux-gnu/libcanberra-gtk.so.0.1.9
7f0cfde0c000-7f0cfde0d000 rw-p 00004000 08:05 921985                     /usr/lib/x86_64-linux-gnu/libcanberra-gtk.so.0.1.9
7f0cfde0d000-7f0cfde12000 r-xp 00000000 08:05 1048177                    /usr/lib/x86_64-linux-gnu/gtk-2.0/modules/libcanberra-gtk-module.so
7f0cfde12000-7f0cfe011000 ---p 00005000 08:05 1048177                    /usr/lib/x86_64-linux-gnu/gtk-2.0/modules/libcanberra-gtk-module.so
7f0cfe011000-7f0cfe012000 r--p 00004000 08:05 1048177                    /usr/lib/x86_64-linux-gnu/gtk-2.0/modules/libcanberra-gtk-module.so
7f0cfe012000-7f0cfe013000 rw-p 00005000 08:05 1048177                    /usr/lib/x86_64-linux-gnu/gtk-2.0/modules/libcanberra-gtk-module.so
7f0cfe013000-7f0cfe042000 r-xp 00000000 08:05 1048159                    /usr/lib/x86_64-linux-gnu/gtk-2.0/2.10.0/engines/libmurrine.so
7f0cfe042000-7f0cfe242000 ---p 0002f000 08:05 1048159                    /usr/lib/x86_64-linux-gnu/gtk-2.0/2.10.0/engines/libmurrine.so
7f0cfe242000-7f0cfe243000 r--p 0002f000 08:05 1048159                    /usr/lib/x86_64-linux-gnu/gtk-2.0/2.10.0/engines/libmurrine.so
7f0cfe243000-7f0cfe244000 rw-p 00030000 08:05 1048159                    /usr/lib/x86_64-linux-gnu/gtk-2.0/2.10.0/engines/libmurrine.so
7f0cfe244000-7f0cfe254000 r-xp 00000000 08:05 922813                     /usr/lib/x86_64-linux-gnu/libunity-gtk2-parser.so.0.0.0
7f0cfe254000-7f0cfe453000 ---p 00010000 08:05 922813                     /usr/lib/x86_64-linux-gnu/libunity-gtk2-parser.so.0.0.0
7f0cfe453000-7f0cfe454000 r--p 0000f000 08:05 922813                     /usr/lib/x86_64-linux-gnu/libunity-gtk2-parser.so.0.0.0
7f0cfe454000-7f0cfe455000 rw-p 00010000 08:05 922813                     /usr/lib/x86_64-linux-gnu/libunity-gtk2-parser.so.0.0.0
7f0cfe455000-7f0cfe456000 r--s 00000000 08:05 289556                     /var/cache/fontconfig/dc05db6664285cc2f12bf69c139ae4c3-le64.cache-4
7f0cfe456000-7f0cfe45c000 r--s 00000000 08:05 289547                     /var/cache/fontconfig/b47c4e1ecd0709278f4910c18777a504-le64.cache-4
7f0cfe45c000-7f0cfe475000 r--p 00000000 08:05 168294                     /usr/share/locale-langpack/es/LC_MESSAGES/glib20.mo
7f0cfe475000-7f0cfe47a000 r-xp 00000000 08:05 1048181                    /usr/lib/x86_64-linux-gnu/gtk-2.0/modules/libunity-gtk-module.so
7f0cfe47a000-7f0cfe679000 ---p 00005000 08:05 1048181                    /usr/lib/x86_64-linux-gnu/gtk-2.0/modules/libunity-gtk-module.so
7f0cfe679000-7f0cfe67a000 r--p 00004000 08:05 1048181                    /usr/lib/x86_64-linux-gnu/gtk-2.0/modules/libunity-gtk-module.so
7f0cfe67a000-7f0cfe67b000 rw-p 00005000 08:05 1048181                    /usr/lib/x86_64-linux-gnu/gtk-2.0/modules/libunity-gtk-module.so
7f0cfe67b000-7f0cfe68c000 r-xp 00000000 08:05 1048180                    /usr/lib/x86_64-linux-gnu/gtk-2.0/modules/liboverlay-scrollbar.so
7f0cfe68c000-7f0cfe88b000 ---p 00011000 08:05 1048180                    /usr/lib/x86_64-linux-gnu/gtk-2.0/modules/liboverlay-scrollbar.so
7f0cfe88b000-7f0cfe88c000 r--p 00010000 08:05 1048180                    /usr/lib/x86_64-linux-gnu/gtk-2.0/modules/liboverlay-scrollbar.so
7f0cfe88c000-7f0cfe88d000 rw-p 00011000 08:05 1048180                    /usr/lib/x86_64-linux-gnu/gtk-2.0/modules/liboverlay-scrollbar.so
7f0cfe88d000-7f0cfe8b7000 r--p 00000000 08:05 168338                     /usr/share/locale-langpack/es/LC_MESSAGES/gtk20-properties.mo
7f0cfe8b7000-7f0cfe8bd000 r-xp 00000000 08:05 922053                     /usr/lib/x86_64-linux-gnu/libdatrie.so.1.3.1
7f0cfe8bd000-7f0cfeabc000 ---p 00006000 08:05 922053                     /usr/lib/x86_64-linux-gnu/libdatrie.so.1.3.1
7f0cfeabc000-7f0cfeabd000 r--p 00005000 08:05 922053                     /usr/lib/x86_64-linux-gnu/libdatrie.so.1.3.1
7f0cfeabd000-7f0cfeabe000 rw-p 00006000 08:05 922053                     /usr/lib/x86_64-linux-gnu/libdatrie.so.1.3.1
7f0cfeabe000-7f0cfead8000 r-xp 00000000 08:05 922279                     /usr/lib/x86_64-linux-gnu/libgraphite2.so.3.0.1
7f0cfead8000-7f0cfecd7000 ---p 0001a000 08:05 922279                     /usr/lib/x86_64-linux-gnu/libgraphite2.so.3.0.1
7f0cfecd7000-7f0cfecd9000 r--p 00019000 08:05 922279                     /usr/lib/x86_64-linux-gnu/libgraphite2.so.3.0.1
7f0cfecd9000-7f0cfecda000 rw-p 0001b000 08:05 922279                     /usr/lib/x86_64-linux-gnu/libgraphite2.so.3.0.1
7f0cfecda000-7f0cfecdf000 r-xp 00000000 08:05 921861                     /usr/lib/x86_64-linux-gnu/libXdmcp.so.6.0.0
7f0cfecdf000-7f0cfeede000 ---p 00005000 08:05 921861                     /usr/lib/x86_64-linux-gnu/libXdmcp.so.6.0.0
7f0cfeede000-7f0cfeedf000 r--p 00004000 08:05 921861                     /usr/lib/x86_64-linux-gnu/libXdmcp.so.6.0.0
7f0cfeedf000-7f0cfeee0000 rw-p 00005000 08:05 921861                     /usr/lib/x86_64-linux-gnu/libXdmcp.so.6.0.0
7f0cfeee0000-7f0cfeee2000 r-xp 00000000 08:05 921850                     /usr/lib/x86_64-linux-gnu/libXau.so.6.0.0
7f0cfeee2000-7f0cff0e2000 ---p 00002000 08:05 921850                     /usr/lib/x86_64-linux-gnu/libXau.so.6.0.0
7f0cff0e2000-7f0cff0e3000 r--p 00002000 08:05 921850                     /usr/lib/x86_64-linux-gnu/libXau.so.6.0.0
7f0cff0e3000-7f0cff0e4000 rw-p 00003000 08:05 921850                     /usr/lib/x86_64-linux-gnu/libXau.so.6.0.0
7f0cff0e4000-7f0cff121000 r-xp 00000000 08:05 657801                     /lib/x86_64-linux-gnu/libpcre.so.3.13.1
7f0cff121000-7f0cff320000 ---p 0003d000 08:05 657801                     /lib/x86_64-linux-gnu/libpcre.so.3.13.1
7f0cff320000-7f0cff321000 r--p 0003c000 08:05 657801                     /lib/x86_64-linux-gnu/libpcre.so.3.13.1
7f0cff321000-7f0cff322000 rw-p 0003d000 08:05 657801                     /lib/x86_64-linux-gnu/libpcre.so.3.13.1
7f0cff322000-7f0cff329000 r-xp 00000000 08:05 921603                     /usr/lib/x86_64-linux-gnu/libffi.so.6.0.1
7f0cff329000-7f0cff528000 ---p 00007000 08:05 921603                     /usr/lib/x86_64-linux-gnu/libffi.so.6.0.1
7f0cff528000-7f0cff529000 r--p 00006000 08:05 921603                     /usr/lib/x86_64-linux-gnu/libffi.so.6.0.1
7f0cff529000-7f0cff52a000 rw-p 00007000 08:05 921603                     /usr/lib/x86_64-linux-gnu/libffi.so.6.0.1
7f0cff52a000-7f0cff551000 r-xp 00000000 08:05 652811                     /lib/x86_64-linux-gnu/libexpat.so.1.6.0
7f0cff551000-7f0cff751000 ---p 00027000 08:05 652811                     /lib/x86_64-linux-gnu/libexpat.so.1.6.0
7f0cff751000-7f0cff753000 r--p 00027000 08:05 652811                     /lib/x86_64-linux-gnu/libexpat.so.1.6.0
7f0cff753000-7f0cff754000 rw-p 00029000 08:05 652811                     /lib/x86_64-linux-gnu/libexpat.so.1.6.0
7f0cff754000-7f0cff7a7000 r-xp 00000000 08:05 922392                     /usr/lib/x86_64-linux-gnu/libharfbuzz.so.0.927.0
7f0cff7a7000-7f0cff9a7000 ---p 00053000 08:05 922392                     /usr/lib/x86_64-linux-gnu/libharfbuzz.so.0.927.0
7f0cff9a7000-7f0cff9a8000 r--p 00053000 08:05 922392                     /usr/lib/x86_64-linux-gnu/libharfbuzz.so.0.927.0
7f0cff9a8000-7f0cff9a9000 rw-p 00054000 08:05 922392                     /usr/lib/x86_64-linux-gnu/libharfbuzz.so.0.927.0
7f0cff9a9000-7f0cff9c0000 r-xp 00000000 08:05 657824                     /lib/x86_64-linux-gnu/libresolv-2.19.so
7f0cff9c0000-7f0cffbc0000 ---p 00017000 08:05 657824                     /lib/x86_64-linux-gnu/libresolv-2.19.so
7f0cffbc0000-7f0cffbc1000 r--p 00017000 08:05 657824                     /lib/x86_64-linux-gnu/libresolv-2.19.so
7f0cffbc1000-7f0cffbc2000 rw-p 00018000 08:05 657824                     /lib/x86_64-linux-gnu/libresolv-2.19.so
7f0cffbc2000-7f0cffbc4000 rw-p 00000000 00:00 0 
7f0cffbc4000-7f0cffbe4000 r-xp 00000000 08:05 657828                     /lib/x86_64-linux-gnu/libselinux.so.1
7f0cffbe4000-7f0cffde3000 ---p 00020000 08:05 657828                     /lib/x86_64-linux-gnu/libselinux.so.1
7f0cffde3000-7f0cffde4000 r--p 0001f000 08:05 657828                     /lib/x86_64-linux-gnu/libselinux.so.1
7f0cffde4000-7f0cffde5000 rw-p 00020000 08:05 657828                     /lib/x86_64-linux-gnu/libselinux.so.1
7f0cffde5000-7f0cffde7000 rw-p 00000000 00:00 0 
7f0cffde7000-7f0cffdff000 r-xp 00000000 08:05 657861                     /lib/x86_64-linux-gnu/libz.so.1.2.8
7f0cffdff000-7f0cffffe000 ---p 00018000 08:05 657861                     /lib/x86_64-linux-gnu/libz.so.1.2.8
7f0cffffe000-7f0cfffff000 r--p 00017000 08:05 657861                     /lib/x86_64-linux-gnu/libz.so.1.2.8
7f0cfffff000-7f0d00000000 rw-p 00018000 08:05 657861                     /lib/x86_64-linux-gnu/libz.so.1.2.8
7f0d00000000-7f0d00021000 rw-p 00000000 00:00 0 
7f0d00021000-7f0d04000000 ---p 00000000 00:00 0 
7f0d04000000-7f0d04021000 rw-p 00000000 00:00 0 
7f0d04021000-7f0d08000000 ---p 00000000 00:00 0 
7f0d08000000-7f0d09413000 rw-p 00000000 00:00 0 
7f0d09413000-7f0d0c000000 ---p 00000000 00:00 0 
7f0d0c000000-7f0d0cb45000 rw-p 00000000 00:00 0 
7f0d0cb45000-7f0d10000000 ---p 00000000 00:00 0 
7f0d10000000-7f0d10021000 rw-p 00000000 00:00 0 
7f0d10021000-7f0d14000000 ---p 00000000 00:00 0 
7f0d14000000-7f0d14a77000 rw-p 00000000 00:00 0 
7f0d14a77000-7f0d18000000 ---p 00000000 00:00 0 
7f0d18000000-7f0d18021000 rw-p 00000000 00:00 0 
7f0d18021000-7f0d1c000000 ---p 00000000 00:00 0 
7f0d1c000000-7f0d1c021000 rw-p 00000000 00:00 0 
7f0d1c021000-7f0d20000000 ---p 00000000 00:00 0 
7f0d20000000-7f0d20021000 rw-p 00000000 00:00 0 
7f0d20021000-7f0d24000000 ---p 00000000 00:00 0 
7f0d24000000-7f0d2428a000 rw-p 00000000 00:00 0 
7f0d2428a000-7f0d28000000 ---p 00000000 00:00 0 
7f0d28000000-7f0d28021000 rw-p 00000000 00:00 0 
7f0d28021000-7f0d2c000000 ---p 00000000 00:00 0 
7f0d2c000000-7f0d2c00d000 r--s 00000000 08:05 290135                     /var/cache/fontconfig/e13b20fdb08344e0e664864cc2ede53d-le64.cache-4
7f0d2c00d000-7f0d2c015000 r-xp 00000000 08:05 922776                     /usr/lib/x86_64-linux-gnu/libthai.so.0.2.0
7f0d2c015000-7f0d2c214000 ---p 00008000 08:05 922776                     /usr/lib/x86_64-linux-gnu/libthai.so.0.2.0
7f0d2c214000-7f0d2c215000 r--p 00007000 08:05 922776                     /usr/lib/x86_64-linux-gnu/libthai.so.0.2.0
7f0d2c215000-7f0d2c216000 rw-p 00008000 08:05 922776                     /usr/lib/x86_64-linux-gnu/libthai.so.0.2.0
7f0d2c216000-7f0d2c21e000 r-xp 00000000 08:05 922902                     /usr/lib/x86_64-linux-gnu/libxcb-render.so.0.0.0
7f0d2c21e000-7f0d2c41d000 ---p 00008000 08:05 922902                     /usr/lib/x86_64-linux-gnu/libxcb-render.so.0.0.0
7f0d2c41d000-7f0d2c41e000 r--p 00007000 08:05 922902                     /usr/lib/x86_64-linux-gnu/libxcb-render.so.0.0.0
7f0d2c41e000-7f0d2c41f000 rw-p 00008000 08:05 922902                     /usr/lib/x86_64-linux-gnu/libxcb-render.so.0.0.0
7f0d2c41f000-7f0d2c421000 r-xp 00000000 08:05 922906                     /usr/lib/x86_64-linux-gnu/libxcb-shm.so.0.0.0
7f0d2c421000-7f0d2c620000 ---p 00002000 08:05 922906                     /usr/lib/x86_64-linux-gnu/libxcb-shm.so.0.0.0
7f0d2c620000-7f0d2c621000 r--p 00001000 08:05 922906                     /usr/lib/x86_64-linux-gnu/libxcb-shm.so.0.0.0
7f0d2c621000-7f0d2c622000 rw-p 00002000 08:05 922906                     /usr/lib/x86_64-linux-gnu/libxcb-shm.so.0.0.0
7f0d2c622000-7f0d2c647000 r-xp 00000000 08:05 654139                     /lib/x86_64-linux-gnu/libpng12.so.0.50.0
7f0d2c647000-7f0d2c846000 ---p 00025000 08:05 654139                     /lib/x86_64-linux-gnu/libpng12.so.0.50.0
7f0d2c846000-7f0d2c847000 r--p 00024000 08:05 654139                     /lib/x86_64-linux-gnu/libpng12.so.0.50.0
7f0d2c847000-7f0d2c848000 rw-p 00025000 08:05 654139                     /lib/x86_64-linux-gnu/libpng12.so.0.50.0
7f0d2c848000-7f0d2c8e9000 r-xp 00000000 08:05 922608                     /usr/lib/x86_64-linux-gnu/libpixman-1.so.0.30.2
7f0d2c8e9000-7f0d2cae9000 ---p 000a1000 08:05 922608                     /usr/lib/x86_64-linux-gnu/libpixman-1.so.0.30.2
7f0d2cae9000-7f0d2caf0000 r--p 000a1000 08:05 922608                     /usr/lib/x86_64-linux-gnu/libpixman-1.so.0.30.2
7f0d2caf0000-7f0d2caf1000 rw-p 000a8000 08:05 922608                     /usr/lib/x86_64-linux-gnu/libpixman-1.so.0.30.2
7f0d2caf1000-7f0d2cb0e000 r-xp 00000000 08:05 922916                     /usr/lib/x86_64-linux-gnu/libxcb.so.1.1.0
7f0d2cb0e000-7f0d2cd0e000 ---p 0001d000 08:05 922916                     /usr/lib/x86_64-linux-gnu/libxcb.so.1.1.0
7f0d2cd0e000-7f0d2cd0f000 r--p 0001d000 08:05 922916                     /usr/lib/x86_64-linux-gnu/libxcb.so.1.1.0
7f0d2cd0f000-7f0d2cd10000 rw-p 0001e000 08:05 922916                     /usr/lib/x86_64-linux-gnu/libxcb.so.1.1.0
7f0d2cd10000-7f0d2cdad000 r-xp 00000000 08:05 921217                     /usr/lib/x86_64-linux-gnu/libfreetype.so.6.11.1
7f0d2cdad000-7f0d2cfac000 ---p 0009d000 08:05 921217                     /usr/lib/x86_64-linux-gnu/libfreetype.so.6.11.1
7f0d2cfac000-7f0d2cfb2000 r--p 0009c000 08:05 921217                     /usr/lib/x86_64-linux-gnu/libfreetype.so.6.11.1
7f0d2cfb2000-7f0d2cfb3000 rw-p 000a2000 08:05 921217                     /usr/lib/x86_64-linux-gnu/libfreetype.so.6.11.1
7f0d2cfb3000-7f0d2cfb5000 r-xp 00000000 08:05 921859                     /usr/lib/x86_64-linux-gnu/libXdamage.so.1.1.0
7f0d2cfb5000-7f0d2d1b4000 ---p 00002000 08:05 921859                     /usr/lib/x86_64-linux-gnu/libXdamage.so.1.1.0
7f0d2d1b4000-7f0d2d1b5000 r--p 00001000 08:05 921859                     /usr/lib/x86_64-linux-gnu/libXdamage.so.1.1.0
7f0d2d1b5000-7f0d2d1b6000 rw-p 00002000 08:05 921859                     /usr/lib/x86_64-linux-gnu/libXdamage.so.1.1.0
7f0d2d1b6000-7f0d2d1b8000 r-xp 00000000 08:05 921855                     /usr/lib/x86_64-linux-gnu/libXcomposite.so.1.0.0
7f0d2d1b8000-7f0d2d3b7000 ---p 00002000 08:05 921855                     /usr/lib/x86_64-linux-gnu/libXcomposite.so.1.0.0
7f0d2d3b7000-7f0d2d3b8000 r--p 00001000 08:05 921855                     /usr/lib/x86_64-linux-gnu/libXcomposite.so.1.0.0
7f0d2d3b8000-7f0d2d3b9000 rw-p 00002000 08:05 921855                     /usr/lib/x86_64-linux-gnu/libXcomposite.so.1.0.0
7f0d2d3b9000-7f0d2d3c2000 r-xp 00000000 08:05 921857                     /usr/lib/x86_64-linux-gnu/libXcursor.so.1.0.2
7f0d2d3c2000-7f0d2d5c1000 ---p 00009000 08:05 921857                     /usr/lib/x86_64-linux-gnu/libXcursor.so.1.0.2
7f0d2d5c1000-7f0d2d5c2000 r--p 00008000 08:05 921857                     /usr/lib/x86_64-linux-gnu/libXcursor.so.1.0.2
7f0d2d5c2000-7f0d2d5c3000 rw-p 00009000 08:05 921857                     /usr/lib/x86_64-linux-gnu/libXcursor.so.1.0.2
7f0d2d5c3000-7f0d2d5cc000 r-xp 00000000 08:05 921883                     /usr/lib/x86_64-linux-gnu/libXrandr.so.2.2.0
7f0d2d5cc000-7f0d2d7cb000 ---p 00009000 08:05 921883                     /usr/lib/x86_64-linux-gnu/libXrandr.so.2.2.0
7f0d2d7cb000-7f0d2d7cc000 r--p 00008000 08:05 921883                     /usr/lib/x86_64-linux-gnu/libXrandr.so.2.2.0
7f0d2d7cc000-7f0d2d7cd000 rw-p 00009000 08:05 921883                     /usr/lib/x86_64-linux-gnu/libXrandr.so.2.2.0
7f0d2d7cd000-7f0d2d7dc000 r-xp 00000000 08:05 921871                     /usr/lib/x86_64-linux-gnu/libXi.so.6.1.0
7f0d2d7dc000-7f0d2d9db000 ---p 0000f000 08:05 921871                     /usr/lib/x86_64-linux-gnu/libXi.so.6.1.0
7f0d2d9db000-7f0d2d9dc000 r--p 0000e000 08:05 921871                     /usr/lib/x86_64-linux-gnu/libXi.so.6.1.0
7f0d2d9dc000-7f0d2d9dd000 rw-p 0000f000 08:05 921871                     /usr/lib/x86_64-linux-gnu/libXi.so.6.1.0
7f0d2d9dd000-7f0d2d9df000 r-xp 00000000 08:05 921873                     /usr/lib/x86_64-linux-gnu/libXinerama.so.1.0.0
7f0d2d9df000-7f0d2dbde000 ---p 00002000 08:05 921873                     /usr/lib/x86_64-linux-gnu/libXinerama.so.1.0.0
7f0d2dbde000-7f0d2dbdf000 r--p 00001000 08:05 921873                     /usr/lib/x86_64-linux-gnu/libXinerama.so.1.0.0
7f0d2dbdf000-7f0d2dbe0000 rw-p 00002000 08:05 921873                     /usr/lib/x86_64-linux-gnu/libXinerama.so.1.0.0
7f0d2dbe0000-7f0d2dbe9000 r-xp 00000000 08:05 921885                     /usr/lib/x86_64-linux-gnu/libXrender.so.1.3.0
7f0d2dbe9000-7f0d2dde8000 ---p 00009000 08:05 921885                     /usr/lib/x86_64-linux-gnu/libXrender.so.1.3.0
7f0d2dde8000-7f0d2dde9000 r--p 00008000 08:05 921885                     /usr/lib/x86_64-linux-gnu/libXrender.so.1.3.0
7f0d2dde9000-7f0d2ddea000 rw-p 00009000 08:05 921885                     /usr/lib/x86_64-linux-gnu/libXrender.so.1.3.0
7f0d2ddea000-7f0d2ddfb000 r-xp 00000000 08:05 921863                     /usr/lib/x86_64-linux-gnu/libXext.so.6.4.0
7f0d2ddfb000-7f0d2dffa000 ---p 00011000 08:05 921863                     /usr/lib/x86_64-linux-gnu/libXext.so.6.4.0
7f0d2dffa000-7f0d2dffb000 r--p 00010000 08:05 921863                     /usr/lib/x86_64-linux-gnu/libXext.so.6.4.0
7f0d2dffb000-7f0d2dffc000 rw-p 00011000 08:05 921863                     /usr/lib/x86_64-linux-gnu/libXext.so.6.4.0
7f0d2dffc000-7f0d2e102000 r-xp 00000000 08:05 657729                     /lib/x86_64-linux-gnu/libglib-2.0.so.0.4002.0
7f0d2e102000-7f0d2e301000 ---p 00106000 08:05 657729                     /lib/x86_64-linux-gnu/libglib-2.0.so.0.4002.0
7f0d2e301000-7f0d2e302000 r--p 00105000 08:05 657729                     /lib/x86_64-linux-gnu/libglib-2.0.so.0.4002.0
7f0d2e302000-7f0d2e303000 rw-p 00106000 08:05 657729                     /lib/x86_64-linux-gnu/libglib-2.0.so.0.4002.0
7f0d2e303000-7f0d2e304000 rw-p 00000000 00:00 0 
7f0d2e304000-7f0d2e353000 r-xp 00000000 08:05 922261                     /usr/lib/x86_64-linux-gnu/libgobject-2.0.so.0.4002.0
7f0d2e353000-7f0d2e553000 ---p 0004f000 08:05 922261                     /usr/lib/x86_64-linux-gnu/libgobject-2.0.so.0.4002.0
7f0d2e553000-7f0d2e554000 r--p 0004f000 08:05 922261                     /usr/lib/x86_64-linux-gnu/libgobject-2.0.so.0.4002.0
7f0d2e554000-7f0d2e555000 rw-p 00050000 08:05 922261                     /usr/lib/x86_64-linux-gnu/libgobject-2.0.so.0.4002.0
7f0d2e555000-7f0d2e58f000 r-xp 00000000 08:05 922146                     /usr/lib/x86_64-linux-gnu/libfontconfig.so.1.8.0
7f0d2e58f000-7f0d2e78e000 ---p 0003a000 08:05 922146                     /usr/lib/x86_64-linux-gnu/libfontconfig.so.1.8.0
7f0d2e78e000-7f0d2e790000 r--p 00039000 08:05 922146                     /usr/lib/x86_64-linux-gnu/libfontconfig.so.1.8.0
7f0d2e790000-7f0d2e791000 rw-p 0003b000 08:05 922146                     /usr/lib/x86_64-linux-gnu/libfontconfig.so.1.8.0
7f0d2e791000-7f0d2e7db000 r-xp 00000000 08:05 922585                     /usr/lib/x86_64-linux-gnu/libpango-1.0.so.0.3600.3
7f0d2e7db000-7f0d2e9db000 ---p 0004a000 08:05 922585                     /usr/lib/x86_64-linux-gnu/libpango-1.0.so.0.3600.3
7f0d2e9db000-7f0d2e9dd000 r--p 0004a000 08:05 922585                     /usr/lib/x86_64-linux-gnu/libpango-1.0.so.0.3600.3
7f0d2e9dd000-7f0d2e9de000 rw-p 0004c000 08:05 922585                     /usr/lib/x86_64-linux-gnu/libpango-1.0.so.0.3600.3
7f0d2e9de000-7f0d2e9f2000 r-xp 00000000 08:05 922589                     /usr/lib/x86_64-linux-gnu/libpangoft2-1.0.so.0.3600.3
7f0d2e9f2000-7f0d2ebf1000 ---p 00014000 08:05 922589                     /usr/lib/x86_64-linux-gnu/libpangoft2-1.0.so.0.3600.3
7f0d2ebf1000-7f0d2ebf2000 r--p 00013000 08:05 922589                     /usr/lib/x86_64-linux-gnu/libpangoft2-1.0.so.0.3600.3
7f0d2ebf2000-7f0d2ebf3000 rw-p 00014000 08:05 922589                     /usr/lib/x86_64-linux-gnu/libpangoft2-1.0.so.0.3600.3
7f0d2ebf3000-7f0d2ed5f000 r-xp 00000000 08:05 922233                     /usr/lib/x86_64-linux-gnu/libgio-2.0.so.0.4002.0
7f0d2ed5f000-7f0d2ef5e000 ---p 0016c000 08:05 922233                     /usr/lib/x86_64-linux-gnu/libgio-2.0.so.0.4002.0
7f0d2ef5e000-7f0d2ef62000 r--p 0016b000 08:05 922233                     /usr/lib/x86_64-linux-gnu/libgio-2.0.so.0.4002.0
7f0d2ef62000-7f0d2ef64000 rw-p 0016f000 08:05 922233                     /usr/lib/x86_64-linux-gnu/libgio-2.0.so.0.4002.0
7f0d2ef64000-7f0d2ef66000 rw-p 00000000 00:00 0 
7f0d2ef66000-7f0d2ef86000 r-xp 00000000 08:05 921307                     /usr/lib/x86_64-linux-gnu/libgdk_pixbuf-2.0.so.0.3000.7
7f0d2ef86000-7f0d2f185000 ---p 00020000 08:05 921307                     /usr/lib/x86_64-linux-gnu/libgdk_pixbuf-2.0.so.0.3000.7
7f0d2f185000-7f0d2f186000 r--p 0001f000 08:05 921307                     /usr/lib/x86_64-linux-gnu/libgdk_pixbuf-2.0.so.0.3000.7
7f0d2f186000-7f0d2f187000 rw-p 00020000 08:05 921307                     /usr/lib/x86_64-linux-gnu/libgdk_pixbuf-2.0.so.0.3000.7
7f0d2f187000-7f0d2f28d000 r-xp 00000000 08:05 921981                     /usr/lib/x86_64-linux-gnu/libcairo.so.2.11301.0
7f0d2f28d000-7f0d2f48c000 ---p 00106000 08:05 921981                     /usr/lib/x86_64-linux-gnu/libcairo.so.2.11301.0
7f0d2f48c000-7f0d2f48f000 r--p 00105000 08:05 921981                     /usr/lib/x86_64-linux-gnu/libcairo.so.2.11301.0
7f0d2f48f000-7f0d2f490000 rw-p 00108000 08:05 921981                     /usr/lib/x86_64-linux-gnu/libcairo.so.2.11301.0
7f0d2f490000-7f0d2f492000 rw-p 00000000 00:00 0 
7f0d2f492000-7f0d2f4b1000 r-xp 00000000 08:05 921942                     /usr/lib/x86_64-linux-gnu/libatk-1.0.so.0.21009.1
7f0d2f4b1000-7f0d2f6b1000 ---p 0001f000 08:05 921942                     /usr/lib/x86_64-linux-gnu/libatk-1.0.so.0.21009.1
7f0d2f6b1000-7f0d2f6b3000 r--p 0001f000 08:05 921942                     /usr/lib/x86_64-linux-gnu/libatk-1.0.so.0.21009.1
7f0d2f6b3000-7f0d2f6b4000 rw-p 00021000 08:05 921942                     /usr/lib/x86_64-linux-gnu/libatk-1.0.so.0.21009.1
7f0d2f6b4000-7f0d2f6b9000 r-xp 00000000 08:05 921865                     /usr/lib/x86_64-linux-gnu/libXfixes.so.3.1.0
7f0d2f6b9000-7f0d2f8b8000 ---p 00005000 08:05 921865                     /usr/lib/x86_64-linux-gnu/libXfixes.so.3.1.0
7f0d2f8b8000-7f0d2f8b9000 r--p 00004000 08:05 921865                     /usr/lib/x86_64-linux-gnu/libXfixes.so.3.1.0
7f0d2f8b9000-7f0d2f8ba000 rw-p 00005000 08:05 921865                     /usr/lib/x86_64-linux-gnu/libXfixes.so.3.1.0
7f0d2f8ba000-7f0d2f9ea000 r-xp 00000000 08:05 921846                     /usr/lib/x86_64-linux-gnu/libX11.so.6.3.0
7f0d2f9ea000-7f0d2fbea000 ---p 00130000 08:05 921846                     /usr/lib/x86_64-linux-gnu/libX11.so.6.3.0
7f0d2fbea000-7f0d2fbeb000 r--p 00130000 08:05 921846                     /usr/lib/x86_64-linux-gnu/libX11.so.6.3.0
7f0d2fbeb000-7f0d2fbef000 rw-p 00131000 08:05 921846                     /usr/lib/x86_64-linux-gnu/libX11.so.6.3.0
7f0d2fbef000-7f0d2fbfa000 r-xp 00000000 08:05 922587                     /usr/lib/x86_64-linux-gnu/libpangocairo-1.0.so.0.3600.3
7f0d2fbfa000-7f0d2fdfa000 ---p 0000b000 08:05 922587                     /usr/lib/x86_64-linux-gnu/libpangocairo-1.0.so.0.3600.3
7f0d2fdfa000-7f0d2fdfb000 r--p 0000b000 08:05 922587                     /usr/lib/x86_64-linux-gnu/libpangocairo-1.0.so.0.3600.3
7f0d2fdfb000-7f0d2fdfc000 rw-p 0000c000 08:05 922587                     /usr/lib/x86_64-linux-gnu/libpangocairo-1.0.so.0.3600.3
7f0d2fdfc000-7f0d2fdff000 r-xp 00000000 08:05 922245                     /usr/lib/x86_64-linux-gnu/libgmodule-2.0.so.0.4002.0
7f0d2fdff000-7f0d2fffe000 ---p 00003000 08:05 922245                     /usr/lib/x86_64-linux-gnu/libgmodule-2.0.so.0.4002.0
7f0d2fffe000-7f0d2ffff000 r--p 00002000 08:05 922245                     /usr/lib/x86_64-linux-gnu/libgmodule-2.0.so.0.4002.0
7f0d2ffff000-7f0d30000000 rw-p 00003000 08:05 922245                     /usr/lib/x86_64-linux-gnu/libgmodule-2.0.so.0.4002.0
7f0d30000000-7f0d30021000 rw-p 00000000 00:00 0 
7f0d30021000-7f0d34000000 ---p 00000000 00:00 0 
7f0d34000000-7f0d34001000 r--s 00000000 08:05 286442                     /var/cache/fontconfig/4794a0821666d79190d59a36cb4f44b5-le64.cache-4
7f0d34001000-7f0d34002000 r--s 00000000 08:05 289536                     /var/cache/fontconfig/56cf4f4769d0f4abc89a4895d7bd3ae1-le64.cache-4
7f0d34002000-7f0d34003000 r--s 00000000 08:05 289548                     /var/cache/fontconfig/b9d506c9ac06c20b433354fa67a72993-le64.cache-4
7f0d34003000-7f0d34004000 r--s 00000000 08:05 289525                     /var/cache/fontconfig/0c9eb80ebd1c36541ebe2852d3bb0c49-le64.cache-4
7f0d34004000-7f0d3402a000 r--p 00000000 08:05 168395                     /usr/share/locale-langpack/es/LC_MESSAGES/libc.mo
7f0d3402a000-7f0d340d8000 r-xp 00000000 08:05 921225                     /usr/lib/x86_64-linux-gnu/libgdk-x11-2.0.so.0.2400.23
7f0d340d8000-7f0d342d7000 ---p 000ae000 08:05 921225                     /usr/lib/x86_64-linux-gnu/libgdk-x11-2.0.so.0.2400.23
7f0d342d7000-7f0d342db000 r--p 000ad000 08:05 921225                     /usr/lib/x86_64-linux-gnu/libgdk-x11-2.0.so.0.2400.23
7f0d342db000-7f0d342dd000 rw-p 000b1000 08:05 921225                     /usr/lib/x86_64-linux-gnu/libgdk-x11-2.0.so.0.2400.23
7f0d342dd000-7f0d342e2000 r-xp 00000000 08:05 921891                     /usr/lib/x86_64-linux-gnu/libXtst.so.6.1.0
7f0d342e2000-7f0d344e1000 ---p 00005000 08:05 921891                     /usr/lib/x86_64-linux-gnu/libXtst.so.6.1.0
7f0d344e1000-7f0d344e2000 r--p 00004000 08:05 921891                     /usr/lib/x86_64-linux-gnu/libXtst.so.6.1.0
7f0d344e2000-7f0d344e3000 rw-p 00005000 08:05 921891                     /usr/lib/x86_64-linux-gnu/libXtst.so.6.1.0
7f0d344e3000-7f0d344e4000 r-xp 00000000 08:05 922368                     /usr/lib/x86_64-linux-gnu/libgthread-2.0.so.0.4002.0
7f0d344e4000-7f0d346e3000 ---p 00001000 08:05 922368                     /usr/lib/x86_64-linux-gnu/libgthread-2.0.so.0.4002.0
7f0d346e3000-7f0d346e4000 r--p 00000000 08:05 922368                     /usr/lib/x86_64-linux-gnu/libgthread-2.0.so.0.4002.0
7f0d346e4000-7f0d346e5000 rw-p 00001000 08:05 922368                     /usr/lib/x86_64-linux-gnu/libgthread-2.0.so.0.4002.0
7f0d346e5000-7f0d34b15000 r-xp 00000000 08:05 921226                     /usr/lib/x86_64-linux-gnu/libgtk-x11-2.0.so.0.2400.23
7f0d34b15000-7f0d34d14000 ---p 00430000 08:05 921226                     /usr/lib/x86_64-linux-gnu/libgtk-x11-2.0.so.0.2400.23
7f0d34d14000-7f0d34d1b000 r--p 0042f000 08:05 921226                     /usr/lib/x86_64-linux-gnu/libgtk-x11-2.0.so.0.2400.23
7f0d34d1b000-7f0d34d1f000 rw-p 00436000 08:05 921226                     /usr/lib/x86_64-linux-gnu/libgtk-x11-2.0.so.0.2400.23
7f0d34d1f000-7f0d34d22000 rw-p 00000000 00:00 0 
7f0d34d22000-7f0d34d26000 r--s 00000000 08:05 289937                     /var/cache/fontconfig/7ef2298fde41cc6eeb7af42e48b7d293-le64.cache-4
7f0d34d26000-7f0d34d2b000 r--p 00000000 08:05 922173                     /home/chibi/.config/dconf/user
7f0d34d2b000-7f0d34d2c000 r--s 00000000 00:16 19740                      /run/user/1000/dconf/user
7f0d34d2c000-7f0d34d33000 r--s 00000000 08:05 1047829                    /usr/lib/x86_64-linux-gnu/gconv/gconv-modules.cache
7f0d34d33000-7f0d34d42000 r--p 00000000 08:05 168339                     /usr/share/locale-langpack/es/LC_MESSAGES/gtk20.mo
7f0d34d42000-7f0d34dae000 r-xp 00000000 08:05 169256                     /tmp/swtlib-64/libswt-pi-gtk-3557.so
7f0d34dae000-7f0d34ead000 ---p 0006c000 08:05 169256                     /tmp/swtlib-64/libswt-pi-gtk-3557.so
7f0d34ead000-7f0d34eb1000 rw-p 0006b000 08:05 169256                     /tmp/swtlib-64/libswt-pi-gtk-3557.so
7f0d34eb1000-7f0d34eb2000 rw-p 00000000 00:00 0 
7f0d34eb2000-7f0d34ef2000 r-xp 00000000 08:05 169232                     /tmp/swtlib-64/libswt-gtk-3557.so
7f0d34ef2000-7f0d34ff2000 ---p 00040000 08:05 169232                     /tmp/swtlib-64/libswt-gtk-3557.so
7f0d34ff2000-7f0d34ff6000 rw-p 00040000 08:05 169232                     /tmp/swtlib-64/libswt-gtk-3557.so
7f0d34ff6000-7f0d34ff7000 rw-p 00000000 00:00 0 
7f0d34ff7000-7f0d34ffa000 r--s 0001a000 08:05 807774                     /usr/lib/jvm/java-8-oracle/jre/lib/jce.jar
7f0d34ffa000-7f0d351fa000 rw-p 00000000 00:00 0 
7f0d351fa000-7f0d351ff000 r--s 00096000 08:05 807776                     /usr/lib/jvm/java-8-oracle/jre/lib/jsse.jar
7f0d351ff000-7f0d35203000 r--s 00038000 08:05 951484                     /home/chibi/.m2/repository/commons-lang/commons-lang/2.2/commons-lang-2.2.jar
7f0d35203000-7f0d3520b000 r--s 00053000 08:05 951483                     /home/chibi/.m2/repository/net/sf/oval/oval/1.81/oval-1.81.jar
7f0d3520b000-7f0d3520d000 r--s 0000d000 08:05 927933                     /home/chibi/.m2/repository/commons-logging/commons-logging/1.1.1/commons-logging-1.1.1.jar
7f0d3520d000-7f0d35212000 r--s 00034000 08:05 951481                     /home/chibi/.m2/repository/commons-beanutils/commons-beanutils/1.8.3/commons-beanutils-1.8.3.jar
7f0d35212000-7f0d3521e000 r--s 00076000 08:05 940392                     /home/chibi/.m2/repository/net/sourceforge/collections/collections-generic/4.01/collections-generic-4.01.jar
7f0d3521e000-7f0d3522c000 r--s 0007f000 08:05 927228                     /home/chibi/.m2/repository/commons-collections/commons-collections/3.2.1/commons-collections-3.2.1.jar
7f0d3522c000-7f0d35235000 r--s 0006d000 08:05 942749                     /home/chibi/.m2/repository/log4j/log4j/1.2.16/log4j-1.2.16.jar
7f0d35235000-7f0d35237000 r--s 00008000 08:05 951476                     /home/chibi/.m2/repository/org/uqbar-project/uqbar-domain/3.6.1/uqbar-domain-3.6.1.jar
7f0d35237000-7f0d3523a000 r--s 0000f000 08:05 943495                     /home/chibi/Descargas/eclipse/plugins/org.eclipse.xtend.lib.macro_2.9.0.v201512010527.jar
7f0d3523a000-7f0d3523f000 r--s 00036000 08:05 943494                     /home/chibi/Descargas/eclipse/plugins/org.eclipse.xtend.lib_2.9.0.v201512010527.jar
7f0d3523f000-7f0d35242000 r--s 0001f000 08:05 943805                     /home/chibi/Descargas/eclipse/plugins/org.eclipse.xtext.xbase.lib_2.9.0.v201512010527.jar
7f0d35242000-7f0d3526b000 r--s 00200000 08:05 932915                     /home/chibi/Descargas/eclipse/plugins/com.google.guava_15.0.0.v201403281430.jar
7f0d3526b000-7f0d3528c000 r--s 00162000 08:05 952018                     /home/chibi/.m2/repository/org/mockito/mockito-all/1.9.5/mockito-all-1.9.5.jar
7f0d3528c000-7f0d3528f000 r--s 0000c000 08:05 961531                     /home/chibi/.m2/repository/org/eclipse/xtend/org.eclipse.xtend.lib.macro/2.9.1/org.eclipse.xtend.lib.macro-2.9.1.jar
7f0d3528f000-7f0d352b8000 r--s 001ee000 08:05 942551                     /home/chibi/.m2/repository/com/google/guava/guava/14.0.1/guava-14.0.1.jar
7f0d352b8000-7f0d352bb000 r--s 0001b000 08:05 961529                     /home/chibi/.m2/repository/org/eclipse/xtext/org.eclipse.xtext.xbase.lib/2.9.1/org.eclipse.xtext.xbase.lib-2.9.1.jar
7f0d352bb000-7f0d352c5000 r--s 00095000 08:05 916803                     /home/chibi/.m2/repository/org/scala-lang/modules/scala-xml_2.11/1.0.2/scala-xml_2.11-1.0.2.jar
7f0d352c5000-7f0d352c6000 ---p 00000000 00:00 0 
7f0d352c6000-7f0d353c6000 rw-p 00000000 00:00 0                          [stack:3536]
7f0d353c6000-7f0d353c9000 ---p 00000000 00:00 0 
7f0d353c9000-7f0d354c7000 rw-p 00000000 00:00 0                          [stack:3535]
7f0d354c7000-7f0d354ca000 ---p 00000000 00:00 0 
7f0d354ca000-7f0d355c8000 rw-p 00000000 00:00 0                          [stack:3534]
7f0d355c8000-7f0d355cb000 ---p 00000000 00:00 0 
7f0d355cb000-7f0d356c9000 rw-p 00000000 00:00 0                          [stack:3533]
7f0d356c9000-7f0d356cc000 ---p 00000000 00:00 0 
7f0d356cc000-7f0d357ca000 rw-p 00000000 00:00 0                          [stack:3532]
7f0d357ca000-7f0d357cd000 ---p 00000000 00:00 0 
7f0d357cd000-7f0d358cb000 rw-p 00000000 00:00 0                          [stack:3531]
7f0d358cb000-7f0d35923000 r--s 004f2000 08:05 952183                     /home/chibi/.m2/repository/org/scala-lang/scala-library/2.11.2/scala-library-2.11.2.jar
7f0d35923000-7f0d35936000 r--s 00211000 08:05 933303                     /home/chibi/.m2/repository/org/eclipse/swt/gtk/org.eclipse.swt.gtk.linux.x86_64/3.5.2.v3557f/org.eclipse.swt.gtk.linux.x86_64-3.5.2.v3557f.jar
7f0d35936000-7f0d3597a000 r--s 0037c000 08:05 918073                     /home/chibi/.m2/repository/org/eclipse/ui/org.eclipse.ui.workbench/3.4.2.M20090127-1700/org.eclipse.ui.workbench-3.4.2.M20090127-1700.jar
7f0d3597a000-7f0d35989000 r--s 000e5000 08:05 917936                     /home/chibi/.m2/repository/org/eclipse/org.eclipse.osgi/3.4.3.R34x_v20081215-1030/org.eclipse.osgi-3.4.3.R34x_v20081215-1030.jar
7f0d35989000-7f0d3599d000 r--s 000eb000 08:05 917228                     /home/chibi/.m2/repository/org/eclipse/org.eclipse.jface/3.4.2.M20090107-0800/org.eclipse.jface-3.4.2.M20090107-0800.jar
7f0d3599d000-7f0d3607f000 r--p 00000000 08:05 789633                     /usr/lib/locale/locale-archive
7f0d3607f000-7f0d36082000 ---p 00000000 00:00 0 
7f0d36082000-7f0d38000000 rw-p 00000000 00:00 0                          [stack:3524]
7f0d38000000-7f0d38021000 rw-p 00000000 00:00 0 
7f0d38021000-7f0d3c000000 ---p 00000000 00:00 0 
7f0d3c000000-7f0d3c004000 r--s 00022000 08:05 961525                     /home/chibi/.m2/repository/org/eclipse/xtend/org.eclipse.xtend.lib/2.9.1/org.eclipse.xtend.lib-2.9.1.jar
7f0d3c004000-7f0d3c006000 r--s 00002000 08:05 961523                     /home/chibi/.m2/repository/org/uqbar-project/arena-xtend/3.6.1/arena-xtend-3.6.1.jar
7f0d3c006000-7f0d3c007000 r--s 00003000 08:05 918008                     /home/chibi/.m2/repository/org/eclipse/org.eclipse.swt/3.4.2.v3452b/org.eclipse.swt-3.4.2.v3452b.jar
7f0d3c007000-7f0d3c00c000 r--s 0002b000 08:05 917172                     /home/chibi/.m2/repository/org/eclipse/jface/org.eclipse.jface.databinding/1.2.1.M20080827-0800a/org.eclipse.jface.databinding-1.2.1.M20080827-0800a.jar
7f0d3c00c000-7f0d3c00f000 r--s 00015000 08:05 917168                     /home/chibi/.m2/repository/org/eclipse/equinox/org.eclipse.equinox.common/3.4.0.v20080421-2006/org.eclipse.equinox.common-3.4.0.v20080421-2006.jar
7f0d3c00f000-7f0d3c018000 r--s 0004c000 08:05 917136                     /home/chibi/.m2/repository/org/eclipse/core/org.eclipse.core.databinding/1.1.1.M20080827-0800b/org.eclipse.core.databinding-1.1.1.M20080827-0800b.jar
7f0d3c018000-7f0d3c01b000 r--s 00017000 08:05 917117                     /home/chibi/.m2/repository/org/eclipse/core/org.eclipse.core.commands/3.4.0.I20080509-2000/org.eclipse.core.commands-3.4.0.I20080509-2000.jar
7f0d3c01b000-7f0d3c069000 r--s 0087c000 08:05 940691                     /home/chibi/.m2/repository/com/ibm/icu/icu4j/50.1.1/icu4j-50.1.1.jar
7f0d3c069000-7f0d3c06e000 r--s 00016000 08:05 951959                     /home/chibi/.m2/repository/xml-apis/xml-apis/1.0.b2/xml-apis-1.0.b2.jar
7f0d3c06e000-7f0d3c073000 r--s 00048000 08:05 942722                     /home/chibi/.m2/repository/dom4j/dom4j/1.6.1/dom4j-1.6.1.jar
7f0d3c073000-7f0d3c076000 r--s 00017000 08:05 951950                     /home/chibi/.m2/repository/org/reflections/reflections/0.9.8/reflections-0.9.8.jar
7f0d3c076000-7f0d3c080000 r--s 000a5000 08:05 951946                     /home/chibi/.m2/repository/org/javassist/javassist/3.18.1-GA/javassist-3.18.1-GA.jar
7f0d3c080000-7f0d3c084000 r--s 00028000 08:05 951944                     /home/chibi/.m2/repository/org/uqbar-project/arena-apo/3.6.1/arena-apo-3.6.1.jar
7f0d3c084000-7f0d3c087000 r--s 00014000 08:05 951941                     /home/chibi/.m2/repository/org/uqbar-project/arena-pot/3.6.1/arena-pot-3.6.1.jar
7f0d3c087000-7f0d3c08e000 r--s 0002c000 08:05 951937                     /home/chibi/.m2/repository/org/uqbar-project/arena-core/3.6.1/arena-core-3.6.1.jar
7f0d3c08e000-7f0d3c091000 ---p 00000000 00:00 0 
7f0d3c091000-7f0d3c18f000 rw-p 00000000 00:00 0                          [stack:3523]
7f0d3c18f000-7f0d3c190000 ---p 00000000 00:00 0 
7f0d3c190000-7f0d3d000000 rw-p 00000000 00:00 0                          [stack:3522]
7f0d3d000000-7f0d3d6d0000 rwxp 00000000 00:00 0 
7f0d3d6d0000-7f0d4c000000 ---p 00000000 00:00 0 
7f0d4c000000-7f0d4cc24000 rw-p 00000000 00:00 0 
7f0d4cc24000-7f0d50000000 ---p 00000000 00:00 0 
7f0d50000000-7f0d50002000 r--s 0000d000 08:05 917123                     /home/chibi/.m2/repository/org/eclipse/core/databinding/org.eclipse.core.databinding.beans/1.1.1.M20080827-0800a/org.eclipse.core.databinding.beans-1.1.1.M20080827-0800a.jar
7f0d50002000-7f0d50246000 rw-p 00000000 00:00 0 
7f0d50246000-7f0d5041f000 r--s 03d20000 08:05 807771                     /usr/lib/jvm/java-8-oracle/jre/lib/rt.jar
7f0d5041f000-7f0d50e7d000 rw-p 00000000 00:00 0 
7f0d50e7d000-7f0d50e7e000 ---p 00000000 00:00 0 
7f0d50e7e000-7f0d50f7e000 rw-p 00000000 00:00 0                          [stack:3519]
7f0d50f7e000-7f0d50f7f000 ---p 00000000 00:00 0 
7f0d50f7f000-7f0d5107f000 rw-p 00000000 00:00 0                          [stack:3518]
7f0d5107f000-7f0d51080000 ---p 00000000 00:00 0 
7f0d51080000-7f0d51180000 rw-p 00000000 00:00 0                          [stack:3517]
7f0d51180000-7f0d51181000 ---p 00000000 00:00 0 
7f0d51181000-7f0d51296000 rw-p 00000000 00:00 0                          [stack:3515]
7f0d51296000-7f0d513c7000 ---p 00000000 00:00 0 
7f0d513c7000-7f0d513dc000 rw-p 00000000 00:00 0 
7f0d513dc000-7f0d5150c000 ---p 00000000 00:00 0 
7f0d5150c000-7f0d51552000 rw-p 00000000 00:00 0 
7f0d51552000-7f0d515af000 ---p 00000000 00:00 0 
7f0d515af000-7f0d515cc000 rw-p 00000000 00:00 0 
7f0d515cc000-7f0d51970000 ---p 00000000 00:00 0 
7f0d51970000-7f0d5198a000 r-xp 00000000 08:05 807888                     /usr/lib/jvm/java-8-oracle/jre/lib/amd64/libzip.so
7f0d5198a000-7f0d51b8a000 ---p 0001a000 08:05 807888                     /usr/lib/jvm/java-8-oracle/jre/lib/amd64/libzip.so
7f0d51b8a000-7f0d51b8b000 rw-p 0001a000 08:05 807888                     /usr/lib/jvm/java-8-oracle/jre/lib/amd64/libzip.so
7f0d51b8b000-7f0d51b96000 r-xp 00000000 08:05 657773                     /lib/x86_64-linux-gnu/libnss_files-2.19.so
7f0d51b96000-7f0d51d95000 ---p 0000b000 08:05 657773                     /lib/x86_64-linux-gnu/libnss_files-2.19.so
7f0d51d95000-7f0d51d96000 r--p 0000a000 08:05 657773                     /lib/x86_64-linux-gnu/libnss_files-2.19.so
7f0d51d96000-7f0d51d97000 rw-p 0000b000 08:05 657773                     /lib/x86_64-linux-gnu/libnss_files-2.19.so
7f0d51d97000-7f0d51da2000 r-xp 00000000 08:05 657783                     /lib/x86_64-linux-gnu/libnss_nis-2.19.so
7f0d51da2000-7f0d51fa1000 ---p 0000b000 08:05 657783                     /lib/x86_64-linux-gnu/libnss_nis-2.19.so
7f0d51fa1000-7f0d51fa2000 r--p 0000a000 08:05 657783                     /lib/x86_64-linux-gnu/libnss_nis-2.19.so
7f0d51fa2000-7f0d51fa3000 rw-p 0000b000 08:05 657783                     /lib/x86_64-linux-gnu/libnss_nis-2.19.so
7f0d51fa3000-7f0d51fba000 r-xp 00000000 08:05 657767                     /lib/x86_64-linux-gnu/libnsl-2.19.so
7f0d51fba000-7f0d521b9000 ---p 00017000 08:05 657767                     /lib/x86_64-linux-gnu/libnsl-2.19.so
7f0d521b9000-7f0d521ba000 r--p 00016000 08:05 657767                     /lib/x86_64-linux-gnu/libnsl-2.19.so
7f0d521ba000-7f0d521bb000 rw-p 00017000 08:05 657767                     /lib/x86_64-linux-gnu/libnsl-2.19.so
7f0d521bb000-7f0d521bd000 rw-p 00000000 00:00 0 
7f0d521bd000-7f0d521c6000 r-xp 00000000 08:05 657769                     /lib/x86_64-linux-gnu/libnss_compat-2.19.so
7f0d521c6000-7f0d523c5000 ---p 00009000 08:05 657769                     /lib/x86_64-linux-gnu/libnss_compat-2.19.so
7f0d523c5000-7f0d523c6000 r--p 00008000 08:05 657769                     /lib/x86_64-linux-gnu/libnss_compat-2.19.so
7f0d523c6000-7f0d523c7000 rw-p 00009000 08:05 657769                     /lib/x86_64-linux-gnu/libnss_compat-2.19.so
7f0d523c7000-7f0d523f1000 r-xp 00000000 08:05 807882                     /usr/lib/jvm/java-8-oracle/jre/lib/amd64/libjava.so
7f0d523f1000-7f0d525f1000 ---p 0002a000 08:05 807882                     /usr/lib/jvm/java-8-oracle/jre/lib/amd64/libjava.so
7f0d525f1000-7f0d525f3000 rw-p 0002a000 08:05 807882                     /usr/lib/jvm/java-8-oracle/jre/lib/amd64/libjava.so
7f0d525f3000-7f0d52600000 r-xp 00000000 08:05 807881                     /usr/lib/jvm/java-8-oracle/jre/lib/amd64/libverify.so
7f0d52600000-7f0d52800000 ---p 0000d000 08:05 807881                     /usr/lib/jvm/java-8-oracle/jre/lib/amd64/libverify.so
7f0d52800000-7f0d52802000 rw-p 0000d000 08:05 807881                     /usr/lib/jvm/java-8-oracle/jre/lib/amd64/libverify.so
7f0d52802000-7f0d52809000 r-xp 00000000 08:05 657826                     /lib/x86_64-linux-gnu/librt-2.19.so
7f0d52809000-7f0d52a08000 ---p 00007000 08:05 657826                     /lib/x86_64-linux-gnu/librt-2.19.so
7f0d52a08000-7f0d52a09000 r--p 00006000 08:05 657826                     /lib/x86_64-linux-gnu/librt-2.19.so
7f0d52a09000-7f0d52a0a000 rw-p 00007000 08:05 657826                     /lib/x86_64-linux-gnu/librt-2.19.so
7f0d52a0a000-7f0d52b0f000 r-xp 00000000 08:05 657748                     /lib/x86_64-linux-gnu/libm-2.19.so
7f0d52b0f000-7f0d52d0e000 ---p 00105000 08:05 657748                     /lib/x86_64-linux-gnu/libm-2.19.so
7f0d52d0e000-7f0d52d0f000 r--p 00104000 08:05 657748                     /lib/x86_64-linux-gnu/libm-2.19.so
7f0d52d0f000-7f0d52d10000 rw-p 00105000 08:05 657748                     /lib/x86_64-linux-gnu/libm-2.19.so
7f0d52d10000-7f0d539ce000 r-xp 00000000 08:05 807898                     /usr/lib/jvm/java-8-oracle/jre/lib/amd64/server/libjvm.so
7f0d539ce000-7f0d53bcd000 ---p 00cbe000 08:05 807898                     /usr/lib/jvm/java-8-oracle/jre/lib/amd64/server/libjvm.so
7f0d53bcd000-7f0d53ca6000 rw-p 00cbd000 08:05 807898                     /usr/lib/jvm/java-8-oracle/jre/lib/amd64/server/libjvm.so
7f0d53ca6000-7f0d53cea000 rw-p 00000000 00:00 0 
7f0d53cea000-7f0d53ea5000 r-xp 00000000 08:05 657698                     /lib/x86_64-linux-gnu/libc-2.19.so
7f0d53ea5000-7f0d540a4000 ---p 001bb000 08:05 657698                     /lib/x86_64-linux-gnu/libc-2.19.so
7f0d540a4000-7f0d540a8000 r--p 001ba000 08:05 657698                     /lib/x86_64-linux-gnu/libc-2.19.so
7f0d540a8000-7f0d540aa000 rw-p 001be000 08:05 657698                     /lib/x86_64-linux-gnu/libc-2.19.so
7f0d540aa000-7f0d540af000 rw-p 00000000 00:00 0 
7f0d540af000-7f0d540b2000 r-xp 00000000 08:05 657715                     /lib/x86_64-linux-gnu/libdl-2.19.so
7f0d540b2000-7f0d542b1000 ---p 00003000 08:05 657715                     /lib/x86_64-linux-gnu/libdl-2.19.so
7f0d542b1000-7f0d542b2000 r--p 00002000 08:05 657715                     /lib/x86_64-linux-gnu/libdl-2.19.so
7f0d542b2000-7f0d542b3000 rw-p 00003000 08:05 657715                     /lib/x86_64-linux-gnu/libdl-2.19.so
7f0d542b3000-7f0d542c8000 r-xp 00000000 08:05 809124                     /usr/lib/jvm/java-8-oracle/lib/amd64/jli/libjli.so
7f0d542c8000-7f0d544c8000 ---p 00015000 08:05 809124                     /usr/lib/jvm/java-8-oracle/lib/amd64/jli/libjli.so
7f0d544c8000-7f0d544c9000 rw-p 00015000 08:05 809124                     /usr/lib/jvm/java-8-oracle/lib/amd64/jli/libjli.so
7f0d544c9000-7f0d544e2000 r-xp 00000000 08:05 657818                     /lib/x86_64-linux-gnu/libpthread-2.19.so
7f0d544e2000-7f0d546e1000 ---p 00019000 08:05 657818                     /lib/x86_64-linux-gnu/libpthread-2.19.so
7f0d546e1000-7f0d546e2000 r--p 00018000 08:05 657818                     /lib/x86_64-linux-gnu/libpthread-2.19.so
7f0d546e2000-7f0d546e3000 rw-p 00019000 08:05 657818                     /lib/x86_64-linux-gnu/libpthread-2.19.so
7f0d546e3000-7f0d546e7000 rw-p 00000000 00:00 0 
7f0d546e7000-7f0d5470a000 r-xp 00000000 08:05 657674                     /lib/x86_64-linux-gnu/ld-2.19.so
7f0d5470a000-7f0d54710000 r--s 00035000 08:05 951933                     /home/chibi/.m2/repository/org/uqbar-project/arena-jface/3.6.1/arena-jface-3.6.1.jar
7f0d54710000-7f0d547e2000 rw-p 00000000 00:00 0 
7f0d547e2000-7f0d547e5000 ---p 00000000 00:00 0 
7f0d547e5000-7f0d548e7000 rw-p 00000000 00:00 0                          [stack:3510]
7f0d548e7000-7f0d548e9000 r--s 00008000 08:05 933654                     /home/chibi/.m2/repository/org/uqbar-project/arena-poo/3.6.1/arena-poo-3.6.1.jar
7f0d548e9000-7f0d548fd000 rw-p 00000000 00:00 0 
7f0d548fd000-7f0d54905000 rw-s 00000000 08:05 169439                     /tmp/hsperfdata_chibi/3502
7f0d54905000-7f0d54906000 rw-p 00000000 00:00 0 
7f0d54906000-7f0d54907000 ---p 00000000 00:00 0 
7f0d54907000-7f0d54909000 rw-p 00000000 00:00 0 
7f0d54909000-7f0d5490a000 r--p 00022000 08:05 657674                     /lib/x86_64-linux-gnu/ld-2.19.so
7f0d5490a000-7f0d5490b000 rw-p 00023000 08:05 657674                     /lib/x86_64-linux-gnu/ld-2.19.so
7f0d5490b000-7f0d5490c000 rw-p 00000000 00:00 0 
7ffd8ab21000-7ffd8ab43000 rw-p 00000000 00:00 0                          [stack]
7ffd8ab5f000-7ffd8ab61000 r--p 00000000 00:00 0                          [vvar]
7ffd8ab61000-7ffd8ab63000 r-xp 00000000 00:00 0                          [vdso]
ffffffffff600000-ffffffffff601000 r-xp 00000000 00:00 0                  [vsyscall]

VM Arguments:
jvm_args: -Djava.system.class.loader=org.uqbar.apo.APOClassLoader -Dfile.encoding=UTF-8 
java_command: runnable.AplicacionLaberinto
java_class_path (initial): /home/chibi/Escritorio/UIS-Laberinto/UIS-Arena/target/classes:/home/chibi/.m2/repository/org/uqbar-project/arena-jface/3.6.1/arena-jface-3.6.1.jar:/home/chibi/.m2/repository/org/uqbar-project/arena-core/3.6.1/arena-core-3.6.1.jar:/home/chibi/.m2/repository/org/uqbar-project/arena-pot/3.6.1/arena-pot-3.6.1.jar:/home/chibi/.m2/repository/org/uqbar-project/arena-apo/3.6.1/arena-apo-3.6.1.jar:/home/chibi/.m2/repository/org/javassist/javassist/3.18.1-GA/javassist-3.18.1-GA.jar:/home/chibi/.m2/repository/org/reflections/reflections/0.9.8/reflections-0.9.8.jar:/home/chibi/.m2/repository/dom4j/dom4j/1.6.1/dom4j-1.6.1.jar:/home/chibi/.m2/repository/xml-apis/xml-apis/1.0.b2/xml-apis-1.0.b2.jar:/home/chibi/.m2/repository/org/uqbar-project/arena-poo/3.6.1/arena-poo-3.6.1.jar:/home/chibi/.m2/repository/com/ibm/icu/icu4j/50.1.1/icu4j-50.1.1.jar:/home/chibi/.m2/repository/org/eclipse/core/org.eclipse.core.commands/3.4.0.I20080509-2000/org.eclipse.core.commands-3.4.0.I20080509-2000.jar:/home/chibi/.m2/repository/org/eclipse/core/databinding/org.eclipse.core.databinding.beans/1.1.1.M20080827-0800a/org.eclipse.core.databinding.beans-1.1.1.M20080827-0800a.jar:/home/chibi/.m2/repository/org/eclipse/core/org.eclipse.core.databinding/1.1.1.M20080827-0800b/org.eclipse.core.databinding-1.1.1.M20080827-0800b.jar:/home/chibi/.m2/repository/org/eclipse/equinox/org.eclipse.equinox.common/3.4.0.v20080421-2006/org.eclipse.equinox.common-3.4.0.v20080421-2006.jar:/home/chibi/.m2/repository/org/eclipse/jface/org.eclipse.jface.databinding/1.2.1.M20080827-0800a/org.eclipse.jface.databinding-1.2.1.M20080827-0800a.jar:/home/chibi/.m2/repository/org/eclipse/org.eclipse.jface/3.4.2.M20090107-0800/org.eclipse.jface-3.4.2.M20090107-0800.jar:/home/chibi/.m2/repository/org/eclipse/org.eclipse.osgi/3.4.3.R34x_v20081215-1030/org.eclipse.osgi-3.4.3.R34x_v20081215-1030.jar:/home/chibi/.m2/repository/org/eclipse/org.eclipse.swt/3.4.2.v3452b/org.eclipse.swt-3.4.2.v3452b.jar:/home/chibi
Launcher Type: SUN_STANDARD

Environment Variables:
PATH=/usr/local/sbin:/usr/local/bin:/usr/sbin:/usr/bin:/sbin:/bin:/usr/games:/usr/local/games
SHELL=/bin/bash
DISPLAY=:0.0

Signal Handlers:
SIGSEGV: [libjvm.so+0xaba2a0], sa_mask[0]=11111111011111111101111111111110, sa_flags=SA_RESTART|SA_SIGINFO
SIGBUS: [libjvm.so+0xaba2a0], sa_mask[0]=11111111011111111101111111111110, sa_flags=SA_RESTART|SA_SIGINFO
SIGFPE: [libjvm.so+0x917710], sa_mask[0]=11111111011111111101111111111110, sa_flags=SA_RESTART|SA_SIGINFO
SIGPIPE: SIG_IGN, sa_mask[0]=00000000000010000000000000000000, sa_flags=SA_RESTART
SIGXFSZ: [libjvm.so+0x917710], sa_mask[0]=11111111011111111101111111111110, sa_flags=SA_RESTART|SA_SIGINFO
SIGILL: [libjvm.so+0x917710], sa_mask[0]=11111111011111111101111111111110, sa_flags=SA_RESTART|SA_SIGINFO
SIGUSR1: SIG_DFL, sa_mask[0]=00000000000000000000000000000000, sa_flags=none
SIGUSR2: [libjvm.so+0x918d40], sa_mask[0]=00100000000000000000000000000000, sa_flags=SA_RESTART|SA_SIGINFO
SIGHUP: [libjvm.so+0x91a140], sa_mask[0]=11111111011111111101111111111110, sa_flags=SA_RESTART|SA_SIGINFO
SIGINT: [libjvm.so+0x91a140], sa_mask[0]=11111111011111111101111111111110, sa_flags=SA_RESTART|SA_SIGINFO
SIGTERM: [libjvm.so+0x91a140], sa_mask[0]=11111111011111111101111111111110, sa_flags=SA_RESTART|SA_SIGINFO
SIGQUIT: [libjvm.so+0x91a140], sa_mask[0]=11111111011111111101111111111110, sa_flags=SA_RESTART|SA_SIGINFO


---------------  S Y S T E M  ---------------

OS:DISTRIB_ID=Ubuntu
DISTRIB_RELEASE=14.04
DISTRIB_CODENAME=trusty
DISTRIB_DESCRIPTION="Ubuntu 14.04.3 LTS"

uname:Linux 3.19.0-30-generic #34~14.04.1-Ubuntu SMP Fri Oct 2 22:09:39 UTC 2015 x86_64
libc:glibc 2.19 NPTL 2.19 
rlimit: STACK 8192k, CORE 0k, NPROC 15514, NOFILE 4096, AS infinity
load average:4,42 2,02 1,08

/proc/meminfo:
MemTotal:        3993212 kB
MemFree:           90800 kB
MemAvailable:      24208 kB
Buffers:             352 kB
Cached:           230608 kB
SwapCached:            0 kB
Active:          2354396 kB
Inactive:         186588 kB
Active(anon):    2352804 kB
Inactive(anon):   184832 kB
Active(file):       1592 kB
Inactive(file):     1756 kB
Unevictable:     1206184 kB
Mlocked:         1206184 kB
SwapTotal:             0 kB
SwapFree:              0 kB
Dirty:               304 kB
Writeback:             0 kB
AnonPages:       3516616 kB
Mapped:            98380 kB
Shmem:            206552 kB
Slab:              61772 kB
SReclaimable:      32404 kB
SUnreclaim:        29368 kB
KernelStack:       10208 kB
PageTables:        38640 kB
NFS_Unstable:          0 kB
Bounce:                0 kB
WritebackTmp:          0 kB
CommitLimit:     1996604 kB
Committed_AS:    7213796 kB
VmallocTotal:   34359738367 kB
VmallocUsed:      216732 kB
VmallocChunk:   34359512028 kB
HardwareCorrupted:     0 kB
AnonHugePages:   1624064 kB
CmaTotal:              0 kB
CmaFree:               0 kB
HugePages_Total:       0
HugePages_Free:        0
HugePages_Rsvd:        0
HugePages_Surp:        0
Hugepagesize:       2048 kB
DirectMap4k:      100608 kB
DirectMap2M:     4040704 kB


CPU:total 4 (2 cores per cpu, 2 threads per core) family 6 model 42 stepping 7, cmov, cx8, fxsr, mmx, sse, sse2, sse3, ssse3, sse4.1, sse4.2, popcnt, avx, clmul, ht, tsc, tscinvbit

/proc/cpuinfo:
processor	: 0
vendor_id	: GenuineIntel
cpu family	: 6
model		: 42
model name	: Intel(R) Core(TM) i3-2330M CPU @ 2.20GHz
stepping	: 7
microcode	: 0x23
cpu MHz		: 855.164
cache size	: 3072 KB
physical id	: 0
siblings	: 4
core id		: 0
cpu cores	: 2
apicid		: 0
initial apicid	: 0
fpu		: yes
fpu_exception	: yes
cpuid level	: 13
wp		: yes
flags		: fpu vme de pse tsc msr pae mce cx8 apic sep mtrr pge mca cmov pat pse36 clflush dts acpi mmx fxsr sse sse2 ss ht tm pbe syscall nx rdtscp lm constant_tsc arch_perfmon pebs bts rep_good nopl xtopology nonstop_tsc aperfmperf eagerfpu pni pclmulqdq dtes64 monitor ds_cpl vmx est tm2 ssse3 cx16 xtpr pdcm pcid sse4_1 sse4_2 x2apic popcnt tsc_deadline_timer xsave avx lahf_lm arat epb pln pts dtherm tpr_shadow vnmi flexpriority ept vpid xsaveopt
bugs		:
bogomips	: 4390.12
clflush size	: 64
cache_alignment	: 64
address sizes	: 36 bits physical, 48 bits virtual
power management:

processor	: 1
vendor_id	: GenuineIntel
cpu family	: 6
model		: 42
model name	: Intel(R) Core(TM) i3-2330M CPU @ 2.20GHz
stepping	: 7
microcode	: 0x23
cpu MHz		: 891.687
cache size	: 3072 KB
physical id	: 0
siblings	: 4
core id		: 0
cpu cores	: 2
apicid		: 1
initial apicid	: 1
fpu		: yes
fpu_exception	: yes
cpuid level	: 13
wp		: yes
flags		: fpu vme de pse tsc msr pae mce cx8 apic sep mtrr pge mca cmov pat pse36 clflush dts acpi mmx fxsr sse sse2 ss ht tm pbe syscall nx rdtscp lm constant_tsc arch_perfmon pebs bts rep_good nopl xtopology nonstop_tsc aperfmperf eagerfpu pni pclmulqdq dtes64 monitor ds_cpl vmx est tm2 ssse3 cx16 xtpr pdcm pcid sse4_1 sse4_2 x2apic popcnt tsc_deadline_timer xsave avx lahf_lm arat epb pln pts dtherm tpr_shadow vnmi flexpriority ept vpid xsaveopt
bugs		:
bogomips	: 4390.12
clflush size	: 64
cache_alignment	: 64
address sizes	: 36 bits physical, 48 bits virtual
power management:

processor	: 2
vendor_id	: GenuineIntel
cpu family	: 6
model		: 42
model name	: Intel(R) Core(TM) i3-2330M CPU @ 2.20GHz
stepping	: 7
microcode	: 0x23
cpu MHz		: 800.593
cache size	: 3072 KB
physical id	: 0
siblings	: 4
core id		: 1
cpu cores	: 2
apicid		: 2
initial apicid	: 2
fpu		: yes
fpu_exception	: yes
cpuid level	: 13
wp		: yes
flags		: fpu vme de pse tsc msr pae mce cx8 apic sep mtrr pge mca cmov pat pse36 clflush dts acpi mmx fxsr sse sse2 ss ht tm pbe syscall nx rdtscp lm constant_tsc arch_perfmon pebs bts rep_good nopl xtopology nonstop_tsc aperfmperf eagerfpu pni pclmulqdq dtes64 monitor ds_cpl vmx est tm2 ssse3 cx16 xtpr pdcm pcid sse4_1 sse4_2 x2apic popcnt tsc_deadline_timer xsave avx lahf_lm arat epb pln pts dtherm tpr_shadow vnmi flexpriority ept vpid xsaveopt
bugs		:
bogomips	: 4390.12
clflush size	: 64
cache_alignment	: 64
address sizes	: 36 bits physical, 48 bits virtual
power management:

processor	: 3
vendor_id	: GenuineIntel
cpu family	: 6
model		: 42
model name	: Intel(R) Core(TM) i3-2330M CPU @ 2.20GHz
stepping	: 7
microcode	: 0x23
cpu MHz		: 850.781
cache size	: 3072 KB
physical id	: 0
siblings	: 4
core id		: 1
cpu cores	: 2
apicid		: 3
initial apicid	: 3
fpu		: yes
fpu_exception	: yes
cpuid level	: 13
wp		: yes
flags		: fpu vme de pse tsc msr pae mce cx8 apic sep mtrr pge mca cmov pat pse36 clflush dts acpi mmx fxsr sse sse2 ss ht tm pbe syscall nx rdtscp lm constant_tsc arch_perfmon pebs bts rep_good nopl xtopology nonstop_tsc aperfmperf eagerfpu pni pclmulqdq dtes64 monitor ds_cpl vmx est tm2 ssse3 cx16 xtpr pdcm pcid sse4_1 sse4_2 x2apic popcnt tsc_deadline_timer xsave avx lahf_lm arat epb pln pts dtherm tpr_shadow vnmi flexpriority ept vpid xsaveopt
bugs		:
bogomips	: 4390.12
clflush size	: 64
cache_alignment	: 64
address sizes	: 36 bits physical, 48 bits virtual
power management:



Memory: 4k page, physical 3993212k(90800k free), swap 0k(0k free)

vm_info: Java HotSpot(TM) 64-Bit Server VM (25.66-b17) for linux-amd64 JRE (1.8.0_66-b17), built on Oct  6 2015 17:28:34 by "java_re" with gcc 4.3.0 20080428 (Red Hat 4.3.0-8)

time: Mon Apr 18 03:38:44 2016
elapsed time: 13 seconds (0d 0h 0m 13s)

