#
# There is insufficient memory for the Java Runtime Environment to continue.
# Native memory allocation (mmap) failed to map 135266304 bytes for committing reserved memory.
# Possible reasons:
#   The system is out of physical RAM or swap space
#   In 32 bit mode, the process size limit was hit
# Possible solutions:
#   Reduce memory load on the system
#   Increase physical memory or swap space
#   Check if swap backing store is full
#   Use 64 bit Java on a 64 bit OS
#   Decrease Java heap size (-Xmx/-Xms)
#   Decrease number of Java threads
#   Decrease Java thread stack sizes (-Xss)
#   Set larger code cache with -XX:ReservedCodeCacheSize=
# This output file may be truncated or incomplete.
#
#  Out of Memory Error (os_linux.cpp:2627), pid=8368, tid=140279674263296
#
# JRE version: Java(TM) SE Runtime Environment (8.0_66-b17) (build 1.8.0_66-b17)
# Java VM: Java HotSpot(TM) 64-Bit Server VM (25.66-b17 mixed mode linux-amd64 compressed oops)
# Failed to write core dump. Core dumps have been disabled. To enable core dumping, try "ulimit -c unlimited" before starting Java again
#

---------------  T H R E A D  ---------------

Current thread (0x00007f957c079800):  VMThread [stack: 0x00007f9568175000,0x00007f9568276000] [id=8398]

Stack: [0x00007f9568175000,0x00007f9568276000],  sp=0x00007f95682740e0,  free space=1020k
Native frames: (J=compiled Java code, j=interpreted, Vv=VM code, C=native code)
V  [libjvm.so+0xab9a1a]  VMError::report_and_die()+0x2ba
V  [libjvm.so+0x4f9e0b]  report_vm_out_of_memory(char const*, int, unsigned long, VMErrorType, char const*)+0x8b
V  [libjvm.so+0x91a8a3]  os::Linux::commit_memory_impl(char*, unsigned long, bool)+0x103
V  [libjvm.so+0x91adf9]  os::pd_commit_memory(char*, unsigned long, unsigned long, bool)+0x29
V  [libjvm.so+0x91510a]  os::commit_memory(char*, unsigned long, unsigned long, bool)+0x2a
V  [libjvm.so+0x9887a3]  PSVirtualSpace::expand_by(unsigned long)+0x53
V  [libjvm.so+0x989ba8]  PSYoungGen::resize_generation(unsigned long, unsigned long)+0xf8
V  [libjvm.so+0x988d02]  PSYoungGen::resize(unsigned long, unsigned long)+0x22
V  [libjvm.so+0x985fdb]  PSScavenge::invoke_no_policy()+0xf3b
V  [libjvm.so+0x986761]  PSScavenge::invoke()+0x41
V  [libjvm.so+0x93e500]  ParallelScavengeHeap::failed_mem_allocate(unsigned long)+0x70
V  [libjvm.so+0xabb437]  VM_ParallelGCFailedAllocation::doit()+0x97
V  [libjvm.so+0xac2e65]  VM_Operation::evaluate()+0x55
V  [libjvm.so+0xac123a]  VMThread::evaluate_operation(VM_Operation*)+0xba
V  [libjvm.so+0xac15be]  VMThread::loop()+0x1ce
V  [libjvm.so+0xac1a30]  VMThread::run()+0x70
V  [libjvm.so+0x91cc68]  java_start(Thread*)+0x108

VM_Operation (0x00007f95827497c0): ParallelGCFailedAllocation, mode: safepoint, requested by thread 0x00007f957c00b800


---------------  P R O C E S S  ---------------

Java Threads: ( => current thread )
  0x00007f957c225800 JavaThread "Service Thread" daemon [_thread_blocked, id=8411, stack(0x00007f9553235000,0x00007f9553336000)]
  0x00007f957c222800 JavaThread "C1 CompilerThread2" daemon [_thread_blocked, id=8410, stack(0x00007f9553336000,0x00007f9553437000)]
  0x00007f957c220800 JavaThread "C2 CompilerThread1" daemon [_thread_blocked, id=8409, stack(0x00007f9553437000,0x00007f9553538000)]
  0x00007f957c21e800 JavaThread "C2 CompilerThread0" daemon [_thread_blocked, id=8408, stack(0x00007f9553538000,0x00007f9553639000)]
  0x00007f957c21c800 JavaThread "Signal Dispatcher" daemon [_thread_blocked, id=8407, stack(0x00007f9553639000,0x00007f955373a000)]
  0x00007f957c080800 JavaThread "Finalizer" daemon [_thread_blocked, id=8400, stack(0x00007f9553eff000,0x00007f9554000000)]
  0x00007f957c07e800 JavaThread "Reference Handler" daemon [_thread_blocked, id=8399, stack(0x00007f9568074000,0x00007f9568175000)]
  0x00007f957c00b800 JavaThread "main" [_thread_blocked, id=8379, stack(0x00007f958264c000,0x00007f958274d000)]

Other Threads:
=>0x00007f957c079800 VMThread [stack: 0x00007f9568175000,0x00007f9568276000] [id=8398]
  0x00007f957c22b000 WatcherThread [stack: 0x00007f9553134000,0x00007f9553235000] [id=8412]

VM state:at safepoint (normal execution)

VM Mutex/Monitor currently owned by a thread:  ([mutex/lock_event])
[0x00007f957c007fa0] Threads_lock - owner thread: 0x00007f957c079800
[0x00007f957c0084a0] Heap_lock - owner thread: 0x00007f957c00b800

Heap:
 PSYoungGen      total 136704K, used 10208K [0x00000000ebb00000, 0x00000000f4b00000, 0x0000000100000000)
  eden space 126464K, 0% used [0x00000000ebb00000,0x00000000ebb00000,0x00000000f3680000)
  from space 10240K, 99% used [0x00000000f3680000,0x00000000f40780a0,0x00000000f4080000)
  to   space 9728K, 0% used [0x00000000f4080000,0x00000000f4080000,0x00000000f4a00000)
 ParOldGen       total 42496K, used 20783K [0x00000000c3000000, 0x00000000c5980000, 0x00000000ebb00000)
  object space 42496K, 48% used [0x00000000c3000000,0x00000000c444bca0,0x00000000c5980000)
 Metaspace       used 15514K, capacity 15746K, committed 15872K, reserved 1062912K
  class space    used 1954K, capacity 2027K, committed 2048K, reserved 1048576K

Card table byte_map: [0x00007f956c20a000,0x00007f956c3f3000] byte_map_base: 0x00007f956bbf2000

Marking Bits: (ParMarkBitMap*) 0x00007f9581b29020
 Begin Bits: [0x00007f9569e40000, 0x00007f956ad80000)
 End Bits:   [0x00007f956ad80000, 0x00007f956bcc0000)

Polling page: 0x00007f9582770000

CodeCache: size=245760Kb used=6630Kb max_used=6630Kb free=239129Kb
 bounds [0x00007f956c7b3000, 0x00007f956ce33000, 0x00007f957b7b3000]
 total_blobs=2406 nmethods=1968 adapters=351
 compilation: enabled

Compilation events (10 events):
Event: 6,124 Thread 0x00007f957c222800 1966       3       java.lang.Class::getPackage (5 bytes)
Event: 6,124 Thread 0x00007f957c222800 nmethod 1966 0x00007f956ce18a90 code [0x00007f956ce18c00, 0x00007f956ce18d88]
Event: 6,124 Thread 0x00007f957c222800 1967       3       java.lang.Package::getPackage (46 bytes)
Event: 6,126 Thread 0x00007f957c222800 nmethod 1967 0x00007f956ce2b590 code [0x00007f956ce2b7e0, 0x00007f956ce2c828]
Event: 6,126 Thread 0x00007f957c222800 1969       3       scala.collection.AbstractTraversable::nonEmpty (5 bytes)
Event: 6,126 Thread 0x00007f957c222800 nmethod 1969 0x00007f956ce18590 code [0x00007f956ce18700, 0x00007f956ce189c8]
Event: 6,126 Thread 0x00007f957c222800 1968       3       javassist.CtClassType::getSuperclass (23 bytes)
Event: 6,127 Thread 0x00007f957c222800 nmethod 1968 0x00007f956ce306d0 code [0x00007f956ce30900, 0x00007f956ce317a8]
Event: 6,131 Thread 0x00007f957c222800 1970       3       javassist.bytecode.LocalVariableAttribute::shiftPc (130 bytes)
Event: 6,132 Thread 0x00007f957c222800 nmethod 1970 0x00007f956ce2a590 code [0x00007f956ce2a760, 0x00007f956ce2af90]

GC Heap History (10 events):
Event: 1,559 GC heap after
Heap after GC invocations=2 (full 0):
 PSYoungGen      total 34304K, used 2528K [0x00000000ebb00000, 0x00000000edf00000, 0x0000000100000000)
  eden space 31744K, 0% used [0x00000000ebb00000,0x00000000ebb00000,0x00000000eda00000)
  from space 2560K, 98% used [0x00000000edc80000,0x00000000edef8030,0x00000000edf00000)
  to   space 2560K, 0% used [0x00000000eda00000,0x00000000eda00000,0x00000000edc80000)
 ParOldGen       total 42496K, used 3398K [0x00000000c3000000, 0x00000000c5980000, 0x00000000ebb00000)
  object space 42496K, 7% used [0x00000000c3000000,0x00000000c33518d0,0x00000000c5980000)
 Metaspace       used 10700K, capacity 10890K, committed 11136K, reserved 1058816K
  class space    used 1450K, capacity 1559K, committed 1664K, reserved 1048576K
}
Event: 2,732 GC heap before
{Heap before GC invocations=3 (full 0):
 PSYoungGen      total 34304K, used 34272K [0x00000000ebb00000, 0x00000000edf00000, 0x0000000100000000)
  eden space 31744K, 100% used [0x00000000ebb00000,0x00000000eda00000,0x00000000eda00000)
  from space 2560K, 98% used [0x00000000edc80000,0x00000000edef8030,0x00000000edf00000)
  to   space 2560K, 0% used [0x00000000eda00000,0x00000000eda00000,0x00000000edc80000)
 ParOldGen       total 42496K, used 3398K [0x00000000c3000000, 0x00000000c5980000, 0x00000000ebb00000)
  object space 42496K, 7% used [0x00000000c3000000,0x00000000c33518d0,0x00000000c5980000)
 Metaspace       used 14411K, capacity 14608K, committed 14848K, reserved 1062912K
  class space    used 1864K, capacity 1944K, committed 2048K, reserved 1048576K
Event: 2,752 GC heap after
Heap after GC invocations=3 (full 0):
 PSYoungGen      total 34304K, used 2528K [0x00000000ebb00000, 0x00000000efe00000, 0x0000000100000000)
  eden space 31744K, 0% used [0x00000000ebb00000,0x00000000ebb00000,0x00000000eda00000)
  from space 2560K, 98% used [0x00000000eda00000,0x00000000edc78020,0x00000000edc80000)
  to   space 2560K, 0% used [0x00000000efb80000,0x00000000efb80000,0x00000000efe00000)
 ParOldGen       total 42496K, used 8820K [0x00000000c3000000, 0x00000000c5980000, 0x00000000ebb00000)
  object space 42496K, 20% used [0x00000000c3000000,0x00000000c389d050,0x00000000c5980000)
 Metaspace       used 14411K, capacity 14608K, committed 14848K, reserved 1062912K
  class space    used 1864K, capacity 1944K, committed 2048K, reserved 1048576K
}
Event: 3,370 GC heap before
{Heap before GC invocations=4 (full 0):
 PSYoungGen      total 34304K, used 34272K [0x00000000ebb00000, 0x00000000efe00000, 0x0000000100000000)
  eden space 31744K, 100% used [0x00000000ebb00000,0x00000000eda00000,0x00000000eda00000)
  from space 2560K, 98% used [0x00000000eda00000,0x00000000edc78020,0x00000000edc80000)
  to   space 2560K, 0% used [0x00000000efb80000,0x00000000efb80000,0x00000000efe00000)
 ParOldGen       total 42496K, used 8820K [0x00000000c3000000, 0x00000000c5980000, 0x00000000ebb00000)
  object space 42496K, 20% used [0x00000000c3000000,0x00000000c389d050,0x00000000c5980000)
 Metaspace       used 14810K, capacity 15056K, committed 15360K, reserved 1062912K
  class space    used 1910K, capacity 1992K, committed 2048K, reserved 1048576K
Event: 3,403 GC heap after
Heap after GC invocations=4 (full 0):
 PSYoungGen      total 66048K, used 2528K [0x00000000ebb00000, 0x00000000efe00000, 0x0000000100000000)
  eden space 63488K, 0% used [0x00000000ebb00000,0x00000000ebb00000,0x00000000ef900000)
  from space 2560K, 98% used [0x00000000efb80000,0x00000000efdf8020,0x00000000efe00000)
  to   space 2560K, 0% used [0x00000000ef900000,0x00000000ef900000,0x00000000efb80000)
 ParOldGen       total 42496K, used 11938K [0x00000000c3000000, 0x00000000c5980000, 0x00000000ebb00000)
  object space 42496K, 28% used [0x00000000c3000000,0x00000000c3ba8ae0,0x00000000c5980000)
 Metaspace       used 14810K, capacity 15056K, committed 15360K, reserved 1062912K
  class space    used 1910K, capacity 1992K, committed 2048K, reserved 1048576K
}
Event: 4,534 GC heap before
{Heap before GC invocations=5 (full 0):
 PSYoungGen      total 66048K, used 66016K [0x00000000ebb00000, 0x00000000efe00000, 0x0000000100000000)
  eden space 63488K, 100% used [0x00000000ebb00000,0x00000000ef900000,0x00000000ef900000)
  from space 2560K, 98% used [0x00000000efb80000,0x00000000efdf8020,0x00000000efe00000)
  to   space 2560K, 0% used [0x00000000ef900000,0x00000000ef900000,0x00000000efb80000)
 ParOldGen       total 42496K, used 11938K [0x00000000c3000000, 0x00000000c5980000, 0x00000000ebb00000)
  object space 42496K, 28% used [0x00000000c3000000,0x00000000c3ba8ae0,0x00000000c5980000)
 Metaspace       used 15069K, capacity 15248K, committed 15360K, reserved 1062912K
  class space    used 1921K, capacity 1992K, committed 2048K, reserved 1048576K
Event: 4,562 GC heap after
Heap after GC invocations=5 (full 0):
 PSYoungGen      total 66048K, used 2544K [0x00000000ebb00000, 0x00000000f4a00000, 0x0000000100000000)
  eden space 63488K, 0% used [0x00000000ebb00000,0x00000000ebb00000,0x00000000ef900000)
  from space 2560K, 99% used [0x00000000ef900000,0x00000000efb7c010,0x00000000efb80000)
  to   space 9728K, 0% used [0x00000000f4080000,0x00000000f4080000,0x00000000f4a00000)
 ParOldGen       total 42496K, used 17396K [0x00000000c3000000, 0x00000000c5980000, 0x00000000ebb00000)
  object space 42496K, 40% used [0x00000000c3000000,0x00000000c40fd2f0,0x00000000c5980000)
 Metaspace       used 15069K, capacity 15248K, committed 15360K, reserved 1062912K
  class space    used 1921K, capacity 1992K, committed 2048K, reserved 1048576K
}
Event: 5,029 GC heap before
{Heap before GC invocations=6 (full 0):
 PSYoungGen      total 66048K, used 66032K [0x00000000ebb00000, 0x00000000f4a00000, 0x0000000100000000)
  eden space 63488K, 100% used [0x00000000ebb00000,0x00000000ef900000,0x00000000ef900000)
  from space 2560K, 99% used [0x00000000ef900000,0x00000000efb7c010,0x00000000efb80000)
  to   space 9728K, 0% used [0x00000000f4080000,0x00000000f4080000,0x00000000f4a00000)
 ParOldGen       total 42496K, used 17396K [0x00000000c3000000, 0x00000000c5980000, 0x00000000ebb00000)
  object space 42496K, 40% used [0x00000000c3000000,0x00000000c40fd2f0,0x00000000c5980000)
 Metaspace       used 15164K, capacity 15382K, committed 15616K, reserved 1062912K
  class space    used 1922K, capacity 1993K, committed 2048K, reserved 1048576K
Event: 5,064 GC heap after
Heap after GC invocations=6 (full 0):
 PSYoungGen      total 136192K, used 7824K [0x00000000ebb00000, 0x00000000f4b00000, 0x0000000100000000)
  eden space 126464K, 0% used [0x00000000ebb00000,0x00000000ebb00000,0x00000000f3680000)
  from space 9728K, 80% used [0x00000000f4080000,0x00000000f4824030,0x00000000f4a00000)
  to   space 10240K, 0% used [0x00000000f3680000,0x00000000f3680000,0x00000000f4080000)
 ParOldGen       total 42496K, used 17396K [0x00000000c3000000, 0x00000000c5980000, 0x00000000ebb00000)
  object space 42496K, 40% used [0x00000000c3000000,0x00000000c40fd2f0,0x00000000c5980000)
 Metaspace       used 15164K, capacity 15382K, committed 15616K, reserved 1062912K
  class space    used 1922K, capacity 1993K, committed 2048K, reserved 1048576K
}
Event: 6,133 GC heap before
{Heap before GC invocations=7 (full 0):
 PSYoungGen      total 136192K, used 134288K [0x00000000ebb00000, 0x00000000f4b00000, 0x0000000100000000)
  eden space 126464K, 100% used [0x00000000ebb00000,0x00000000f3680000,0x00000000f3680000)
  from space 9728K, 80% used [0x00000000f4080000,0x00000000f4824030,0x00000000f4a00000)
  to   space 10240K, 0% used [0x00000000f3680000,0x00000000f3680000,0x00000000f4080000)
 ParOldGen       total 42496K, used 17396K [0x00000000c3000000, 0x00000000c5980000, 0x00000000ebb00000)
  object space 42496K, 40% used [0x00000000c3000000,0x00000000c40fd2f0,0x00000000c5980000)
 Metaspace       used 15514K, capacity 15746K, committed 15872K, reserved 1062912K
  class space    used 1954K, capacity 2027K, committed 2048K, reserved 1048576K

Deoptimization events (10 events):
Event: 3,146 Thread 0x00007f957c00b800 Uncommon trap: reason=class_check action=maybe_recompile pc=0x00007f956caa6138 method=java.io.BufferedInputStream.read1([BII)I @ 39
Event: 3,146 Thread 0x00007f957c00b800 Uncommon trap: reason=class_check action=maybe_recompile pc=0x00007f956caa6138 method=java.io.BufferedInputStream.read1([BII)I @ 39
Event: 3,214 Thread 0x00007f957c00b800 Uncommon trap: reason=unstable_if action=reinterpret pc=0x00007f956cc17808 method=javassist.bytecode.ConstPool.read(Ljava/io/DataInputStream;)V @ 43
Event: 3,263 Thread 0x00007f957c00b800 Uncommon trap: reason=unstable_if action=reinterpret pc=0x00007f956ca84c0c method=java.util.HashMap.putVal(ILjava/lang/Object;Ljava/lang/Object;ZZ)Ljava/lang/Object; @ 162
Event: 3,295 Thread 0x00007f957c00b800 Uncommon trap: reason=unstable_if action=reinterpret pc=0x00007f956cc31bb8 method=java.util.HashMap.getNode(ILjava/lang/Object;)Ljava/util/HashMap$Node; @ 84
Event: 4,368 Thread 0x00007f957c00b800 Uncommon trap: reason=unloaded action=reinterpret pc=0x00007f956cb5489c method=javassist.bytecode.ConstPool.readOne(Ljava/io/DataInputStream;)I @ 300
Event: 4,373 Thread 0x00007f957c00b800 Uncommon trap: reason=unstable_if action=reinterpret pc=0x00007f956cbe8db8 method=javassist.bytecode.AttributeInfo.read(Ljavassist/bytecode/ConstPool;Ljava/io/DataInputStream;)Ljavassist/bytecode/AttributeInfo; @ 47
Event: 4,605 Thread 0x00007f957c00b800 Uncommon trap: reason=unstable_if action=reinterpret pc=0x00007f956cb89278 method=java.util.HashMap.putVal(ILjava/lang/Object;Ljava/lang/Object;ZZ)Ljava/lang/Object; @ 162
Event: 4,605 Thread 0x00007f957c00b800 Uncommon trap: reason=unstable_if action=reinterpret pc=0x00007f956cc2fee0 method=java.util.HashMap.resize()[Ljava/util/HashMap$Node; @ 206
Event: 5,581 Thread 0x00007f957c00b800 Uncommon trap: reason=unstable_if action=reinterpret pc=0x00007f956cd63068 method=javassist.bytecode.AttributeInfo.read(Ljavassist/bytecode/ConstPool;Ljava/io/DataInputStream;)Ljavassist/bytecode/AttributeInfo; @ 276

Internal exceptions (10 events):
Event: 2,037 Thread 0x00007f957c00b800 Exception <a 'java/lang/ClassNotFoundException': org/apache/log4j/PatternLayoutBeanInfo> (0x00000000ec6b79b0) thrown at [/HUDSON/workspace/8-2-build-linux-amd64/jdk8u66/4988/hotspot/src/share/vm/classfile/systemDictionary.cpp, line 210]
Event: 2,038 Thread 0x00007f957c00b800 Exception <a 'java/lang/ClassNotFoundException': org/apache/log4j/LayoutBeanInfo> (0x00000000ec6c24a0) thrown at [/HUDSON/workspace/8-2-build-linux-amd64/jdk8u66/4988/hotspot/src/share/vm/classfile/systemDictionary.cpp, line 210]
Event: 2,038 Thread 0x00007f957c00b800 Exception <a 'java/lang/ClassNotFoundException': java/lang/ObjectBeanInfo> (0x00000000ec6c7590) thrown at [/HUDSON/workspace/8-2-build-linux-amd64/jdk8u66/4988/hotspot/src/share/vm/classfile/systemDictionary.cpp, line 210]
Event: 2,038 Thread 0x00007f957c00b800 Exception <a 'java/lang/ClassNotFoundException': java/lang/ObjectCustomizer> (0x00000000ec6cc810) thrown at [/HUDSON/workspace/8-2-build-linux-amd64/jdk8u66/4988/hotspot/src/share/vm/classfile/systemDictionary.cpp, line 210]
Event: 2,042 Thread 0x00007f957c00b800 Exception <a 'java/lang/ArrayIndexOutOfBoundsException': 18> (0x00000000ec6cea20) thrown at [/HUDSON/workspace/8-2-build-linux-amd64/jdk8u66/4988/hotspot/src/share/vm/interpreter/interpreterRuntime.cpp, line 366]
Event: 2,044 Thread 0x00007f957c00b800 Exception <a 'java/lang/ArrayIndexOutOfBoundsException': 22> (0x00000000ec6d1dd0) thrown at [/HUDSON/workspace/8-2-build-linux-amd64/jdk8u66/4988/hotspot/src/share/vm/interpreter/interpreterRuntime.cpp, line 366]
Event: 2,048 Thread 0x00007f957c00b800 Exception <a 'java/lang/ArrayIndexOutOfBoundsException': 160> (0x00000000ec6d41a8) thrown at [/HUDSON/workspace/8-2-build-linux-amd64/jdk8u66/4988/hotspot/src/share/vm/interpreter/interpreterRuntime.cpp, line 366]
Event: 2,052 Thread 0x00007f957c00b800 Exception <a 'java/lang/ClassNotFoundException': org/apache/log4j/LayoutCustomizer> (0x00000000ec6e1510) thrown at [/HUDSON/workspace/8-2-build-linux-amd64/jdk8u66/4988/hotspot/src/share/vm/classfile/systemDictionary.cpp, line 210]
Event: 2,055 Thread 0x00007f957c00b800 Exception <a 'java/lang/ClassNotFoundException': org/apache/log4j/PatternLayoutCustomizer> (0x00000000ec6ff858) thrown at [/HUDSON/workspace/8-2-build-linux-amd64/jdk8u66/4988/hotspot/src/share/vm/classfile/systemDictionary.cpp, line 210]
Event: 2,060 Thread 0x00007f957c00b800 Implicit null exception at 0x00007f956c95a775 to 0x00007f956c95aab5

Events (10 events):
Event: 5,721 loading class javax/persistence/Transient done
Event: 5,779 loading class org/uqbar/common/transaction/Collection/TransactionalData
Event: 5,779 loading class org/uqbar/common/transaction/Collection/TransactionalData done
Event: 5,845 loading class javassist/bytecode/StackMapTable$Copier
Event: 5,845 loading class javassist/bytecode/StackMapTable$Copier done
Event: 5,846 loading class javassist/bytecode/StackMapTable$SimpleCopy
Event: 5,846 loading class javassist/bytecode/StackMapTable$SimpleCopy done
Event: 6,085 loading class javax/persistence/Transient
Event: 6,085 loading class javax/persistence/Transient done
Event: 6,133 Executing VM operation: ParallelGCFailedAllocation


Dynamic libraries:
00400000-00401000 r-xp 00000000 08:05 806533                             /usr/lib/jvm/java-8-oracle/bin/java
00600000-00601000 rw-p 00000000 08:05 806533                             /usr/lib/jvm/java-8-oracle/bin/java
00b90000-00bb1000 rw-p 00000000 00:00 0                                  [heap]
c3000000-c5980000 rw-p 00000000 00:00 0 
c5980000-ebb00000 ---p 00000000 00:00 0 
ebb00000-f4b00000 rw-p 00000000 00:00 0 
fcc00000-100000000 ---p 00000000 00:00 0 
100000000-100200000 rw-p 00000000 00:00 0 
100200000-140000000 ---p 00000000 00:00 0 
7f951c000000-7f951c022000 rw-p 00000000 00:00 0 
7f951c022000-7f9520000000 ---p 00000000 00:00 0 
7f9524000000-7f9524022000 rw-p 00000000 00:00 0 
7f9524022000-7f9528000000 ---p 00000000 00:00 0 
7f952953a000-7f95296ba000 rw-p 00000000 00:00 0 
7f95296ba000-7f952973a000 ---p 00000000 00:00 0 
7f952973a000-7f952993a000 rw-p 00000000 00:00 0 
7f952993a000-7f952993b000 ---p 00000000 00:00 0 
7f952993b000-7f952a13b000 rw-p 00000000 00:00 0                          [stack:8417]
7f952a13b000-7f952a13c000 ---p 00000000 00:00 0 
7f952a13c000-7f952a93c000 rw-p 00000000 00:00 0                          [stack:8416]
7f952a93c000-7f952a947000 r-xp 00000000 08:05 1047922                    /usr/lib/x86_64-linux-gnu/gio/modules/libdconfsettings.so
7f952a947000-7f952ab47000 ---p 0000b000 08:05 1047922                    /usr/lib/x86_64-linux-gnu/gio/modules/libdconfsettings.so
7f952ab47000-7f952ab48000 r--p 0000b000 08:05 1047922                    /usr/lib/x86_64-linux-gnu/gio/modules/libdconfsettings.so
7f952ab48000-7f952ab49000 rw-p 0000c000 08:05 1047922                    /usr/lib/x86_64-linux-gnu/gio/modules/libdconfsettings.so
7f952ab49000-7f952ab50000 r-xp 00000000 08:05 922569                     /usr/lib/x86_64-linux-gnu/libogg.so.0.8.1
7f952ab50000-7f952ad50000 ---p 00007000 08:05 922569                     /usr/lib/x86_64-linux-gnu/libogg.so.0.8.1
7f952ad50000-7f952ad51000 r--p 00007000 08:05 922569                     /usr/lib/x86_64-linux-gnu/libogg.so.0.8.1
7f952ad51000-7f952ad52000 rw-p 00008000 08:05 922569                     /usr/lib/x86_64-linux-gnu/libogg.so.0.8.1
7f952ad52000-7f952ad7e000 r-xp 00000000 08:05 922843                     /usr/lib/x86_64-linux-gnu/libvorbis.so.0.4.5
7f952ad7e000-7f952af7d000 ---p 0002c000 08:05 922843                     /usr/lib/x86_64-linux-gnu/libvorbis.so.0.4.5
7f952af7d000-7f952af7e000 r--p 0002b000 08:05 922843                     /usr/lib/x86_64-linux-gnu/libvorbis.so.0.4.5
7f952af7e000-7f952af7f000 rw-p 0002c000 08:05 922843                     /usr/lib/x86_64-linux-gnu/libvorbis.so.0.4.5
7f952af7f000-7f952af88000 r-xp 00000000 08:05 922475                     /usr/lib/x86_64-linux-gnu/libltdl.so.7.3.0
7f952af88000-7f952b187000 ---p 00009000 08:05 922475                     /usr/lib/x86_64-linux-gnu/libltdl.so.7.3.0
7f952b187000-7f952b188000 r--p 00008000 08:05 922475                     /usr/lib/x86_64-linux-gnu/libltdl.so.7.3.0
7f952b188000-7f952b189000 rw-p 00009000 08:05 922475                     /usr/lib/x86_64-linux-gnu/libltdl.so.7.3.0
7f952b189000-7f952b19a000 r-xp 00000000 08:05 922764                     /usr/lib/x86_64-linux-gnu/libtdb.so.1.2.12
7f952b19a000-7f952b399000 ---p 00011000 08:05 922764                     /usr/lib/x86_64-linux-gnu/libtdb.so.1.2.12
7f952b399000-7f952b39a000 r--p 00010000 08:05 922764                     /usr/lib/x86_64-linux-gnu/libtdb.so.1.2.12
7f952b39a000-7f952b39b000 rw-p 00011000 08:05 922764                     /usr/lib/x86_64-linux-gnu/libtdb.so.1.2.12
7f952b39b000-7f952b3a2000 r-xp 00000000 08:05 922847                     /usr/lib/x86_64-linux-gnu/libvorbisfile.so.3.3.4
7f952b3a2000-7f952b5a1000 ---p 00007000 08:05 922847                     /usr/lib/x86_64-linux-gnu/libvorbisfile.so.3.3.4
7f952b5a1000-7f952b5a2000 r--p 00006000 08:05 922847                     /usr/lib/x86_64-linux-gnu/libvorbisfile.so.3.3.4
7f952b5a2000-7f952b5a3000 rw-p 00007000 08:05 922847                     /usr/lib/x86_64-linux-gnu/libvorbisfile.so.3.3.4
7f952b5a3000-7f952b5b2000 r-xp 00000000 08:05 921989                     /usr/lib/x86_64-linux-gnu/libcanberra.so.0.2.5
7f952b5b2000-7f952b7b1000 ---p 0000f000 08:05 921989                     /usr/lib/x86_64-linux-gnu/libcanberra.so.0.2.5
7f952b7b1000-7f952b7b2000 r--p 0000e000 08:05 921989                     /usr/lib/x86_64-linux-gnu/libcanberra.so.0.2.5
7f952b7b2000-7f952b7b3000 rw-p 0000f000 08:05 921989                     /usr/lib/x86_64-linux-gnu/libcanberra.so.0.2.5
7f952b7b3000-7f952b7b7000 r-xp 00000000 08:05 921985                     /usr/lib/x86_64-linux-gnu/libcanberra-gtk.so.0.1.9
7f952b7b7000-7f952b9b6000 ---p 00004000 08:05 921985                     /usr/lib/x86_64-linux-gnu/libcanberra-gtk.so.0.1.9
7f952b9b6000-7f952b9b7000 r--p 00003000 08:05 921985                     /usr/lib/x86_64-linux-gnu/libcanberra-gtk.so.0.1.9
7f952b9b7000-7f952b9b8000 rw-p 00004000 08:05 921985                     /usr/lib/x86_64-linux-gnu/libcanberra-gtk.so.0.1.9
7f952b9b8000-7f952b9bd000 r-xp 00000000 08:05 1048177                    /usr/lib/x86_64-linux-gnu/gtk-2.0/modules/libcanberra-gtk-module.so
7f952b9bd000-7f952bbbc000 ---p 00005000 08:05 1048177                    /usr/lib/x86_64-linux-gnu/gtk-2.0/modules/libcanberra-gtk-module.so
7f952bbbc000-7f952bbbd000 r--p 00004000 08:05 1048177                    /usr/lib/x86_64-linux-gnu/gtk-2.0/modules/libcanberra-gtk-module.so
7f952bbbd000-7f952bbbe000 rw-p 00005000 08:05 1048177                    /usr/lib/x86_64-linux-gnu/gtk-2.0/modules/libcanberra-gtk-module.so
7f952bbbe000-7f952bbed000 r-xp 00000000 08:05 1048159                    /usr/lib/x86_64-linux-gnu/gtk-2.0/2.10.0/engines/libmurrine.so
7f952bbed000-7f952bded000 ---p 0002f000 08:05 1048159                    /usr/lib/x86_64-linux-gnu/gtk-2.0/2.10.0/engines/libmurrine.so
7f952bded000-7f952bdee000 r--p 0002f000 08:05 1048159                    /usr/lib/x86_64-linux-gnu/gtk-2.0/2.10.0/engines/libmurrine.so
7f952bdee000-7f952bdef000 rw-p 00030000 08:05 1048159                    /usr/lib/x86_64-linux-gnu/gtk-2.0/2.10.0/engines/libmurrine.so
7f952bdef000-7f952bdff000 r-xp 00000000 08:05 922813                     /usr/lib/x86_64-linux-gnu/libunity-gtk2-parser.so.0.0.0
7f952bdff000-7f952bffe000 ---p 00010000 08:05 922813                     /usr/lib/x86_64-linux-gnu/libunity-gtk2-parser.so.0.0.0
7f952bffe000-7f952bfff000 r--p 0000f000 08:05 922813                     /usr/lib/x86_64-linux-gnu/libunity-gtk2-parser.so.0.0.0
7f952bfff000-7f952c000000 rw-p 00010000 08:05 922813                     /usr/lib/x86_64-linux-gnu/libunity-gtk2-parser.so.0.0.0
7f952c000000-7f952c021000 rw-p 00000000 00:00 0 
7f952c021000-7f9530000000 ---p 00000000 00:00 0 
7f95300ed000-7f95300ff000 r--s 00345000 08:05 807759                     /usr/lib/jvm/java-8-oracle/jre/lib/resources.jar
7f95300ff000-7f9530151000 r--p 00000000 08:05 5522                       /usr/share/fonts/truetype/dejavu/DejaVuSansMono.ttf
7f9530151000-7f95301a8000 r--p 00000000 08:05 133210                     /usr/share/fonts/truetype/ubuntu-font-family/Ubuntu-R.ttf
7f95301a8000-7f95301ad000 r-xp 00000000 08:05 1048181                    /usr/lib/x86_64-linux-gnu/gtk-2.0/modules/libunity-gtk-module.so
7f95301ad000-7f95303ac000 ---p 00005000 08:05 1048181                    /usr/lib/x86_64-linux-gnu/gtk-2.0/modules/libunity-gtk-module.so
7f95303ac000-7f95303ad000 r--p 00004000 08:05 1048181                    /usr/lib/x86_64-linux-gnu/gtk-2.0/modules/libunity-gtk-module.so
7f95303ad000-7f95303ae000 rw-p 00005000 08:05 1048181                    /usr/lib/x86_64-linux-gnu/gtk-2.0/modules/libunity-gtk-module.so
7f95303ae000-7f95303bf000 r-xp 00000000 08:05 1048180                    /usr/lib/x86_64-linux-gnu/gtk-2.0/modules/liboverlay-scrollbar.so
7f95303bf000-7f95305be000 ---p 00011000 08:05 1048180                    /usr/lib/x86_64-linux-gnu/gtk-2.0/modules/liboverlay-scrollbar.so
7f95305be000-7f95305bf000 r--p 00010000 08:05 1048180                    /usr/lib/x86_64-linux-gnu/gtk-2.0/modules/liboverlay-scrollbar.so
7f95305bf000-7f95305c0000 rw-p 00011000 08:05 1048180                    /usr/lib/x86_64-linux-gnu/gtk-2.0/modules/liboverlay-scrollbar.so
7f95305c0000-7f95305c6000 r-xp 00000000 08:05 922053                     /usr/lib/x86_64-linux-gnu/libdatrie.so.1.3.1
7f95305c6000-7f95307c5000 ---p 00006000 08:05 922053                     /usr/lib/x86_64-linux-gnu/libdatrie.so.1.3.1
7f95307c5000-7f95307c6000 r--p 00005000 08:05 922053                     /usr/lib/x86_64-linux-gnu/libdatrie.so.1.3.1
7f95307c6000-7f95307c7000 rw-p 00006000 08:05 922053                     /usr/lib/x86_64-linux-gnu/libdatrie.so.1.3.1
7f95307c7000-7f95307e1000 r-xp 00000000 08:05 922279                     /usr/lib/x86_64-linux-gnu/libgraphite2.so.3.0.1
7f95307e1000-7f95309e0000 ---p 0001a000 08:05 922279                     /usr/lib/x86_64-linux-gnu/libgraphite2.so.3.0.1
7f95309e0000-7f95309e2000 r--p 00019000 08:05 922279                     /usr/lib/x86_64-linux-gnu/libgraphite2.so.3.0.1
7f95309e2000-7f95309e3000 rw-p 0001b000 08:05 922279                     /usr/lib/x86_64-linux-gnu/libgraphite2.so.3.0.1
7f95309e3000-7f95309e8000 r-xp 00000000 08:05 921861                     /usr/lib/x86_64-linux-gnu/libXdmcp.so.6.0.0
7f95309e8000-7f9530be7000 ---p 00005000 08:05 921861                     /usr/lib/x86_64-linux-gnu/libXdmcp.so.6.0.0
7f9530be7000-7f9530be8000 r--p 00004000 08:05 921861                     /usr/lib/x86_64-linux-gnu/libXdmcp.so.6.0.0
7f9530be8000-7f9530be9000 rw-p 00005000 08:05 921861                     /usr/lib/x86_64-linux-gnu/libXdmcp.so.6.0.0
7f9530be9000-7f9530beb000 r-xp 00000000 08:05 921850                     /usr/lib/x86_64-linux-gnu/libXau.so.6.0.0
7f9530beb000-7f9530deb000 ---p 00002000 08:05 921850                     /usr/lib/x86_64-linux-gnu/libXau.so.6.0.0
7f9530deb000-7f9530dec000 r--p 00002000 08:05 921850                     /usr/lib/x86_64-linux-gnu/libXau.so.6.0.0
7f9530dec000-7f9530ded000 rw-p 00003000 08:05 921850                     /usr/lib/x86_64-linux-gnu/libXau.so.6.0.0
7f9530ded000-7f9530e2a000 r-xp 00000000 08:05 657801                     /lib/x86_64-linux-gnu/libpcre.so.3.13.1
7f9530e2a000-7f9531029000 ---p 0003d000 08:05 657801                     /lib/x86_64-linux-gnu/libpcre.so.3.13.1
7f9531029000-7f953102a000 r--p 0003c000 08:05 657801                     /lib/x86_64-linux-gnu/libpcre.so.3.13.1
7f953102a000-7f953102b000 rw-p 0003d000 08:05 657801                     /lib/x86_64-linux-gnu/libpcre.so.3.13.1
7f953102b000-7f9531032000 r-xp 00000000 08:05 921603                     /usr/lib/x86_64-linux-gnu/libffi.so.6.0.1
7f9531032000-7f9531231000 ---p 00007000 08:05 921603                     /usr/lib/x86_64-linux-gnu/libffi.so.6.0.1
7f9531231000-7f9531232000 r--p 00006000 08:05 921603                     /usr/lib/x86_64-linux-gnu/libffi.so.6.0.1
7f9531232000-7f9531233000 rw-p 00007000 08:05 921603                     /usr/lib/x86_64-linux-gnu/libffi.so.6.0.1
7f9531233000-7f953125a000 r-xp 00000000 08:05 652811                     /lib/x86_64-linux-gnu/libexpat.so.1.6.0
7f953125a000-7f953145a000 ---p 00027000 08:05 652811                     /lib/x86_64-linux-gnu/libexpat.so.1.6.0
7f953145a000-7f953145c000 r--p 00027000 08:05 652811                     /lib/x86_64-linux-gnu/libexpat.so.1.6.0
7f953145c000-7f953145d000 rw-p 00029000 08:05 652811                     /lib/x86_64-linux-gnu/libexpat.so.1.6.0
7f953145d000-7f9531465000 r-xp 00000000 08:05 922776                     /usr/lib/x86_64-linux-gnu/libthai.so.0.2.0
7f9531465000-7f9531664000 ---p 00008000 08:05 922776                     /usr/lib/x86_64-linux-gnu/libthai.so.0.2.0
7f9531664000-7f9531665000 r--p 00007000 08:05 922776                     /usr/lib/x86_64-linux-gnu/libthai.so.0.2.0
7f9531665000-7f9531666000 rw-p 00008000 08:05 922776                     /usr/lib/x86_64-linux-gnu/libthai.so.0.2.0
7f9531666000-7f95316b9000 r-xp 00000000 08:05 922392                     /usr/lib/x86_64-linux-gnu/libharfbuzz.so.0.927.0
7f95316b9000-7f95318b9000 ---p 00053000 08:05 922392                     /usr/lib/x86_64-linux-gnu/libharfbuzz.so.0.927.0
7f95318b9000-7f95318ba000 r--p 00053000 08:05 922392                     /usr/lib/x86_64-linux-gnu/libharfbuzz.so.0.927.0
7f95318ba000-7f95318bb000 rw-p 00054000 08:05 922392                     /usr/lib/x86_64-linux-gnu/libharfbuzz.so.0.927.0
7f95318bb000-7f95318d2000 r-xp 00000000 08:05 657824                     /lib/x86_64-linux-gnu/libresolv-2.19.so
7f95318d2000-7f9531ad2000 ---p 00017000 08:05 657824                     /lib/x86_64-linux-gnu/libresolv-2.19.so
7f9531ad2000-7f9531ad3000 r--p 00017000 08:05 657824                     /lib/x86_64-linux-gnu/libresolv-2.19.so
7f9531ad3000-7f9531ad4000 rw-p 00018000 08:05 657824                     /lib/x86_64-linux-gnu/libresolv-2.19.so
7f9531ad4000-7f9531ad6000 rw-p 00000000 00:00 0 
7f9531ad6000-7f9531af6000 r-xp 00000000 08:05 657828                     /lib/x86_64-linux-gnu/libselinux.so.1
7f9531af6000-7f9531cf5000 ---p 00020000 08:05 657828                     /lib/x86_64-linux-gnu/libselinux.so.1
7f9531cf5000-7f9531cf6000 r--p 0001f000 08:05 657828                     /lib/x86_64-linux-gnu/libselinux.so.1
7f9531cf6000-7f9531cf7000 rw-p 00020000 08:05 657828                     /lib/x86_64-linux-gnu/libselinux.so.1
7f9531cf7000-7f9531cf9000 rw-p 00000000 00:00 0 
7f9531cf9000-7f9531d11000 r-xp 00000000 08:05 657861                     /lib/x86_64-linux-gnu/libz.so.1.2.8
7f9531d11000-7f9531f10000 ---p 00018000 08:05 657861                     /lib/x86_64-linux-gnu/libz.so.1.2.8
7f9531f10000-7f9531f11000 r--p 00017000 08:05 657861                     /lib/x86_64-linux-gnu/libz.so.1.2.8
7f9531f11000-7f9531f12000 rw-p 00018000 08:05 657861                     /lib/x86_64-linux-gnu/libz.so.1.2.8
7f9531f12000-7f9531f1a000 r-xp 00000000 08:05 922902                     /usr/lib/x86_64-linux-gnu/libxcb-render.so.0.0.0
7f9531f1a000-7f9532119000 ---p 00008000 08:05 922902                     /usr/lib/x86_64-linux-gnu/libxcb-render.so.0.0.0
7f9532119000-7f953211a000 r--p 00007000 08:05 922902                     /usr/lib/x86_64-linux-gnu/libxcb-render.so.0.0.0
7f953211a000-7f953211b000 rw-p 00008000 08:05 922902                     /usr/lib/x86_64-linux-gnu/libxcb-render.so.0.0.0
7f953211b000-7f953211d000 r-xp 00000000 08:05 922906                     /usr/lib/x86_64-linux-gnu/libxcb-shm.so.0.0.0
7f953211d000-7f953231c000 ---p 00002000 08:05 922906                     /usr/lib/x86_64-linux-gnu/libxcb-shm.so.0.0.0
7f953231c000-7f953231d000 r--p 00001000 08:05 922906                     /usr/lib/x86_64-linux-gnu/libxcb-shm.so.0.0.0
7f953231d000-7f953231e000 rw-p 00002000 08:05 922906                     /usr/lib/x86_64-linux-gnu/libxcb-shm.so.0.0.0
7f953231e000-7f9532343000 r-xp 00000000 08:05 654139                     /lib/x86_64-linux-gnu/libpng12.so.0.50.0
7f9532343000-7f9532542000 ---p 00025000 08:05 654139                     /lib/x86_64-linux-gnu/libpng12.so.0.50.0
7f9532542000-7f9532543000 r--p 00024000 08:05 654139                     /lib/x86_64-linux-gnu/libpng12.so.0.50.0
7f9532543000-7f9532544000 rw-p 00025000 08:05 654139                     /lib/x86_64-linux-gnu/libpng12.so.0.50.0
7f9532544000-7f95325e5000 r-xp 00000000 08:05 922608                     /usr/lib/x86_64-linux-gnu/libpixman-1.so.0.30.2
7f95325e5000-7f95327e5000 ---p 000a1000 08:05 922608                     /usr/lib/x86_64-linux-gnu/libpixman-1.so.0.30.2
7f95327e5000-7f95327ec000 r--p 000a1000 08:05 922608                     /usr/lib/x86_64-linux-gnu/libpixman-1.so.0.30.2
7f95327ec000-7f95327ed000 rw-p 000a8000 08:05 922608                     /usr/lib/x86_64-linux-gnu/libpixman-1.so.0.30.2
7f95327ed000-7f953280a000 r-xp 00000000 08:05 922916                     /usr/lib/x86_64-linux-gnu/libxcb.so.1.1.0
7f953280a000-7f9532a0a000 ---p 0001d000 08:05 922916                     /usr/lib/x86_64-linux-gnu/libxcb.so.1.1.0
7f9532a0a000-7f9532a0b000 r--p 0001d000 08:05 922916                     /usr/lib/x86_64-linux-gnu/libxcb.so.1.1.0
7f9532a0b000-7f9532a0c000 rw-p 0001e000 08:05 922916                     /usr/lib/x86_64-linux-gnu/libxcb.so.1.1.0
7f9532a0c000-7f9532aa9000 r-xp 00000000 08:05 921217                     /usr/lib/x86_64-linux-gnu/libfreetype.so.6.11.1
7f9532aa9000-7f9532ca8000 ---p 0009d000 08:05 921217                     /usr/lib/x86_64-linux-gnu/libfreetype.so.6.11.1
7f9532ca8000-7f9532cae000 r--p 0009c000 08:05 921217                     /usr/lib/x86_64-linux-gnu/libfreetype.so.6.11.1
7f9532cae000-7f9532caf000 rw-p 000a2000 08:05 921217                     /usr/lib/x86_64-linux-gnu/libfreetype.so.6.11.1
7f9532caf000-7f9532cb1000 r-xp 00000000 08:05 921859                     /usr/lib/x86_64-linux-gnu/libXdamage.so.1.1.0
7f9532cb1000-7f9532eb0000 ---p 00002000 08:05 921859                     /usr/lib/x86_64-linux-gnu/libXdamage.so.1.1.0
7f9532eb0000-7f9532eb1000 r--p 00001000 08:05 921859                     /usr/lib/x86_64-linux-gnu/libXdamage.so.1.1.0
7f9532eb1000-7f9532eb2000 rw-p 00002000 08:05 921859                     /usr/lib/x86_64-linux-gnu/libXdamage.so.1.1.0
7f9532eb2000-7f9532eb4000 r-xp 00000000 08:05 921855                     /usr/lib/x86_64-linux-gnu/libXcomposite.so.1.0.0
7f9532eb4000-7f95330b3000 ---p 00002000 08:05 921855                     /usr/lib/x86_64-linux-gnu/libXcomposite.so.1.0.0
7f95330b3000-7f95330b4000 r--p 00001000 08:05 921855                     /usr/lib/x86_64-linux-gnu/libXcomposite.so.1.0.0
7f95330b4000-7f95330b5000 rw-p 00002000 08:05 921855                     /usr/lib/x86_64-linux-gnu/libXcomposite.so.1.0.0
7f95330b5000-7f95330be000 r-xp 00000000 08:05 921857                     /usr/lib/x86_64-linux-gnu/libXcursor.so.1.0.2
7f95330be000-7f95332bd000 ---p 00009000 08:05 921857                     /usr/lib/x86_64-linux-gnu/libXcursor.so.1.0.2
7f95332bd000-7f95332be000 r--p 00008000 08:05 921857                     /usr/lib/x86_64-linux-gnu/libXcursor.so.1.0.2
7f95332be000-7f95332bf000 rw-p 00009000 08:05 921857                     /usr/lib/x86_64-linux-gnu/libXcursor.so.1.0.2
7f95332bf000-7f95332c8000 r-xp 00000000 08:05 921883                     /usr/lib/x86_64-linux-gnu/libXrandr.so.2.2.0
7f95332c8000-7f95334c7000 ---p 00009000 08:05 921883                     /usr/lib/x86_64-linux-gnu/libXrandr.so.2.2.0
7f95334c7000-7f95334c8000 r--p 00008000 08:05 921883                     /usr/lib/x86_64-linux-gnu/libXrandr.so.2.2.0
7f95334c8000-7f95334c9000 rw-p 00009000 08:05 921883                     /usr/lib/x86_64-linux-gnu/libXrandr.so.2.2.0
7f95334c9000-7f95334d8000 r-xp 00000000 08:05 921871                     /usr/lib/x86_64-linux-gnu/libXi.so.6.1.0
7f95334d8000-7f95336d7000 ---p 0000f000 08:05 921871                     /usr/lib/x86_64-linux-gnu/libXi.so.6.1.0
7f95336d7000-7f95336d8000 r--p 0000e000 08:05 921871                     /usr/lib/x86_64-linux-gnu/libXi.so.6.1.0
7f95336d8000-7f95336d9000 rw-p 0000f000 08:05 921871                     /usr/lib/x86_64-linux-gnu/libXi.so.6.1.0
7f95336d9000-7f95336db000 r-xp 00000000 08:05 921873                     /usr/lib/x86_64-linux-gnu/libXinerama.so.1.0.0
7f95336db000-7f95338da000 ---p 00002000 08:05 921873                     /usr/lib/x86_64-linux-gnu/libXinerama.so.1.0.0
7f95338da000-7f95338db000 r--p 00001000 08:05 921873                     /usr/lib/x86_64-linux-gnu/libXinerama.so.1.0.0
7f95338db000-7f95338dc000 rw-p 00002000 08:05 921873                     /usr/lib/x86_64-linux-gnu/libXinerama.so.1.0.0
7f95338dc000-7f95338e5000 r-xp 00000000 08:05 921885                     /usr/lib/x86_64-linux-gnu/libXrender.so.1.3.0
7f95338e5000-7f9533ae4000 ---p 00009000 08:05 921885                     /usr/lib/x86_64-linux-gnu/libXrender.so.1.3.0
7f9533ae4000-7f9533ae5000 r--p 00008000 08:05 921885                     /usr/lib/x86_64-linux-gnu/libXrender.so.1.3.0
7f9533ae5000-7f9533ae6000 rw-p 00009000 08:05 921885                     /usr/lib/x86_64-linux-gnu/libXrender.so.1.3.0
7f9533ae6000-7f9533af7000 r-xp 00000000 08:05 921863                     /usr/lib/x86_64-linux-gnu/libXext.so.6.4.0
7f9533af7000-7f9533cf6000 ---p 00011000 08:05 921863                     /usr/lib/x86_64-linux-gnu/libXext.so.6.4.0
7f9533cf6000-7f9533cf7000 r--p 00010000 08:05 921863                     /usr/lib/x86_64-linux-gnu/libXext.so.6.4.0
7f9533cf7000-7f9533cf8000 rw-p 00011000 08:05 921863                     /usr/lib/x86_64-linux-gnu/libXext.so.6.4.0
7f9533cf8000-7f9533dfe000 r-xp 00000000 08:05 657729                     /lib/x86_64-linux-gnu/libglib-2.0.so.0.4002.0
7f9533dfe000-7f9533ffd000 ---p 00106000 08:05 657729                     /lib/x86_64-linux-gnu/libglib-2.0.so.0.4002.0
7f9533ffd000-7f9533ffe000 r--p 00105000 08:05 657729                     /lib/x86_64-linux-gnu/libglib-2.0.so.0.4002.0
7f9533ffe000-7f9533fff000 rw-p 00106000 08:05 657729                     /lib/x86_64-linux-gnu/libglib-2.0.so.0.4002.0
7f9533fff000-7f9534000000 rw-p 00000000 00:00 0 
7f9534000000-7f95345be000 rw-p 00000000 00:00 0 
7f95345be000-7f9538000000 ---p 00000000 00:00 0 
7f9538000000-7f9538021000 rw-p 00000000 00:00 0 
7f9538021000-7f953c000000 ---p 00000000 00:00 0 
7f953c000000-7f953c8d2000 rw-p 00000000 00:00 0 
7f953c8d2000-7f9540000000 ---p 00000000 00:00 0 
7f9540000000-7f9540845000 rw-p 00000000 00:00 0 
7f9540845000-7f9544000000 ---p 00000000 00:00 0 
7f9544000000-7f9544021000 rw-p 00000000 00:00 0 
7f9544021000-7f9548000000 ---p 00000000 00:00 0 
7f9548000000-7f9548021000 rw-p 00000000 00:00 0 
7f9548021000-7f954c000000 ---p 00000000 00:00 0 
7f954c000000-7f954c021000 rw-p 00000000 00:00 0 
7f954c021000-7f9550000000 ---p 00000000 00:00 0 
7f955000b000-7f955000c000 rw-p 00000000 00:00 0 
7f955000c000-7f955000d000 r--s 00000000 08:05 289549                     /var/cache/fontconfig/c05880de57d1f5e948fdfacc138775d9-le64.cache-4
7f955000d000-7f9550018000 r--s 00000000 08:05 289543                     /var/cache/fontconfig/945677eb7aeaf62f1d50efc3fb3ec7d8-le64.cache-4
7f9550018000-7f955001a000 r--s 00000000 08:05 292932                     /var/cache/fontconfig/99e8ed0e538f840c565b6ed5dad60d56-le64.cache-4
7f955001a000-7f9550023000 r--s 00000000 08:05 292931                     /var/cache/fontconfig/a6d8cf8e4ec09cdbc8633c31745a07dd-le64.cache-4
7f9550023000-7f9550029000 r--s 00000000 08:05 289529                     /var/cache/fontconfig/2cd17615ca594fa2959ae173292e504c-le64.cache-4
7f9550029000-7f955002a000 r--s 00000000 08:05 289559                     /var/cache/fontconfig/e7071f4a29fa870f4323321c154eba04-le64.cache-4
7f955002a000-7f955002b000 r--s 00000000 08:05 289526                     /var/cache/fontconfig/0d8c3b2ac0904cb8a57a757ad11a4a08-le64.cache-4
7f955002b000-7f9550032000 r--s 00000000 08:05 289546                     /var/cache/fontconfig/a755afe4a08bf5b97852ceb7400b47bc-le64.cache-4
7f9550032000-7f9550046000 r--s 00000000 08:05 289524                     /var/cache/fontconfig/04aabc0a78ac019cf9454389977116d2-le64.cache-4
7f9550046000-7f9550047000 r--s 00000000 08:05 289528                     /var/cache/fontconfig/1ac9eb803944fde146138c791f5cc56a-le64.cache-4
7f9550047000-7f955004b000 r--s 00000000 08:05 289532                     /var/cache/fontconfig/385c0604a188198f04d133e54aba7fe7-le64.cache-4
7f955004b000-7f955004c000 r--s 00000000 08:05 289556                     /var/cache/fontconfig/dc05db6664285cc2f12bf69c139ae4c3-le64.cache-4
7f955004c000-7f955004e000 r--s 00000000 08:05 289540                     /var/cache/fontconfig/767a8244fc0220cfb567a839d0392e0b-le64.cache-4
7f955004e000-7f955004f000 r--s 00000000 08:05 286442                     /var/cache/fontconfig/4794a0821666d79190d59a36cb4f44b5-le64.cache-4
7f955004f000-7f9550054000 r--s 00000000 08:05 289542                     /var/cache/fontconfig/8801497958630a81b71ace7c5f9b32a8-le64.cache-4
7f9550054000-7f955008f000 r--s 00000000 08:05 289941                     /var/cache/fontconfig/365b55f210c0a22e9a19e35191240f32-le64.cache-4
7f955008f000-7f9550096000 r--s 00000000 08:05 289530                     /var/cache/fontconfig/3047814df9a2f067bd2d96a2b9c36e5a-le64.cache-4
7f9550096000-7f9550097000 r--s 00000000 08:05 289536                     /var/cache/fontconfig/56cf4f4769d0f4abc89a4895d7bd3ae1-le64.cache-4
7f9550097000-7f9550098000 r--s 00000000 08:05 289548                     /var/cache/fontconfig/b9d506c9ac06c20b433354fa67a72993-le64.cache-4
7f9550098000-7f955009e000 r--s 00000000 08:05 289547                     /var/cache/fontconfig/b47c4e1ecd0709278f4910c18777a504-le64.cache-4
7f955009e000-7f95500a7000 r--s 00000000 08:05 290072                     /var/cache/fontconfig/52f7bdb7ce746bfd7eaa1985bd9cfa93-le64.cache-4
7f95500a7000-7f95500ba000 r--s 00000000 08:05 289553                     /var/cache/fontconfig/d52a8644073d54c13679302ca1180695-le64.cache-4
7f95500ba000-7f95500c3000 r--s 00000000 08:05 289533                     /var/cache/fontconfig/3f7329c5293ffd510edef78f73874cfd-le64.cache-4
7f95500c3000-7f95500ce000 r--s 00000000 08:05 290642                     /var/cache/fontconfig/d589a48862398ed80a3d6066f4f56f4c-le64.cache-4
7f95500ce000-7f95500e1000 r--s 00000000 08:05 292602                     /var/cache/fontconfig/4ac51e5cfbc76fc3f983e470323a16d3-le64.cache-4
7f95500e1000-7f95500ee000 r--s 00000000 08:05 290135                     /var/cache/fontconfig/e13b20fdb08344e0e664864cc2ede53d-le64.cache-4
7f95500ee000-7f955012e000 r--p 00000000 08:05 1046756                    /usr/share/glib-2.0/schemas/gschemas.compiled
7f955012e000-7f9550147000 r--p 00000000 08:05 168294                     /usr/share/locale-langpack/es/LC_MESSAGES/glib20.mo
7f9550147000-7f9550171000 r--p 00000000 08:05 168338                     /usr/share/locale-langpack/es/LC_MESSAGES/gtk20-properties.mo
7f9550171000-7f9550197000 r--p 00000000 08:05 168395                     /usr/share/locale-langpack/es/LC_MESSAGES/libc.mo
7f9550197000-7f95501e6000 r-xp 00000000 08:05 922261                     /usr/lib/x86_64-linux-gnu/libgobject-2.0.so.0.4002.0
7f95501e6000-7f95503e6000 ---p 0004f000 08:05 922261                     /usr/lib/x86_64-linux-gnu/libgobject-2.0.so.0.4002.0
7f95503e6000-7f95503e7000 r--p 0004f000 08:05 922261                     /usr/lib/x86_64-linux-gnu/libgobject-2.0.so.0.4002.0
7f95503e7000-7f95503e8000 rw-p 00050000 08:05 922261                     /usr/lib/x86_64-linux-gnu/libgobject-2.0.so.0.4002.0
7f95503e8000-7f9550422000 r-xp 00000000 08:05 922146                     /usr/lib/x86_64-linux-gnu/libfontconfig.so.1.8.0
7f9550422000-7f9550621000 ---p 0003a000 08:05 922146                     /usr/lib/x86_64-linux-gnu/libfontconfig.so.1.8.0
7f9550621000-7f9550623000 r--p 00039000 08:05 922146                     /usr/lib/x86_64-linux-gnu/libfontconfig.so.1.8.0
7f9550623000-7f9550624000 rw-p 0003b000 08:05 922146                     /usr/lib/x86_64-linux-gnu/libfontconfig.so.1.8.0
7f9550624000-7f955066e000 r-xp 00000000 08:05 922585                     /usr/lib/x86_64-linux-gnu/libpango-1.0.so.0.3600.3
7f955066e000-7f955086e000 ---p 0004a000 08:05 922585                     /usr/lib/x86_64-linux-gnu/libpango-1.0.so.0.3600.3
7f955086e000-7f9550870000 r--p 0004a000 08:05 922585                     /usr/lib/x86_64-linux-gnu/libpango-1.0.so.0.3600.3
7f9550870000-7f9550871000 rw-p 0004c000 08:05 922585                     /usr/lib/x86_64-linux-gnu/libpango-1.0.so.0.3600.3
7f9550871000-7f9550885000 r-xp 00000000 08:05 922589                     /usr/lib/x86_64-linux-gnu/libpangoft2-1.0.so.0.3600.3
7f9550885000-7f9550a84000 ---p 00014000 08:05 922589                     /usr/lib/x86_64-linux-gnu/libpangoft2-1.0.so.0.3600.3
7f9550a84000-7f9550a85000 r--p 00013000 08:05 922589                     /usr/lib/x86_64-linux-gnu/libpangoft2-1.0.so.0.3600.3
7f9550a85000-7f9550a86000 rw-p 00014000 08:05 922589                     /usr/lib/x86_64-linux-gnu/libpangoft2-1.0.so.0.3600.3
7f9550a86000-7f9550bf2000 r-xp 00000000 08:05 922233                     /usr/lib/x86_64-linux-gnu/libgio-2.0.so.0.4002.0
7f9550bf2000-7f9550df1000 ---p 0016c000 08:05 922233                     /usr/lib/x86_64-linux-gnu/libgio-2.0.so.0.4002.0
7f9550df1000-7f9550df5000 r--p 0016b000 08:05 922233                     /usr/lib/x86_64-linux-gnu/libgio-2.0.so.0.4002.0
7f9550df5000-7f9550df7000 rw-p 0016f000 08:05 922233                     /usr/lib/x86_64-linux-gnu/libgio-2.0.so.0.4002.0
7f9550df7000-7f9550df9000 rw-p 00000000 00:00 0 
7f9550df9000-7f9550e19000 r-xp 00000000 08:05 921307                     /usr/lib/x86_64-linux-gnu/libgdk_pixbuf-2.0.so.0.3000.7
7f9550e19000-7f9551018000 ---p 00020000 08:05 921307                     /usr/lib/x86_64-linux-gnu/libgdk_pixbuf-2.0.so.0.3000.7
7f9551018000-7f9551019000 r--p 0001f000 08:05 921307                     /usr/lib/x86_64-linux-gnu/libgdk_pixbuf-2.0.so.0.3000.7
7f9551019000-7f955101a000 rw-p 00020000 08:05 921307                     /usr/lib/x86_64-linux-gnu/libgdk_pixbuf-2.0.so.0.3000.7
7f955101a000-7f9551120000 r-xp 00000000 08:05 921981                     /usr/lib/x86_64-linux-gnu/libcairo.so.2.11301.0
7f9551120000-7f955131f000 ---p 00106000 08:05 921981                     /usr/lib/x86_64-linux-gnu/libcairo.so.2.11301.0
7f955131f000-7f9551322000 r--p 00105000 08:05 921981                     /usr/lib/x86_64-linux-gnu/libcairo.so.2.11301.0
7f9551322000-7f9551323000 rw-p 00108000 08:05 921981                     /usr/lib/x86_64-linux-gnu/libcairo.so.2.11301.0
7f9551323000-7f9551325000 rw-p 00000000 00:00 0 
7f9551325000-7f9551344000 r-xp 00000000 08:05 921942                     /usr/lib/x86_64-linux-gnu/libatk-1.0.so.0.21009.1
7f9551344000-7f9551544000 ---p 0001f000 08:05 921942                     /usr/lib/x86_64-linux-gnu/libatk-1.0.so.0.21009.1
7f9551544000-7f9551546000 r--p 0001f000 08:05 921942                     /usr/lib/x86_64-linux-gnu/libatk-1.0.so.0.21009.1
7f9551546000-7f9551547000 rw-p 00021000 08:05 921942                     /usr/lib/x86_64-linux-gnu/libatk-1.0.so.0.21009.1
7f9551547000-7f955154c000 r-xp 00000000 08:05 921865                     /usr/lib/x86_64-linux-gnu/libXfixes.so.3.1.0
7f955154c000-7f955174b000 ---p 00005000 08:05 921865                     /usr/lib/x86_64-linux-gnu/libXfixes.so.3.1.0
7f955174b000-7f955174c000 r--p 00004000 08:05 921865                     /usr/lib/x86_64-linux-gnu/libXfixes.so.3.1.0
7f955174c000-7f955174d000 rw-p 00005000 08:05 921865                     /usr/lib/x86_64-linux-gnu/libXfixes.so.3.1.0
7f955174d000-7f955187d000 r-xp 00000000 08:05 921846                     /usr/lib/x86_64-linux-gnu/libX11.so.6.3.0
7f955187d000-7f9551a7d000 ---p 00130000 08:05 921846                     /usr/lib/x86_64-linux-gnu/libX11.so.6.3.0
7f9551a7d000-7f9551a7e000 r--p 00130000 08:05 921846                     /usr/lib/x86_64-linux-gnu/libX11.so.6.3.0
7f9551a7e000-7f9551a82000 rw-p 00131000 08:05 921846                     /usr/lib/x86_64-linux-gnu/libX11.so.6.3.0
7f9551a82000-7f9551a8d000 r-xp 00000000 08:05 922587                     /usr/lib/x86_64-linux-gnu/libpangocairo-1.0.so.0.3600.3
7f9551a8d000-7f9551c8d000 ---p 0000b000 08:05 922587                     /usr/lib/x86_64-linux-gnu/libpangocairo-1.0.so.0.3600.3
7f9551c8d000-7f9551c8e000 r--p 0000b000 08:05 922587                     /usr/lib/x86_64-linux-gnu/libpangocairo-1.0.so.0.3600.3
7f9551c8e000-7f9551c8f000 rw-p 0000c000 08:05 922587                     /usr/lib/x86_64-linux-gnu/libpangocairo-1.0.so.0.3600.3
7f9551c8f000-7f9551c92000 r-xp 00000000 08:05 922245                     /usr/lib/x86_64-linux-gnu/libgmodule-2.0.so.0.4002.0
7f9551c92000-7f9551e91000 ---p 00003000 08:05 922245                     /usr/lib/x86_64-linux-gnu/libgmodule-2.0.so.0.4002.0
7f9551e91000-7f9551e92000 r--p 00002000 08:05 922245                     /usr/lib/x86_64-linux-gnu/libgmodule-2.0.so.0.4002.0
7f9551e92000-7f9551e93000 rw-p 00003000 08:05 922245                     /usr/lib/x86_64-linux-gnu/libgmodule-2.0.so.0.4002.0
7f9551e93000-7f9551f41000 r-xp 00000000 08:05 921225                     /usr/lib/x86_64-linux-gnu/libgdk-x11-2.0.so.0.2400.23
7f9551f41000-7f9552140000 ---p 000ae000 08:05 921225                     /usr/lib/x86_64-linux-gnu/libgdk-x11-2.0.so.0.2400.23
7f9552140000-7f9552144000 r--p 000ad000 08:05 921225                     /usr/lib/x86_64-linux-gnu/libgdk-x11-2.0.so.0.2400.23
7f9552144000-7f9552146000 rw-p 000b1000 08:05 921225                     /usr/lib/x86_64-linux-gnu/libgdk-x11-2.0.so.0.2400.23
7f9552146000-7f955214b000 r-xp 00000000 08:05 921891                     /usr/lib/x86_64-linux-gnu/libXtst.so.6.1.0
7f955214b000-7f955234a000 ---p 00005000 08:05 921891                     /usr/lib/x86_64-linux-gnu/libXtst.so.6.1.0
7f955234a000-7f955234b000 r--p 00004000 08:05 921891                     /usr/lib/x86_64-linux-gnu/libXtst.so.6.1.0
7f955234b000-7f955234c000 rw-p 00005000 08:05 921891                     /usr/lib/x86_64-linux-gnu/libXtst.so.6.1.0
7f955234c000-7f955234d000 r-xp 00000000 08:05 922368                     /usr/lib/x86_64-linux-gnu/libgthread-2.0.so.0.4002.0
7f955234d000-7f955254c000 ---p 00001000 08:05 922368                     /usr/lib/x86_64-linux-gnu/libgthread-2.0.so.0.4002.0
7f955254c000-7f955254d000 r--p 00000000 08:05 922368                     /usr/lib/x86_64-linux-gnu/libgthread-2.0.so.0.4002.0
7f955254d000-7f955254e000 rw-p 00001000 08:05 922368                     /usr/lib/x86_64-linux-gnu/libgthread-2.0.so.0.4002.0
7f955254e000-7f955297e000 r-xp 00000000 08:05 921226                     /usr/lib/x86_64-linux-gnu/libgtk-x11-2.0.so.0.2400.23
7f955297e000-7f9552b7d000 ---p 00430000 08:05 921226                     /usr/lib/x86_64-linux-gnu/libgtk-x11-2.0.so.0.2400.23
7f9552b7d000-7f9552b84000 r--p 0042f000 08:05 921226                     /usr/lib/x86_64-linux-gnu/libgtk-x11-2.0.so.0.2400.23
7f9552b84000-7f9552b88000 rw-p 00436000 08:05 921226                     /usr/lib/x86_64-linux-gnu/libgtk-x11-2.0.so.0.2400.23
7f9552b88000-7f9552b8b000 rw-p 00000000 00:00 0 
7f9552b8b000-7f9552b8c000 r--s 00000000 08:05 289525                     /var/cache/fontconfig/0c9eb80ebd1c36541ebe2852d3bb0c49-le64.cache-4
7f9552b8c000-7f9552b90000 r--s 00000000 08:05 289937                     /var/cache/fontconfig/7ef2298fde41cc6eeb7af42e48b7d293-le64.cache-4
7f9552b90000-7f9552b95000 r--p 00000000 08:05 937459                     /home/chibi/.config/dconf/user
7f9552b95000-7f9552b9c000 r--s 00000000 08:05 1047829                    /usr/lib/x86_64-linux-gnu/gconv/gconv-modules.cache
7f9552b9c000-7f9552bab000 r--p 00000000 08:05 168339                     /usr/share/locale-langpack/es/LC_MESSAGES/gtk20.mo
7f9552bab000-7f9552c17000 r-xp 00000000 08:05 169116                     /tmp/swtlib-64/libswt-pi-gtk-3557.so
7f9552c17000-7f9552d16000 ---p 0006c000 08:05 169116                     /tmp/swtlib-64/libswt-pi-gtk-3557.so
7f9552d16000-7f9552d1a000 rw-p 0006b000 08:05 169116                     /tmp/swtlib-64/libswt-pi-gtk-3557.so
7f9552d1a000-7f9552d1b000 rw-p 00000000 00:00 0 
7f9552d1b000-7f9552d5b000 r-xp 00000000 08:05 169051                     /tmp/swtlib-64/libswt-gtk-3557.so
7f9552d5b000-7f9552e5b000 ---p 00040000 08:05 169051                     /tmp/swtlib-64/libswt-gtk-3557.so
7f9552e5b000-7f9552e5f000 rw-p 00040000 08:05 169051                     /tmp/swtlib-64/libswt-gtk-3557.so
7f9552e5f000-7f9552e60000 rw-p 00000000 00:00 0 
7f9552e60000-7f9552e63000 r--s 0001a000 08:05 807774                     /usr/lib/jvm/java-8-oracle/jre/lib/jce.jar
7f9552e63000-7f9553063000 rw-p 00000000 00:00 0 
7f9553063000-7f9553068000 r--s 00096000 08:05 807776                     /usr/lib/jvm/java-8-oracle/jre/lib/jsse.jar
7f9553068000-7f955306c000 r--s 00038000 08:05 951484                     /home/chibi/.m2/repository/commons-lang/commons-lang/2.2/commons-lang-2.2.jar
7f955306c000-7f9553074000 r--s 00053000 08:05 951483                     /home/chibi/.m2/repository/net/sf/oval/oval/1.81/oval-1.81.jar
7f9553074000-7f9553076000 r--s 0000d000 08:05 927933                     /home/chibi/.m2/repository/commons-logging/commons-logging/1.1.1/commons-logging-1.1.1.jar
7f9553076000-7f955307b000 r--s 00034000 08:05 951481                     /home/chibi/.m2/repository/commons-beanutils/commons-beanutils/1.8.3/commons-beanutils-1.8.3.jar
7f955307b000-7f9553087000 r--s 00076000 08:05 940392                     /home/chibi/.m2/repository/net/sourceforge/collections/collections-generic/4.01/collections-generic-4.01.jar
7f9553087000-7f9553095000 r--s 0007f000 08:05 927228                     /home/chibi/.m2/repository/commons-collections/commons-collections/3.2.1/commons-collections-3.2.1.jar
7f9553095000-7f955309e000 r--s 0006d000 08:05 942749                     /home/chibi/.m2/repository/log4j/log4j/1.2.16/log4j-1.2.16.jar
7f955309e000-7f95530a0000 r--s 00008000 08:05 951476                     /home/chibi/.m2/repository/org/uqbar-project/uqbar-domain/3.6.1/uqbar-domain-3.6.1.jar
7f95530a0000-7f95530a3000 r--s 0000f000 08:05 943495                     /home/chibi/Descargas/eclipse/plugins/org.eclipse.xtend.lib.macro_2.9.0.v201512010527.jar
7f95530a3000-7f95530a8000 r--s 00036000 08:05 943494                     /home/chibi/Descargas/eclipse/plugins/org.eclipse.xtend.lib_2.9.0.v201512010527.jar
7f95530a8000-7f95530ab000 r--s 0001f000 08:05 943805                     /home/chibi/Descargas/eclipse/plugins/org.eclipse.xtext.xbase.lib_2.9.0.v201512010527.jar
7f95530ab000-7f95530d4000 r--s 00200000 08:05 932915                     /home/chibi/Descargas/eclipse/plugins/com.google.guava_15.0.0.v201403281430.jar
7f95530d4000-7f95530f5000 r--s 00162000 08:05 952018                     /home/chibi/.m2/repository/org/mockito/mockito-all/1.9.5/mockito-all-1.9.5.jar
7f95530f5000-7f95530f8000 r--s 0000c000 08:05 961531                     /home/chibi/.m2/repository/org/eclipse/xtend/org.eclipse.xtend.lib.macro/2.9.1/org.eclipse.xtend.lib.macro-2.9.1.jar
7f95530f8000-7f9553121000 r--s 001ee000 08:05 942551                     /home/chibi/.m2/repository/com/google/guava/guava/14.0.1/guava-14.0.1.jar
7f9553121000-7f9553124000 r--s 0001b000 08:05 961529                     /home/chibi/.m2/repository/org/eclipse/xtext/org.eclipse.xtext.xbase.lib/2.9.1/org.eclipse.xtext.xbase.lib-2.9.1.jar
7f9553124000-7f9553128000 r--s 00022000 08:05 961525                     /home/chibi/.m2/repository/org/eclipse/xtend/org.eclipse.xtend.lib/2.9.1/org.eclipse.xtend.lib-2.9.1.jar
7f9553128000-7f955312a000 r--s 00002000 08:05 961523                     /home/chibi/.m2/repository/org/uqbar-project/arena-xtend/3.6.1/arena-xtend-3.6.1.jar
7f955312a000-7f9553134000 r--s 00095000 08:05 916803                     /home/chibi/.m2/repository/org/scala-lang/modules/scala-xml_2.11/1.0.2/scala-xml_2.11-1.0.2.jar
7f9553134000-7f9553135000 ---p 00000000 00:00 0 
7f9553135000-7f9553235000 rw-p 00000000 00:00 0                          [stack:8412]
7f9553235000-7f9553238000 ---p 00000000 00:00 0 
7f9553238000-7f9553336000 rw-p 00000000 00:00 0                          [stack:8411]
7f9553336000-7f9553339000 ---p 00000000 00:00 0 
7f9553339000-7f9553437000 rw-p 00000000 00:00 0                          [stack:8410]
7f9553437000-7f955343a000 ---p 00000000 00:00 0 
7f955343a000-7f9553538000 rw-p 00000000 00:00 0                          [stack:8409]
7f9553538000-7f955353b000 ---p 00000000 00:00 0 
7f955353b000-7f9553639000 rw-p 00000000 00:00 0                          [stack:8408]
7f9553639000-7f955363c000 ---p 00000000 00:00 0 
7f955363c000-7f955373a000 rw-p 00000000 00:00 0                          [stack:8407]
7f955373a000-7f9553792000 r--s 004f2000 08:05 952183                     /home/chibi/.m2/repository/org/scala-lang/scala-library/2.11.2/scala-library-2.11.2.jar
7f9553792000-7f95537a5000 r--s 00211000 08:05 933303                     /home/chibi/.m2/repository/org/eclipse/swt/gtk/org.eclipse.swt.gtk.linux.x86_64/3.5.2.v3557f/org.eclipse.swt.gtk.linux.x86_64-3.5.2.v3557f.jar
7f95537a5000-7f95537e9000 r--s 0037c000 08:05 918073                     /home/chibi/.m2/repository/org/eclipse/ui/org.eclipse.ui.workbench/3.4.2.M20090127-1700/org.eclipse.ui.workbench-3.4.2.M20090127-1700.jar
7f95537e9000-7f95537f8000 r--s 000e5000 08:05 917936                     /home/chibi/.m2/repository/org/eclipse/org.eclipse.osgi/3.4.3.R34x_v20081215-1030/org.eclipse.osgi-3.4.3.R34x_v20081215-1030.jar
7f95537f8000-7f955380c000 r--s 000eb000 08:05 917228                     /home/chibi/.m2/repository/org/eclipse/org.eclipse.jface/3.4.2.M20090107-0800/org.eclipse.jface-3.4.2.M20090107-0800.jar
7f955380c000-7f9553811000 r--s 0002b000 08:05 917172                     /home/chibi/.m2/repository/org/eclipse/jface/org.eclipse.jface.databinding/1.2.1.M20080827-0800a/org.eclipse.jface.databinding-1.2.1.M20080827-0800a.jar
7f9553811000-7f9553814000 r--s 00015000 08:05 917168                     /home/chibi/.m2/repository/org/eclipse/equinox/org.eclipse.equinox.common/3.4.0.v20080421-2006/org.eclipse.equinox.common-3.4.0.v20080421-2006.jar
7f9553814000-7f955381d000 r--s 0004c000 08:05 917136                     /home/chibi/.m2/repository/org/eclipse/core/org.eclipse.core.databinding/1.1.1.M20080827-0800b/org.eclipse.core.databinding-1.1.1.M20080827-0800b.jar
7f955381d000-7f9553eff000 r--p 00000000 08:05 789633                     /usr/lib/locale/locale-archive
7f9553eff000-7f9553f02000 ---p 00000000 00:00 0 
7f9553f02000-7f9554000000 rw-p 00000000 00:00 0                          [stack:8400]
7f9554000000-7f9554021000 rw-p 00000000 00:00 0 
7f9554021000-7f9558000000 ---p 00000000 00:00 0 
7f9558000000-7f955828a000 rw-p 00000000 00:00 0 
7f955828a000-7f955c000000 ---p 00000000 00:00 0 
7f955c000000-7f955c021000 rw-p 00000000 00:00 0 
7f955c021000-7f9560000000 ---p 00000000 00:00 0 
7f9560000000-7f9560021000 rw-p 00000000 00:00 0 
7f9560021000-7f9564000000 ---p 00000000 00:00 0 
7f9564000000-7f9564021000 rw-p 00000000 00:00 0 
7f9564021000-7f9568000000 ---p 00000000 00:00 0 
7f9568000000-7f9568001000 r--s 00000000 00:16 19795                      /run/user/1000/dconf/user
7f9568001000-7f9568002000 r--s 00003000 08:05 918008                     /home/chibi/.m2/repository/org/eclipse/org.eclipse.swt/3.4.2.v3452b/org.eclipse.swt-3.4.2.v3452b.jar
7f9568002000-7f9568004000 r--s 0000d000 08:05 917123                     /home/chibi/.m2/repository/org/eclipse/core/databinding/org.eclipse.core.databinding.beans/1.1.1.M20080827-0800a/org.eclipse.core.databinding.beans-1.1.1.M20080827-0800a.jar
7f9568004000-7f9568007000 r--s 00017000 08:05 917117                     /home/chibi/.m2/repository/org/eclipse/core/org.eclipse.core.commands/3.4.0.I20080509-2000/org.eclipse.core.commands-3.4.0.I20080509-2000.jar
7f9568007000-7f9568055000 r--s 0087c000 08:05 940691                     /home/chibi/.m2/repository/com/ibm/icu/icu4j/50.1.1/icu4j-50.1.1.jar
7f9568055000-7f956805a000 r--s 00016000 08:05 951959                     /home/chibi/.m2/repository/xml-apis/xml-apis/1.0.b2/xml-apis-1.0.b2.jar
7f956805a000-7f956805f000 r--s 00048000 08:05 942722                     /home/chibi/.m2/repository/dom4j/dom4j/1.6.1/dom4j-1.6.1.jar
7f956805f000-7f9568069000 r--s 000a5000 08:05 951946                     /home/chibi/.m2/repository/org/javassist/javassist/3.18.1-GA/javassist-3.18.1-GA.jar
7f9568069000-7f956806d000 r--s 00028000 08:05 951944                     /home/chibi/.m2/repository/org/uqbar-project/arena-apo/3.6.1/arena-apo-3.6.1.jar
7f956806d000-7f9568074000 r--s 0002c000 08:05 951937                     /home/chibi/.m2/repository/org/uqbar-project/arena-core/3.6.1/arena-core-3.6.1.jar
7f9568074000-7f9568077000 ---p 00000000 00:00 0 
7f9568077000-7f9568175000 rw-p 00000000 00:00 0                          [stack:8399]
7f9568175000-7f9568176000 ---p 00000000 00:00 0 
7f9568176000-7f9569209000 rw-p 00000000 00:00 0                          [stack:8398]
7f9569209000-7f95693e2000 r--s 03d20000 08:05 807771                     /usr/lib/jvm/java-8-oracle/jre/lib/rt.jar
7f95693e2000-7f956bcc0000 rw-p 00000000 00:00 0 
7f956bcc0000-7f956bcc1000 ---p 00000000 00:00 0 
7f956bcc1000-7f956bdc1000 rw-p 00000000 00:00 0                          [stack:8394]
7f956bdc1000-7f956bdc2000 ---p 00000000 00:00 0 
7f956bdc2000-7f956bec2000 rw-p 00000000 00:00 0                          [stack:8393]
7f956bec2000-7f956bec3000 ---p 00000000 00:00 0 
7f956bec3000-7f956bfc3000 rw-p 00000000 00:00 0                          [stack:8388]
7f956bfc3000-7f956bfc4000 ---p 00000000 00:00 0 
7f956bfc4000-7f956c0d9000 rw-p 00000000 00:00 0                          [stack:8387]
7f956c0d9000-7f956c20a000 ---p 00000000 00:00 0 
7f956c20a000-7f956c21f000 rw-p 00000000 00:00 0 
7f956c21f000-7f956c34f000 ---p 00000000 00:00 0 
7f956c34f000-7f956c398000 rw-p 00000000 00:00 0 
7f956c398000-7f956c3f2000 ---p 00000000 00:00 0 
7f956c3f2000-7f956c40d000 rw-p 00000000 00:00 0 
7f956c40d000-7f956c7b3000 ---p 00000000 00:00 0 
7f956c7b3000-7f956ce33000 rwxp 00000000 00:00 0 
7f956ce33000-7f957b7b3000 ---p 00000000 00:00 0 
7f957b7b3000-7f957b7cd000 r-xp 00000000 08:05 807888                     /usr/lib/jvm/java-8-oracle/jre/lib/amd64/libzip.so
7f957b7cd000-7f957b9cd000 ---p 0001a000 08:05 807888                     /usr/lib/jvm/java-8-oracle/jre/lib/amd64/libzip.so
7f957b9cd000-7f957b9ce000 rw-p 0001a000 08:05 807888                     /usr/lib/jvm/java-8-oracle/jre/lib/amd64/libzip.so
7f957b9ce000-7f957b9d9000 r-xp 00000000 08:05 657773                     /lib/x86_64-linux-gnu/libnss_files-2.19.so
7f957b9d9000-7f957bbd8000 ---p 0000b000 08:05 657773                     /lib/x86_64-linux-gnu/libnss_files-2.19.so
7f957bbd8000-7f957bbd9000 r--p 0000a000 08:05 657773                     /lib/x86_64-linux-gnu/libnss_files-2.19.so
7f957bbd9000-7f957bbda000 rw-p 0000b000 08:05 657773                     /lib/x86_64-linux-gnu/libnss_files-2.19.so
7f957bbda000-7f957bbe5000 r-xp 00000000 08:05 657783                     /lib/x86_64-linux-gnu/libnss_nis-2.19.so
7f957bbe5000-7f957bde4000 ---p 0000b000 08:05 657783                     /lib/x86_64-linux-gnu/libnss_nis-2.19.so
7f957bde4000-7f957bde5000 r--p 0000a000 08:05 657783                     /lib/x86_64-linux-gnu/libnss_nis-2.19.so
7f957bde5000-7f957bde6000 rw-p 0000b000 08:05 657783                     /lib/x86_64-linux-gnu/libnss_nis-2.19.so
7f957bde6000-7f957bdfd000 r-xp 00000000 08:05 657767                     /lib/x86_64-linux-gnu/libnsl-2.19.so
7f957bdfd000-7f957bffc000 ---p 00017000 08:05 657767                     /lib/x86_64-linux-gnu/libnsl-2.19.so
7f957bffc000-7f957bffd000 r--p 00016000 08:05 657767                     /lib/x86_64-linux-gnu/libnsl-2.19.so
7f957bffd000-7f957bffe000 rw-p 00017000 08:05 657767                     /lib/x86_64-linux-gnu/libnsl-2.19.so
7f957bffe000-7f957c000000 rw-p 00000000 00:00 0 
7f957c000000-7f957cafe000 rw-p 00000000 00:00 0 
7f957cafe000-7f9580000000 ---p 00000000 00:00 0 
7f9580000000-7f9580003000 r--s 00017000 08:05 951950                     /home/chibi/.m2/repository/org/reflections/reflections/0.9.8/reflections-0.9.8.jar
7f9580003000-7f9580006000 r--s 00014000 08:05 951941                     /home/chibi/.m2/repository/org/uqbar-project/arena-pot/3.6.1/arena-pot-3.6.1.jar
7f9580006000-7f9580027000 rw-p 00000000 00:00 0 
7f9580027000-7f9580030000 r-xp 00000000 08:05 657769                     /lib/x86_64-linux-gnu/libnss_compat-2.19.so
7f9580030000-7f958022f000 ---p 00009000 08:05 657769                     /lib/x86_64-linux-gnu/libnss_compat-2.19.so
7f958022f000-7f9580230000 r--p 00008000 08:05 657769                     /lib/x86_64-linux-gnu/libnss_compat-2.19.so
7f9580230000-7f9580231000 rw-p 00009000 08:05 657769                     /lib/x86_64-linux-gnu/libnss_compat-2.19.so
7f9580231000-7f958025b000 r-xp 00000000 08:05 807882                     /usr/lib/jvm/java-8-oracle/jre/lib/amd64/libjava.so
7f958025b000-7f958045b000 ---p 0002a000 08:05 807882                     /usr/lib/jvm/java-8-oracle/jre/lib/amd64/libjava.so
7f958045b000-7f958045d000 rw-p 0002a000 08:05 807882                     /usr/lib/jvm/java-8-oracle/jre/lib/amd64/libjava.so
7f958045d000-7f958046a000 r-xp 00000000 08:05 807881                     /usr/lib/jvm/java-8-oracle/jre/lib/amd64/libverify.so
7f958046a000-7f958066a000 ---p 0000d000 08:05 807881                     /usr/lib/jvm/java-8-oracle/jre/lib/amd64/libverify.so
7f958066a000-7f958066c000 rw-p 0000d000 08:05 807881                     /usr/lib/jvm/java-8-oracle/jre/lib/amd64/libverify.so
7f958066c000-7f9580673000 r-xp 00000000 08:05 657826                     /lib/x86_64-linux-gnu/librt-2.19.so
7f9580673000-7f9580872000 ---p 00007000 08:05 657826                     /lib/x86_64-linux-gnu/librt-2.19.so
7f9580872000-7f9580873000 r--p 00006000 08:05 657826                     /lib/x86_64-linux-gnu/librt-2.19.so
7f9580873000-7f9580874000 rw-p 00007000 08:05 657826                     /lib/x86_64-linux-gnu/librt-2.19.so
7f9580874000-7f9580979000 r-xp 00000000 08:05 657748                     /lib/x86_64-linux-gnu/libm-2.19.so
7f9580979000-7f9580b78000 ---p 00105000 08:05 657748                     /lib/x86_64-linux-gnu/libm-2.19.so
7f9580b78000-7f9580b79000 r--p 00104000 08:05 657748                     /lib/x86_64-linux-gnu/libm-2.19.so
7f9580b79000-7f9580b7a000 rw-p 00105000 08:05 657748                     /lib/x86_64-linux-gnu/libm-2.19.so
7f9580b7a000-7f9581838000 r-xp 00000000 08:05 807898                     /usr/lib/jvm/java-8-oracle/jre/lib/amd64/server/libjvm.so
7f9581838000-7f9581a37000 ---p 00cbe000 08:05 807898                     /usr/lib/jvm/java-8-oracle/jre/lib/amd64/server/libjvm.so
7f9581a37000-7f9581b10000 rw-p 00cbd000 08:05 807898                     /usr/lib/jvm/java-8-oracle/jre/lib/amd64/server/libjvm.so
7f9581b10000-7f9581b54000 rw-p 00000000 00:00 0 
7f9581b54000-7f9581d0f000 r-xp 00000000 08:05 657698                     /lib/x86_64-linux-gnu/libc-2.19.so
7f9581d0f000-7f9581f0e000 ---p 001bb000 08:05 657698                     /lib/x86_64-linux-gnu/libc-2.19.so
7f9581f0e000-7f9581f12000 r--p 001ba000 08:05 657698                     /lib/x86_64-linux-gnu/libc-2.19.so
7f9581f12000-7f9581f14000 rw-p 001be000 08:05 657698                     /lib/x86_64-linux-gnu/libc-2.19.so
7f9581f14000-7f9581f19000 rw-p 00000000 00:00 0 
7f9581f19000-7f9581f1c000 r-xp 00000000 08:05 657715                     /lib/x86_64-linux-gnu/libdl-2.19.so
7f9581f1c000-7f958211b000 ---p 00003000 08:05 657715                     /lib/x86_64-linux-gnu/libdl-2.19.so
7f958211b000-7f958211c000 r--p 00002000 08:05 657715                     /lib/x86_64-linux-gnu/libdl-2.19.so
7f958211c000-7f958211d000 rw-p 00003000 08:05 657715                     /lib/x86_64-linux-gnu/libdl-2.19.so
7f958211d000-7f9582132000 r-xp 00000000 08:05 809124                     /usr/lib/jvm/java-8-oracle/lib/amd64/jli/libjli.so
7f9582132000-7f9582332000 ---p 00015000 08:05 809124                     /usr/lib/jvm/java-8-oracle/lib/amd64/jli/libjli.so
7f9582332000-7f9582333000 rw-p 00015000 08:05 809124                     /usr/lib/jvm/java-8-oracle/lib/amd64/jli/libjli.so
7f9582333000-7f958234c000 r-xp 00000000 08:05 657818                     /lib/x86_64-linux-gnu/libpthread-2.19.so
7f958234c000-7f958254b000 ---p 00019000 08:05 657818                     /lib/x86_64-linux-gnu/libpthread-2.19.so
7f958254b000-7f958254c000 r--p 00018000 08:05 657818                     /lib/x86_64-linux-gnu/libpthread-2.19.so
7f958254c000-7f958254d000 rw-p 00019000 08:05 657818                     /lib/x86_64-linux-gnu/libpthread-2.19.so
7f958254d000-7f9582551000 rw-p 00000000 00:00 0 
7f9582551000-7f9582574000 r-xp 00000000 08:05 657674                     /lib/x86_64-linux-gnu/ld-2.19.so
7f9582574000-7f958257a000 r--s 00035000 08:05 951933                     /home/chibi/.m2/repository/org/uqbar-project/arena-jface/3.6.1/arena-jface-3.6.1.jar
7f958257a000-7f958264c000 rw-p 00000000 00:00 0 
7f958264c000-7f958264f000 ---p 00000000 00:00 0 
7f958264f000-7f9582751000 rw-p 00000000 00:00 0                          [stack:8379]
7f9582751000-7f9582753000 r--s 00008000 08:05 933654                     /home/chibi/.m2/repository/org/uqbar-project/arena-poo/3.6.1/arena-poo-3.6.1.jar
7f9582753000-7f9582767000 rw-p 00000000 00:00 0 
7f9582767000-7f958276f000 rw-s 00000000 08:05 169009                     /tmp/hsperfdata_chibi/8368
7f958276f000-7f9582770000 rw-p 00000000 00:00 0 
7f9582770000-7f9582771000 ---p 00000000 00:00 0 
7f9582771000-7f9582773000 rw-p 00000000 00:00 0 
7f9582773000-7f9582774000 r--p 00022000 08:05 657674                     /lib/x86_64-linux-gnu/ld-2.19.so
7f9582774000-7f9582775000 rw-p 00023000 08:05 657674                     /lib/x86_64-linux-gnu/ld-2.19.so
7f9582775000-7f9582776000 rw-p 00000000 00:00 0 
7ffd37dbf000-7ffd37de1000 rw-p 00000000 00:00 0                          [stack]
7ffd37def000-7ffd37df1000 r--p 00000000 00:00 0                          [vvar]
7ffd37df1000-7ffd37df3000 r-xp 00000000 00:00 0                          [vdso]
ffffffffff600000-ffffffffff601000 r-xp 00000000 00:00 0                  [vsyscall]

VM Arguments:
jvm_args: -Djava.system.class.loader=org.uqbar.apo.APOClassLoader -Dfile.encoding=UTF-8 
java_command: runnable.AplicacionLaberinto
java_class_path (initial): /home/chibi/Escritorio/UIS-Laberinto/UIS-Arena/target/classes:/home/chibi/.m2/repository/org/uqbar-project/arena-jface/3.6.1/arena-jface-3.6.1.jar:/home/chibi/.m2/repository/org/uqbar-project/arena-core/3.6.1/arena-core-3.6.1.jar:/home/chibi/.m2/repository/org/uqbar-project/arena-pot/3.6.1/arena-pot-3.6.1.jar:/home/chibi/.m2/repository/org/uqbar-project/arena-apo/3.6.1/arena-apo-3.6.1.jar:/home/chibi/.m2/repository/org/javassist/javassist/3.18.1-GA/javassist-3.18.1-GA.jar:/home/chibi/.m2/repository/org/reflections/reflections/0.9.8/reflections-0.9.8.jar:/home/chibi/.m2/repository/dom4j/dom4j/1.6.1/dom4j-1.6.1.jar:/home/chibi/.m2/repository/xml-apis/xml-apis/1.0.b2/xml-apis-1.0.b2.jar:/home/chibi/.m2/repository/org/uqbar-project/arena-poo/3.6.1/arena-poo-3.6.1.jar:/home/chibi/.m2/repository/com/ibm/icu/icu4j/50.1.1/icu4j-50.1.1.jar:/home/chibi/.m2/repository/org/eclipse/core/org.eclipse.core.commands/3.4.0.I20080509-2000/org.eclipse.core.commands-3.4.0.I20080509-2000.jar:/home/chibi/.m2/repository/org/eclipse/core/databinding/org.eclipse.core.databinding.beans/1.1.1.M20080827-0800a/org.eclipse.core.databinding.beans-1.1.1.M20080827-0800a.jar:/home/chibi/.m2/repository/org/eclipse/core/org.eclipse.core.databinding/1.1.1.M20080827-0800b/org.eclipse.core.databinding-1.1.1.M20080827-0800b.jar:/home/chibi/.m2/repository/org/eclipse/equinox/org.eclipse.equinox.common/3.4.0.v20080421-2006/org.eclipse.equinox.common-3.4.0.v20080421-2006.jar:/home/chibi/.m2/repository/org/eclipse/jface/org.eclipse.jface.databinding/1.2.1.M20080827-0800a/org.eclipse.jface.databinding-1.2.1.M20080827-0800a.jar:/home/chibi/.m2/repository/org/eclipse/org.eclipse.jface/3.4.2.M20090107-0800/org.eclipse.jface-3.4.2.M20090107-0800.jar:/home/chibi/.m2/repository/org/eclipse/org.eclipse.osgi/3.4.3.R34x_v20081215-1030/org.eclipse.osgi-3.4.3.R34x_v20081215-1030.jar:/home/chibi/.m2/repository/org/eclipse/org.eclipse.swt/3.4.2.v3452b/org.eclipse.swt-3.4.2.v3452b.jar:/home/chibi
Launcher Type: SUN_STANDARD

Environment Variables:
PATH=/usr/local/sbin:/usr/local/bin:/usr/sbin:/usr/bin:/sbin:/bin:/usr/games:/usr/local/games
SHELL=/bin/bash
DISPLAY=:0.0

Signal Handlers:
SIGSEGV: [libjvm.so+0xaba2a0], sa_mask[0]=11111111011111111101111111111110, sa_flags=SA_RESTART|SA_SIGINFO
SIGBUS: [libjvm.so+0xaba2a0], sa_mask[0]=11111111011111111101111111111110, sa_flags=SA_RESTART|SA_SIGINFO
SIGFPE: [libjvm.so+0x917710], sa_mask[0]=11111111011111111101111111111110, sa_flags=SA_RESTART|SA_SIGINFO
SIGPIPE: SIG_IGN, sa_mask[0]=00000000000010000000000000000000, sa_flags=SA_RESTART
SIGXFSZ: [libjvm.so+0x917710], sa_mask[0]=11111111011111111101111111111110, sa_flags=SA_RESTART|SA_SIGINFO
SIGILL: [libjvm.so+0x917710], sa_mask[0]=11111111011111111101111111111110, sa_flags=SA_RESTART|SA_SIGINFO
SIGUSR1: SIG_DFL, sa_mask[0]=00000000000000000000000000000000, sa_flags=none
SIGUSR2: [libjvm.so+0x918d40], sa_mask[0]=00100000000000000000000000000000, sa_flags=SA_RESTART|SA_SIGINFO
SIGHUP: [libjvm.so+0x91a140], sa_mask[0]=11111111011111111101111111111110, sa_flags=SA_RESTART|SA_SIGINFO
SIGINT: [libjvm.so+0x91a140], sa_mask[0]=11111111011111111101111111111110, sa_flags=SA_RESTART|SA_SIGINFO
SIGTERM: [libjvm.so+0x91a140], sa_mask[0]=11111111011111111101111111111110, sa_flags=SA_RESTART|SA_SIGINFO
SIGQUIT: [libjvm.so+0x91a140], sa_mask[0]=11111111011111111101111111111110, sa_flags=SA_RESTART|SA_SIGINFO


---------------  S Y S T E M  ---------------

OS:DISTRIB_ID=Ubuntu
DISTRIB_RELEASE=14.04
DISTRIB_CODENAME=trusty
DISTRIB_DESCRIPTION="Ubuntu 14.04.3 LTS"

uname:Linux 3.19.0-30-generic #34~14.04.1-Ubuntu SMP Fri Oct 2 22:09:39 UTC 2015 x86_64
libc:glibc 2.19 NPTL 2.19 
rlimit: STACK 8192k, CORE 0k, NPROC 15514, NOFILE 4096, AS infinity
load average:1,26 0,65 0,71

/proc/meminfo:
MemTotal:        3993212 kB
MemFree:          109492 kB
MemAvailable:      47716 kB
Buffers:             876 kB
Cached:           217412 kB
SwapCached:            0 kB
Active:          2326276 kB
Inactive:         173660 kB
Active(anon):    2324096 kB
Inactive(anon):   162252 kB
Active(file):       2180 kB
Inactive(file):    11408 kB
Unevictable:     1230224 kB
Mlocked:         1230224 kB
SwapTotal:             0 kB
SwapFree:              0 kB
Dirty:               160 kB
Writeback:             0 kB
AnonPages:       3512460 kB
Mapped:            99772 kB
Shmem:            183508 kB
Slab:              61724 kB
SReclaimable:      31800 kB
SUnreclaim:        29924 kB
KernelStack:        9808 kB
PageTables:        38220 kB
NFS_Unstable:          0 kB
Bounce:                0 kB
WritebackTmp:          0 kB
CommitLimit:     1996604 kB
Committed_AS:    7062080 kB
VmallocTotal:   34359738367 kB
VmallocUsed:      216700 kB
VmallocChunk:   34359513052 kB
HardwareCorrupted:     0 kB
AnonHugePages:   2144256 kB
CmaTotal:              0 kB
CmaFree:               0 kB
HugePages_Total:       0
HugePages_Free:        0
HugePages_Rsvd:        0
HugePages_Surp:        0
Hugepagesize:       2048 kB
DirectMap4k:       98560 kB
DirectMap2M:     4042752 kB


CPU:total 4 (2 cores per cpu, 2 threads per core) family 6 model 42 stepping 7, cmov, cx8, fxsr, mmx, sse, sse2, sse3, ssse3, sse4.1, sse4.2, popcnt, avx, clmul, ht, tsc, tscinvbit

/proc/cpuinfo:
processor	: 0
vendor_id	: GenuineIntel
cpu family	: 6
model		: 42
model name	: Intel(R) Core(TM) i3-2330M CPU @ 2.20GHz
stepping	: 7
microcode	: 0x23
cpu MHz		: 1200.117
cache size	: 3072 KB
physical id	: 0
siblings	: 4
core id		: 0
cpu cores	: 2
apicid		: 0
initial apicid	: 0
fpu		: yes
fpu_exception	: yes
cpuid level	: 13
wp		: yes
flags		: fpu vme de pse tsc msr pae mce cx8 apic sep mtrr pge mca cmov pat pse36 clflush dts acpi mmx fxsr sse sse2 ss ht tm pbe syscall nx rdtscp lm constant_tsc arch_perfmon pebs bts rep_good nopl xtopology nonstop_tsc aperfmperf eagerfpu pni pclmulqdq dtes64 monitor ds_cpl vmx est tm2 ssse3 cx16 xtpr pdcm pcid sse4_1 sse4_2 x2apic popcnt tsc_deadline_timer xsave avx lahf_lm arat epb pln pts dtherm tpr_shadow vnmi flexpriority ept vpid xsaveopt
bugs		:
bogomips	: 4390.09
clflush size	: 64
cache_alignment	: 64
address sizes	: 36 bits physical, 48 bits virtual
power management:

processor	: 1
vendor_id	: GenuineIntel
cpu family	: 6
model		: 42
model name	: Intel(R) Core(TM) i3-2330M CPU @ 2.20GHz
stepping	: 7
microcode	: 0x23
cpu MHz		: 1200.031
cache size	: 3072 KB
physical id	: 0
siblings	: 4
core id		: 0
cpu cores	: 2
apicid		: 1
initial apicid	: 1
fpu		: yes
fpu_exception	: yes
cpuid level	: 13
wp		: yes
flags		: fpu vme de pse tsc msr pae mce cx8 apic sep mtrr pge mca cmov pat pse36 clflush dts acpi mmx fxsr sse sse2 ss ht tm pbe syscall nx rdtscp lm constant_tsc arch_perfmon pebs bts rep_good nopl xtopology nonstop_tsc aperfmperf eagerfpu pni pclmulqdq dtes64 monitor ds_cpl vmx est tm2 ssse3 cx16 xtpr pdcm pcid sse4_1 sse4_2 x2apic popcnt tsc_deadline_timer xsave avx lahf_lm arat epb pln pts dtherm tpr_shadow vnmi flexpriority ept vpid xsaveopt
bugs		:
bogomips	: 4390.09
clflush size	: 64
cache_alignment	: 64
address sizes	: 36 bits physical, 48 bits virtual
power management:

processor	: 2
vendor_id	: GenuineIntel
cpu family	: 6
model		: 42
model name	: Intel(R) Core(TM) i3-2330M CPU @ 2.20GHz
stepping	: 7
microcode	: 0x23
cpu MHz		: 966.625
cache size	: 3072 KB
physical id	: 0
siblings	: 4
core id		: 1
cpu cores	: 2
apicid		: 2
initial apicid	: 2
fpu		: yes
fpu_exception	: yes
cpuid level	: 13
wp		: yes
flags		: fpu vme de pse tsc msr pae mce cx8 apic sep mtrr pge mca cmov pat pse36 clflush dts acpi mmx fxsr sse sse2 ss ht tm pbe syscall nx rdtscp lm constant_tsc arch_perfmon pebs bts rep_good nopl xtopology nonstop_tsc aperfmperf eagerfpu pni pclmulqdq dtes64 monitor ds_cpl vmx est tm2 ssse3 cx16 xtpr pdcm pcid sse4_1 sse4_2 x2apic popcnt tsc_deadline_timer xsave avx lahf_lm arat epb pln pts dtherm tpr_shadow vnmi flexpriority ept vpid xsaveopt
bugs		:
bogomips	: 4390.09
clflush size	: 64
cache_alignment	: 64
address sizes	: 36 bits physical, 48 bits virtual
power management:

processor	: 3
vendor_id	: GenuineIntel
cpu family	: 6
model		: 42
model name	: Intel(R) Core(TM) i3-2330M CPU @ 2.20GHz
stepping	: 7
microcode	: 0x23
cpu MHz		: 2000.625
cache size	: 3072 KB
physical id	: 0
siblings	: 4
core id		: 1
cpu cores	: 2
apicid		: 3
initial apicid	: 3
fpu		: yes
fpu_exception	: yes
cpuid level	: 13
wp		: yes
flags		: fpu vme de pse tsc msr pae mce cx8 apic sep mtrr pge mca cmov pat pse36 clflush dts acpi mmx fxsr sse sse2 ss ht tm pbe syscall nx rdtscp lm constant_tsc arch_perfmon pebs bts rep_good nopl xtopology nonstop_tsc aperfmperf eagerfpu pni pclmulqdq dtes64 monitor ds_cpl vmx est tm2 ssse3 cx16 xtpr pdcm pcid sse4_1 sse4_2 x2apic popcnt tsc_deadline_timer xsave avx lahf_lm arat epb pln pts dtherm tpr_shadow vnmi flexpriority ept vpid xsaveopt
bugs		:
bogomips	: 4390.09
clflush size	: 64
cache_alignment	: 64
address sizes	: 36 bits physical, 48 bits virtual
power management:



Memory: 4k page, physical 3993212k(109492k free), swap 0k(0k free)

vm_info: Java HotSpot(TM) 64-Bit Server VM (25.66-b17) for linux-amd64 JRE (1.8.0_66-b17), built on Oct  6 2015 17:28:34 by "java_re" with gcc 4.3.0 20080428 (Red Hat 4.3.0-8)

time: Fri Apr 15 00:18:06 2016
elapsed time: 7 seconds (0d 0h 0m 7s)

