#
# There is insufficient memory for the Java Runtime Environment to continue.
# Native memory allocation (mmap) failed to map 83361792 bytes for committing reserved memory.
# Possible reasons:
#   The system is out of physical RAM or swap space
#   In 32 bit mode, the process size limit was hit
# Possible solutions:
#   Reduce memory load on the system
#   Increase physical memory or swap space
#   Check if swap backing store is full
#   Use 64 bit Java on a 64 bit OS
#   Decrease Java heap size (-Xmx/-Xms)
#   Decrease number of Java threads
#   Decrease Java thread stack sizes (-Xss)
#   Set larger code cache with -XX:ReservedCodeCacheSize=
# This output file may be truncated or incomplete.
#
#  Out of Memory Error (os_linux.cpp:2627), pid=7040, tid=139713025472256
#
# JRE version: Java(TM) SE Runtime Environment (8.0_66-b17) (build 1.8.0_66-b17)
# Java VM: Java HotSpot(TM) 64-Bit Server VM (25.66-b17 mixed mode linux-amd64 compressed oops)
# Failed to write core dump. Core dumps have been disabled. To enable core dumping, try "ulimit -c unlimited" before starting Java again
#

---------------  T H R E A D  ---------------

Current thread (0x00007f119c079800):  VMThread [stack: 0x00007f117930f000,0x00007f1179410000] [id=7064]

Stack: [0x00007f117930f000,0x00007f1179410000],  sp=0x00007f117940e0e0,  free space=1020k
Native frames: (J=compiled Java code, j=interpreted, Vv=VM code, C=native code)
V  [libjvm.so+0xab9a1a]  VMError::report_and_die()+0x2ba
V  [libjvm.so+0x4f9e0b]  report_vm_out_of_memory(char const*, int, unsigned long, VMErrorType, char const*)+0x8b
V  [libjvm.so+0x91a8a3]  os::Linux::commit_memory_impl(char*, unsigned long, bool)+0x103
V  [libjvm.so+0x91adf9]  os::pd_commit_memory(char*, unsigned long, unsigned long, bool)+0x29
V  [libjvm.so+0x91510a]  os::commit_memory(char*, unsigned long, unsigned long, bool)+0x2a
V  [libjvm.so+0x9887a3]  PSVirtualSpace::expand_by(unsigned long)+0x53
V  [libjvm.so+0x989ba8]  PSYoungGen::resize_generation(unsigned long, unsigned long)+0xf8
V  [libjvm.so+0x988d02]  PSYoungGen::resize(unsigned long, unsigned long)+0x22
V  [libjvm.so+0x985fdb]  PSScavenge::invoke_no_policy()+0xf3b
V  [libjvm.so+0x986761]  PSScavenge::invoke()+0x41
V  [libjvm.so+0x93e500]  ParallelScavengeHeap::failed_mem_allocate(unsigned long)+0x70
V  [libjvm.so+0xabb437]  VM_ParallelGCFailedAllocation::doit()+0x97
V  [libjvm.so+0xac2e65]  VM_Operation::evaluate()+0x55
V  [libjvm.so+0xac123a]  VMThread::evaluate_operation(VM_Operation*)+0xba
V  [libjvm.so+0xac15be]  VMThread::loop()+0x1ce
V  [libjvm.so+0xac1a30]  VMThread::run()+0x70
V  [libjvm.so+0x91cc68]  java_start(Thread*)+0x108

VM_Operation (0x00007f11a38f9910): ParallelGCFailedAllocation, mode: safepoint, requested by thread 0x00007f119c00b800


---------------  P R O C E S S  ---------------

Java Threads: ( => current thread )
  0x00007f119c227800 JavaThread "Service Thread" daemon [_thread_blocked, id=7076, stack(0x00007f11783e5000,0x00007f11784e6000)]
  0x00007f119c224800 JavaThread "C1 CompilerThread2" daemon [_thread_blocked, id=7075, stack(0x00007f11784e6000,0x00007f11785e7000)]
  0x00007f119c222800 JavaThread "C2 CompilerThread1" daemon [_thread_blocked, id=7073, stack(0x00007f11785e7000,0x00007f11786e8000)]
  0x00007f119c220800 JavaThread "C2 CompilerThread0" daemon [_thread_blocked, id=7072, stack(0x00007f11786e8000,0x00007f11787e9000)]
  0x00007f119c21e800 JavaThread "Signal Dispatcher" daemon [_thread_blocked, id=7071, stack(0x00007f11787e9000,0x00007f11788ea000)]
  0x00007f119c080800 JavaThread "Finalizer" daemon [_thread_blocked, id=7066, stack(0x00007f117910d000,0x00007f117920e000)]
  0x00007f119c07e800 JavaThread "Reference Handler" daemon [_thread_blocked, id=7065, stack(0x00007f117920e000,0x00007f117930f000)]
  0x00007f119c00b800 JavaThread "main" [_thread_blocked, id=7048, stack(0x00007f11a37fc000,0x00007f11a38fd000)]

Other Threads:
=>0x00007f119c079800 VMThread [stack: 0x00007f117930f000,0x00007f1179410000] [id=7064]
  0x00007f119c22d000 WatcherThread [stack: 0x00007f11782e4000,0x00007f11783e5000] [id=7078]

VM state:at safepoint (normal execution)

VM Mutex/Monitor currently owned by a thread:  ([mutex/lock_event])
[0x00007f119c007fa0] Threads_lock - owner thread: 0x00007f119c079800
[0x00007f119c0084a0] Heap_lock - owner thread: 0x00007f119c00b800

Heap:
 PSYoungGen      total 134656K, used 7680K [0x00000000ebb00000, 0x00000000f4600000, 0x0000000100000000)
  eden space 126976K, 0% used [0x00000000ebb00000,0x00000000ebb00000,0x00000000f3700000)
  from space 7680K, 100% used [0x00000000f3700000,0x00000000f3e80000,0x00000000f3e80000)
  to   space 7680K, 0% used [0x00000000f3e80000,0x00000000f3e80000,0x00000000f4600000)
 ParOldGen       total 42496K, used 19148K [0x00000000c3000000, 0x00000000c5980000, 0x00000000ebb00000)
  object space 42496K, 45% used [0x00000000c3000000,0x00000000c42b32d0,0x00000000c5980000)
 Metaspace       used 15723K, capacity 16002K, committed 16256K, reserved 1062912K
  class space    used 1986K, capacity 2091K, committed 2176K, reserved 1048576K

Card table byte_map: [0x00007f11a03e1000,0x00007f11a05ca000] byte_map_base: 0x00007f119fdc9000

Marking Bits: (ParMarkBitMap*) 0x00007f11a2cd9020
 Begin Bits: [0x00007f117a180000, 0x00007f117b0c0000)
 End Bits:   [0x00007f117b0c0000, 0x00007f117c000000)

Polling page: 0x00007f11a3920000

CodeCache: size=245760Kb used=6863Kb max_used=6875Kb free=238896Kb
 bounds [0x00007f118d000000, 0x00007f118d6c0000, 0x00007f119c000000]
 total_blobs=2482 nmethods=2044 adapters=351
 compilation: enabled

Compilation events (10 events):
Event: 6,752 Thread 0x00007f119c224800 2049       3       scala.collection.generic.GenericCompanion::empty (13 bytes)
Event: 6,753 Thread 0x00007f119c224800 nmethod 2049 0x00007f118d6a9fd0 code [0x00007f118d6aa160, 0x00007f118d6aa538]
Event: 6,885 Thread 0x00007f119c222800 2050       4       sun.misc.URLClassPath$1::next (63 bytes)
Event: 6,886 Thread 0x00007f119c220800 2051       4       com.google.common.cache.LocalCache::usesValueReferences (16 bytes)
Event: 6,887 Thread 0x00007f119c220800 nmethod 2051 0x00007f118d591650 code [0x00007f118d5917a0, 0x00007f118d591818]
Event: 6,903 Thread 0x00007f119c220800 2052       4       javassist.bytecode.ConstPool::addItem (69 bytes)
Event: 6,922 Thread 0x00007f119c220800 nmethod 2052 0x00007f118d6b88d0 code [0x00007f118d6b8aa0, 0x00007f118d6b9228]
Event: 6,922 Thread 0x00007f119c224800 2054       3       java.lang.StringBuilder::append (8 bytes)
Event: 6,922 Thread 0x00007f119c220800 2053       4       java.net.URLStreamHandler::parseURL (1158 bytes)
Event: 6,923 Thread 0x00007f119c224800 nmethod 2054 0x00007f118d6bb450 code [0x00007f118d6bb5c0, 0x00007f118d6bb748]

GC Heap History (10 events):
Event: 2,613 GC heap after
Heap after GC invocations=4 (full 0):
 PSYoungGen      total 34304K, used 2560K [0x00000000ebb00000, 0x00000000edf00000, 0x0000000100000000)
  eden space 31744K, 0% used [0x00000000ebb00000,0x00000000ebb00000,0x00000000eda00000)
  from space 2560K, 100% used [0x00000000edc80000,0x00000000edf00000,0x00000000edf00000)
  to   space 2560K, 0% used [0x00000000eda00000,0x00000000eda00000,0x00000000edc80000)
 ParOldGen       total 42496K, used 9337K [0x00000000c3000000, 0x00000000c5980000, 0x00000000ebb00000)
  object space 42496K, 21% used [0x00000000c3000000,0x00000000c391e600,0x00000000c5980000)
 Metaspace       used 14362K, capacity 14544K, committed 14848K, reserved 1062912K
  class space    used 1864K, capacity 1944K, committed 2048K, reserved 1048576K
}
Event: 3,284 GC heap before
{Heap before GC invocations=5 (full 0):
 PSYoungGen      total 34304K, used 34304K [0x00000000ebb00000, 0x00000000edf00000, 0x0000000100000000)
  eden space 31744K, 100% used [0x00000000ebb00000,0x00000000eda00000,0x00000000eda00000)
  from space 2560K, 100% used [0x00000000edc80000,0x00000000edf00000,0x00000000edf00000)
  to   space 2560K, 0% used [0x00000000eda00000,0x00000000eda00000,0x00000000edc80000)
 ParOldGen       total 42496K, used 9337K [0x00000000c3000000, 0x00000000c5980000, 0x00000000ebb00000)
  object space 42496K, 21% used [0x00000000c3000000,0x00000000c391e600,0x00000000c5980000)
 Metaspace       used 14780K, capacity 14992K, committed 15104K, reserved 1062912K
  class space    used 1910K, capacity 1992K, committed 2048K, reserved 1048576K
Event: 3,308 GC heap after
Heap after GC invocations=5 (full 0):
 PSYoungGen      total 34304K, used 2560K [0x00000000ebb00000, 0x00000000f0700000, 0x0000000100000000)
  eden space 31744K, 0% used [0x00000000ebb00000,0x00000000ebb00000,0x00000000eda00000)
  from space 2560K, 100% used [0x00000000eda00000,0x00000000edc80000,0x00000000edc80000)
  to   space 7168K, 0% used [0x00000000f0000000,0x00000000f0000000,0x00000000f0700000)
 ParOldGen       total 42496K, used 12464K [0x00000000c3000000, 0x00000000c5980000, 0x00000000ebb00000)
  object space 42496K, 29% used [0x00000000c3000000,0x00000000c3c2c090,0x00000000c5980000)
 Metaspace       used 14780K, capacity 14992K, committed 15104K, reserved 1062912K
  class space    used 1910K, capacity 1992K, committed 2048K, reserved 1048576K
}
Event: 3,745 GC heap before
{Heap before GC invocations=6 (full 0):
 PSYoungGen      total 34304K, used 34304K [0x00000000ebb00000, 0x00000000f0700000, 0x0000000100000000)
  eden space 31744K, 100% used [0x00000000ebb00000,0x00000000eda00000,0x00000000eda00000)
  from space 2560K, 100% used [0x00000000eda00000,0x00000000edc80000,0x00000000edc80000)
  to   space 7168K, 0% used [0x00000000f0000000,0x00000000f0000000,0x00000000f0700000)
 ParOldGen       total 42496K, used 12464K [0x00000000c3000000, 0x00000000c5980000, 0x00000000ebb00000)
  object space 42496K, 29% used [0x00000000c3000000,0x00000000c3c2c090,0x00000000c5980000)
 Metaspace       used 14968K, capacity 15184K, committed 15360K, reserved 1062912K
  class space    used 1920K, capacity 1992K, committed 2048K, reserved 1048576K
Event: 3,769 GC heap after
Heap after GC invocations=6 (full 0):
 PSYoungGen      total 70656K, used 5488K [0x00000000ebb00000, 0x00000000f0700000, 0x0000000100000000)
  eden space 63488K, 0% used [0x00000000ebb00000,0x00000000ebb00000,0x00000000ef900000)
  from space 7168K, 76% used [0x00000000f0000000,0x00000000f055c010,0x00000000f0700000)
  to   space 7168K, 0% used [0x00000000ef900000,0x00000000ef900000,0x00000000f0000000)
 ParOldGen       total 42496K, used 12472K [0x00000000c3000000, 0x00000000c5980000, 0x00000000ebb00000)
  object space 42496K, 29% used [0x00000000c3000000,0x00000000c3c2e090,0x00000000c5980000)
 Metaspace       used 14968K, capacity 15184K, committed 15360K, reserved 1062912K
  class space    used 1920K, capacity 1992K, committed 2048K, reserved 1048576K
}
Event: 4,517 GC heap before
{Heap before GC invocations=7 (full 0):
 PSYoungGen      total 70656K, used 68976K [0x00000000ebb00000, 0x00000000f0700000, 0x0000000100000000)
  eden space 63488K, 100% used [0x00000000ebb00000,0x00000000ef900000,0x00000000ef900000)
  from space 7168K, 76% used [0x00000000f0000000,0x00000000f055c010,0x00000000f0700000)
  to   space 7168K, 0% used [0x00000000ef900000,0x00000000ef900000,0x00000000f0000000)
 ParOldGen       total 42496K, used 12472K [0x00000000c3000000, 0x00000000c5980000, 0x00000000ebb00000)
  object space 42496K, 29% used [0x00000000c3000000,0x00000000c3c2e090,0x00000000c5980000)
 Metaspace       used 15103K, capacity 15312K, committed 15616K, reserved 1062912K
  class space    used 1921K, capacity 1992K, committed 2048K, reserved 1048576K
Event: 4,553 GC heap after
Heap after GC invocations=7 (full 0):
 PSYoungGen      total 70656K, used 6602K [0x00000000ebb00000, 0x00000000f4600000, 0x0000000100000000)
  eden space 63488K, 0% used [0x00000000ebb00000,0x00000000ebb00000,0x00000000ef900000)
  from space 7168K, 92% used [0x00000000ef900000,0x00000000eff72820,0x00000000f0000000)
  to   space 7680K, 0% used [0x00000000f3e80000,0x00000000f3e80000,0x00000000f4600000)
 ParOldGen       total 42496K, used 13708K [0x00000000c3000000, 0x00000000c5980000, 0x00000000ebb00000)
  object space 42496K, 32% used [0x00000000c3000000,0x00000000c3d631d8,0x00000000c5980000)
 Metaspace       used 15103K, capacity 15312K, committed 15616K, reserved 1062912K
  class space    used 1921K, capacity 1992K, committed 2048K, reserved 1048576K
}
Event: 5,188 GC heap before
{Heap before GC invocations=8 (full 0):
 PSYoungGen      total 70656K, used 70090K [0x00000000ebb00000, 0x00000000f4600000, 0x0000000100000000)
  eden space 63488K, 100% used [0x00000000ebb00000,0x00000000ef900000,0x00000000ef900000)
  from space 7168K, 92% used [0x00000000ef900000,0x00000000eff72820,0x00000000f0000000)
  to   space 7680K, 0% used [0x00000000f3e80000,0x00000000f3e80000,0x00000000f4600000)
 ParOldGen       total 42496K, used 13708K [0x00000000c3000000, 0x00000000c5980000, 0x00000000ebb00000)
  object space 42496K, 32% used [0x00000000c3000000,0x00000000c3d631d8,0x00000000c5980000)
 Metaspace       used 15170K, capacity 15382K, committed 15616K, reserved 1062912K
  class space    used 1923K, capacity 1993K, committed 2048K, reserved 1048576K
Event: 5,214 GC heap after
Heap after GC invocations=8 (full 0):
 PSYoungGen      total 134656K, used 6112K [0x00000000ebb00000, 0x00000000f4600000, 0x0000000100000000)
  eden space 126976K, 0% used [0x00000000ebb00000,0x00000000ebb00000,0x00000000f3700000)
  from space 7680K, 79% used [0x00000000f3e80000,0x00000000f4478000,0x00000000f4600000)
  to   space 7680K, 0% used [0x00000000f3700000,0x00000000f3700000,0x00000000f3e80000)
 ParOldGen       total 42496K, used 14167K [0x00000000c3000000, 0x00000000c5980000, 0x00000000ebb00000)
  object space 42496K, 33% used [0x00000000c3000000,0x00000000c3dd5e80,0x00000000c5980000)
 Metaspace       used 15170K, capacity 15382K, committed 15616K, reserved 1062912K
  class space    used 1923K, capacity 1993K, committed 2048K, reserved 1048576K
}
Event: 6,928 GC heap before
{Heap before GC invocations=9 (full 0):
 PSYoungGen      total 134656K, used 133088K [0x00000000ebb00000, 0x00000000f4600000, 0x0000000100000000)
  eden space 126976K, 100% used [0x00000000ebb00000,0x00000000f3700000,0x00000000f3700000)
  from space 7680K, 79% used [0x00000000f3e80000,0x00000000f4478000,0x00000000f4600000)
  to   space 7680K, 0% used [0x00000000f3700000,0x00000000f3700000,0x00000000f3e80000)
 ParOldGen       total 42496K, used 14167K [0x00000000c3000000, 0x00000000c5980000, 0x00000000ebb00000)
  object space 42496K, 33% used [0x00000000c3000000,0x00000000c3dd5e80,0x00000000c5980000)
 Metaspace       used 15723K, capacity 16002K, committed 16256K, reserved 1062912K
  class space    used 1986K, capacity 2091K, committed 2176K, reserved 1048576K

Deoptimization events (10 events):
Event: 3,668 Thread 0x00007f119c00b800 Uncommon trap: reason=class_check action=maybe_recompile pc=0x00007f118d2cb9bc method=java.util.HashMap.putVal(ILjava/lang/Object;Ljava/lang/Object;ZZ)Ljava/lang/Object; @ 253
Event: 4,011 Thread 0x00007f119c00b800 Uncommon trap: reason=unloaded action=reinterpret pc=0x00007f118d322b18 method=javassist.bytecode.ConstPool.readOne(Ljava/io/DataInputStream;)I @ 300
Event: 4,154 Thread 0x00007f119c00b800 Uncommon trap: reason=unstable_if action=reinterpret pc=0x00007f118d2cb44c method=java.util.HashMap.putVal(ILjava/lang/Object;Ljava/lang/Object;ZZ)Ljava/lang/Object; @ 162
Event: 4,155 Thread 0x00007f119c00b800 Uncommon trap: reason=unstable_if action=reinterpret pc=0x00007f118d4410e0 method=java.util.HashMap.resize()[Ljava/util/HashMap$Node; @ 206
Event: 4,155 Thread 0x00007f119c00b800 Uncommon trap: reason=unstable_if action=reinterpret pc=0x00007f118d4b4a38 method=java.util.HashMap.getNode(ILjava/lang/Object;)Ljava/util/HashMap$Node; @ 84
Event: 4,155 Thread 0x00007f119c00b800 Uncommon trap: reason=unstable_if action=reinterpret pc=0x00007f118d3c7408 method=java.util.HashMap.putVal(ILjava/lang/Object;Ljava/lang/Object;ZZ)Ljava/lang/Object; @ 109
Event: 4,155 Thread 0x00007f119c00b800 Uncommon trap: reason=unstable_if action=reinterpret pc=0x00007f118d44037c method=java.util.HashMap.getNode(ILjava/lang/Object;)Ljava/util/HashMap$Node; @ 84
Event: 5,589 Thread 0x00007f119c00b800 Uncommon trap: reason=unstable_if action=reinterpret pc=0x00007f118d58174c method=javassist.bytecode.AttributeInfo.read(Ljavassist/bytecode/ConstPool;Ljava/io/DataInputStream;)Ljavassist/bytecode/AttributeInfo; @ 276
Event: 6,605 Thread 0x00007f119c00b800 Uncommon trap: reason=class_check action=maybe_recompile pc=0x00007f118d6407a4 method=java.util.HashMap.putVal(ILjava/lang/Object;Ljava/lang/Object;ZZ)Ljava/lang/Object; @ 203
Event: 6,605 Thread 0x00007f119c00b800 Uncommon trap: reason=class_check action=maybe_recompile pc=0x00007f118d6407a4 method=java.util.HashMap.putVal(ILjava/lang/Object;Ljava/lang/Object;ZZ)Ljava/lang/Object; @ 203

Internal exceptions (10 events):
Event: 2,093 Thread 0x00007f119c00b800 Exception <a 'java/lang/ClassNotFoundException': org/apache/log4j/PatternLayoutBeanInfo> (0x00000000ec64ec38) thrown at [/HUDSON/workspace/8-2-build-linux-amd64/jdk8u66/4988/hotspot/src/share/vm/classfile/systemDictionary.cpp, line 210]
Event: 2,094 Thread 0x00007f119c00b800 Exception <a 'java/lang/ClassNotFoundException': org/apache/log4j/LayoutBeanInfo> (0x00000000ec659728) thrown at [/HUDSON/workspace/8-2-build-linux-amd64/jdk8u66/4988/hotspot/src/share/vm/classfile/systemDictionary.cpp, line 210]
Event: 2,094 Thread 0x00007f119c00b800 Exception <a 'java/lang/ClassNotFoundException': java/lang/ObjectBeanInfo> (0x00000000ec65e818) thrown at [/HUDSON/workspace/8-2-build-linux-amd64/jdk8u66/4988/hotspot/src/share/vm/classfile/systemDictionary.cpp, line 210]
Event: 2,095 Thread 0x00007f119c00b800 Exception <a 'java/lang/ClassNotFoundException': java/lang/ObjectCustomizer> (0x00000000ec663a98) thrown at [/HUDSON/workspace/8-2-build-linux-amd64/jdk8u66/4988/hotspot/src/share/vm/classfile/systemDictionary.cpp, line 210]
Event: 2,098 Thread 0x00007f119c00b800 Exception <a 'java/lang/ArrayIndexOutOfBoundsException': 18> (0x00000000ec665ca8) thrown at [/HUDSON/workspace/8-2-build-linux-amd64/jdk8u66/4988/hotspot/src/share/vm/interpreter/interpreterRuntime.cpp, line 366]
Event: 2,100 Thread 0x00007f119c00b800 Exception <a 'java/lang/ArrayIndexOutOfBoundsException': 22> (0x00000000ec669058) thrown at [/HUDSON/workspace/8-2-build-linux-amd64/jdk8u66/4988/hotspot/src/share/vm/interpreter/interpreterRuntime.cpp, line 366]
Event: 2,103 Thread 0x00007f119c00b800 Exception <a 'java/lang/ArrayIndexOutOfBoundsException'> (0x00000000ec66b430) thrown at [/HUDSON/workspace/8-2-build-linux-amd64/jdk8u66/4988/hotspot/src/share/vm/runtime/sharedRuntime.cpp, line 605]
Event: 2,107 Thread 0x00007f119c00b800 Exception <a 'java/lang/ClassNotFoundException': org/apache/log4j/LayoutCustomizer> (0x00000000ec678798) thrown at [/HUDSON/workspace/8-2-build-linux-amd64/jdk8u66/4988/hotspot/src/share/vm/classfile/systemDictionary.cpp, line 210]
Event: 2,110 Thread 0x00007f119c00b800 Exception <a 'java/lang/ClassNotFoundException': org/apache/log4j/PatternLayoutCustomizer> (0x00000000ec696af8) thrown at [/HUDSON/workspace/8-2-build-linux-amd64/jdk8u66/4988/hotspot/src/share/vm/classfile/systemDictionary.cpp, line 210]
Event: 2,119 Thread 0x00007f119c00b800 Implicit null exception at 0x00007f118d1ac3f5 to 0x00007f118d1ac735

Events (10 events):
Event: 6,670 loading class java/beans/PropertyChangeSupport$PropertyChangeListenerMap done
Event: 6,670 loading class java/beans/PropertyChangeListenerProxy
Event: 6,686 loading class java/util/EventListenerProxy
Event: 6,686 loading class java/util/EventListenerProxy done
Event: 6,686 loading class java/beans/PropertyChangeListenerProxy done
Event: 6,686 loading class java/beans/PropertyChangeEvent
Event: 6,686 loading class java/util/EventObject
Event: 6,689 loading class java/util/EventObject done
Event: 6,689 loading class java/beans/PropertyChangeEvent done
Event: 6,927 Executing VM operation: ParallelGCFailedAllocation


Dynamic libraries:
00400000-00401000 r-xp 00000000 08:05 806533                             /usr/lib/jvm/java-8-oracle/bin/java
00600000-00601000 rw-p 00000000 08:05 806533                             /usr/lib/jvm/java-8-oracle/bin/java
00ce4000-00d05000 rw-p 00000000 00:00 0                                  [heap]
c3000000-c5980000 rw-p 00000000 00:00 0 
c5980000-ebb00000 ---p 00000000 00:00 0 
ebb00000-f4600000 rw-p 00000000 00:00 0 
f9580000-100000000 ---p 00000000 00:00 0 
100000000-100220000 rw-p 00000000 00:00 0 
100220000-140000000 ---p 00000000 00:00 0 
7f113c000000-7f113c022000 rw-p 00000000 00:00 0 
7f113c022000-7f1140000000 ---p 00000000 00:00 0 
7f1144000000-7f1144021000 rw-p 00000000 00:00 0 
7f1144021000-7f1148000000 ---p 00000000 00:00 0 
7f114a7e2000-7f114a7e3000 rw-p 00000000 00:00 0 
7f114a7e3000-7f114a7f5000 r--s 00345000 08:05 807759                     /usr/lib/jvm/java-8-oracle/jre/lib/resources.jar
7f114a7f5000-7f114a9b5000 rw-p 00000000 00:00 0 
7f114a9b5000-7f114a9f5000 ---p 00000000 00:00 0 
7f114a9f5000-7f114abf5000 rw-p 00000000 00:00 0 
7f114abf5000-7f114ac47000 r--p 00000000 08:05 5522                       /usr/share/fonts/truetype/dejavu/DejaVuSansMono.ttf
7f114ac47000-7f114ac9e000 r--p 00000000 08:05 133210                     /usr/share/fonts/truetype/ubuntu-font-family/Ubuntu-R.ttf
7f114ac9e000-7f114ac9f000 r--s 00000000 08:05 289549                     /var/cache/fontconfig/c05880de57d1f5e948fdfacc138775d9-le64.cache-4
7f114ac9f000-7f114acaa000 r--s 00000000 08:05 289543                     /var/cache/fontconfig/945677eb7aeaf62f1d50efc3fb3ec7d8-le64.cache-4
7f114acaa000-7f114acac000 r--s 00000000 08:05 292932                     /var/cache/fontconfig/99e8ed0e538f840c565b6ed5dad60d56-le64.cache-4
7f114acac000-7f114acb5000 r--s 00000000 08:05 292931                     /var/cache/fontconfig/a6d8cf8e4ec09cdbc8633c31745a07dd-le64.cache-4
7f114acb5000-7f114acbb000 r--s 00000000 08:05 289529                     /var/cache/fontconfig/2cd17615ca594fa2959ae173292e504c-le64.cache-4
7f114acbb000-7f114acbc000 r--s 00000000 08:05 289559                     /var/cache/fontconfig/e7071f4a29fa870f4323321c154eba04-le64.cache-4
7f114acbc000-7f114acbd000 r--s 00000000 08:05 289526                     /var/cache/fontconfig/0d8c3b2ac0904cb8a57a757ad11a4a08-le64.cache-4
7f114acbd000-7f114acc4000 r--s 00000000 08:05 289546                     /var/cache/fontconfig/a755afe4a08bf5b97852ceb7400b47bc-le64.cache-4
7f114acc4000-7f114acd8000 r--s 00000000 08:05 289524                     /var/cache/fontconfig/04aabc0a78ac019cf9454389977116d2-le64.cache-4
7f114acd8000-7f114acd9000 r--s 00000000 08:05 289528                     /var/cache/fontconfig/1ac9eb803944fde146138c791f5cc56a-le64.cache-4
7f114acd9000-7f114acdd000 r--s 00000000 08:05 289532                     /var/cache/fontconfig/385c0604a188198f04d133e54aba7fe7-le64.cache-4
7f114acdd000-7f114acde000 r--s 00000000 08:05 289556                     /var/cache/fontconfig/dc05db6664285cc2f12bf69c139ae4c3-le64.cache-4
7f114acde000-7f114ace0000 r--s 00000000 08:05 289540                     /var/cache/fontconfig/767a8244fc0220cfb567a839d0392e0b-le64.cache-4
7f114ace0000-7f114ace1000 r--s 00000000 08:05 286442                     /var/cache/fontconfig/4794a0821666d79190d59a36cb4f44b5-le64.cache-4
7f114ace1000-7f114ace6000 r--s 00000000 08:05 289542                     /var/cache/fontconfig/8801497958630a81b71ace7c5f9b32a8-le64.cache-4
7f114ace6000-7f114ad21000 r--s 00000000 08:05 289941                     /var/cache/fontconfig/365b55f210c0a22e9a19e35191240f32-le64.cache-4
7f114ad21000-7f114ad28000 r--s 00000000 08:05 289530                     /var/cache/fontconfig/3047814df9a2f067bd2d96a2b9c36e5a-le64.cache-4
7f114ad28000-7f114ad29000 r--s 00000000 08:05 289536                     /var/cache/fontconfig/56cf4f4769d0f4abc89a4895d7bd3ae1-le64.cache-4
7f114ad29000-7f114ad2f000 r--s 00000000 08:05 289547                     /var/cache/fontconfig/b47c4e1ecd0709278f4910c18777a504-le64.cache-4
7f114ad2f000-7f114ad38000 r--s 00000000 08:05 290072                     /var/cache/fontconfig/52f7bdb7ce746bfd7eaa1985bd9cfa93-le64.cache-4
7f114ad38000-7f114ad4b000 r--s 00000000 08:05 289553                     /var/cache/fontconfig/d52a8644073d54c13679302ca1180695-le64.cache-4
7f114ad4b000-7f114ad56000 r--s 00000000 08:05 290642                     /var/cache/fontconfig/d589a48862398ed80a3d6066f4f56f4c-le64.cache-4
7f114ad56000-7f114ad69000 r--s 00000000 08:05 292602                     /var/cache/fontconfig/4ac51e5cfbc76fc3f983e470323a16d3-le64.cache-4
7f114ad69000-7f114ad6a000 ---p 00000000 00:00 0 
7f114ad6a000-7f114b56a000 rw-p 00000000 00:00 0                          [stack:7080]
7f114b56a000-7f114b56b000 ---p 00000000 00:00 0 
7f114b56b000-7f114bd6b000 rw-p 00000000 00:00 0                          [stack:7079]
7f114bd6b000-7f114bd76000 r-xp 00000000 08:05 1047922                    /usr/lib/x86_64-linux-gnu/gio/modules/libdconfsettings.so
7f114bd76000-7f114bf76000 ---p 0000b000 08:05 1047922                    /usr/lib/x86_64-linux-gnu/gio/modules/libdconfsettings.so
7f114bf76000-7f114bf77000 r--p 0000b000 08:05 1047922                    /usr/lib/x86_64-linux-gnu/gio/modules/libdconfsettings.so
7f114bf77000-7f114bf78000 rw-p 0000c000 08:05 1047922                    /usr/lib/x86_64-linux-gnu/gio/modules/libdconfsettings.so
7f114bf78000-7f114bfb8000 r--p 00000000 08:05 1046756                    /usr/share/glib-2.0/schemas/gschemas.compiled
7f114bfb8000-7f114bfbf000 r-xp 00000000 08:05 922569                     /usr/lib/x86_64-linux-gnu/libogg.so.0.8.1
7f114bfbf000-7f114c1bf000 ---p 00007000 08:05 922569                     /usr/lib/x86_64-linux-gnu/libogg.so.0.8.1
7f114c1bf000-7f114c1c0000 r--p 00007000 08:05 922569                     /usr/lib/x86_64-linux-gnu/libogg.so.0.8.1
7f114c1c0000-7f114c1c1000 rw-p 00008000 08:05 922569                     /usr/lib/x86_64-linux-gnu/libogg.so.0.8.1
7f114c1c1000-7f114c1ed000 r-xp 00000000 08:05 922843                     /usr/lib/x86_64-linux-gnu/libvorbis.so.0.4.5
7f114c1ed000-7f114c3ec000 ---p 0002c000 08:05 922843                     /usr/lib/x86_64-linux-gnu/libvorbis.so.0.4.5
7f114c3ec000-7f114c3ed000 r--p 0002b000 08:05 922843                     /usr/lib/x86_64-linux-gnu/libvorbis.so.0.4.5
7f114c3ed000-7f114c3ee000 rw-p 0002c000 08:05 922843                     /usr/lib/x86_64-linux-gnu/libvorbis.so.0.4.5
7f114c3ee000-7f114c3f7000 r-xp 00000000 08:05 922475                     /usr/lib/x86_64-linux-gnu/libltdl.so.7.3.0
7f114c3f7000-7f114c5f6000 ---p 00009000 08:05 922475                     /usr/lib/x86_64-linux-gnu/libltdl.so.7.3.0
7f114c5f6000-7f114c5f7000 r--p 00008000 08:05 922475                     /usr/lib/x86_64-linux-gnu/libltdl.so.7.3.0
7f114c5f7000-7f114c5f8000 rw-p 00009000 08:05 922475                     /usr/lib/x86_64-linux-gnu/libltdl.so.7.3.0
7f114c5f8000-7f114c609000 r-xp 00000000 08:05 922764                     /usr/lib/x86_64-linux-gnu/libtdb.so.1.2.12
7f114c609000-7f114c808000 ---p 00011000 08:05 922764                     /usr/lib/x86_64-linux-gnu/libtdb.so.1.2.12
7f114c808000-7f114c809000 r--p 00010000 08:05 922764                     /usr/lib/x86_64-linux-gnu/libtdb.so.1.2.12
7f114c809000-7f114c80a000 rw-p 00011000 08:05 922764                     /usr/lib/x86_64-linux-gnu/libtdb.so.1.2.12
7f114c80a000-7f114c811000 r-xp 00000000 08:05 922847                     /usr/lib/x86_64-linux-gnu/libvorbisfile.so.3.3.4
7f114c811000-7f114ca10000 ---p 00007000 08:05 922847                     /usr/lib/x86_64-linux-gnu/libvorbisfile.so.3.3.4
7f114ca10000-7f114ca11000 r--p 00006000 08:05 922847                     /usr/lib/x86_64-linux-gnu/libvorbisfile.so.3.3.4
7f114ca11000-7f114ca12000 rw-p 00007000 08:05 922847                     /usr/lib/x86_64-linux-gnu/libvorbisfile.so.3.3.4
7f114ca12000-7f114ca21000 r-xp 00000000 08:05 921989                     /usr/lib/x86_64-linux-gnu/libcanberra.so.0.2.5
7f114ca21000-7f114cc20000 ---p 0000f000 08:05 921989                     /usr/lib/x86_64-linux-gnu/libcanberra.so.0.2.5
7f114cc20000-7f114cc21000 r--p 0000e000 08:05 921989                     /usr/lib/x86_64-linux-gnu/libcanberra.so.0.2.5
7f114cc21000-7f114cc22000 rw-p 0000f000 08:05 921989                     /usr/lib/x86_64-linux-gnu/libcanberra.so.0.2.5
7f114cc22000-7f114cc26000 r-xp 00000000 08:05 921985                     /usr/lib/x86_64-linux-gnu/libcanberra-gtk.so.0.1.9
7f114cc26000-7f114ce25000 ---p 00004000 08:05 921985                     /usr/lib/x86_64-linux-gnu/libcanberra-gtk.so.0.1.9
7f114ce25000-7f114ce26000 r--p 00003000 08:05 921985                     /usr/lib/x86_64-linux-gnu/libcanberra-gtk.so.0.1.9
7f114ce26000-7f114ce27000 rw-p 00004000 08:05 921985                     /usr/lib/x86_64-linux-gnu/libcanberra-gtk.so.0.1.9
7f114ce27000-7f114ce2c000 r-xp 00000000 08:05 1048177                    /usr/lib/x86_64-linux-gnu/gtk-2.0/modules/libcanberra-gtk-module.so
7f114ce2c000-7f114d02b000 ---p 00005000 08:05 1048177                    /usr/lib/x86_64-linux-gnu/gtk-2.0/modules/libcanberra-gtk-module.so
7f114d02b000-7f114d02c000 r--p 00004000 08:05 1048177                    /usr/lib/x86_64-linux-gnu/gtk-2.0/modules/libcanberra-gtk-module.so
7f114d02c000-7f114d02d000 rw-p 00005000 08:05 1048177                    /usr/lib/x86_64-linux-gnu/gtk-2.0/modules/libcanberra-gtk-module.so
7f114d02d000-7f114d05c000 r-xp 00000000 08:05 1048159                    /usr/lib/x86_64-linux-gnu/gtk-2.0/2.10.0/engines/libmurrine.so
7f114d05c000-7f114d25c000 ---p 0002f000 08:05 1048159                    /usr/lib/x86_64-linux-gnu/gtk-2.0/2.10.0/engines/libmurrine.so
7f114d25c000-7f114d25d000 r--p 0002f000 08:05 1048159                    /usr/lib/x86_64-linux-gnu/gtk-2.0/2.10.0/engines/libmurrine.so
7f114d25d000-7f114d25e000 rw-p 00030000 08:05 1048159                    /usr/lib/x86_64-linux-gnu/gtk-2.0/2.10.0/engines/libmurrine.so
7f114d25e000-7f114d26e000 r-xp 00000000 08:05 922813                     /usr/lib/x86_64-linux-gnu/libunity-gtk2-parser.so.0.0.0
7f114d26e000-7f114d46d000 ---p 00010000 08:05 922813                     /usr/lib/x86_64-linux-gnu/libunity-gtk2-parser.so.0.0.0
7f114d46d000-7f114d46e000 r--p 0000f000 08:05 922813                     /usr/lib/x86_64-linux-gnu/libunity-gtk2-parser.so.0.0.0
7f114d46e000-7f114d46f000 rw-p 00010000 08:05 922813                     /usr/lib/x86_64-linux-gnu/libunity-gtk2-parser.so.0.0.0
7f114d46f000-7f114d470000 r--s 00000000 08:05 289548                     /var/cache/fontconfig/b9d506c9ac06c20b433354fa67a72993-le64.cache-4
7f114d470000-7f114d479000 r--s 00000000 08:05 289533                     /var/cache/fontconfig/3f7329c5293ffd510edef78f73874cfd-le64.cache-4
7f114d479000-7f114d486000 r--s 00000000 08:05 290135                     /var/cache/fontconfig/e13b20fdb08344e0e664864cc2ede53d-le64.cache-4
7f114d486000-7f114d48a000 r--s 00000000 08:05 289937                     /var/cache/fontconfig/7ef2298fde41cc6eeb7af42e48b7d293-le64.cache-4
7f114d48a000-7f114d48f000 r--p 00000000 08:05 937459                     /home/chibi/.config/dconf/user
7f114d48f000-7f114d494000 r-xp 00000000 08:05 1048181                    /usr/lib/x86_64-linux-gnu/gtk-2.0/modules/libunity-gtk-module.so
7f114d494000-7f114d693000 ---p 00005000 08:05 1048181                    /usr/lib/x86_64-linux-gnu/gtk-2.0/modules/libunity-gtk-module.so
7f114d693000-7f114d694000 r--p 00004000 08:05 1048181                    /usr/lib/x86_64-linux-gnu/gtk-2.0/modules/libunity-gtk-module.so
7f114d694000-7f114d695000 rw-p 00005000 08:05 1048181                    /usr/lib/x86_64-linux-gnu/gtk-2.0/modules/libunity-gtk-module.so
7f114d695000-7f114d6a6000 r-xp 00000000 08:05 1048180                    /usr/lib/x86_64-linux-gnu/gtk-2.0/modules/liboverlay-scrollbar.so
7f114d6a6000-7f114d8a5000 ---p 00011000 08:05 1048180                    /usr/lib/x86_64-linux-gnu/gtk-2.0/modules/liboverlay-scrollbar.so
7f114d8a5000-7f114d8a6000 r--p 00010000 08:05 1048180                    /usr/lib/x86_64-linux-gnu/gtk-2.0/modules/liboverlay-scrollbar.so
7f114d8a6000-7f114d8a7000 rw-p 00011000 08:05 1048180                    /usr/lib/x86_64-linux-gnu/gtk-2.0/modules/liboverlay-scrollbar.so
7f114d8a7000-7f114d8d1000 r--p 00000000 08:05 168338                     /usr/share/locale-langpack/es/LC_MESSAGES/gtk20-properties.mo
7f114d8d1000-7f114d8f7000 r--p 00000000 08:05 168395                     /usr/share/locale-langpack/es/LC_MESSAGES/libc.mo
7f114d8f7000-7f114d8fd000 r-xp 00000000 08:05 922053                     /usr/lib/x86_64-linux-gnu/libdatrie.so.1.3.1
7f114d8fd000-7f114dafc000 ---p 00006000 08:05 922053                     /usr/lib/x86_64-linux-gnu/libdatrie.so.1.3.1
7f114dafc000-7f114dafd000 r--p 00005000 08:05 922053                     /usr/lib/x86_64-linux-gnu/libdatrie.so.1.3.1
7f114dafd000-7f114dafe000 rw-p 00006000 08:05 922053                     /usr/lib/x86_64-linux-gnu/libdatrie.so.1.3.1
7f114dafe000-7f114db18000 r-xp 00000000 08:05 922279                     /usr/lib/x86_64-linux-gnu/libgraphite2.so.3.0.1
7f114db18000-7f114dd17000 ---p 0001a000 08:05 922279                     /usr/lib/x86_64-linux-gnu/libgraphite2.so.3.0.1
7f114dd17000-7f114dd19000 r--p 00019000 08:05 922279                     /usr/lib/x86_64-linux-gnu/libgraphite2.so.3.0.1
7f114dd19000-7f114dd1a000 rw-p 0001b000 08:05 922279                     /usr/lib/x86_64-linux-gnu/libgraphite2.so.3.0.1
7f114dd1a000-7f114dd1f000 r-xp 00000000 08:05 921861                     /usr/lib/x86_64-linux-gnu/libXdmcp.so.6.0.0
7f114dd1f000-7f114df1e000 ---p 00005000 08:05 921861                     /usr/lib/x86_64-linux-gnu/libXdmcp.so.6.0.0
7f114df1e000-7f114df1f000 r--p 00004000 08:05 921861                     /usr/lib/x86_64-linux-gnu/libXdmcp.so.6.0.0
7f114df1f000-7f114df20000 rw-p 00005000 08:05 921861                     /usr/lib/x86_64-linux-gnu/libXdmcp.so.6.0.0
7f114df20000-7f114df22000 r-xp 00000000 08:05 921850                     /usr/lib/x86_64-linux-gnu/libXau.so.6.0.0
7f114df22000-7f114e122000 ---p 00002000 08:05 921850                     /usr/lib/x86_64-linux-gnu/libXau.so.6.0.0
7f114e122000-7f114e123000 r--p 00002000 08:05 921850                     /usr/lib/x86_64-linux-gnu/libXau.so.6.0.0
7f114e123000-7f114e124000 rw-p 00003000 08:05 921850                     /usr/lib/x86_64-linux-gnu/libXau.so.6.0.0
7f114e124000-7f114e161000 r-xp 00000000 08:05 657801                     /lib/x86_64-linux-gnu/libpcre.so.3.13.1
7f114e161000-7f114e360000 ---p 0003d000 08:05 657801                     /lib/x86_64-linux-gnu/libpcre.so.3.13.1
7f114e360000-7f114e361000 r--p 0003c000 08:05 657801                     /lib/x86_64-linux-gnu/libpcre.so.3.13.1
7f114e361000-7f114e362000 rw-p 0003d000 08:05 657801                     /lib/x86_64-linux-gnu/libpcre.so.3.13.1
7f114e362000-7f114e369000 r-xp 00000000 08:05 921603                     /usr/lib/x86_64-linux-gnu/libffi.so.6.0.1
7f114e369000-7f114e568000 ---p 00007000 08:05 921603                     /usr/lib/x86_64-linux-gnu/libffi.so.6.0.1
7f114e568000-7f114e569000 r--p 00006000 08:05 921603                     /usr/lib/x86_64-linux-gnu/libffi.so.6.0.1
7f114e569000-7f114e56a000 rw-p 00007000 08:05 921603                     /usr/lib/x86_64-linux-gnu/libffi.so.6.0.1
7f114e56a000-7f114e591000 r-xp 00000000 08:05 652811                     /lib/x86_64-linux-gnu/libexpat.so.1.6.0
7f114e591000-7f114e791000 ---p 00027000 08:05 652811                     /lib/x86_64-linux-gnu/libexpat.so.1.6.0
7f114e791000-7f114e793000 r--p 00027000 08:05 652811                     /lib/x86_64-linux-gnu/libexpat.so.1.6.0
7f114e793000-7f114e794000 rw-p 00029000 08:05 652811                     /lib/x86_64-linux-gnu/libexpat.so.1.6.0
7f114e794000-7f114e79c000 r-xp 00000000 08:05 922776                     /usr/lib/x86_64-linux-gnu/libthai.so.0.2.0
7f114e79c000-7f114e99b000 ---p 00008000 08:05 922776                     /usr/lib/x86_64-linux-gnu/libthai.so.0.2.0
7f114e99b000-7f114e99c000 r--p 00007000 08:05 922776                     /usr/lib/x86_64-linux-gnu/libthai.so.0.2.0
7f114e99c000-7f114e99d000 rw-p 00008000 08:05 922776                     /usr/lib/x86_64-linux-gnu/libthai.so.0.2.0
7f114e99d000-7f114e9f0000 r-xp 00000000 08:05 922392                     /usr/lib/x86_64-linux-gnu/libharfbuzz.so.0.927.0
7f114e9f0000-7f114ebf0000 ---p 00053000 08:05 922392                     /usr/lib/x86_64-linux-gnu/libharfbuzz.so.0.927.0
7f114ebf0000-7f114ebf1000 r--p 00053000 08:05 922392                     /usr/lib/x86_64-linux-gnu/libharfbuzz.so.0.927.0
7f114ebf1000-7f114ebf2000 rw-p 00054000 08:05 922392                     /usr/lib/x86_64-linux-gnu/libharfbuzz.so.0.927.0
7f114ebf2000-7f114ec09000 r-xp 00000000 08:05 657824                     /lib/x86_64-linux-gnu/libresolv-2.19.so
7f114ec09000-7f114ee09000 ---p 00017000 08:05 657824                     /lib/x86_64-linux-gnu/libresolv-2.19.so
7f114ee09000-7f114ee0a000 r--p 00017000 08:05 657824                     /lib/x86_64-linux-gnu/libresolv-2.19.so
7f114ee0a000-7f114ee0b000 rw-p 00018000 08:05 657824                     /lib/x86_64-linux-gnu/libresolv-2.19.so
7f114ee0b000-7f114ee0d000 rw-p 00000000 00:00 0 
7f114ee0d000-7f114ee2d000 r-xp 00000000 08:05 657828                     /lib/x86_64-linux-gnu/libselinux.so.1
7f114ee2d000-7f114f02c000 ---p 00020000 08:05 657828                     /lib/x86_64-linux-gnu/libselinux.so.1
7f114f02c000-7f114f02d000 r--p 0001f000 08:05 657828                     /lib/x86_64-linux-gnu/libselinux.so.1
7f114f02d000-7f114f02e000 rw-p 00020000 08:05 657828                     /lib/x86_64-linux-gnu/libselinux.so.1
7f114f02e000-7f114f030000 rw-p 00000000 00:00 0 
7f114f030000-7f114f048000 r-xp 00000000 08:05 657861                     /lib/x86_64-linux-gnu/libz.so.1.2.8
7f114f048000-7f114f247000 ---p 00018000 08:05 657861                     /lib/x86_64-linux-gnu/libz.so.1.2.8
7f114f247000-7f114f248000 r--p 00017000 08:05 657861                     /lib/x86_64-linux-gnu/libz.so.1.2.8
7f114f248000-7f114f249000 rw-p 00018000 08:05 657861                     /lib/x86_64-linux-gnu/libz.so.1.2.8
7f114f249000-7f114f251000 r-xp 00000000 08:05 922902                     /usr/lib/x86_64-linux-gnu/libxcb-render.so.0.0.0
7f114f251000-7f114f450000 ---p 00008000 08:05 922902                     /usr/lib/x86_64-linux-gnu/libxcb-render.so.0.0.0
7f114f450000-7f114f451000 r--p 00007000 08:05 922902                     /usr/lib/x86_64-linux-gnu/libxcb-render.so.0.0.0
7f114f451000-7f114f452000 rw-p 00008000 08:05 922902                     /usr/lib/x86_64-linux-gnu/libxcb-render.so.0.0.0
7f114f452000-7f114f454000 r-xp 00000000 08:05 922906                     /usr/lib/x86_64-linux-gnu/libxcb-shm.so.0.0.0
7f114f454000-7f114f653000 ---p 00002000 08:05 922906                     /usr/lib/x86_64-linux-gnu/libxcb-shm.so.0.0.0
7f114f653000-7f114f654000 r--p 00001000 08:05 922906                     /usr/lib/x86_64-linux-gnu/libxcb-shm.so.0.0.0
7f114f654000-7f114f655000 rw-p 00002000 08:05 922906                     /usr/lib/x86_64-linux-gnu/libxcb-shm.so.0.0.0
7f114f655000-7f114f67a000 r-xp 00000000 08:05 654139                     /lib/x86_64-linux-gnu/libpng12.so.0.50.0
7f114f67a000-7f114f879000 ---p 00025000 08:05 654139                     /lib/x86_64-linux-gnu/libpng12.so.0.50.0
7f114f879000-7f114f87a000 r--p 00024000 08:05 654139                     /lib/x86_64-linux-gnu/libpng12.so.0.50.0
7f114f87a000-7f114f87b000 rw-p 00025000 08:05 654139                     /lib/x86_64-linux-gnu/libpng12.so.0.50.0
7f114f87b000-7f114f91c000 r-xp 00000000 08:05 922608                     /usr/lib/x86_64-linux-gnu/libpixman-1.so.0.30.2
7f114f91c000-7f114fb1c000 ---p 000a1000 08:05 922608                     /usr/lib/x86_64-linux-gnu/libpixman-1.so.0.30.2
7f114fb1c000-7f114fb23000 r--p 000a1000 08:05 922608                     /usr/lib/x86_64-linux-gnu/libpixman-1.so.0.30.2
7f114fb23000-7f114fb24000 rw-p 000a8000 08:05 922608                     /usr/lib/x86_64-linux-gnu/libpixman-1.so.0.30.2
7f114fb24000-7f114fb41000 r-xp 00000000 08:05 922916                     /usr/lib/x86_64-linux-gnu/libxcb.so.1.1.0
7f114fb41000-7f114fd41000 ---p 0001d000 08:05 922916                     /usr/lib/x86_64-linux-gnu/libxcb.so.1.1.0
7f114fd41000-7f114fd42000 r--p 0001d000 08:05 922916                     /usr/lib/x86_64-linux-gnu/libxcb.so.1.1.0
7f114fd42000-7f114fd43000 rw-p 0001e000 08:05 922916                     /usr/lib/x86_64-linux-gnu/libxcb.so.1.1.0
7f114fd43000-7f114fde0000 r-xp 00000000 08:05 921217                     /usr/lib/x86_64-linux-gnu/libfreetype.so.6.11.1
7f114fde0000-7f114ffdf000 ---p 0009d000 08:05 921217                     /usr/lib/x86_64-linux-gnu/libfreetype.so.6.11.1
7f114ffdf000-7f114ffe5000 r--p 0009c000 08:05 921217                     /usr/lib/x86_64-linux-gnu/libfreetype.so.6.11.1
7f114ffe5000-7f114ffe6000 rw-p 000a2000 08:05 921217                     /usr/lib/x86_64-linux-gnu/libfreetype.so.6.11.1
7f114ffe6000-7f114ffe8000 r-xp 00000000 08:05 921859                     /usr/lib/x86_64-linux-gnu/libXdamage.so.1.1.0
7f114ffe8000-7f11501e7000 ---p 00002000 08:05 921859                     /usr/lib/x86_64-linux-gnu/libXdamage.so.1.1.0
7f11501e7000-7f11501e8000 r--p 00001000 08:05 921859                     /usr/lib/x86_64-linux-gnu/libXdamage.so.1.1.0
7f11501e8000-7f11501e9000 rw-p 00002000 08:05 921859                     /usr/lib/x86_64-linux-gnu/libXdamage.so.1.1.0
7f11501e9000-7f11501eb000 r-xp 00000000 08:05 921855                     /usr/lib/x86_64-linux-gnu/libXcomposite.so.1.0.0
7f11501eb000-7f11503ea000 ---p 00002000 08:05 921855                     /usr/lib/x86_64-linux-gnu/libXcomposite.so.1.0.0
7f11503ea000-7f11503eb000 r--p 00001000 08:05 921855                     /usr/lib/x86_64-linux-gnu/libXcomposite.so.1.0.0
7f11503eb000-7f11503ec000 rw-p 00002000 08:05 921855                     /usr/lib/x86_64-linux-gnu/libXcomposite.so.1.0.0
7f11503ec000-7f11503f5000 r-xp 00000000 08:05 921857                     /usr/lib/x86_64-linux-gnu/libXcursor.so.1.0.2
7f11503f5000-7f11505f4000 ---p 00009000 08:05 921857                     /usr/lib/x86_64-linux-gnu/libXcursor.so.1.0.2
7f11505f4000-7f11505f5000 r--p 00008000 08:05 921857                     /usr/lib/x86_64-linux-gnu/libXcursor.so.1.0.2
7f11505f5000-7f11505f6000 rw-p 00009000 08:05 921857                     /usr/lib/x86_64-linux-gnu/libXcursor.so.1.0.2
7f11505f6000-7f11505ff000 r-xp 00000000 08:05 921883                     /usr/lib/x86_64-linux-gnu/libXrandr.so.2.2.0
7f11505ff000-7f11507fe000 ---p 00009000 08:05 921883                     /usr/lib/x86_64-linux-gnu/libXrandr.so.2.2.0
7f11507fe000-7f11507ff000 r--p 00008000 08:05 921883                     /usr/lib/x86_64-linux-gnu/libXrandr.so.2.2.0
7f11507ff000-7f1150800000 rw-p 00009000 08:05 921883                     /usr/lib/x86_64-linux-gnu/libXrandr.so.2.2.0
7f1150800000-7f115080f000 r-xp 00000000 08:05 921871                     /usr/lib/x86_64-linux-gnu/libXi.so.6.1.0
7f115080f000-7f1150a0e000 ---p 0000f000 08:05 921871                     /usr/lib/x86_64-linux-gnu/libXi.so.6.1.0
7f1150a0e000-7f1150a0f000 r--p 0000e000 08:05 921871                     /usr/lib/x86_64-linux-gnu/libXi.so.6.1.0
7f1150a0f000-7f1150a10000 rw-p 0000f000 08:05 921871                     /usr/lib/x86_64-linux-gnu/libXi.so.6.1.0
7f1150a10000-7f1150a12000 r-xp 00000000 08:05 921873                     /usr/lib/x86_64-linux-gnu/libXinerama.so.1.0.0
7f1150a12000-7f1150c11000 ---p 00002000 08:05 921873                     /usr/lib/x86_64-linux-gnu/libXinerama.so.1.0.0
7f1150c11000-7f1150c12000 r--p 00001000 08:05 921873                     /usr/lib/x86_64-linux-gnu/libXinerama.so.1.0.0
7f1150c12000-7f1150c13000 rw-p 00002000 08:05 921873                     /usr/lib/x86_64-linux-gnu/libXinerama.so.1.0.0
7f1150c13000-7f1150c1c000 r-xp 00000000 08:05 921885                     /usr/lib/x86_64-linux-gnu/libXrender.so.1.3.0
7f1150c1c000-7f1150e1b000 ---p 00009000 08:05 921885                     /usr/lib/x86_64-linux-gnu/libXrender.so.1.3.0
7f1150e1b000-7f1150e1c000 r--p 00008000 08:05 921885                     /usr/lib/x86_64-linux-gnu/libXrender.so.1.3.0
7f1150e1c000-7f1150e1d000 rw-p 00009000 08:05 921885                     /usr/lib/x86_64-linux-gnu/libXrender.so.1.3.0
7f1150e1d000-7f1150e2e000 r-xp 00000000 08:05 921863                     /usr/lib/x86_64-linux-gnu/libXext.so.6.4.0
7f1150e2e000-7f115102d000 ---p 00011000 08:05 921863                     /usr/lib/x86_64-linux-gnu/libXext.so.6.4.0
7f115102d000-7f115102e000 r--p 00010000 08:05 921863                     /usr/lib/x86_64-linux-gnu/libXext.so.6.4.0
7f115102e000-7f115102f000 rw-p 00011000 08:05 921863                     /usr/lib/x86_64-linux-gnu/libXext.so.6.4.0
7f115102f000-7f1151135000 r-xp 00000000 08:05 657729                     /lib/x86_64-linux-gnu/libglib-2.0.so.0.4002.0
7f1151135000-7f1151334000 ---p 00106000 08:05 657729                     /lib/x86_64-linux-gnu/libglib-2.0.so.0.4002.0
7f1151334000-7f1151335000 r--p 00105000 08:05 657729                     /lib/x86_64-linux-gnu/libglib-2.0.so.0.4002.0
7f1151335000-7f1151336000 rw-p 00106000 08:05 657729                     /lib/x86_64-linux-gnu/libglib-2.0.so.0.4002.0
7f1151336000-7f1151337000 rw-p 00000000 00:00 0 
7f1151337000-7f1151386000 r-xp 00000000 08:05 922261                     /usr/lib/x86_64-linux-gnu/libgobject-2.0.so.0.4002.0
7f1151386000-7f1151586000 ---p 0004f000 08:05 922261                     /usr/lib/x86_64-linux-gnu/libgobject-2.0.so.0.4002.0
7f1151586000-7f1151587000 r--p 0004f000 08:05 922261                     /usr/lib/x86_64-linux-gnu/libgobject-2.0.so.0.4002.0
7f1151587000-7f1151588000 rw-p 00050000 08:05 922261                     /usr/lib/x86_64-linux-gnu/libgobject-2.0.so.0.4002.0
7f1151588000-7f11515c2000 r-xp 00000000 08:05 922146                     /usr/lib/x86_64-linux-gnu/libfontconfig.so.1.8.0
7f11515c2000-7f11517c1000 ---p 0003a000 08:05 922146                     /usr/lib/x86_64-linux-gnu/libfontconfig.so.1.8.0
7f11517c1000-7f11517c3000 r--p 00039000 08:05 922146                     /usr/lib/x86_64-linux-gnu/libfontconfig.so.1.8.0
7f11517c3000-7f11517c4000 rw-p 0003b000 08:05 922146                     /usr/lib/x86_64-linux-gnu/libfontconfig.so.1.8.0
7f11517c4000-7f115180e000 r-xp 00000000 08:05 922585                     /usr/lib/x86_64-linux-gnu/libpango-1.0.so.0.3600.3
7f115180e000-7f1151a0e000 ---p 0004a000 08:05 922585                     /usr/lib/x86_64-linux-gnu/libpango-1.0.so.0.3600.3
7f1151a0e000-7f1151a10000 r--p 0004a000 08:05 922585                     /usr/lib/x86_64-linux-gnu/libpango-1.0.so.0.3600.3
7f1151a10000-7f1151a11000 rw-p 0004c000 08:05 922585                     /usr/lib/x86_64-linux-gnu/libpango-1.0.so.0.3600.3
7f1151a11000-7f1151a25000 r-xp 00000000 08:05 922589                     /usr/lib/x86_64-linux-gnu/libpangoft2-1.0.so.0.3600.3
7f1151a25000-7f1151c24000 ---p 00014000 08:05 922589                     /usr/lib/x86_64-linux-gnu/libpangoft2-1.0.so.0.3600.3
7f1151c24000-7f1151c25000 r--p 00013000 08:05 922589                     /usr/lib/x86_64-linux-gnu/libpangoft2-1.0.so.0.3600.3
7f1151c25000-7f1151c26000 rw-p 00014000 08:05 922589                     /usr/lib/x86_64-linux-gnu/libpangoft2-1.0.so.0.3600.3
7f1151c26000-7f1151d92000 r-xp 00000000 08:05 922233                     /usr/lib/x86_64-linux-gnu/libgio-2.0.so.0.4002.0
7f1151d92000-7f1151f91000 ---p 0016c000 08:05 922233                     /usr/lib/x86_64-linux-gnu/libgio-2.0.so.0.4002.0
7f1151f91000-7f1151f95000 r--p 0016b000 08:05 922233                     /usr/lib/x86_64-linux-gnu/libgio-2.0.so.0.4002.0
7f1151f95000-7f1151f97000 rw-p 0016f000 08:05 922233                     /usr/lib/x86_64-linux-gnu/libgio-2.0.so.0.4002.0
7f1151f97000-7f1151f99000 rw-p 00000000 00:00 0 
7f1151f99000-7f1151fb9000 r-xp 00000000 08:05 921307                     /usr/lib/x86_64-linux-gnu/libgdk_pixbuf-2.0.so.0.3000.7
7f1151fb9000-7f11521b8000 ---p 00020000 08:05 921307                     /usr/lib/x86_64-linux-gnu/libgdk_pixbuf-2.0.so.0.3000.7
7f11521b8000-7f11521b9000 r--p 0001f000 08:05 921307                     /usr/lib/x86_64-linux-gnu/libgdk_pixbuf-2.0.so.0.3000.7
7f11521b9000-7f11521ba000 rw-p 00020000 08:05 921307                     /usr/lib/x86_64-linux-gnu/libgdk_pixbuf-2.0.so.0.3000.7
7f11521ba000-7f11522c0000 r-xp 00000000 08:05 921981                     /usr/lib/x86_64-linux-gnu/libcairo.so.2.11301.0
7f11522c0000-7f11524bf000 ---p 00106000 08:05 921981                     /usr/lib/x86_64-linux-gnu/libcairo.so.2.11301.0
7f11524bf000-7f11524c2000 r--p 00105000 08:05 921981                     /usr/lib/x86_64-linux-gnu/libcairo.so.2.11301.0
7f11524c2000-7f11524c3000 rw-p 00108000 08:05 921981                     /usr/lib/x86_64-linux-gnu/libcairo.so.2.11301.0
7f11524c3000-7f11524c5000 rw-p 00000000 00:00 0 
7f11524c5000-7f11524e4000 r-xp 00000000 08:05 921942                     /usr/lib/x86_64-linux-gnu/libatk-1.0.so.0.21009.1
7f11524e4000-7f11526e4000 ---p 0001f000 08:05 921942                     /usr/lib/x86_64-linux-gnu/libatk-1.0.so.0.21009.1
7f11526e4000-7f11526e6000 r--p 0001f000 08:05 921942                     /usr/lib/x86_64-linux-gnu/libatk-1.0.so.0.21009.1
7f11526e6000-7f11526e7000 rw-p 00021000 08:05 921942                     /usr/lib/x86_64-linux-gnu/libatk-1.0.so.0.21009.1
7f11526e7000-7f11526ec000 r-xp 00000000 08:05 921865                     /usr/lib/x86_64-linux-gnu/libXfixes.so.3.1.0
7f11526ec000-7f11528eb000 ---p 00005000 08:05 921865                     /usr/lib/x86_64-linux-gnu/libXfixes.so.3.1.0
7f11528eb000-7f11528ec000 r--p 00004000 08:05 921865                     /usr/lib/x86_64-linux-gnu/libXfixes.so.3.1.0
7f11528ec000-7f11528ed000 rw-p 00005000 08:05 921865                     /usr/lib/x86_64-linux-gnu/libXfixes.so.3.1.0
7f11528ed000-7f1152a1d000 r-xp 00000000 08:05 921846                     /usr/lib/x86_64-linux-gnu/libX11.so.6.3.0
7f1152a1d000-7f1152c1d000 ---p 00130000 08:05 921846                     /usr/lib/x86_64-linux-gnu/libX11.so.6.3.0
7f1152c1d000-7f1152c1e000 r--p 00130000 08:05 921846                     /usr/lib/x86_64-linux-gnu/libX11.so.6.3.0
7f1152c1e000-7f1152c22000 rw-p 00131000 08:05 921846                     /usr/lib/x86_64-linux-gnu/libX11.so.6.3.0
7f1152c22000-7f1152c2d000 r-xp 00000000 08:05 922587                     /usr/lib/x86_64-linux-gnu/libpangocairo-1.0.so.0.3600.3
7f1152c2d000-7f1152e2d000 ---p 0000b000 08:05 922587                     /usr/lib/x86_64-linux-gnu/libpangocairo-1.0.so.0.3600.3
7f1152e2d000-7f1152e2e000 r--p 0000b000 08:05 922587                     /usr/lib/x86_64-linux-gnu/libpangocairo-1.0.so.0.3600.3
7f1152e2e000-7f1152e2f000 rw-p 0000c000 08:05 922587                     /usr/lib/x86_64-linux-gnu/libpangocairo-1.0.so.0.3600.3
7f1152e2f000-7f1152e32000 r-xp 00000000 08:05 922245                     /usr/lib/x86_64-linux-gnu/libgmodule-2.0.so.0.4002.0
7f1152e32000-7f1153031000 ---p 00003000 08:05 922245                     /usr/lib/x86_64-linux-gnu/libgmodule-2.0.so.0.4002.0
7f1153031000-7f1153032000 r--p 00002000 08:05 922245                     /usr/lib/x86_64-linux-gnu/libgmodule-2.0.so.0.4002.0
7f1153032000-7f1153033000 rw-p 00003000 08:05 922245                     /usr/lib/x86_64-linux-gnu/libgmodule-2.0.so.0.4002.0
7f1153033000-7f11530e1000 r-xp 00000000 08:05 921225                     /usr/lib/x86_64-linux-gnu/libgdk-x11-2.0.so.0.2400.23
7f11530e1000-7f11532e0000 ---p 000ae000 08:05 921225                     /usr/lib/x86_64-linux-gnu/libgdk-x11-2.0.so.0.2400.23
7f11532e0000-7f11532e4000 r--p 000ad000 08:05 921225                     /usr/lib/x86_64-linux-gnu/libgdk-x11-2.0.so.0.2400.23
7f11532e4000-7f11532e6000 rw-p 000b1000 08:05 921225                     /usr/lib/x86_64-linux-gnu/libgdk-x11-2.0.so.0.2400.23
7f11532e6000-7f11532eb000 r-xp 00000000 08:05 921891                     /usr/lib/x86_64-linux-gnu/libXtst.so.6.1.0
7f11532eb000-7f11534ea000 ---p 00005000 08:05 921891                     /usr/lib/x86_64-linux-gnu/libXtst.so.6.1.0
7f11534ea000-7f11534eb000 r--p 00004000 08:05 921891                     /usr/lib/x86_64-linux-gnu/libXtst.so.6.1.0
7f11534eb000-7f11534ec000 rw-p 00005000 08:05 921891                     /usr/lib/x86_64-linux-gnu/libXtst.so.6.1.0
7f11534ec000-7f11534ed000 r-xp 00000000 08:05 922368                     /usr/lib/x86_64-linux-gnu/libgthread-2.0.so.0.4002.0
7f11534ed000-7f11536ec000 ---p 00001000 08:05 922368                     /usr/lib/x86_64-linux-gnu/libgthread-2.0.so.0.4002.0
7f11536ec000-7f11536ed000 r--p 00000000 08:05 922368                     /usr/lib/x86_64-linux-gnu/libgthread-2.0.so.0.4002.0
7f11536ed000-7f11536ee000 rw-p 00001000 08:05 922368                     /usr/lib/x86_64-linux-gnu/libgthread-2.0.so.0.4002.0
7f11536ee000-7f1153b1e000 r-xp 00000000 08:05 921226                     /usr/lib/x86_64-linux-gnu/libgtk-x11-2.0.so.0.2400.23
7f1153b1e000-7f1153d1d000 ---p 00430000 08:05 921226                     /usr/lib/x86_64-linux-gnu/libgtk-x11-2.0.so.0.2400.23
7f1153d1d000-7f1153d24000 r--p 0042f000 08:05 921226                     /usr/lib/x86_64-linux-gnu/libgtk-x11-2.0.so.0.2400.23
7f1153d24000-7f1153d28000 rw-p 00436000 08:05 921226                     /usr/lib/x86_64-linux-gnu/libgtk-x11-2.0.so.0.2400.23
7f1153d28000-7f1153d2b000 rw-p 00000000 00:00 0 
7f1153d2b000-7f1153d44000 r--p 00000000 08:05 168294                     /usr/share/locale-langpack/es/LC_MESSAGES/glib20.mo
7f1153d44000-7f1153d4b000 r--s 00000000 08:05 1047829                    /usr/lib/x86_64-linux-gnu/gconv/gconv-modules.cache
7f1153d4b000-7f1153db7000 r-xp 00000000 08:05 169116                     /tmp/swtlib-64/libswt-pi-gtk-3557.so
7f1153db7000-7f1153eb6000 ---p 0006c000 08:05 169116                     /tmp/swtlib-64/libswt-pi-gtk-3557.so
7f1153eb6000-7f1153eba000 rw-p 0006b000 08:05 169116                     /tmp/swtlib-64/libswt-pi-gtk-3557.so
7f1153eba000-7f1153ebb000 rw-p 00000000 00:00 0 
7f1153ebb000-7f1153efb000 r-xp 00000000 08:05 169051                     /tmp/swtlib-64/libswt-gtk-3557.so
7f1153efb000-7f1153ffb000 ---p 00040000 08:05 169051                     /tmp/swtlib-64/libswt-gtk-3557.so
7f1153ffb000-7f1153fff000 rw-p 00040000 08:05 169051                     /tmp/swtlib-64/libswt-gtk-3557.so
7f1153fff000-7f1154000000 rw-p 00000000 00:00 0 
7f1154000000-7f1154021000 rw-p 00000000 00:00 0 
7f1154021000-7f1158000000 ---p 00000000 00:00 0 
7f1158000000-7f1158021000 rw-p 00000000 00:00 0 
7f1158021000-7f115c000000 ---p 00000000 00:00 0 
7f115c000000-7f115d797000 rw-p 00000000 00:00 0 
7f115d797000-7f1160000000 ---p 00000000 00:00 0 
7f1160000000-7f1160a45000 rw-p 00000000 00:00 0 
7f1160a45000-7f1164000000 ---p 00000000 00:00 0 
7f1164000000-7f1164021000 rw-p 00000000 00:00 0 
7f1164021000-7f1168000000 ---p 00000000 00:00 0 
7f1168000000-7f1168d28000 rw-p 00000000 00:00 0 
7f1168d28000-7f116c000000 ---p 00000000 00:00 0 
7f116c000000-7f116c021000 rw-p 00000000 00:00 0 
7f116c021000-7f1170000000 ---p 00000000 00:00 0 
7f1170000000-7f1170021000 rw-p 00000000 00:00 0 
7f1170021000-7f1174000000 ---p 00000000 00:00 0 
7f1174000000-7f117428a000 rw-p 00000000 00:00 0 
7f117428a000-7f1178000000 ---p 00000000 00:00 0 
7f1178000000-7f1178001000 r--s 00000000 08:05 289525                     /var/cache/fontconfig/0c9eb80ebd1c36541ebe2852d3bb0c49-le64.cache-4
7f1178001000-7f1178010000 r--p 00000000 08:05 168339                     /usr/share/locale-langpack/es/LC_MESSAGES/gtk20.mo
7f1178010000-7f1178013000 r--s 0001a000 08:05 807774                     /usr/lib/jvm/java-8-oracle/jre/lib/jce.jar
7f1178013000-7f1178213000 rw-p 00000000 00:00 0 
7f1178213000-7f1178218000 r--s 00096000 08:05 807776                     /usr/lib/jvm/java-8-oracle/jre/lib/jsse.jar
7f1178218000-7f117821c000 r--s 00038000 08:05 951484                     /home/chibi/.m2/repository/commons-lang/commons-lang/2.2/commons-lang-2.2.jar
7f117821c000-7f1178224000 r--s 00053000 08:05 951483                     /home/chibi/.m2/repository/net/sf/oval/oval/1.81/oval-1.81.jar
7f1178224000-7f1178226000 r--s 0000d000 08:05 927933                     /home/chibi/.m2/repository/commons-logging/commons-logging/1.1.1/commons-logging-1.1.1.jar
7f1178226000-7f117822b000 r--s 00034000 08:05 951481                     /home/chibi/.m2/repository/commons-beanutils/commons-beanutils/1.8.3/commons-beanutils-1.8.3.jar
7f117822b000-7f1178237000 r--s 00076000 08:05 940392                     /home/chibi/.m2/repository/net/sourceforge/collections/collections-generic/4.01/collections-generic-4.01.jar
7f1178237000-7f1178245000 r--s 0007f000 08:05 927228                     /home/chibi/.m2/repository/commons-collections/commons-collections/3.2.1/commons-collections-3.2.1.jar
7f1178245000-7f117824e000 r--s 0006d000 08:05 942749                     /home/chibi/.m2/repository/log4j/log4j/1.2.16/log4j-1.2.16.jar
7f117824e000-7f1178250000 r--s 00008000 08:05 951476                     /home/chibi/.m2/repository/org/uqbar-project/uqbar-domain/3.6.1/uqbar-domain-3.6.1.jar
7f1178250000-7f1178253000 r--s 0000f000 08:05 943495                     /home/chibi/Descargas/eclipse/plugins/org.eclipse.xtend.lib.macro_2.9.0.v201512010527.jar
7f1178253000-7f1178258000 r--s 00036000 08:05 943494                     /home/chibi/Descargas/eclipse/plugins/org.eclipse.xtend.lib_2.9.0.v201512010527.jar
7f1178258000-7f117825b000 r--s 0001f000 08:05 943805                     /home/chibi/Descargas/eclipse/plugins/org.eclipse.xtext.xbase.lib_2.9.0.v201512010527.jar
7f117825b000-7f1178284000 r--s 00200000 08:05 932915                     /home/chibi/Descargas/eclipse/plugins/com.google.guava_15.0.0.v201403281430.jar
7f1178284000-7f11782a5000 r--s 00162000 08:05 952018                     /home/chibi/.m2/repository/org/mockito/mockito-all/1.9.5/mockito-all-1.9.5.jar
7f11782a5000-7f11782a8000 r--s 0000c000 08:05 961531                     /home/chibi/.m2/repository/org/eclipse/xtend/org.eclipse.xtend.lib.macro/2.9.1/org.eclipse.xtend.lib.macro-2.9.1.jar
7f11782a8000-7f11782d1000 r--s 001ee000 08:05 942551                     /home/chibi/.m2/repository/com/google/guava/guava/14.0.1/guava-14.0.1.jar
7f11782d1000-7f11782d4000 r--s 0001b000 08:05 961529                     /home/chibi/.m2/repository/org/eclipse/xtext/org.eclipse.xtext.xbase.lib/2.9.1/org.eclipse.xtext.xbase.lib-2.9.1.jar
7f11782d4000-7f11782d8000 r--s 00022000 08:05 961525                     /home/chibi/.m2/repository/org/eclipse/xtend/org.eclipse.xtend.lib/2.9.1/org.eclipse.xtend.lib-2.9.1.jar
7f11782d8000-7f11782da000 r--s 00002000 08:05 961523                     /home/chibi/.m2/repository/org/uqbar-project/arena-xtend/3.6.1/arena-xtend-3.6.1.jar
7f11782da000-7f11782e4000 r--s 00095000 08:05 916803                     /home/chibi/.m2/repository/org/scala-lang/modules/scala-xml_2.11/1.0.2/scala-xml_2.11-1.0.2.jar
7f11782e4000-7f11782e5000 ---p 00000000 00:00 0 
7f11782e5000-7f11783e5000 rw-p 00000000 00:00 0                          [stack:7078]
7f11783e5000-7f11783e8000 ---p 00000000 00:00 0 
7f11783e8000-7f11784e6000 rw-p 00000000 00:00 0                          [stack:7076]
7f11784e6000-7f11784e9000 ---p 00000000 00:00 0 
7f11784e9000-7f11785e7000 rw-p 00000000 00:00 0                          [stack:7075]
7f11785e7000-7f11785ea000 ---p 00000000 00:00 0 
7f11785ea000-7f11786e8000 rw-p 00000000 00:00 0                          [stack:7073]
7f11786e8000-7f11786eb000 ---p 00000000 00:00 0 
7f11786eb000-7f11787e9000 rw-p 00000000 00:00 0                          [stack:7072]
7f11787e9000-7f11787ec000 ---p 00000000 00:00 0 
7f11787ec000-7f11788ea000 rw-p 00000000 00:00 0                          [stack:7071]
7f11788ea000-7f1178942000 r--s 004f2000 08:05 952183                     /home/chibi/.m2/repository/org/scala-lang/scala-library/2.11.2/scala-library-2.11.2.jar
7f1178942000-7f1178955000 r--s 00211000 08:05 933303                     /home/chibi/.m2/repository/org/eclipse/swt/gtk/org.eclipse.swt.gtk.linux.x86_64/3.5.2.v3557f/org.eclipse.swt.gtk.linux.x86_64-3.5.2.v3557f.jar
7f1178955000-7f1178999000 r--s 0037c000 08:05 918073                     /home/chibi/.m2/repository/org/eclipse/ui/org.eclipse.ui.workbench/3.4.2.M20090127-1700/org.eclipse.ui.workbench-3.4.2.M20090127-1700.jar
7f1178999000-7f11789a8000 r--s 000e5000 08:05 917936                     /home/chibi/.m2/repository/org/eclipse/org.eclipse.osgi/3.4.3.R34x_v20081215-1030/org.eclipse.osgi-3.4.3.R34x_v20081215-1030.jar
7f11789a8000-7f11789bc000 r--s 000eb000 08:05 917228                     /home/chibi/.m2/repository/org/eclipse/org.eclipse.jface/3.4.2.M20090107-0800/org.eclipse.jface-3.4.2.M20090107-0800.jar
7f11789bc000-7f11789c1000 r--s 0002b000 08:05 917172                     /home/chibi/.m2/repository/org/eclipse/jface/org.eclipse.jface.databinding/1.2.1.M20080827-0800a/org.eclipse.jface.databinding-1.2.1.M20080827-0800a.jar
7f11789c1000-7f11789c4000 r--s 00015000 08:05 917168                     /home/chibi/.m2/repository/org/eclipse/equinox/org.eclipse.equinox.common/3.4.0.v20080421-2006/org.eclipse.equinox.common-3.4.0.v20080421-2006.jar
7f11789c4000-7f11789cd000 r--s 0004c000 08:05 917136                     /home/chibi/.m2/repository/org/eclipse/core/org.eclipse.core.databinding/1.1.1.M20080827-0800b/org.eclipse.core.databinding-1.1.1.M20080827-0800b.jar
7f11789cd000-7f11789d0000 r--s 00017000 08:05 917117                     /home/chibi/.m2/repository/org/eclipse/core/org.eclipse.core.commands/3.4.0.I20080509-2000/org.eclipse.core.commands-3.4.0.I20080509-2000.jar
7f11789d0000-7f1178a1e000 r--s 0087c000 08:05 940691                     /home/chibi/.m2/repository/com/ibm/icu/icu4j/50.1.1/icu4j-50.1.1.jar
7f1178a1e000-7f1178a23000 r--s 00016000 08:05 951959                     /home/chibi/.m2/repository/xml-apis/xml-apis/1.0.b2/xml-apis-1.0.b2.jar
7f1178a23000-7f1178a28000 r--s 00048000 08:05 942722                     /home/chibi/.m2/repository/dom4j/dom4j/1.6.1/dom4j-1.6.1.jar
7f1178a28000-7f1178a2b000 r--s 00017000 08:05 951950                     /home/chibi/.m2/repository/org/reflections/reflections/0.9.8/reflections-0.9.8.jar
7f1178a2b000-7f117910d000 r--p 00000000 08:05 789633                     /usr/lib/locale/locale-archive
7f117910d000-7f1179110000 ---p 00000000 00:00 0 
7f1179110000-7f117920e000 rw-p 00000000 00:00 0                          [stack:7066]
7f117920e000-7f1179211000 ---p 00000000 00:00 0 
7f1179211000-7f117930f000 rw-p 00000000 00:00 0                          [stack:7065]
7f117930f000-7f1179310000 ---p 00000000 00:00 0 
7f1179310000-7f117c000000 rw-p 00000000 00:00 0                          [stack:7064]
7f117c000000-7f117c021000 rw-p 00000000 00:00 0 
7f117c021000-7f1180000000 ---p 00000000 00:00 0 
7f1180000000-7f1180021000 rw-p 00000000 00:00 0 
7f1180021000-7f1184000000 ---p 00000000 00:00 0 
7f1184000000-7f1184021000 rw-p 00000000 00:00 0 
7f1184021000-7f1188000000 ---p 00000000 00:00 0 
7f1188000000-7f1188021000 rw-p 00000000 00:00 0 
7f1188021000-7f118c000000 ---p 00000000 00:00 0 
7f118c000000-7f118c001000 r--s 00000000 00:16 19795                      /run/user/1000/dconf/user
7f118c001000-7f118c002000 r--s 00003000 08:05 918008                     /home/chibi/.m2/repository/org/eclipse/org.eclipse.swt/3.4.2.v3452b/org.eclipse.swt-3.4.2.v3452b.jar
7f118c002000-7f118c00c000 r--s 000a5000 08:05 951946                     /home/chibi/.m2/repository/org/javassist/javassist/3.18.1-GA/javassist-3.18.1-GA.jar
7f118c00c000-7f118c010000 r--s 00028000 08:05 951944                     /home/chibi/.m2/repository/org/uqbar-project/arena-apo/3.6.1/arena-apo-3.6.1.jar
7f118c010000-7f118c013000 r--s 00014000 08:05 951941                     /home/chibi/.m2/repository/org/uqbar-project/arena-pot/3.6.1/arena-pot-3.6.1.jar
7f118c013000-7f118c01a000 r--s 0002c000 08:05 951937                     /home/chibi/.m2/repository/org/uqbar-project/arena-core/3.6.1/arena-core-3.6.1.jar
7f118c01a000-7f118c23d000 rw-p 00000000 00:00 0 
7f118c23d000-7f118c416000 r--s 03d20000 08:05 807771                     /usr/lib/jvm/java-8-oracle/jre/lib/rt.jar
7f118c416000-7f118cdfe000 rw-p 00000000 00:00 0 
7f118cdfe000-7f118cdff000 ---p 00000000 00:00 0 
7f118cdff000-7f118ceff000 rw-p 00000000 00:00 0                          [stack:7060]
7f118ceff000-7f118cf00000 ---p 00000000 00:00 0 
7f118cf00000-7f118d000000 rw-p 00000000 00:00 0                          [stack:7059]
7f118d000000-7f118d6c0000 rwxp 00000000 00:00 0 
7f118d6c0000-7f119c000000 ---p 00000000 00:00 0 
7f119c000000-7f119caed000 rw-p 00000000 00:00 0 
7f119caed000-7f11a0000000 ---p 00000000 00:00 0 
7f11a0000000-7f11a0002000 r--s 0000d000 08:05 917123                     /home/chibi/.m2/repository/org/eclipse/core/databinding/org.eclipse.core.databinding.beans/1.1.1.M20080827-0800a/org.eclipse.core.databinding.beans-1.1.1.M20080827-0800a.jar
7f11a0002000-7f11a0099000 rw-p 00000000 00:00 0 
7f11a0099000-7f11a009a000 ---p 00000000 00:00 0 
7f11a009a000-7f11a019a000 rw-p 00000000 00:00 0                          [stack:7058]
7f11a019a000-7f11a019b000 ---p 00000000 00:00 0 
7f11a019b000-7f11a02b0000 rw-p 00000000 00:00 0                          [stack:7057]
7f11a02b0000-7f11a03e1000 ---p 00000000 00:00 0 
7f11a03e1000-7f11a03f6000 rw-p 00000000 00:00 0 
7f11a03f6000-7f11a0526000 ---p 00000000 00:00 0 
7f11a0526000-7f11a056c000 rw-p 00000000 00:00 0 
7f11a056c000-7f11a05c9000 ---p 00000000 00:00 0 
7f11a05c9000-7f11a05e5000 rw-p 00000000 00:00 0 
7f11a05e5000-7f11a098a000 ---p 00000000 00:00 0 
7f11a098a000-7f11a09a4000 r-xp 00000000 08:05 807888                     /usr/lib/jvm/java-8-oracle/jre/lib/amd64/libzip.so
7f11a09a4000-7f11a0ba4000 ---p 0001a000 08:05 807888                     /usr/lib/jvm/java-8-oracle/jre/lib/amd64/libzip.so
7f11a0ba4000-7f11a0ba5000 rw-p 0001a000 08:05 807888                     /usr/lib/jvm/java-8-oracle/jre/lib/amd64/libzip.so
7f11a0ba5000-7f11a0bb0000 r-xp 00000000 08:05 657773                     /lib/x86_64-linux-gnu/libnss_files-2.19.so
7f11a0bb0000-7f11a0daf000 ---p 0000b000 08:05 657773                     /lib/x86_64-linux-gnu/libnss_files-2.19.so
7f11a0daf000-7f11a0db0000 r--p 0000a000 08:05 657773                     /lib/x86_64-linux-gnu/libnss_files-2.19.so
7f11a0db0000-7f11a0db1000 rw-p 0000b000 08:05 657773                     /lib/x86_64-linux-gnu/libnss_files-2.19.so
7f11a0db1000-7f11a0dbc000 r-xp 00000000 08:05 657783                     /lib/x86_64-linux-gnu/libnss_nis-2.19.so
7f11a0dbc000-7f11a0fbb000 ---p 0000b000 08:05 657783                     /lib/x86_64-linux-gnu/libnss_nis-2.19.so
7f11a0fbb000-7f11a0fbc000 r--p 0000a000 08:05 657783                     /lib/x86_64-linux-gnu/libnss_nis-2.19.so
7f11a0fbc000-7f11a0fbd000 rw-p 0000b000 08:05 657783                     /lib/x86_64-linux-gnu/libnss_nis-2.19.so
7f11a0fbd000-7f11a0fd4000 r-xp 00000000 08:05 657767                     /lib/x86_64-linux-gnu/libnsl-2.19.so
7f11a0fd4000-7f11a11d3000 ---p 00017000 08:05 657767                     /lib/x86_64-linux-gnu/libnsl-2.19.so
7f11a11d3000-7f11a11d4000 r--p 00016000 08:05 657767                     /lib/x86_64-linux-gnu/libnsl-2.19.so
7f11a11d4000-7f11a11d5000 rw-p 00017000 08:05 657767                     /lib/x86_64-linux-gnu/libnsl-2.19.so
7f11a11d5000-7f11a11d7000 rw-p 00000000 00:00 0 
7f11a11d7000-7f11a11e0000 r-xp 00000000 08:05 657769                     /lib/x86_64-linux-gnu/libnss_compat-2.19.so
7f11a11e0000-7f11a13df000 ---p 00009000 08:05 657769                     /lib/x86_64-linux-gnu/libnss_compat-2.19.so
7f11a13df000-7f11a13e0000 r--p 00008000 08:05 657769                     /lib/x86_64-linux-gnu/libnss_compat-2.19.so
7f11a13e0000-7f11a13e1000 rw-p 00009000 08:05 657769                     /lib/x86_64-linux-gnu/libnss_compat-2.19.so
7f11a13e1000-7f11a140b000 r-xp 00000000 08:05 807882                     /usr/lib/jvm/java-8-oracle/jre/lib/amd64/libjava.so
7f11a140b000-7f11a160b000 ---p 0002a000 08:05 807882                     /usr/lib/jvm/java-8-oracle/jre/lib/amd64/libjava.so
7f11a160b000-7f11a160d000 rw-p 0002a000 08:05 807882                     /usr/lib/jvm/java-8-oracle/jre/lib/amd64/libjava.so
7f11a160d000-7f11a161a000 r-xp 00000000 08:05 807881                     /usr/lib/jvm/java-8-oracle/jre/lib/amd64/libverify.so
7f11a161a000-7f11a181a000 ---p 0000d000 08:05 807881                     /usr/lib/jvm/java-8-oracle/jre/lib/amd64/libverify.so
7f11a181a000-7f11a181c000 rw-p 0000d000 08:05 807881                     /usr/lib/jvm/java-8-oracle/jre/lib/amd64/libverify.so
7f11a181c000-7f11a1823000 r-xp 00000000 08:05 657826                     /lib/x86_64-linux-gnu/librt-2.19.so
7f11a1823000-7f11a1a22000 ---p 00007000 08:05 657826                     /lib/x86_64-linux-gnu/librt-2.19.so
7f11a1a22000-7f11a1a23000 r--p 00006000 08:05 657826                     /lib/x86_64-linux-gnu/librt-2.19.so
7f11a1a23000-7f11a1a24000 rw-p 00007000 08:05 657826                     /lib/x86_64-linux-gnu/librt-2.19.so
7f11a1a24000-7f11a1b29000 r-xp 00000000 08:05 657748                     /lib/x86_64-linux-gnu/libm-2.19.so
7f11a1b29000-7f11a1d28000 ---p 00105000 08:05 657748                     /lib/x86_64-linux-gnu/libm-2.19.so
7f11a1d28000-7f11a1d29000 r--p 00104000 08:05 657748                     /lib/x86_64-linux-gnu/libm-2.19.so
7f11a1d29000-7f11a1d2a000 rw-p 00105000 08:05 657748                     /lib/x86_64-linux-gnu/libm-2.19.so
7f11a1d2a000-7f11a29e8000 r-xp 00000000 08:05 807898                     /usr/lib/jvm/java-8-oracle/jre/lib/amd64/server/libjvm.so
7f11a29e8000-7f11a2be7000 ---p 00cbe000 08:05 807898                     /usr/lib/jvm/java-8-oracle/jre/lib/amd64/server/libjvm.so
7f11a2be7000-7f11a2cc0000 rw-p 00cbd000 08:05 807898                     /usr/lib/jvm/java-8-oracle/jre/lib/amd64/server/libjvm.so
7f11a2cc0000-7f11a2d04000 rw-p 00000000 00:00 0 
7f11a2d04000-7f11a2ebf000 r-xp 00000000 08:05 657698                     /lib/x86_64-linux-gnu/libc-2.19.so
7f11a2ebf000-7f11a30be000 ---p 001bb000 08:05 657698                     /lib/x86_64-linux-gnu/libc-2.19.so
7f11a30be000-7f11a30c2000 r--p 001ba000 08:05 657698                     /lib/x86_64-linux-gnu/libc-2.19.so
7f11a30c2000-7f11a30c4000 rw-p 001be000 08:05 657698                     /lib/x86_64-linux-gnu/libc-2.19.so
7f11a30c4000-7f11a30c9000 rw-p 00000000 00:00 0 
7f11a30c9000-7f11a30cc000 r-xp 00000000 08:05 657715                     /lib/x86_64-linux-gnu/libdl-2.19.so
7f11a30cc000-7f11a32cb000 ---p 00003000 08:05 657715                     /lib/x86_64-linux-gnu/libdl-2.19.so
7f11a32cb000-7f11a32cc000 r--p 00002000 08:05 657715                     /lib/x86_64-linux-gnu/libdl-2.19.so
7f11a32cc000-7f11a32cd000 rw-p 00003000 08:05 657715                     /lib/x86_64-linux-gnu/libdl-2.19.so
7f11a32cd000-7f11a32e2000 r-xp 00000000 08:05 809124                     /usr/lib/jvm/java-8-oracle/lib/amd64/jli/libjli.so
7f11a32e2000-7f11a34e2000 ---p 00015000 08:05 809124                     /usr/lib/jvm/java-8-oracle/lib/amd64/jli/libjli.so
7f11a34e2000-7f11a34e3000 rw-p 00015000 08:05 809124                     /usr/lib/jvm/java-8-oracle/lib/amd64/jli/libjli.so
7f11a34e3000-7f11a34fc000 r-xp 00000000 08:05 657818                     /lib/x86_64-linux-gnu/libpthread-2.19.so
7f11a34fc000-7f11a36fb000 ---p 00019000 08:05 657818                     /lib/x86_64-linux-gnu/libpthread-2.19.so
7f11a36fb000-7f11a36fc000 r--p 00018000 08:05 657818                     /lib/x86_64-linux-gnu/libpthread-2.19.so
7f11a36fc000-7f11a36fd000 rw-p 00019000 08:05 657818                     /lib/x86_64-linux-gnu/libpthread-2.19.so
7f11a36fd000-7f11a3701000 rw-p 00000000 00:00 0 
7f11a3701000-7f11a3724000 r-xp 00000000 08:05 657674                     /lib/x86_64-linux-gnu/ld-2.19.so
7f11a3724000-7f11a372a000 r--s 00035000 08:05 951933                     /home/chibi/.m2/repository/org/uqbar-project/arena-jface/3.6.1/arena-jface-3.6.1.jar
7f11a372a000-7f11a37fc000 rw-p 00000000 00:00 0 
7f11a37fc000-7f11a37ff000 ---p 00000000 00:00 0 
7f11a37ff000-7f11a3901000 rw-p 00000000 00:00 0                          [stack:7048]
7f11a3901000-7f11a3903000 r--s 00008000 08:05 933654                     /home/chibi/.m2/repository/org/uqbar-project/arena-poo/3.6.1/arena-poo-3.6.1.jar
7f11a3903000-7f11a3917000 rw-p 00000000 00:00 0 
7f11a3917000-7f11a391f000 rw-s 00000000 08:05 169009                     /tmp/hsperfdata_chibi/7040
7f11a391f000-7f11a3920000 rw-p 00000000 00:00 0 
7f11a3920000-7f11a3921000 ---p 00000000 00:00 0 
7f11a3921000-7f11a3923000 rw-p 00000000 00:00 0 
7f11a3923000-7f11a3924000 r--p 00022000 08:05 657674                     /lib/x86_64-linux-gnu/ld-2.19.so
7f11a3924000-7f11a3925000 rw-p 00023000 08:05 657674                     /lib/x86_64-linux-gnu/ld-2.19.so
7f11a3925000-7f11a3926000 rw-p 00000000 00:00 0 
7ffce9c94000-7ffce9cb6000 rw-p 00000000 00:00 0                          [stack]
7ffce9db6000-7ffce9db8000 r--p 00000000 00:00 0                          [vvar]
7ffce9db8000-7ffce9dba000 r-xp 00000000 00:00 0                          [vdso]
ffffffffff600000-ffffffffff601000 r-xp 00000000 00:00 0                  [vsyscall]

VM Arguments:
jvm_args: -Djava.system.class.loader=org.uqbar.apo.APOClassLoader -Dfile.encoding=UTF-8 
java_command: runnable.AplicacionLaberinto
java_class_path (initial): /home/chibi/Escritorio/UIS-Laberinto/UIS-Arena/target/classes:/home/chibi/.m2/repository/org/uqbar-project/arena-jface/3.6.1/arena-jface-3.6.1.jar:/home/chibi/.m2/repository/org/uqbar-project/arena-core/3.6.1/arena-core-3.6.1.jar:/home/chibi/.m2/repository/org/uqbar-project/arena-pot/3.6.1/arena-pot-3.6.1.jar:/home/chibi/.m2/repository/org/uqbar-project/arena-apo/3.6.1/arena-apo-3.6.1.jar:/home/chibi/.m2/repository/org/javassist/javassist/3.18.1-GA/javassist-3.18.1-GA.jar:/home/chibi/.m2/repository/org/reflections/reflections/0.9.8/reflections-0.9.8.jar:/home/chibi/.m2/repository/dom4j/dom4j/1.6.1/dom4j-1.6.1.jar:/home/chibi/.m2/repository/xml-apis/xml-apis/1.0.b2/xml-apis-1.0.b2.jar:/home/chibi/.m2/repository/org/uqbar-project/arena-poo/3.6.1/arena-poo-3.6.1.jar:/home/chibi/.m2/repository/com/ibm/icu/icu4j/50.1.1/icu4j-50.1.1.jar:/home/chibi/.m2/repository/org/eclipse/core/org.eclipse.core.commands/3.4.0.I20080509-2000/org.eclipse.core.commands-3.4.0.I20080509-2000.jar:/home/chibi/.m2/repository/org/eclipse/core/databinding/org.eclipse.core.databinding.beans/1.1.1.M20080827-0800a/org.eclipse.core.databinding.beans-1.1.1.M20080827-0800a.jar:/home/chibi/.m2/repository/org/eclipse/core/org.eclipse.core.databinding/1.1.1.M20080827-0800b/org.eclipse.core.databinding-1.1.1.M20080827-0800b.jar:/home/chibi/.m2/repository/org/eclipse/equinox/org.eclipse.equinox.common/3.4.0.v20080421-2006/org.eclipse.equinox.common-3.4.0.v20080421-2006.jar:/home/chibi/.m2/repository/org/eclipse/jface/org.eclipse.jface.databinding/1.2.1.M20080827-0800a/org.eclipse.jface.databinding-1.2.1.M20080827-0800a.jar:/home/chibi/.m2/repository/org/eclipse/org.eclipse.jface/3.4.2.M20090107-0800/org.eclipse.jface-3.4.2.M20090107-0800.jar:/home/chibi/.m2/repository/org/eclipse/org.eclipse.osgi/3.4.3.R34x_v20081215-1030/org.eclipse.osgi-3.4.3.R34x_v20081215-1030.jar:/home/chibi/.m2/repository/org/eclipse/org.eclipse.swt/3.4.2.v3452b/org.eclipse.swt-3.4.2.v3452b.jar:/home/chibi
Launcher Type: SUN_STANDARD

Environment Variables:
PATH=/usr/local/sbin:/usr/local/bin:/usr/sbin:/usr/bin:/sbin:/bin:/usr/games:/usr/local/games
SHELL=/bin/bash
DISPLAY=:0.0

Signal Handlers:
SIGSEGV: [libjvm.so+0xaba2a0], sa_mask[0]=11111111011111111101111111111110, sa_flags=SA_RESTART|SA_SIGINFO
SIGBUS: [libjvm.so+0xaba2a0], sa_mask[0]=11111111011111111101111111111110, sa_flags=SA_RESTART|SA_SIGINFO
SIGFPE: [libjvm.so+0x917710], sa_mask[0]=11111111011111111101111111111110, sa_flags=SA_RESTART|SA_SIGINFO
SIGPIPE: SIG_IGN, sa_mask[0]=00000000000010000000000000000000, sa_flags=SA_RESTART
SIGXFSZ: [libjvm.so+0x917710], sa_mask[0]=11111111011111111101111111111110, sa_flags=SA_RESTART|SA_SIGINFO
SIGILL: [libjvm.so+0x917710], sa_mask[0]=11111111011111111101111111111110, sa_flags=SA_RESTART|SA_SIGINFO
SIGUSR1: SIG_DFL, sa_mask[0]=00000000000000000000000000000000, sa_flags=none
SIGUSR2: [libjvm.so+0x918d40], sa_mask[0]=00100000000000000000000000000000, sa_flags=SA_RESTART|SA_SIGINFO
SIGHUP: [libjvm.so+0x91a140], sa_mask[0]=11111111011111111101111111111110, sa_flags=SA_RESTART|SA_SIGINFO
SIGINT: [libjvm.so+0x91a140], sa_mask[0]=11111111011111111101111111111110, sa_flags=SA_RESTART|SA_SIGINFO
SIGTERM: [libjvm.so+0x91a140], sa_mask[0]=11111111011111111101111111111110, sa_flags=SA_RESTART|SA_SIGINFO
SIGQUIT: [libjvm.so+0x91a140], sa_mask[0]=11111111011111111101111111111110, sa_flags=SA_RESTART|SA_SIGINFO


---------------  S Y S T E M  ---------------

OS:DISTRIB_ID=Ubuntu
DISTRIB_RELEASE=14.04
DISTRIB_CODENAME=trusty
DISTRIB_DESCRIPTION="Ubuntu 14.04.3 LTS"

uname:Linux 3.19.0-30-generic #34~14.04.1-Ubuntu SMP Fri Oct 2 22:09:39 UTC 2015 x86_64
libc:glibc 2.19 NPTL 2.19 
rlimit: STACK 8192k, CORE 0k, NPROC 15514, NOFILE 4096, AS infinity
load average:1,10 0,77 0,74

/proc/meminfo:
MemTotal:        3993212 kB
MemFree:          106508 kB
MemAvailable:      45220 kB
Buffers:            1388 kB
Cached:           238488 kB
SwapCached:            0 kB
Active:          2304332 kB
Inactive:         197692 kB
Active(anon):    2301208 kB
Inactive(anon):   186268 kB
Active(file):       3124 kB
Inactive(file):    11424 kB
Unevictable:     1230224 kB
Mlocked:         1230224 kB
SwapTotal:             0 kB
SwapFree:              0 kB
Dirty:                28 kB
Writeback:             0 kB
AnonPages:       3492744 kB
Mapped:            92736 kB
Shmem:            204304 kB
Slab:              61876 kB
SReclaimable:      31816 kB
SUnreclaim:        30060 kB
KernelStack:        9840 kB
PageTables:        38728 kB
NFS_Unstable:          0 kB
Bounce:                0 kB
WritebackTmp:          0 kB
CommitLimit:     1996604 kB
Committed_AS:    7050752 kB
VmallocTotal:   34359738367 kB
VmallocUsed:      216700 kB
VmallocChunk:   34359513052 kB
HardwareCorrupted:     0 kB
AnonHugePages:   2062336 kB
CmaTotal:              0 kB
CmaFree:               0 kB
HugePages_Total:       0
HugePages_Free:        0
HugePages_Rsvd:        0
HugePages_Surp:        0
Hugepagesize:       2048 kB
DirectMap4k:       98560 kB
DirectMap2M:     4042752 kB


CPU:total 4 (2 cores per cpu, 2 threads per core) family 6 model 42 stepping 7, cmov, cx8, fxsr, mmx, sse, sse2, sse3, ssse3, sse4.1, sse4.2, popcnt, avx, clmul, ht, tsc, tscinvbit

/proc/cpuinfo:
processor	: 0
vendor_id	: GenuineIntel
cpu family	: 6
model		: 42
model name	: Intel(R) Core(TM) i3-2330M CPU @ 2.20GHz
stepping	: 7
microcode	: 0x23
cpu MHz		: 799.992
cache size	: 3072 KB
physical id	: 0
siblings	: 4
core id		: 0
cpu cores	: 2
apicid		: 0
initial apicid	: 0
fpu		: yes
fpu_exception	: yes
cpuid level	: 13
wp		: yes
flags		: fpu vme de pse tsc msr pae mce cx8 apic sep mtrr pge mca cmov pat pse36 clflush dts acpi mmx fxsr sse sse2 ss ht tm pbe syscall nx rdtscp lm constant_tsc arch_perfmon pebs bts rep_good nopl xtopology nonstop_tsc aperfmperf eagerfpu pni pclmulqdq dtes64 monitor ds_cpl vmx est tm2 ssse3 cx16 xtpr pdcm pcid sse4_1 sse4_2 x2apic popcnt tsc_deadline_timer xsave avx lahf_lm arat epb pln pts dtherm tpr_shadow vnmi flexpriority ept vpid xsaveopt
bugs		:
bogomips	: 4390.09
clflush size	: 64
cache_alignment	: 64
address sizes	: 36 bits physical, 48 bits virtual
power management:

processor	: 1
vendor_id	: GenuineIntel
cpu family	: 6
model		: 42
model name	: Intel(R) Core(TM) i3-2330M CPU @ 2.20GHz
stepping	: 7
microcode	: 0x23
cpu MHz		: 799.992
cache size	: 3072 KB
physical id	: 0
siblings	: 4
core id		: 0
cpu cores	: 2
apicid		: 1
initial apicid	: 1
fpu		: yes
fpu_exception	: yes
cpuid level	: 13
wp		: yes
flags		: fpu vme de pse tsc msr pae mce cx8 apic sep mtrr pge mca cmov pat pse36 clflush dts acpi mmx fxsr sse sse2 ss ht tm pbe syscall nx rdtscp lm constant_tsc arch_perfmon pebs bts rep_good nopl xtopology nonstop_tsc aperfmperf eagerfpu pni pclmulqdq dtes64 monitor ds_cpl vmx est tm2 ssse3 cx16 xtpr pdcm pcid sse4_1 sse4_2 x2apic popcnt tsc_deadline_timer xsave avx lahf_lm arat epb pln pts dtherm tpr_shadow vnmi flexpriority ept vpid xsaveopt
bugs		:
bogomips	: 4390.09
clflush size	: 64
cache_alignment	: 64
address sizes	: 36 bits physical, 48 bits virtual
power management:

processor	: 2
vendor_id	: GenuineIntel
cpu family	: 6
model		: 42
model name	: Intel(R) Core(TM) i3-2330M CPU @ 2.20GHz
stepping	: 7
microcode	: 0x23
cpu MHz		: 799.992
cache size	: 3072 KB
physical id	: 0
siblings	: 4
core id		: 1
cpu cores	: 2
apicid		: 2
initial apicid	: 2
fpu		: yes
fpu_exception	: yes
cpuid level	: 13
wp		: yes
flags		: fpu vme de pse tsc msr pae mce cx8 apic sep mtrr pge mca cmov pat pse36 clflush dts acpi mmx fxsr sse sse2 ss ht tm pbe syscall nx rdtscp lm constant_tsc arch_perfmon pebs bts rep_good nopl xtopology nonstop_tsc aperfmperf eagerfpu pni pclmulqdq dtes64 monitor ds_cpl vmx est tm2 ssse3 cx16 xtpr pdcm pcid sse4_1 sse4_2 x2apic popcnt tsc_deadline_timer xsave avx lahf_lm arat epb pln pts dtherm tpr_shadow vnmi flexpriority ept vpid xsaveopt
bugs		:
bogomips	: 4390.09
clflush size	: 64
cache_alignment	: 64
address sizes	: 36 bits physical, 48 bits virtual
power management:

processor	: 3
vendor_id	: GenuineIntel
cpu family	: 6
model		: 42
model name	: Intel(R) Core(TM) i3-2330M CPU @ 2.20GHz
stepping	: 7
microcode	: 0x23
cpu MHz		: 799.992
cache size	: 3072 KB
physical id	: 0
siblings	: 4
core id		: 1
cpu cores	: 2
apicid		: 3
initial apicid	: 3
fpu		: yes
fpu_exception	: yes
cpuid level	: 13
wp		: yes
flags		: fpu vme de pse tsc msr pae mce cx8 apic sep mtrr pge mca cmov pat pse36 clflush dts acpi mmx fxsr sse sse2 ss ht tm pbe syscall nx rdtscp lm constant_tsc arch_perfmon pebs bts rep_good nopl xtopology nonstop_tsc aperfmperf eagerfpu pni pclmulqdq dtes64 monitor ds_cpl vmx est tm2 ssse3 cx16 xtpr pdcm pcid sse4_1 sse4_2 x2apic popcnt tsc_deadline_timer xsave avx lahf_lm arat epb pln pts dtherm tpr_shadow vnmi flexpriority ept vpid xsaveopt
bugs		:
bogomips	: 4390.09
clflush size	: 64
cache_alignment	: 64
address sizes	: 36 bits physical, 48 bits virtual
power management:



Memory: 4k page, physical 3993212k(106508k free), swap 0k(0k free)

vm_info: Java HotSpot(TM) 64-Bit Server VM (25.66-b17) for linux-amd64 JRE (1.8.0_66-b17), built on Oct  6 2015 17:28:34 by "java_re" with gcc 4.3.0 20080428 (Red Hat 4.3.0-8)

time: Thu Apr 14 23:49:45 2016
elapsed time: 9 seconds (0d 0h 0m 9s)

