#
# There is insufficient memory for the Java Runtime Environment to continue.
# Native memory allocation (mmap) failed to map 104857600 bytes for committing reserved memory.
# Possible reasons:
#   The system is out of physical RAM or swap space
#   In 32 bit mode, the process size limit was hit
# Possible solutions:
#   Reduce memory load on the system
#   Increase physical memory or swap space
#   Check if swap backing store is full
#   Use 64 bit Java on a 64 bit OS
#   Decrease Java heap size (-Xmx/-Xms)
#   Decrease number of Java threads
#   Decrease Java thread stack sizes (-Xss)
#   Set larger code cache with -XX:ReservedCodeCacheSize=
# This output file may be truncated or incomplete.
#
#  Out of Memory Error (os_linux.cpp:2627), pid=7506, tid=140595794487040
#
# JRE version: Java(TM) SE Runtime Environment (8.0_66-b17) (build 1.8.0_66-b17)
# Java VM: Java HotSpot(TM) 64-Bit Server VM (25.66-b17 mixed mode linux-amd64 compressed oops)
# Failed to write core dump. Core dumps have been disabled. To enable core dumping, try "ulimit -c unlimited" before starting Java again
#

---------------  T H R E A D  ---------------

Current thread (0x00007fdf14079800):  VMThread [stack: 0x00007fdf02532000,0x00007fdf02633000] [id=7516]

Stack: [0x00007fdf02532000,0x00007fdf02633000],  sp=0x00007fdf02630fe0,  free space=1019k
Native frames: (J=compiled Java code, j=interpreted, Vv=VM code, C=native code)
V  [libjvm.so+0xab9a1a]  VMError::report_and_die()+0x2ba
V  [libjvm.so+0x4f9e0b]  report_vm_out_of_memory(char const*, int, unsigned long, VMErrorType, char const*)+0x8b
V  [libjvm.so+0x91a8a3]  os::Linux::commit_memory_impl(char*, unsigned long, bool)+0x103
V  [libjvm.so+0x91adf9]  os::pd_commit_memory(char*, unsigned long, unsigned long, bool)+0x29
V  [libjvm.so+0x91510a]  os::commit_memory(char*, unsigned long, unsigned long, bool)+0x2a
V  [libjvm.so+0x9887a3]  PSVirtualSpace::expand_by(unsigned long)+0x53
V  [libjvm.so+0x989ba8]  PSYoungGen::resize_generation(unsigned long, unsigned long)+0xf8
V  [libjvm.so+0x988d02]  PSYoungGen::resize(unsigned long, unsigned long)+0x22
V  [libjvm.so+0x985fdb]  PSScavenge::invoke_no_policy()+0xf3b
V  [libjvm.so+0x986761]  PSScavenge::invoke()+0x41
V  [libjvm.so+0x93e500]  ParallelScavengeHeap::failed_mem_allocate(unsigned long)+0x70
V  [libjvm.so+0xabb437]  VM_ParallelGCFailedAllocation::doit()+0x97
V  [libjvm.so+0xac2e65]  VM_Operation::evaluate()+0x55
V  [libjvm.so+0xac123a]  VMThread::evaluate_operation(VM_Operation*)+0xba
V  [libjvm.so+0xac15be]  VMThread::loop()+0x1ce
V  [libjvm.so+0xac1a30]  VMThread::run()+0x70
V  [libjvm.so+0x91cc68]  java_start(Thread*)+0x108

VM_Operation (0x00007fdf1cb18d50): ParallelGCFailedAllocation, mode: safepoint, requested by thread 0x00007fdf1400b800


---------------  P R O C E S S  ---------------

Java Threads: ( => current thread )
  0x00007fdf14227800 JavaThread "Service Thread" daemon [_thread_blocked, id=7523, stack(0x00007fdf01606000,0x00007fdf01707000)]
  0x00007fdf14224800 JavaThread "C1 CompilerThread2" daemon [_thread_blocked, id=7522, stack(0x00007fdf01707000,0x00007fdf01808000)]
  0x00007fdf14222800 JavaThread "C2 CompilerThread1" daemon [_thread_blocked, id=7521, stack(0x00007fdf01808000,0x00007fdf01909000)]
  0x00007fdf14220800 JavaThread "C2 CompilerThread0" daemon [_thread_blocked, id=7520, stack(0x00007fdf01909000,0x00007fdf01a0a000)]
  0x00007fdf1421e800 JavaThread "Signal Dispatcher" daemon [_thread_blocked, id=7519, stack(0x00007fdf01a0a000,0x00007fdf01b0b000)]
  0x00007fdf14080800 JavaThread "Finalizer" daemon [_thread_blocked, id=7518, stack(0x00007fdf02330000,0x00007fdf02431000)]
  0x00007fdf1407e800 JavaThread "Reference Handler" daemon [_thread_blocked, id=7517, stack(0x00007fdf02431000,0x00007fdf02532000)]
  0x00007fdf1400b800 JavaThread "main" [_thread_blocked, id=7511, stack(0x00007fdf1ca1c000,0x00007fdf1cb1d000)]

Other Threads:
=>0x00007fdf14079800 VMThread [stack: 0x00007fdf02532000,0x00007fdf02633000] [id=7516]
  0x00007fdf1422d000 WatcherThread [stack: 0x00007fdf01505000,0x00007fdf01606000] [id=7524]

VM state:at safepoint (normal execution)

VM Mutex/Monitor currently owned by a thread:  ([mutex/lock_event])
[0x00007fdf14007fa0] Threads_lock - owner thread: 0x00007fdf14079800
[0x00007fdf140084a0] Heap_lock - owner thread: 0x00007fdf1400b800

Heap:
 PSYoungGen      total 171008K, used 10221K [0x00000000ebb00000, 0x00000000f6d80000, 0x0000000100000000)
  eden space 160768K, 0% used [0x00000000ebb00000,0x00000000ebb00000,0x00000000f5800000)
  from space 10240K, 99% used [0x00000000f5800000,0x00000000f61fb660,0x00000000f6200000)
  to   space 8704K, 0% used [0x00000000f6200000,0x00000000f6200000,0x00000000f6a80000)
 ParOldGen       total 42496K, used 23201K [0x00000000c3000000, 0x00000000c5980000, 0x00000000ebb00000)
  object space 42496K, 54% used [0x00000000c3000000,0x00000000c46a84f8,0x00000000c5980000)
 Metaspace       used 19368K, capacity 19652K, committed 19840K, reserved 1067008K
  class space    used 2516K, capacity 2620K, committed 2688K, reserved 1048576K

Card table byte_map: [0x00007fdf19601000,0x00007fdf197ea000] byte_map_base: 0x00007fdf18fe9000

Marking Bits: (ParMarkBitMap*) 0x00007fdf1bef9020
 Begin Bits: [0x00007fdf03180000, 0x00007fdf040c0000)
 End Bits:   [0x00007fdf040c0000, 0x00007fdf05000000)

Polling page: 0x00007fdf1cb40000

CodeCache: size=245760Kb used=8774Kb max_used=9289Kb free=236985Kb
 bounds [0x00007fdf05000000, 0x00007fdf05920000, 0x00007fdf14000000]
 total_blobs=3056 nmethods=2584 adapters=385
 compilation: enabled

Compilation events (10 events):
Event: 45,858 Thread 0x00007fdf14224800 nmethod 2809 0x00007fdf0511ec90 code [0x00007fdf0511f000, 0x00007fdf051200c8]
Event: 45,858 Thread 0x00007fdf14224800 2811       3       org.eclipse.swt.widgets.Composite::_getChildren (149 bytes)
Event: 45,862 Thread 0x00007fdf14224800 nmethod 2811 0x00007fdf05155a50 code [0x00007fdf05155da0, 0x00007fdf05156fa8]
Event: 45,862 Thread 0x00007fdf14224800 2810       3       org.eclipse.swt.widgets.Scrollable::hScrollBarWidth (55 bytes)
Event: 45,863 Thread 0x00007fdf14224800 nmethod 2810 0x00007fdf05150410 code [0x00007fdf05150600, 0x00007fdf05150b18]
Event: 45,864 Thread 0x00007fdf14224800 2812   !   3       org.eclipse.swt.internal.gtk.OS::g_free (30 bytes)
Event: 45,864 Thread 0x00007fdf14224800 nmethod 2812 0x00007fdf05139350 code [0x00007fdf051394e0, 0x00007fdf05139758]
Event: 50,317 Thread 0x00007fdf14224800 2814       3       javassist.compiler.NoFieldException::<init> (34 bytes)
Event: 50,318 Thread 0x00007fdf14222800 2815       4       java.net.URLStreamHandler::setURL (159 bytes)
Event: 50,319 Thread 0x00007fdf14224800 nmethod 2814 0x00007fdf05370c10 code [0x00007fdf05370e00, 0x00007fdf05371678]

GC Heap History (10 events):
Event: 9,836 GC heap after
Heap after GC invocations=8 (full 0):
 PSYoungGen      total 69632K, used 3104K [0x00000000ebb00000, 0x00000000f0500000, 0x0000000100000000)
  eden space 63488K, 0% used [0x00000000ebb00000,0x00000000ebb00000,0x00000000ef900000)
  from space 6144K, 50% used [0x00000000eff00000,0x00000000f0208000,0x00000000f0500000)
  to   space 6144K, 0% used [0x00000000ef900000,0x00000000ef900000,0x00000000eff00000)
 ParOldGen       total 42496K, used 12676K [0x00000000c3000000, 0x00000000c5980000, 0x00000000ebb00000)
  object space 42496K, 29% used [0x00000000c3000000,0x00000000c3c61120,0x00000000c5980000)
 Metaspace       used 14982K, capacity 15184K, committed 15360K, reserved 1062912K
  class space    used 1921K, capacity 1992K, committed 2048K, reserved 1048576K
}
Event: 10,259 GC heap before
{Heap before GC invocations=9 (full 0):
 PSYoungGen      total 69632K, used 66592K [0x00000000ebb00000, 0x00000000f0500000, 0x0000000100000000)
  eden space 63488K, 100% used [0x00000000ebb00000,0x00000000ef900000,0x00000000ef900000)
  from space 6144K, 50% used [0x00000000eff00000,0x00000000f0208000,0x00000000f0500000)
  to   space 6144K, 0% used [0x00000000ef900000,0x00000000ef900000,0x00000000eff00000)
 ParOldGen       total 42496K, used 12676K [0x00000000c3000000, 0x00000000c5980000, 0x00000000ebb00000)
  object space 42496K, 29% used [0x00000000c3000000,0x00000000c3c61120,0x00000000c5980000)
 Metaspace       used 15132K, capacity 15376K, committed 15616K, reserved 1062912K
  class space    used 1923K, capacity 1992K, committed 2048K, reserved 1048576K
Event: 10,267 GC heap after
Heap after GC invocations=9 (full 0):
 PSYoungGen      total 69632K, used 6010K [0x00000000ebb00000, 0x00000000f2b80000, 0x0000000100000000)
  eden space 63488K, 0% used [0x00000000ebb00000,0x00000000ebb00000,0x00000000ef900000)
  from space 6144K, 97% used [0x00000000ef900000,0x00000000efede810,0x00000000eff00000)
  to   space 6656K, 0% used [0x00000000f2500000,0x00000000f2500000,0x00000000f2b80000)
 ParOldGen       total 42496K, used 12788K [0x00000000c3000000, 0x00000000c5980000, 0x00000000ebb00000)
  object space 42496K, 30% used [0x00000000c3000000,0x00000000c3c7d120,0x00000000c5980000)
 Metaspace       used 15132K, capacity 15376K, committed 15616K, reserved 1062912K
  class space    used 1923K, capacity 1992K, committed 2048K, reserved 1048576K
}
Event: 10,527 GC heap before
{Heap before GC invocations=10 (full 0):
 PSYoungGen      total 69632K, used 69498K [0x00000000ebb00000, 0x00000000f2b80000, 0x0000000100000000)
  eden space 63488K, 100% used [0x00000000ebb00000,0x00000000ef900000,0x00000000ef900000)
  from space 6144K, 97% used [0x00000000ef900000,0x00000000efede810,0x00000000eff00000)
  to   space 6656K, 0% used [0x00000000f2500000,0x00000000f2500000,0x00000000f2b80000)
 ParOldGen       total 42496K, used 12788K [0x00000000c3000000, 0x00000000c5980000, 0x00000000ebb00000)
  object space 42496K, 30% used [0x00000000c3000000,0x00000000c3c7d120,0x00000000c5980000)
 Metaspace       used 15193K, capacity 15382K, committed 15616K, reserved 1062912K
  class space    used 1923K, capacity 1993K, committed 2048K, reserved 1048576K
Event: 10,536 GC heap after
Heap after GC invocations=10 (full 0):
 PSYoungGen      total 108032K, used 5856K [0x00000000ebb00000, 0x00000000f2c80000, 0x0000000100000000)
  eden space 101376K, 0% used [0x00000000ebb00000,0x00000000ebb00000,0x00000000f1e00000)
  from space 6656K, 87% used [0x00000000f2500000,0x00000000f2ab8000,0x00000000f2b80000)
  to   space 7168K, 0% used [0x00000000f1e00000,0x00000000f1e00000,0x00000000f2500000)
 ParOldGen       total 42496K, used 12940K [0x00000000c3000000, 0x00000000c5980000, 0x00000000ebb00000)
  object space 42496K, 30% used [0x00000000c3000000,0x00000000c3ca3120,0x00000000c5980000)
 Metaspace       used 15193K, capacity 15382K, committed 15616K, reserved 1062912K
  class space    used 1923K, capacity 1993K, committed 2048K, reserved 1048576K
}
Event: 11,089 GC heap before
{Heap before GC invocations=11 (full 0):
 PSYoungGen      total 108032K, used 107232K [0x00000000ebb00000, 0x00000000f2c80000, 0x0000000100000000)
  eden space 101376K, 100% used [0x00000000ebb00000,0x00000000f1e00000,0x00000000f1e00000)
  from space 6656K, 87% used [0x00000000f2500000,0x00000000f2ab8000,0x00000000f2b80000)
  to   space 7168K, 0% used [0x00000000f1e00000,0x00000000f1e00000,0x00000000f2500000)
 ParOldGen       total 42496K, used 12940K [0x00000000c3000000, 0x00000000c5980000, 0x00000000ebb00000)
  object space 42496K, 30% used [0x00000000c3000000,0x00000000c3ca3120,0x00000000c5980000)
 Metaspace       used 15720K, capacity 15970K, committed 16256K, reserved 1062912K
  class space    used 1985K, capacity 2059K, committed 2176K, reserved 1048576K
Event: 11,102 GC heap after
Heap after GC invocations=11 (full 0):
 PSYoungGen      total 108544K, used 7139K [0x00000000ebb00000, 0x00000000f6a80000, 0x0000000100000000)
  eden space 101376K, 0% used [0x00000000ebb00000,0x00000000ebb00000,0x00000000f1e00000)
  from space 7168K, 99% used [0x00000000f1e00000,0x00000000f24f8c18,0x00000000f2500000)
  to   space 8704K, 0% used [0x00000000f6200000,0x00000000f6200000,0x00000000f6a80000)
 ParOldGen       total 42496K, used 16076K [0x00000000c3000000, 0x00000000c5980000, 0x00000000ebb00000)
  object space 42496K, 37% used [0x00000000c3000000,0x00000000c3fb32f8,0x00000000c5980000)
 Metaspace       used 15720K, capacity 15970K, committed 16256K, reserved 1062912K
  class space    used 1985K, capacity 2059K, committed 2176K, reserved 1048576K
}
Event: 11,539 GC heap before
{Heap before GC invocations=12 (full 0):
 PSYoungGen      total 108544K, used 108515K [0x00000000ebb00000, 0x00000000f6a80000, 0x0000000100000000)
  eden space 101376K, 100% used [0x00000000ebb00000,0x00000000f1e00000,0x00000000f1e00000)
  from space 7168K, 99% used [0x00000000f1e00000,0x00000000f24f8c18,0x00000000f2500000)
  to   space 8704K, 0% used [0x00000000f6200000,0x00000000f6200000,0x00000000f6a80000)
 ParOldGen       total 42496K, used 16076K [0x00000000c3000000, 0x00000000c5980000, 0x00000000ebb00000)
  object space 42496K, 37% used [0x00000000c3000000,0x00000000c3fb32f8,0x00000000c5980000)
 Metaspace       used 15797K, capacity 16130K, committed 16256K, reserved 1062912K
  class space    used 1987K, capacity 2091K, committed 2176K, reserved 1048576K
Event: 11,590 GC heap after
Heap after GC invocations=12 (full 0):
 PSYoungGen      total 169472K, used 8704K [0x00000000ebb00000, 0x00000000f6d80000, 0x0000000100000000)
  eden space 160768K, 0% used [0x00000000ebb00000,0x00000000ebb00000,0x00000000f5800000)
  from space 8704K, 100% used [0x00000000f6200000,0x00000000f6a80000,0x00000000f6a80000)
  to   space 10240K, 0% used [0x00000000f5800000,0x00000000f5800000,0x00000000f6200000)
 ParOldGen       total 42496K, used 17276K [0x00000000c3000000, 0x00000000c5980000, 0x00000000ebb00000)
  object space 42496K, 40% used [0x00000000c3000000,0x00000000c40df2f8,0x00000000c5980000)
 Metaspace       used 15797K, capacity 16130K, committed 16256K, reserved 1062912K
  class space    used 1987K, capacity 2091K, committed 2176K, reserved 1048576K
}
Event: 50,320 GC heap before
{Heap before GC invocations=13 (full 0):
 PSYoungGen      total 169472K, used 169472K [0x00000000ebb00000, 0x00000000f6d80000, 0x0000000100000000)
  eden space 160768K, 100% used [0x00000000ebb00000,0x00000000f5800000,0x00000000f5800000)
  from space 8704K, 100% used [0x00000000f6200000,0x00000000f6a80000,0x00000000f6a80000)
  to   space 10240K, 0% used [0x00000000f5800000,0x00000000f5800000,0x00000000f6200000)
 ParOldGen       total 42496K, used 17276K [0x00000000c3000000, 0x00000000c5980000, 0x00000000ebb00000)
  object space 42496K, 40% used [0x00000000c3000000,0x00000000c40df2f8,0x00000000c5980000)
 Metaspace       used 19368K, capacity 19652K, committed 19840K, reserved 1067008K
  class space    used 2516K, capacity 2620K, committed 2688K, reserved 1048576K

Deoptimization events (10 events):
Event: 12,338 Thread 0x00007fdf1400b800 Uncommon trap: reason=unstable_if action=reinterpret pc=0x00007fdf055532b8 method=javassist.bytecode.ConstPool.read(Ljava/io/DataInputStream;)V @ 49
Event: 12,342 Thread 0x00007fdf1400b800 Uncommon trap: reason=unstable_if action=reinterpret pc=0x00007fdf054745c0 method=javassist.bytecode.ConstPool.read(Ljava/io/DataInputStream;)V @ 43
Event: 12,733 Thread 0x00007fdf1400b800 Uncommon trap: reason=unstable_if action=reinterpret pc=0x00007fdf056ebcd0 method=java.lang.reflect.Modifier.isPublic(I)Z @ 3
Event: 12,735 Thread 0x00007fdf1400b800 Uncommon trap: reason=unstable_if action=reinterpret pc=0x00007fdf056a73e8 method=java.lang.Class.getDeclaringClass()Ljava/lang/Class; @ 6
Event: 12,787 Thread 0x00007fdf1400b800 Uncommon trap: reason=unstable_if action=reinterpret pc=0x00007fdf056299fc method=java.lang.Class.getDeclaringClass()Ljava/lang/Class; @ 6
Event: 13,839 Thread 0x00007fdf1400b800 Uncommon trap: reason=bimorphic action=maybe_recompile pc=0x00007fdf0563f34c method=java.util.AbstractCollection.addAll(Ljava/util/Collection;)Z @ 3
Event: 14,041 Thread 0x00007fdf1400b800 Uncommon trap: reason=bimorphic action=maybe_recompile pc=0x00007fdf0563f34c method=java.util.AbstractCollection.addAll(Ljava/util/Collection;)Z @ 3
Event: 14,056 Thread 0x00007fdf1400b800 Uncommon trap: reason=bimorphic action=maybe_recompile pc=0x00007fdf0563f34c method=java.util.AbstractCollection.addAll(Ljava/util/Collection;)Z @ 3
Event: 14,056 Thread 0x00007fdf1400b800 Uncommon trap: reason=bimorphic action=maybe_recompile pc=0x00007fdf0563f34c method=java.util.AbstractCollection.addAll(Ljava/util/Collection;)Z @ 3
Event: 35,781 Thread 0x00007fdf1400b800 Uncommon trap: reason=unstable_if action=reinterpret pc=0x00007fdf051bedb8 method=org.eclipse.swt.widgets.Widget.isDisposed()Z @ 6

Internal exceptions (10 events):
Event: 12,158 Thread 0x00007fdf1400b800 Exception <a 'java/lang/ArrayIndexOutOfBoundsException'> (0x00000000f0634650) thrown at [/HUDSON/workspace/8-2-build-linux-amd64/jdk8u66/4988/hotspot/src/share/vm/runtime/sharedRuntime.cpp, line 605]
Event: 12,158 Thread 0x00007fdf1400b800 Exception <a 'java/lang/ArrayIndexOutOfBoundsException'> (0x00000000f0635e40) thrown at [/HUDSON/workspace/8-2-build-linux-amd64/jdk8u66/4988/hotspot/src/share/vm/runtime/sharedRuntime.cpp, line 605]
Event: 12,807 Thread 0x00007fdf1400b800 Exception <a 'java/io/FileNotFoundException'> (0x00000000f1147d80) thrown at [/HUDSON/workspace/8-2-build-linux-amd64/jdk8u66/4988/hotspot/src/share/vm/prims/jni.cpp, line 709]
Event: 12,807 Thread 0x00007fdf1400b800 Exception <a 'java/io/FileNotFoundException'> (0x00000000f11487f8) thrown at [/HUDSON/workspace/8-2-build-linux-amd64/jdk8u66/4988/hotspot/src/share/vm/prims/jni.cpp, line 709]
Event: 13,820 Thread 0x00007fdf1400b800 Exception <a 'java/lang/ClassNotFoundException': aplicationModel/GatoEncerradoAppModelBeanInfo> (0x00000000f22ff510) thrown at [/HUDSON/workspace/8-2-build-linux-amd64/jdk8u66/4988/hotspot/src/share/vm/classfile/systemDictionary.cpp, line 210]
Event: 13,820 Thread 0x00007fdf1400b800 Exception <a 'java/lang/ClassNotFoundException': aplicationModel/GatoEncerradoAppModelCustomizer> (0x00000000f2317b10) thrown at [/HUDSON/workspace/8-2-build-linux-amd64/jdk8u66/4988/hotspot/src/share/vm/classfile/systemDictionary.cpp, line 210]
Event: 24,206 Thread 0x00007fdf1400b800 Exception <a 'java/lang/ClassNotFoundException': unq/edu/ar/UIS_Modelo/AccionAgarrarItemBeanInfo> (0x00000000f53fe7c8) thrown at [/HUDSON/workspace/8-2-build-linux-amd64/jdk8u66/4988/hotspot/src/share/vm/classfile/systemDictionary.cpp, line 210]
Event: 24,208 Thread 0x00007fdf1400b800 Exception <a 'java/lang/ClassNotFoundException': unq/edu/ar/UIS_Modelo/AccionBeanInfo> (0x00000000f5414798) thrown at [/HUDSON/workspace/8-2-build-linux-amd64/jdk8u66/4988/hotspot/src/share/vm/classfile/systemDictionary.cpp, line 210]
Event: 24,209 Thread 0x00007fdf1400b800 Exception <a 'java/lang/ClassNotFoundException': unq/edu/ar/UIS_Modelo/AccionCustomizer> (0x00000000f542add8) thrown at [/HUDSON/workspace/8-2-build-linux-amd64/jdk8u66/4988/hotspot/src/share/vm/classfile/systemDictionary.cpp, line 210]
Event: 24,211 Thread 0x00007fdf1400b800 Exception <a 'java/lang/ClassNotFoundException': unq/edu/ar/UIS_Modelo/AccionAgarrarItemCustomizer> (0x00000000f544bda8) thrown at [/HUDSON/workspace/8-2-build-linux-amd64/jdk8u66/4988/hotspot/src/share/vm/classfile/systemDictionary.cpp, line 210]

Events (10 events):
Event: 50,319 Thread 0x00007fdf14224800 flushing nmethod 0x00007fdf053f91d0
Event: 50,319 Thread 0x00007fdf14224800 flushing nmethod 0x00007fdf054000d0
Event: 50,319 Thread 0x00007fdf14224800 flushing nmethod 0x00007fdf05414d90
Event: 50,319 Thread 0x00007fdf14224800 flushing nmethod 0x00007fdf05425f10
Event: 50,319 Thread 0x00007fdf14224800 flushing nmethod 0x00007fdf05435390
Event: 50,319 Thread 0x00007fdf14224800 flushing nmethod 0x00007fdf05436310
Event: 50,319 Thread 0x00007fdf14224800 flushing nmethod 0x00007fdf05449e90
Event: 50,319 Thread 0x00007fdf14224800 flushing nmethod 0x00007fdf0544a1d0
Event: 50,319 Thread 0x00007fdf14224800 flushing nmethod 0x00007fdf0544a510
Event: 50,320 Executing VM operation: ParallelGCFailedAllocation


Dynamic libraries:
00400000-00401000 r-xp 00000000 08:05 806533                             /usr/lib/jvm/java-8-oracle/bin/java
00600000-00601000 rw-p 00000000 08:05 806533                             /usr/lib/jvm/java-8-oracle/bin/java
01e52000-01e73000 rw-p 00000000 00:00 0                                  [heap]
c3000000-c5980000 rw-p 00000000 00:00 0 
c5980000-ebb00000 ---p 00000000 00:00 0 
ebb00000-f6d80000 rw-p 00000000 00:00 0 
fd180000-100000000 ---p 00000000 00:00 0 
100000000-1002a0000 rw-p 00000000 00:00 0 
1002a0000-140000000 ---p 00000000 00:00 0 
7fdea8000000-7fdea8022000 rw-p 00000000 00:00 0 
7fdea8022000-7fdeac000000 ---p 00000000 00:00 0 
7fdeb0000000-7fdeb0021000 rw-p 00000000 00:00 0 
7fdeb0021000-7fdeb4000000 ---p 00000000 00:00 0 
7fdeb4000000-7fdeb4022000 rw-p 00000000 00:00 0 
7fdeb4022000-7fdeb8000000 ---p 00000000 00:00 0 
7fdeb8000000-7fdeb8022000 rw-p 00000000 00:00 0 
7fdeb8022000-7fdebc000000 ---p 00000000 00:00 0 
7fdebc000000-7fdebc021000 rw-p 00000000 00:00 0 
7fdebc021000-7fdec0000000 ---p 00000000 00:00 0 
7fdec036d000-7fdec042d000 rw-p 00000000 00:00 0 
7fdec042d000-7fdec056d000 ---p 00000000 00:00 0 
7fdec056d000-7fdec056e000 ---p 00000000 00:00 0 
7fdec056e000-7fdec0d6e000 rw-p 00000000 00:00 0 
7fdec0d6e000-7fdec0d6f000 ---p 00000000 00:00 0 
7fdec0d6f000-7fdec156f000 rw-p 00000000 00:00 0 
7fdec156f000-7fdec1570000 ---p 00000000 00:00 0 
7fdec1570000-7fdec1d70000 rw-p 00000000 00:00 0                          [stack:7528]
7fdec1d70000-7fdec1db4000 r-xp 00000000 08:05 657712                     /lib/x86_64-linux-gnu/libdbus-1.so.3.7.6
7fdec1db4000-7fdec1fb3000 ---p 00044000 08:05 657712                     /lib/x86_64-linux-gnu/libdbus-1.so.3.7.6
7fdec1fb3000-7fdec1fb4000 r--p 00043000 08:05 657712                     /lib/x86_64-linux-gnu/libdbus-1.so.3.7.6
7fdec1fb4000-7fdec1fb5000 rw-p 00044000 08:05 657712                     /lib/x86_64-linux-gnu/libdbus-1.so.3.7.6
7fdec1fb5000-7fdec1fbd000 r-xp 00000000 08:05 657760                     /lib/x86_64-linux-gnu/libnih-dbus.so.1.0.0
7fdec1fbd000-7fdec21bd000 ---p 00008000 08:05 657760                     /lib/x86_64-linux-gnu/libnih-dbus.so.1.0.0
7fdec21bd000-7fdec21be000 r--p 00008000 08:05 657760                     /lib/x86_64-linux-gnu/libnih-dbus.so.1.0.0
7fdec21be000-7fdec21bf000 rw-p 00009000 08:05 657760                     /lib/x86_64-linux-gnu/libnih-dbus.so.1.0.0
7fdec21bf000-7fdec21d6000 r-xp 00000000 08:05 657762                     /lib/x86_64-linux-gnu/libnih.so.1.0.0
7fdec21d6000-7fdec23d5000 ---p 00017000 08:05 657762                     /lib/x86_64-linux-gnu/libnih.so.1.0.0
7fdec23d5000-7fdec23d6000 r--p 00016000 08:05 657762                     /lib/x86_64-linux-gnu/libnih.so.1.0.0
7fdec23d6000-7fdec23d7000 rw-p 00017000 08:05 657762                     /lib/x86_64-linux-gnu/libnih.so.1.0.0
7fdec23d7000-7fdec23f0000 r-xp 00000000 08:05 654145                     /lib/x86_64-linux-gnu/libcgmanager.so.0.0.0
7fdec23f0000-7fdec25ef000 ---p 00019000 08:05 654145                     /lib/x86_64-linux-gnu/libcgmanager.so.0.0.0
7fdec25ef000-7fdec25f1000 r--p 00018000 08:05 654145                     /lib/x86_64-linux-gnu/libcgmanager.so.0.0.0
7fdec25f1000-7fdec25f2000 rw-p 0001a000 08:05 654145                     /lib/x86_64-linux-gnu/libcgmanager.so.0.0.0
7fdec25f2000-7fdec2602000 r-xp 00000000 08:05 652967                     /lib/x86_64-linux-gnu/libudev.so.1.3.5
7fdec2602000-7fdec2801000 ---p 00010000 08:05 652967                     /lib/x86_64-linux-gnu/libudev.so.1.3.5
7fdec2801000-7fdec2802000 r--p 0000f000 08:05 652967                     /lib/x86_64-linux-gnu/libudev.so.1.3.5
7fdec2802000-7fdec2803000 rw-p 00010000 08:05 652967                     /lib/x86_64-linux-gnu/libudev.so.1.3.5
7fdec2803000-7fdec2837000 r-xp 00000000 08:05 1049333                    /usr/lib/x86_64-linux-gnu/gvfs/libgvfscommon.so
7fdec2837000-7fdec2a37000 ---p 00034000 08:05 1049333                    /usr/lib/x86_64-linux-gnu/gvfs/libgvfscommon.so
7fdec2a37000-7fdec2a3c000 r--p 00034000 08:05 1049333                    /usr/lib/x86_64-linux-gnu/gvfs/libgvfscommon.so
7fdec2a3c000-7fdec2a3d000 rw-p 00039000 08:05 1049333                    /usr/lib/x86_64-linux-gnu/gvfs/libgvfscommon.so
7fdec2a3d000-7fdec2a6c000 r-xp 00000000 08:05 1049334                    /usr/lib/x86_64-linux-gnu/gio/modules/libgvfsdbus.so
7fdec2a6c000-7fdec2c6c000 ---p 0002f000 08:05 1049334                    /usr/lib/x86_64-linux-gnu/gio/modules/libgvfsdbus.so
7fdec2c6c000-7fdec2c6d000 r--p 0002f000 08:05 1049334                    /usr/lib/x86_64-linux-gnu/gio/modules/libgvfsdbus.so
7fdec2c6d000-7fdec2c6e000 rw-p 00030000 08:05 1049334                    /usr/lib/x86_64-linux-gnu/gio/modules/libgvfsdbus.so
7fdec2c6e000-7fdec2c6f000 rw-p 00000000 00:00 0 
7fdec2c6f000-7fdec2cc8000 r-xp 00000000 08:05 922406                     /usr/lib/x86_64-linux-gnu/libibus-1.0.so.5.0.505
7fdec2cc8000-7fdec2ec8000 ---p 00059000 08:05 922406                     /usr/lib/x86_64-linux-gnu/libibus-1.0.so.5.0.505
7fdec2ec8000-7fdec2eca000 r--p 00059000 08:05 922406                     /usr/lib/x86_64-linux-gnu/libibus-1.0.so.5.0.505
7fdec2eca000-7fdec2ecb000 rw-p 0005b000 08:05 922406                     /usr/lib/x86_64-linux-gnu/libibus-1.0.so.5.0.505
7fdec2ecb000-7fdec2ecc000 rw-p 00000000 00:00 0 
7fdec2ecc000-7fdec2ed2000 r-xp 00000000 08:05 1048163                    /usr/lib/x86_64-linux-gnu/gtk-2.0/2.10.0/immodules/im-ibus.so
7fdec2ed2000-7fdec30d2000 ---p 00006000 08:05 1048163                    /usr/lib/x86_64-linux-gnu/gtk-2.0/2.10.0/immodules/im-ibus.so
7fdec30d2000-7fdec30d3000 r--p 00006000 08:05 1048163                    /usr/lib/x86_64-linux-gnu/gtk-2.0/2.10.0/immodules/im-ibus.so
7fdec30d3000-7fdec30d4000 rw-p 00007000 08:05 1048163                    /usr/lib/x86_64-linux-gnu/gtk-2.0/2.10.0/immodules/im-ibus.so
7fdec30d4000-7fdec3128000 r-xp 00000000 08:05 807899                     /usr/lib/jvm/java-8-oracle/jre/lib/amd64/libawt_xawt.so
7fdec3128000-7fdec3328000 ---p 00054000 08:05 807899                     /usr/lib/jvm/java-8-oracle/jre/lib/amd64/libawt_xawt.so
7fdec3328000-7fdec332c000 rw-p 00054000 08:05 807899                     /usr/lib/jvm/java-8-oracle/jre/lib/amd64/libawt_xawt.so
7fdec332c000-7fdec332d000 rw-p 00000000 00:00 0 
7fdec332d000-7fdec33cf000 r-xp 00000000 08:05 807867                     /usr/lib/jvm/java-8-oracle/jre/lib/amd64/libawt.so
7fdec33cf000-7fdec35cf000 ---p 000a2000 08:05 807867                     /usr/lib/jvm/java-8-oracle/jre/lib/amd64/libawt.so
7fdec35cf000-7fdec35db000 rw-p 000a2000 08:05 807867                     /usr/lib/jvm/java-8-oracle/jre/lib/amd64/libawt.so
7fdec35db000-7fdec37ff000 rw-p 00000000 00:00 0 
7fdec37ff000-7fdec3800000 ---p 00000000 00:00 0 
7fdec3800000-7fdec4000000 rw-p 00000000 00:00 0                          [stack:7526]
7fdec4000000-7fdec4021000 rw-p 00000000 00:00 0 
7fdec4021000-7fdec8000000 ---p 00000000 00:00 0 
7fdec8000000-7fdec8021000 rw-p 00000000 00:00 0 
7fdec8021000-7fdecc000000 ---p 00000000 00:00 0 
7fdecc000000-7fdecd88f000 rw-p 00000000 00:00 0 
7fdecd88f000-7fded0000000 ---p 00000000 00:00 0 
7fded0000000-7fded0494000 rw-p 00000000 00:00 0 
7fded0494000-7fded4000000 ---p 00000000 00:00 0 
7fded4000000-7fded4021000 rw-p 00000000 00:00 0 
7fded4021000-7fded8000000 ---p 00000000 00:00 0 
7fded8000000-7fded938e000 rw-p 00000000 00:00 0 
7fded938e000-7fdedc000000 ---p 00000000 00:00 0 
7fdedc000000-7fdedc021000 rw-p 00000000 00:00 0 
7fdedc021000-7fdee0000000 ---p 00000000 00:00 0 
7fdee0000000-7fdee0021000 rw-p 00000000 00:00 0 
7fdee0021000-7fdee4000000 ---p 00000000 00:00 0 
7fdee4000000-7fdee4021000 rw-p 00000000 00:00 0 
7fdee4021000-7fdee8000000 ---p 00000000 00:00 0 
7fdee8000000-7fdee828a000 rw-p 00000000 00:00 0 
7fdee828a000-7fdeec000000 ---p 00000000 00:00 0 
7fdeec000000-7fdeec021000 rw-p 00000000 00:00 0 
7fdeec021000-7fdef0000000 ---p 00000000 00:00 0 
7fdef0023000-7fdef0223000 rw-p 00000000 00:00 0 
7fdef0223000-7fdef0423000 rw-p 00000000 00:00 0 
7fdef056a000-7fdef05ea000 rw-s 00000000 00:05 4096014                    /SYSV00000000 (deleted)
7fdef05ea000-7fdef05eb000 ---p 00000000 00:00 0 
7fdef05eb000-7fdef0deb000 rw-p 00000000 00:00 0                          [stack:7525]
7fdef0deb000-7fdef0df6000 r-xp 00000000 08:05 1047922                    /usr/lib/x86_64-linux-gnu/gio/modules/libdconfsettings.so
7fdef0df6000-7fdef0ff6000 ---p 0000b000 08:05 1047922                    /usr/lib/x86_64-linux-gnu/gio/modules/libdconfsettings.so
7fdef0ff6000-7fdef0ff7000 r--p 0000b000 08:05 1047922                    /usr/lib/x86_64-linux-gnu/gio/modules/libdconfsettings.so
7fdef0ff7000-7fdef0ff8000 rw-p 0000c000 08:05 1047922                    /usr/lib/x86_64-linux-gnu/gio/modules/libdconfsettings.so
7fdef0ff8000-7fdef0fff000 r-xp 00000000 08:05 922569                     /usr/lib/x86_64-linux-gnu/libogg.so.0.8.1
7fdef0fff000-7fdef11ff000 ---p 00007000 08:05 922569                     /usr/lib/x86_64-linux-gnu/libogg.so.0.8.1
7fdef11ff000-7fdef1200000 r--p 00007000 08:05 922569                     /usr/lib/x86_64-linux-gnu/libogg.so.0.8.1
7fdef1200000-7fdef1201000 rw-p 00008000 08:05 922569                     /usr/lib/x86_64-linux-gnu/libogg.so.0.8.1
7fdef1201000-7fdef122d000 r-xp 00000000 08:05 922843                     /usr/lib/x86_64-linux-gnu/libvorbis.so.0.4.5
7fdef122d000-7fdef142c000 ---p 0002c000 08:05 922843                     /usr/lib/x86_64-linux-gnu/libvorbis.so.0.4.5
7fdef142c000-7fdef142d000 r--p 0002b000 08:05 922843                     /usr/lib/x86_64-linux-gnu/libvorbis.so.0.4.5
7fdef142d000-7fdef142e000 rw-p 0002c000 08:05 922843                     /usr/lib/x86_64-linux-gnu/libvorbis.so.0.4.5
7fdef142e000-7fdef1437000 r-xp 00000000 08:05 922475                     /usr/lib/x86_64-linux-gnu/libltdl.so.7.3.0
7fdef1437000-7fdef1636000 ---p 00009000 08:05 922475                     /usr/lib/x86_64-linux-gnu/libltdl.so.7.3.0
7fdef1636000-7fdef1637000 r--p 00008000 08:05 922475                     /usr/lib/x86_64-linux-gnu/libltdl.so.7.3.0
7fdef1637000-7fdef1638000 rw-p 00009000 08:05 922475                     /usr/lib/x86_64-linux-gnu/libltdl.so.7.3.0
7fdef1638000-7fdef1649000 r-xp 00000000 08:05 922764                     /usr/lib/x86_64-linux-gnu/libtdb.so.1.2.12
7fdef1649000-7fdef1848000 ---p 00011000 08:05 922764                     /usr/lib/x86_64-linux-gnu/libtdb.so.1.2.12
7fdef1848000-7fdef1849000 r--p 00010000 08:05 922764                     /usr/lib/x86_64-linux-gnu/libtdb.so.1.2.12
7fdef1849000-7fdef184a000 rw-p 00011000 08:05 922764                     /usr/lib/x86_64-linux-gnu/libtdb.so.1.2.12
7fdef184a000-7fdef1851000 r-xp 00000000 08:05 922847                     /usr/lib/x86_64-linux-gnu/libvorbisfile.so.3.3.4
7fdef1851000-7fdef1a50000 ---p 00007000 08:05 922847                     /usr/lib/x86_64-linux-gnu/libvorbisfile.so.3.3.4
7fdef1a50000-7fdef1a51000 r--p 00006000 08:05 922847                     /usr/lib/x86_64-linux-gnu/libvorbisfile.so.3.3.4
7fdef1a51000-7fdef1a52000 rw-p 00007000 08:05 922847                     /usr/lib/x86_64-linux-gnu/libvorbisfile.so.3.3.4
7fdef1a52000-7fdef1a61000 r-xp 00000000 08:05 921989                     /usr/lib/x86_64-linux-gnu/libcanberra.so.0.2.5
7fdef1a61000-7fdef1c60000 ---p 0000f000 08:05 921989                     /usr/lib/x86_64-linux-gnu/libcanberra.so.0.2.5
7fdef1c60000-7fdef1c61000 r--p 0000e000 08:05 921989                     /usr/lib/x86_64-linux-gnu/libcanberra.so.0.2.5
7fdef1c61000-7fdef1c62000 rw-p 0000f000 08:05 921989                     /usr/lib/x86_64-linux-gnu/libcanberra.so.0.2.5
7fdef1c62000-7fdef1c66000 r-xp 00000000 08:05 921985                     /usr/lib/x86_64-linux-gnu/libcanberra-gtk.so.0.1.9
7fdef1c66000-7fdef1e65000 ---p 00004000 08:05 921985                     /usr/lib/x86_64-linux-gnu/libcanberra-gtk.so.0.1.9
7fdef1e65000-7fdef1e66000 r--p 00003000 08:05 921985                     /usr/lib/x86_64-linux-gnu/libcanberra-gtk.so.0.1.9
7fdef1e66000-7fdef1e67000 rw-p 00004000 08:05 921985                     /usr/lib/x86_64-linux-gnu/libcanberra-gtk.so.0.1.9
7fdef1e67000-7fdef1e6c000 r-xp 00000000 08:05 1048177                    /usr/lib/x86_64-linux-gnu/gtk-2.0/modules/libcanberra-gtk-module.so
7fdef1e6c000-7fdef206b000 ---p 00005000 08:05 1048177                    /usr/lib/x86_64-linux-gnu/gtk-2.0/modules/libcanberra-gtk-module.so
7fdef206b000-7fdef206c000 r--p 00004000 08:05 1048177                    /usr/lib/x86_64-linux-gnu/gtk-2.0/modules/libcanberra-gtk-module.so
7fdef206c000-7fdef206d000 rw-p 00005000 08:05 1048177                    /usr/lib/x86_64-linux-gnu/gtk-2.0/modules/libcanberra-gtk-module.so
7fdef206d000-7fdef209c000 r-xp 00000000 08:05 1048159                    /usr/lib/x86_64-linux-gnu/gtk-2.0/2.10.0/engines/libmurrine.so
7fdef209c000-7fdef229c000 ---p 0002f000 08:05 1048159                    /usr/lib/x86_64-linux-gnu/gtk-2.0/2.10.0/engines/libmurrine.so
7fdef229c000-7fdef229d000 r--p 0002f000 08:05 1048159                    /usr/lib/x86_64-linux-gnu/gtk-2.0/2.10.0/engines/libmurrine.so
7fdef229d000-7fdef229e000 rw-p 00030000 08:05 1048159                    /usr/lib/x86_64-linux-gnu/gtk-2.0/2.10.0/engines/libmurrine.so
7fdef229e000-7fdef22ae000 r-xp 00000000 08:05 922813                     /usr/lib/x86_64-linux-gnu/libunity-gtk2-parser.so.0.0.0
7fdef22ae000-7fdef24ad000 ---p 00010000 08:05 922813                     /usr/lib/x86_64-linux-gnu/libunity-gtk2-parser.so.0.0.0
7fdef24ad000-7fdef24ae000 r--p 0000f000 08:05 922813                     /usr/lib/x86_64-linux-gnu/libunity-gtk2-parser.so.0.0.0
7fdef24ae000-7fdef24af000 rw-p 00010000 08:05 922813                     /usr/lib/x86_64-linux-gnu/libunity-gtk2-parser.so.0.0.0
7fdef24af000-7fdef24b4000 r-xp 00000000 08:05 1048181                    /usr/lib/x86_64-linux-gnu/gtk-2.0/modules/libunity-gtk-module.so
7fdef24b4000-7fdef26b3000 ---p 00005000 08:05 1048181                    /usr/lib/x86_64-linux-gnu/gtk-2.0/modules/libunity-gtk-module.so
7fdef26b3000-7fdef26b4000 r--p 00004000 08:05 1048181                    /usr/lib/x86_64-linux-gnu/gtk-2.0/modules/libunity-gtk-module.so
7fdef26b4000-7fdef26b5000 rw-p 00005000 08:05 1048181                    /usr/lib/x86_64-linux-gnu/gtk-2.0/modules/libunity-gtk-module.so
7fdef26b5000-7fdef26c6000 r-xp 00000000 08:05 1048180                    /usr/lib/x86_64-linux-gnu/gtk-2.0/modules/liboverlay-scrollbar.so
7fdef26c6000-7fdef28c5000 ---p 00011000 08:05 1048180                    /usr/lib/x86_64-linux-gnu/gtk-2.0/modules/liboverlay-scrollbar.so
7fdef28c5000-7fdef28c6000 r--p 00010000 08:05 1048180                    /usr/lib/x86_64-linux-gnu/gtk-2.0/modules/liboverlay-scrollbar.so
7fdef28c6000-7fdef28c7000 rw-p 00011000 08:05 1048180                    /usr/lib/x86_64-linux-gnu/gtk-2.0/modules/liboverlay-scrollbar.so
7fdef28c7000-7fdef28cd000 r-xp 00000000 08:05 922053                     /usr/lib/x86_64-linux-gnu/libdatrie.so.1.3.1
7fdef28cd000-7fdef2acc000 ---p 00006000 08:05 922053                     /usr/lib/x86_64-linux-gnu/libdatrie.so.1.3.1
7fdef2acc000-7fdef2acd000 r--p 00005000 08:05 922053                     /usr/lib/x86_64-linux-gnu/libdatrie.so.1.3.1
7fdef2acd000-7fdef2ace000 rw-p 00006000 08:05 922053                     /usr/lib/x86_64-linux-gnu/libdatrie.so.1.3.1
7fdef2ace000-7fdef2ae8000 r-xp 00000000 08:05 922279                     /usr/lib/x86_64-linux-gnu/libgraphite2.so.3.0.1
7fdef2ae8000-7fdef2ce7000 ---p 0001a000 08:05 922279                     /usr/lib/x86_64-linux-gnu/libgraphite2.so.3.0.1
7fdef2ce7000-7fdef2ce9000 r--p 00019000 08:05 922279                     /usr/lib/x86_64-linux-gnu/libgraphite2.so.3.0.1
7fdef2ce9000-7fdef2cea000 rw-p 0001b000 08:05 922279                     /usr/lib/x86_64-linux-gnu/libgraphite2.so.3.0.1
7fdef2cea000-7fdef2cef000 r-xp 00000000 08:05 921861                     /usr/lib/x86_64-linux-gnu/libXdmcp.so.6.0.0
7fdef2cef000-7fdef2eee000 ---p 00005000 08:05 921861                     /usr/lib/x86_64-linux-gnu/libXdmcp.so.6.0.0
7fdef2eee000-7fdef2eef000 r--p 00004000 08:05 921861                     /usr/lib/x86_64-linux-gnu/libXdmcp.so.6.0.0
7fdef2eef000-7fdef2ef0000 rw-p 00005000 08:05 921861                     /usr/lib/x86_64-linux-gnu/libXdmcp.so.6.0.0
7fdef2ef0000-7fdef2ef2000 r-xp 00000000 08:05 921850                     /usr/lib/x86_64-linux-gnu/libXau.so.6.0.0
7fdef2ef2000-7fdef30f2000 ---p 00002000 08:05 921850                     /usr/lib/x86_64-linux-gnu/libXau.so.6.0.0
7fdef30f2000-7fdef30f3000 r--p 00002000 08:05 921850                     /usr/lib/x86_64-linux-gnu/libXau.so.6.0.0
7fdef30f3000-7fdef30f4000 rw-p 00003000 08:05 921850                     /usr/lib/x86_64-linux-gnu/libXau.so.6.0.0
7fdef30f4000-7fdef3131000 r-xp 00000000 08:05 657801                     /lib/x86_64-linux-gnu/libpcre.so.3.13.1
7fdef3131000-7fdef3330000 ---p 0003d000 08:05 657801                     /lib/x86_64-linux-gnu/libpcre.so.3.13.1
7fdef3330000-7fdef3331000 r--p 0003c000 08:05 657801                     /lib/x86_64-linux-gnu/libpcre.so.3.13.1
7fdef3331000-7fdef3332000 rw-p 0003d000 08:05 657801                     /lib/x86_64-linux-gnu/libpcre.so.3.13.1
7fdef3332000-7fdef3339000 r-xp 00000000 08:05 921603                     /usr/lib/x86_64-linux-gnu/libffi.so.6.0.1
7fdef3339000-7fdef3538000 ---p 00007000 08:05 921603                     /usr/lib/x86_64-linux-gnu/libffi.so.6.0.1
7fdef3538000-7fdef3539000 r--p 00006000 08:05 921603                     /usr/lib/x86_64-linux-gnu/libffi.so.6.0.1
7fdef3539000-7fdef353a000 rw-p 00007000 08:05 921603                     /usr/lib/x86_64-linux-gnu/libffi.so.6.0.1
7fdef353a000-7fdef3561000 r-xp 00000000 08:05 652811                     /lib/x86_64-linux-gnu/libexpat.so.1.6.0
7fdef3561000-7fdef3761000 ---p 00027000 08:05 652811                     /lib/x86_64-linux-gnu/libexpat.so.1.6.0
7fdef3761000-7fdef3763000 r--p 00027000 08:05 652811                     /lib/x86_64-linux-gnu/libexpat.so.1.6.0
7fdef3763000-7fdef3764000 rw-p 00029000 08:05 652811                     /lib/x86_64-linux-gnu/libexpat.so.1.6.0
7fdef3764000-7fdef376c000 r-xp 00000000 08:05 922776                     /usr/lib/x86_64-linux-gnu/libthai.so.0.2.0
7fdef376c000-7fdef396b000 ---p 00008000 08:05 922776                     /usr/lib/x86_64-linux-gnu/libthai.so.0.2.0
7fdef396b000-7fdef396c000 r--p 00007000 08:05 922776                     /usr/lib/x86_64-linux-gnu/libthai.so.0.2.0
7fdef396c000-7fdef396d000 rw-p 00008000 08:05 922776                     /usr/lib/x86_64-linux-gnu/libthai.so.0.2.0
7fdef396d000-7fdef39c0000 r-xp 00000000 08:05 922392                     /usr/lib/x86_64-linux-gnu/libharfbuzz.so.0.927.0
7fdef39c0000-7fdef3bc0000 ---p 00053000 08:05 922392                     /usr/lib/x86_64-linux-gnu/libharfbuzz.so.0.927.0
7fdef3bc0000-7fdef3bc1000 r--p 00053000 08:05 922392                     /usr/lib/x86_64-linux-gnu/libharfbuzz.so.0.927.0
7fdef3bc1000-7fdef3bc2000 rw-p 00054000 08:05 922392                     /usr/lib/x86_64-linux-gnu/libharfbuzz.so.0.927.0
7fdef3bc2000-7fdef3bd9000 r-xp 00000000 08:05 657824                     /lib/x86_64-linux-gnu/libresolv-2.19.so
7fdef3bd9000-7fdef3dd9000 ---p 00017000 08:05 657824                     /lib/x86_64-linux-gnu/libresolv-2.19.so
7fdef3dd9000-7fdef3dda000 r--p 00017000 08:05 657824                     /lib/x86_64-linux-gnu/libresolv-2.19.so
7fdef3dda000-7fdef3ddb000 rw-p 00018000 08:05 657824                     /lib/x86_64-linux-gnu/libresolv-2.19.so
7fdef3ddb000-7fdef3ddd000 rw-p 00000000 00:00 0 
7fdef3ddd000-7fdef3dfd000 r-xp 00000000 08:05 657828                     /lib/x86_64-linux-gnu/libselinux.so.1
7fdef3dfd000-7fdef3ffc000 ---p 00020000 08:05 657828                     /lib/x86_64-linux-gnu/libselinux.so.1
7fdef3ffc000-7fdef3ffd000 r--p 0001f000 08:05 657828                     /lib/x86_64-linux-gnu/libselinux.so.1
7fdef3ffd000-7fdef3ffe000 rw-p 00020000 08:05 657828                     /lib/x86_64-linux-gnu/libselinux.so.1
7fdef3ffe000-7fdef4000000 rw-p 00000000 00:00 0 
7fdef4000000-7fdef4021000 rw-p 00000000 00:00 0 
7fdef4021000-7fdef8000000 ---p 00000000 00:00 0 
7fdef8010000-7fdef8011000 rw-p 00000000 00:00 0 
7fdef8011000-7fdef8014000 r--p 00000000 08:05 168202                     /usr/share/locale-langpack/es/LC_MESSAGES/atk10.mo
7fdef8014000-7fdef801a000 r--s 002f8000 08:05 807739                     /usr/lib/jvm/java-8-oracle/jre/lib/charsets.jar
7fdef801a000-7fdef802c000 r--s 00345000 08:05 807759                     /usr/lib/jvm/java-8-oracle/jre/lib/resources.jar
7fdef802c000-7fdef807e000 r--p 00000000 08:05 5522                       /usr/share/fonts/truetype/dejavu/DejaVuSansMono.ttf
7fdef807e000-7fdef80d5000 r--p 00000000 08:05 133210                     /usr/share/fonts/truetype/ubuntu-font-family/Ubuntu-R.ttf
7fdef80d5000-7fdef80d6000 r--s 00000000 08:05 289549                     /var/cache/fontconfig/c05880de57d1f5e948fdfacc138775d9-le64.cache-4
7fdef80d6000-7fdef80e1000 r--s 00000000 08:05 289543                     /var/cache/fontconfig/945677eb7aeaf62f1d50efc3fb3ec7d8-le64.cache-4
7fdef80e1000-7fdef80e3000 r--s 00000000 08:05 292932                     /var/cache/fontconfig/99e8ed0e538f840c565b6ed5dad60d56-le64.cache-4
7fdef80e3000-7fdef80ec000 r--s 00000000 08:05 292931                     /var/cache/fontconfig/a6d8cf8e4ec09cdbc8633c31745a07dd-le64.cache-4
7fdef80ec000-7fdef80f2000 r--s 00000000 08:05 289529                     /var/cache/fontconfig/2cd17615ca594fa2959ae173292e504c-le64.cache-4
7fdef80f2000-7fdef80f3000 r--s 00000000 08:05 289559                     /var/cache/fontconfig/e7071f4a29fa870f4323321c154eba04-le64.cache-4
7fdef80f3000-7fdef80f4000 r--s 00000000 08:05 289526                     /var/cache/fontconfig/0d8c3b2ac0904cb8a57a757ad11a4a08-le64.cache-4
7fdef80f4000-7fdef80fb000 r--s 00000000 08:05 289546                     /var/cache/fontconfig/a755afe4a08bf5b97852ceb7400b47bc-le64.cache-4
7fdef80fb000-7fdef810f000 r--s 00000000 08:05 289524                     /var/cache/fontconfig/04aabc0a78ac019cf9454389977116d2-le64.cache-4
7fdef810f000-7fdef8110000 r--s 00000000 08:05 289528                     /var/cache/fontconfig/1ac9eb803944fde146138c791f5cc56a-le64.cache-4
7fdef8110000-7fdef8114000 r--s 00000000 08:05 289532                     /var/cache/fontconfig/385c0604a188198f04d133e54aba7fe7-le64.cache-4
7fdef8114000-7fdef8115000 r--s 00000000 08:05 289556                     /var/cache/fontconfig/dc05db6664285cc2f12bf69c139ae4c3-le64.cache-4
7fdef8115000-7fdef8117000 r--s 00000000 08:05 289540                     /var/cache/fontconfig/767a8244fc0220cfb567a839d0392e0b-le64.cache-4
7fdef8117000-7fdef8118000 r--s 00000000 08:05 286442                     /var/cache/fontconfig/4794a0821666d79190d59a36cb4f44b5-le64.cache-4
7fdef8118000-7fdef811d000 r--s 00000000 08:05 289542                     /var/cache/fontconfig/8801497958630a81b71ace7c5f9b32a8-le64.cache-4
7fdef811d000-7fdef8158000 r--s 00000000 08:05 289941                     /var/cache/fontconfig/365b55f210c0a22e9a19e35191240f32-le64.cache-4
7fdef8158000-7fdef815f000 r--s 00000000 08:05 289530                     /var/cache/fontconfig/3047814df9a2f067bd2d96a2b9c36e5a-le64.cache-4
7fdef815f000-7fdef8165000 r--s 00000000 08:05 289547                     /var/cache/fontconfig/b47c4e1ecd0709278f4910c18777a504-le64.cache-4
7fdef8165000-7fdef816e000 r--s 00000000 08:05 290072                     /var/cache/fontconfig/52f7bdb7ce746bfd7eaa1985bd9cfa93-le64.cache-4
7fdef816e000-7fdef8181000 r--s 00000000 08:05 289553                     /var/cache/fontconfig/d52a8644073d54c13679302ca1180695-le64.cache-4
7fdef8181000-7fdef818a000 r--s 00000000 08:05 289533                     /var/cache/fontconfig/3f7329c5293ffd510edef78f73874cfd-le64.cache-4
7fdef818a000-7fdef8195000 r--s 00000000 08:05 290642                     /var/cache/fontconfig/d589a48862398ed80a3d6066f4f56f4c-le64.cache-4
7fdef8195000-7fdef81a8000 r--s 00000000 08:05 292602                     /var/cache/fontconfig/4ac51e5cfbc76fc3f983e470323a16d3-le64.cache-4
7fdef81a8000-7fdef81e8000 r--p 00000000 08:05 1046756                    /usr/share/glib-2.0/schemas/gschemas.compiled
7fdef81e8000-7fdef8201000 r--p 00000000 08:05 168294                     /usr/share/locale-langpack/es/LC_MESSAGES/glib20.mo
7fdef8201000-7fdef8219000 r-xp 00000000 08:05 657861                     /lib/x86_64-linux-gnu/libz.so.1.2.8
7fdef8219000-7fdef8418000 ---p 00018000 08:05 657861                     /lib/x86_64-linux-gnu/libz.so.1.2.8
7fdef8418000-7fdef8419000 r--p 00017000 08:05 657861                     /lib/x86_64-linux-gnu/libz.so.1.2.8
7fdef8419000-7fdef841a000 rw-p 00018000 08:05 657861                     /lib/x86_64-linux-gnu/libz.so.1.2.8
7fdef841a000-7fdef8422000 r-xp 00000000 08:05 922902                     /usr/lib/x86_64-linux-gnu/libxcb-render.so.0.0.0
7fdef8422000-7fdef8621000 ---p 00008000 08:05 922902                     /usr/lib/x86_64-linux-gnu/libxcb-render.so.0.0.0
7fdef8621000-7fdef8622000 r--p 00007000 08:05 922902                     /usr/lib/x86_64-linux-gnu/libxcb-render.so.0.0.0
7fdef8622000-7fdef8623000 rw-p 00008000 08:05 922902                     /usr/lib/x86_64-linux-gnu/libxcb-render.so.0.0.0
7fdef8623000-7fdef8625000 r-xp 00000000 08:05 922906                     /usr/lib/x86_64-linux-gnu/libxcb-shm.so.0.0.0
7fdef8625000-7fdef8824000 ---p 00002000 08:05 922906                     /usr/lib/x86_64-linux-gnu/libxcb-shm.so.0.0.0
7fdef8824000-7fdef8825000 r--p 00001000 08:05 922906                     /usr/lib/x86_64-linux-gnu/libxcb-shm.so.0.0.0
7fdef8825000-7fdef8826000 rw-p 00002000 08:05 922906                     /usr/lib/x86_64-linux-gnu/libxcb-shm.so.0.0.0
7fdef8826000-7fdef884b000 r-xp 00000000 08:05 654139                     /lib/x86_64-linux-gnu/libpng12.so.0.50.0
7fdef884b000-7fdef8a4a000 ---p 00025000 08:05 654139                     /lib/x86_64-linux-gnu/libpng12.so.0.50.0
7fdef8a4a000-7fdef8a4b000 r--p 00024000 08:05 654139                     /lib/x86_64-linux-gnu/libpng12.so.0.50.0
7fdef8a4b000-7fdef8a4c000 rw-p 00025000 08:05 654139                     /lib/x86_64-linux-gnu/libpng12.so.0.50.0
7fdef8a4c000-7fdef8aed000 r-xp 00000000 08:05 922608                     /usr/lib/x86_64-linux-gnu/libpixman-1.so.0.30.2
7fdef8aed000-7fdef8ced000 ---p 000a1000 08:05 922608                     /usr/lib/x86_64-linux-gnu/libpixman-1.so.0.30.2
7fdef8ced000-7fdef8cf4000 r--p 000a1000 08:05 922608                     /usr/lib/x86_64-linux-gnu/libpixman-1.so.0.30.2
7fdef8cf4000-7fdef8cf5000 rw-p 000a8000 08:05 922608                     /usr/lib/x86_64-linux-gnu/libpixman-1.so.0.30.2
7fdef8cf5000-7fdef8d12000 r-xp 00000000 08:05 922916                     /usr/lib/x86_64-linux-gnu/libxcb.so.1.1.0
7fdef8d12000-7fdef8f12000 ---p 0001d000 08:05 922916                     /usr/lib/x86_64-linux-gnu/libxcb.so.1.1.0
7fdef8f12000-7fdef8f13000 r--p 0001d000 08:05 922916                     /usr/lib/x86_64-linux-gnu/libxcb.so.1.1.0
7fdef8f13000-7fdef8f14000 rw-p 0001e000 08:05 922916                     /usr/lib/x86_64-linux-gnu/libxcb.so.1.1.0
7fdef8f14000-7fdef8fb1000 r-xp 00000000 08:05 921217                     /usr/lib/x86_64-linux-gnu/libfreetype.so.6.11.1
7fdef8fb1000-7fdef91b0000 ---p 0009d000 08:05 921217                     /usr/lib/x86_64-linux-gnu/libfreetype.so.6.11.1
7fdef91b0000-7fdef91b6000 r--p 0009c000 08:05 921217                     /usr/lib/x86_64-linux-gnu/libfreetype.so.6.11.1
7fdef91b6000-7fdef91b7000 rw-p 000a2000 08:05 921217                     /usr/lib/x86_64-linux-gnu/libfreetype.so.6.11.1
7fdef91b7000-7fdef91b9000 r-xp 00000000 08:05 921859                     /usr/lib/x86_64-linux-gnu/libXdamage.so.1.1.0
7fdef91b9000-7fdef93b8000 ---p 00002000 08:05 921859                     /usr/lib/x86_64-linux-gnu/libXdamage.so.1.1.0
7fdef93b8000-7fdef93b9000 r--p 00001000 08:05 921859                     /usr/lib/x86_64-linux-gnu/libXdamage.so.1.1.0
7fdef93b9000-7fdef93ba000 rw-p 00002000 08:05 921859                     /usr/lib/x86_64-linux-gnu/libXdamage.so.1.1.0
7fdef93ba000-7fdef93bc000 r-xp 00000000 08:05 921855                     /usr/lib/x86_64-linux-gnu/libXcomposite.so.1.0.0
7fdef93bc000-7fdef95bb000 ---p 00002000 08:05 921855                     /usr/lib/x86_64-linux-gnu/libXcomposite.so.1.0.0
7fdef95bb000-7fdef95bc000 r--p 00001000 08:05 921855                     /usr/lib/x86_64-linux-gnu/libXcomposite.so.1.0.0
7fdef95bc000-7fdef95bd000 rw-p 00002000 08:05 921855                     /usr/lib/x86_64-linux-gnu/libXcomposite.so.1.0.0
7fdef95bd000-7fdef95c6000 r-xp 00000000 08:05 921857                     /usr/lib/x86_64-linux-gnu/libXcursor.so.1.0.2
7fdef95c6000-7fdef97c5000 ---p 00009000 08:05 921857                     /usr/lib/x86_64-linux-gnu/libXcursor.so.1.0.2
7fdef97c5000-7fdef97c6000 r--p 00008000 08:05 921857                     /usr/lib/x86_64-linux-gnu/libXcursor.so.1.0.2
7fdef97c6000-7fdef97c7000 rw-p 00009000 08:05 921857                     /usr/lib/x86_64-linux-gnu/libXcursor.so.1.0.2
7fdef97c7000-7fdef97d0000 r-xp 00000000 08:05 921883                     /usr/lib/x86_64-linux-gnu/libXrandr.so.2.2.0
7fdef97d0000-7fdef99cf000 ---p 00009000 08:05 921883                     /usr/lib/x86_64-linux-gnu/libXrandr.so.2.2.0
7fdef99cf000-7fdef99d0000 r--p 00008000 08:05 921883                     /usr/lib/x86_64-linux-gnu/libXrandr.so.2.2.0
7fdef99d0000-7fdef99d1000 rw-p 00009000 08:05 921883                     /usr/lib/x86_64-linux-gnu/libXrandr.so.2.2.0
7fdef99d1000-7fdef99e0000 r-xp 00000000 08:05 921871                     /usr/lib/x86_64-linux-gnu/libXi.so.6.1.0
7fdef99e0000-7fdef9bdf000 ---p 0000f000 08:05 921871                     /usr/lib/x86_64-linux-gnu/libXi.so.6.1.0
7fdef9bdf000-7fdef9be0000 r--p 0000e000 08:05 921871                     /usr/lib/x86_64-linux-gnu/libXi.so.6.1.0
7fdef9be0000-7fdef9be1000 rw-p 0000f000 08:05 921871                     /usr/lib/x86_64-linux-gnu/libXi.so.6.1.0
7fdef9be1000-7fdef9be3000 r-xp 00000000 08:05 921873                     /usr/lib/x86_64-linux-gnu/libXinerama.so.1.0.0
7fdef9be3000-7fdef9de2000 ---p 00002000 08:05 921873                     /usr/lib/x86_64-linux-gnu/libXinerama.so.1.0.0
7fdef9de2000-7fdef9de3000 r--p 00001000 08:05 921873                     /usr/lib/x86_64-linux-gnu/libXinerama.so.1.0.0
7fdef9de3000-7fdef9de4000 rw-p 00002000 08:05 921873                     /usr/lib/x86_64-linux-gnu/libXinerama.so.1.0.0
7fdef9de4000-7fdef9ded000 r-xp 00000000 08:05 921885                     /usr/lib/x86_64-linux-gnu/libXrender.so.1.3.0
7fdef9ded000-7fdef9fec000 ---p 00009000 08:05 921885                     /usr/lib/x86_64-linux-gnu/libXrender.so.1.3.0
7fdef9fec000-7fdef9fed000 r--p 00008000 08:05 921885                     /usr/lib/x86_64-linux-gnu/libXrender.so.1.3.0
7fdef9fed000-7fdef9fee000 rw-p 00009000 08:05 921885                     /usr/lib/x86_64-linux-gnu/libXrender.so.1.3.0
7fdef9fee000-7fdef9fff000 r-xp 00000000 08:05 921863                     /usr/lib/x86_64-linux-gnu/libXext.so.6.4.0
7fdef9fff000-7fdefa1fe000 ---p 00011000 08:05 921863                     /usr/lib/x86_64-linux-gnu/libXext.so.6.4.0
7fdefa1fe000-7fdefa1ff000 r--p 00010000 08:05 921863                     /usr/lib/x86_64-linux-gnu/libXext.so.6.4.0
7fdefa1ff000-7fdefa200000 rw-p 00011000 08:05 921863                     /usr/lib/x86_64-linux-gnu/libXext.so.6.4.0
7fdefa200000-7fdefa306000 r-xp 00000000 08:05 657729                     /lib/x86_64-linux-gnu/libglib-2.0.so.0.4002.0
7fdefa306000-7fdefa505000 ---p 00106000 08:05 657729                     /lib/x86_64-linux-gnu/libglib-2.0.so.0.4002.0
7fdefa505000-7fdefa506000 r--p 00105000 08:05 657729                     /lib/x86_64-linux-gnu/libglib-2.0.so.0.4002.0
7fdefa506000-7fdefa507000 rw-p 00106000 08:05 657729                     /lib/x86_64-linux-gnu/libglib-2.0.so.0.4002.0
7fdefa507000-7fdefa508000 rw-p 00000000 00:00 0 
7fdefa508000-7fdefa557000 r-xp 00000000 08:05 922261                     /usr/lib/x86_64-linux-gnu/libgobject-2.0.so.0.4002.0
7fdefa557000-7fdefa757000 ---p 0004f000 08:05 922261                     /usr/lib/x86_64-linux-gnu/libgobject-2.0.so.0.4002.0
7fdefa757000-7fdefa758000 r--p 0004f000 08:05 922261                     /usr/lib/x86_64-linux-gnu/libgobject-2.0.so.0.4002.0
7fdefa758000-7fdefa759000 rw-p 00050000 08:05 922261                     /usr/lib/x86_64-linux-gnu/libgobject-2.0.so.0.4002.0
7fdefa759000-7fdefa793000 r-xp 00000000 08:05 922146                     /usr/lib/x86_64-linux-gnu/libfontconfig.so.1.8.0
7fdefa793000-7fdefa992000 ---p 0003a000 08:05 922146                     /usr/lib/x86_64-linux-gnu/libfontconfig.so.1.8.0
7fdefa992000-7fdefa994000 r--p 00039000 08:05 922146                     /usr/lib/x86_64-linux-gnu/libfontconfig.so.1.8.0
7fdefa994000-7fdefa995000 rw-p 0003b000 08:05 922146                     /usr/lib/x86_64-linux-gnu/libfontconfig.so.1.8.0
7fdefa995000-7fdefa9df000 r-xp 00000000 08:05 922585                     /usr/lib/x86_64-linux-gnu/libpango-1.0.so.0.3600.3
7fdefa9df000-7fdefabdf000 ---p 0004a000 08:05 922585                     /usr/lib/x86_64-linux-gnu/libpango-1.0.so.0.3600.3
7fdefabdf000-7fdefabe1000 r--p 0004a000 08:05 922585                     /usr/lib/x86_64-linux-gnu/libpango-1.0.so.0.3600.3
7fdefabe1000-7fdefabe2000 rw-p 0004c000 08:05 922585                     /usr/lib/x86_64-linux-gnu/libpango-1.0.so.0.3600.3
7fdefabe2000-7fdefabf6000 r-xp 00000000 08:05 922589                     /usr/lib/x86_64-linux-gnu/libpangoft2-1.0.so.0.3600.3
7fdefabf6000-7fdefadf5000 ---p 00014000 08:05 922589                     /usr/lib/x86_64-linux-gnu/libpangoft2-1.0.so.0.3600.3
7fdefadf5000-7fdefadf6000 r--p 00013000 08:05 922589                     /usr/lib/x86_64-linux-gnu/libpangoft2-1.0.so.0.3600.3
7fdefadf6000-7fdefadf7000 rw-p 00014000 08:05 922589                     /usr/lib/x86_64-linux-gnu/libpangoft2-1.0.so.0.3600.3
7fdefadf7000-7fdefaf63000 r-xp 00000000 08:05 922233                     /usr/lib/x86_64-linux-gnu/libgio-2.0.so.0.4002.0
7fdefaf63000-7fdefb162000 ---p 0016c000 08:05 922233                     /usr/lib/x86_64-linux-gnu/libgio-2.0.so.0.4002.0
7fdefb162000-7fdefb166000 r--p 0016b000 08:05 922233                     /usr/lib/x86_64-linux-gnu/libgio-2.0.so.0.4002.0
7fdefb166000-7fdefb168000 rw-p 0016f000 08:05 922233                     /usr/lib/x86_64-linux-gnu/libgio-2.0.so.0.4002.0
7fdefb168000-7fdefb16a000 rw-p 00000000 00:00 0 
7fdefb16a000-7fdefb18a000 r-xp 00000000 08:05 921307                     /usr/lib/x86_64-linux-gnu/libgdk_pixbuf-2.0.so.0.3000.7
7fdefb18a000-7fdefb389000 ---p 00020000 08:05 921307                     /usr/lib/x86_64-linux-gnu/libgdk_pixbuf-2.0.so.0.3000.7
7fdefb389000-7fdefb38a000 r--p 0001f000 08:05 921307                     /usr/lib/x86_64-linux-gnu/libgdk_pixbuf-2.0.so.0.3000.7
7fdefb38a000-7fdefb38b000 rw-p 00020000 08:05 921307                     /usr/lib/x86_64-linux-gnu/libgdk_pixbuf-2.0.so.0.3000.7
7fdefb38b000-7fdefb491000 r-xp 00000000 08:05 921981                     /usr/lib/x86_64-linux-gnu/libcairo.so.2.11301.0
7fdefb491000-7fdefb690000 ---p 00106000 08:05 921981                     /usr/lib/x86_64-linux-gnu/libcairo.so.2.11301.0
7fdefb690000-7fdefb693000 r--p 00105000 08:05 921981                     /usr/lib/x86_64-linux-gnu/libcairo.so.2.11301.0
7fdefb693000-7fdefb694000 rw-p 00108000 08:05 921981                     /usr/lib/x86_64-linux-gnu/libcairo.so.2.11301.0
7fdefb694000-7fdefb696000 rw-p 00000000 00:00 0 
7fdefb696000-7fdefb6b5000 r-xp 00000000 08:05 921942                     /usr/lib/x86_64-linux-gnu/libatk-1.0.so.0.21009.1
7fdefb6b5000-7fdefb8b5000 ---p 0001f000 08:05 921942                     /usr/lib/x86_64-linux-gnu/libatk-1.0.so.0.21009.1
7fdefb8b5000-7fdefb8b7000 r--p 0001f000 08:05 921942                     /usr/lib/x86_64-linux-gnu/libatk-1.0.so.0.21009.1
7fdefb8b7000-7fdefb8b8000 rw-p 00021000 08:05 921942                     /usr/lib/x86_64-linux-gnu/libatk-1.0.so.0.21009.1
7fdefb8b8000-7fdefb8bd000 r-xp 00000000 08:05 921865                     /usr/lib/x86_64-linux-gnu/libXfixes.so.3.1.0
7fdefb8bd000-7fdefbabc000 ---p 00005000 08:05 921865                     /usr/lib/x86_64-linux-gnu/libXfixes.so.3.1.0
7fdefbabc000-7fdefbabd000 r--p 00004000 08:05 921865                     /usr/lib/x86_64-linux-gnu/libXfixes.so.3.1.0
7fdefbabd000-7fdefbabe000 rw-p 00005000 08:05 921865                     /usr/lib/x86_64-linux-gnu/libXfixes.so.3.1.0
7fdefbabe000-7fdefbbee000 r-xp 00000000 08:05 921846                     /usr/lib/x86_64-linux-gnu/libX11.so.6.3.0
7fdefbbee000-7fdefbdee000 ---p 00130000 08:05 921846                     /usr/lib/x86_64-linux-gnu/libX11.so.6.3.0
7fdefbdee000-7fdefbdef000 r--p 00130000 08:05 921846                     /usr/lib/x86_64-linux-gnu/libX11.so.6.3.0
7fdefbdef000-7fdefbdf3000 rw-p 00131000 08:05 921846                     /usr/lib/x86_64-linux-gnu/libX11.so.6.3.0
7fdefbdf3000-7fdefbdfe000 r-xp 00000000 08:05 922587                     /usr/lib/x86_64-linux-gnu/libpangocairo-1.0.so.0.3600.3
7fdefbdfe000-7fdefbffe000 ---p 0000b000 08:05 922587                     /usr/lib/x86_64-linux-gnu/libpangocairo-1.0.so.0.3600.3
7fdefbffe000-7fdefbfff000 r--p 0000b000 08:05 922587                     /usr/lib/x86_64-linux-gnu/libpangocairo-1.0.so.0.3600.3
7fdefbfff000-7fdefc000000 rw-p 0000c000 08:05 922587                     /usr/lib/x86_64-linux-gnu/libpangocairo-1.0.so.0.3600.3
7fdefc000000-7fdefc021000 rw-p 00000000 00:00 0 
7fdefc021000-7fdf00000000 ---p 00000000 00:00 0 
7fdf00000000-7fdf00001000 r--s 00000000 08:05 289536                     /var/cache/fontconfig/56cf4f4769d0f4abc89a4895d7bd3ae1-le64.cache-4
7fdf00001000-7fdf00002000 r--s 00000000 08:05 289548                     /var/cache/fontconfig/b9d506c9ac06c20b433354fa67a72993-le64.cache-4
7fdf00002000-7fdf00003000 r--s 00000000 08:05 289525                     /var/cache/fontconfig/0c9eb80ebd1c36541ebe2852d3bb0c49-le64.cache-4
7fdf00003000-7fdf00010000 r--s 00000000 08:05 290135                     /var/cache/fontconfig/e13b20fdb08344e0e664864cc2ede53d-le64.cache-4
7fdf00010000-7fdf0003a000 r--p 00000000 08:05 168338                     /usr/share/locale-langpack/es/LC_MESSAGES/gtk20-properties.mo
7fdf0003a000-7fdf00060000 r--p 00000000 08:05 168395                     /usr/share/locale-langpack/es/LC_MESSAGES/libc.mo
7fdf00060000-7fdf00063000 r-xp 00000000 08:05 922245                     /usr/lib/x86_64-linux-gnu/libgmodule-2.0.so.0.4002.0
7fdf00063000-7fdf00262000 ---p 00003000 08:05 922245                     /usr/lib/x86_64-linux-gnu/libgmodule-2.0.so.0.4002.0
7fdf00262000-7fdf00263000 r--p 00002000 08:05 922245                     /usr/lib/x86_64-linux-gnu/libgmodule-2.0.so.0.4002.0
7fdf00263000-7fdf00264000 rw-p 00003000 08:05 922245                     /usr/lib/x86_64-linux-gnu/libgmodule-2.0.so.0.4002.0
7fdf00264000-7fdf00312000 r-xp 00000000 08:05 921225                     /usr/lib/x86_64-linux-gnu/libgdk-x11-2.0.so.0.2400.23
7fdf00312000-7fdf00511000 ---p 000ae000 08:05 921225                     /usr/lib/x86_64-linux-gnu/libgdk-x11-2.0.so.0.2400.23
7fdf00511000-7fdf00515000 r--p 000ad000 08:05 921225                     /usr/lib/x86_64-linux-gnu/libgdk-x11-2.0.so.0.2400.23
7fdf00515000-7fdf00517000 rw-p 000b1000 08:05 921225                     /usr/lib/x86_64-linux-gnu/libgdk-x11-2.0.so.0.2400.23
7fdf00517000-7fdf0051c000 r-xp 00000000 08:05 921891                     /usr/lib/x86_64-linux-gnu/libXtst.so.6.1.0
7fdf0051c000-7fdf0071b000 ---p 00005000 08:05 921891                     /usr/lib/x86_64-linux-gnu/libXtst.so.6.1.0
7fdf0071b000-7fdf0071c000 r--p 00004000 08:05 921891                     /usr/lib/x86_64-linux-gnu/libXtst.so.6.1.0
7fdf0071c000-7fdf0071d000 rw-p 00005000 08:05 921891                     /usr/lib/x86_64-linux-gnu/libXtst.so.6.1.0
7fdf0071d000-7fdf0071e000 r-xp 00000000 08:05 922368                     /usr/lib/x86_64-linux-gnu/libgthread-2.0.so.0.4002.0
7fdf0071e000-7fdf0091d000 ---p 00001000 08:05 922368                     /usr/lib/x86_64-linux-gnu/libgthread-2.0.so.0.4002.0
7fdf0091d000-7fdf0091e000 r--p 00000000 08:05 922368                     /usr/lib/x86_64-linux-gnu/libgthread-2.0.so.0.4002.0
7fdf0091e000-7fdf0091f000 rw-p 00001000 08:05 922368                     /usr/lib/x86_64-linux-gnu/libgthread-2.0.so.0.4002.0
7fdf0091f000-7fdf00d4f000 r-xp 00000000 08:05 921226                     /usr/lib/x86_64-linux-gnu/libgtk-x11-2.0.so.0.2400.23
7fdf00d4f000-7fdf00f4e000 ---p 00430000 08:05 921226                     /usr/lib/x86_64-linux-gnu/libgtk-x11-2.0.so.0.2400.23
7fdf00f4e000-7fdf00f55000 r--p 0042f000 08:05 921226                     /usr/lib/x86_64-linux-gnu/libgtk-x11-2.0.so.0.2400.23
7fdf00f55000-7fdf00f59000 rw-p 00436000 08:05 921226                     /usr/lib/x86_64-linux-gnu/libgtk-x11-2.0.so.0.2400.23
7fdf00f59000-7fdf00f5c000 rw-p 00000000 00:00 0 
7fdf00f5c000-7fdf00f60000 r--s 00000000 08:05 289937                     /var/cache/fontconfig/7ef2298fde41cc6eeb7af42e48b7d293-le64.cache-4
7fdf00f60000-7fdf00f65000 r--p 00000000 08:05 922173                     /home/chibi/.config/dconf/user
7fdf00f65000-7fdf00f66000 r--s 00000000 00:16 19740                      /run/user/1000/dconf/user
7fdf00f66000-7fdf00f6d000 r--s 00000000 08:05 1047829                    /usr/lib/x86_64-linux-gnu/gconv/gconv-modules.cache
7fdf00f6d000-7fdf00f7c000 r--p 00000000 08:05 168339                     /usr/share/locale-langpack/es/LC_MESSAGES/gtk20.mo
7fdf00f7c000-7fdf00fe8000 r-xp 00000000 08:05 169256                     /tmp/swtlib-64/libswt-pi-gtk-3557.so
7fdf00fe8000-7fdf010e7000 ---p 0006c000 08:05 169256                     /tmp/swtlib-64/libswt-pi-gtk-3557.so
7fdf010e7000-7fdf010eb000 rw-p 0006b000 08:05 169256                     /tmp/swtlib-64/libswt-pi-gtk-3557.so
7fdf010eb000-7fdf010ec000 rw-p 00000000 00:00 0 
7fdf010ec000-7fdf0112c000 r-xp 00000000 08:05 169232                     /tmp/swtlib-64/libswt-gtk-3557.so
7fdf0112c000-7fdf0122c000 ---p 00040000 08:05 169232                     /tmp/swtlib-64/libswt-gtk-3557.so
7fdf0122c000-7fdf01230000 rw-p 00040000 08:05 169232                     /tmp/swtlib-64/libswt-gtk-3557.so
7fdf01230000-7fdf01231000 rw-p 00000000 00:00 0 
7fdf01231000-7fdf01234000 r--s 0001a000 08:05 807774                     /usr/lib/jvm/java-8-oracle/jre/lib/jce.jar
7fdf01234000-7fdf01434000 rw-p 00000000 00:00 0 
7fdf01434000-7fdf01439000 r--s 00096000 08:05 807776                     /usr/lib/jvm/java-8-oracle/jre/lib/jsse.jar
7fdf01439000-7fdf0143d000 r--s 00038000 08:05 951484                     /home/chibi/.m2/repository/commons-lang/commons-lang/2.2/commons-lang-2.2.jar
7fdf0143d000-7fdf01445000 r--s 00053000 08:05 951483                     /home/chibi/.m2/repository/net/sf/oval/oval/1.81/oval-1.81.jar
7fdf01445000-7fdf01447000 r--s 0000d000 08:05 927933                     /home/chibi/.m2/repository/commons-logging/commons-logging/1.1.1/commons-logging-1.1.1.jar
7fdf01447000-7fdf0144c000 r--s 00034000 08:05 951481                     /home/chibi/.m2/repository/commons-beanutils/commons-beanutils/1.8.3/commons-beanutils-1.8.3.jar
7fdf0144c000-7fdf01458000 r--s 00076000 08:05 940392                     /home/chibi/.m2/repository/net/sourceforge/collections/collections-generic/4.01/collections-generic-4.01.jar
7fdf01458000-7fdf01466000 r--s 0007f000 08:05 927228                     /home/chibi/.m2/repository/commons-collections/commons-collections/3.2.1/commons-collections-3.2.1.jar
7fdf01466000-7fdf0146f000 r--s 0006d000 08:05 942749                     /home/chibi/.m2/repository/log4j/log4j/1.2.16/log4j-1.2.16.jar
7fdf0146f000-7fdf01471000 r--s 00008000 08:05 951476                     /home/chibi/.m2/repository/org/uqbar-project/uqbar-domain/3.6.1/uqbar-domain-3.6.1.jar
7fdf01471000-7fdf01474000 r--s 0000f000 08:05 943495                     /home/chibi/Descargas/eclipse/plugins/org.eclipse.xtend.lib.macro_2.9.0.v201512010527.jar
7fdf01474000-7fdf01479000 r--s 00036000 08:05 943494                     /home/chibi/Descargas/eclipse/plugins/org.eclipse.xtend.lib_2.9.0.v201512010527.jar
7fdf01479000-7fdf0147c000 r--s 0001f000 08:05 943805                     /home/chibi/Descargas/eclipse/plugins/org.eclipse.xtext.xbase.lib_2.9.0.v201512010527.jar
7fdf0147c000-7fdf014a5000 r--s 00200000 08:05 932915                     /home/chibi/Descargas/eclipse/plugins/com.google.guava_15.0.0.v201403281430.jar
7fdf014a5000-7fdf014c6000 r--s 00162000 08:05 952018                     /home/chibi/.m2/repository/org/mockito/mockito-all/1.9.5/mockito-all-1.9.5.jar
7fdf014c6000-7fdf014c9000 r--s 0000c000 08:05 961531                     /home/chibi/.m2/repository/org/eclipse/xtend/org.eclipse.xtend.lib.macro/2.9.1/org.eclipse.xtend.lib.macro-2.9.1.jar
7fdf014c9000-7fdf014f2000 r--s 001ee000 08:05 942551                     /home/chibi/.m2/repository/com/google/guava/guava/14.0.1/guava-14.0.1.jar
7fdf014f2000-7fdf014f5000 r--s 0001b000 08:05 961529                     /home/chibi/.m2/repository/org/eclipse/xtext/org.eclipse.xtext.xbase.lib/2.9.1/org.eclipse.xtext.xbase.lib-2.9.1.jar
7fdf014f5000-7fdf014f9000 r--s 00022000 08:05 961525                     /home/chibi/.m2/repository/org/eclipse/xtend/org.eclipse.xtend.lib/2.9.1/org.eclipse.xtend.lib-2.9.1.jar
7fdf014f9000-7fdf014fb000 r--s 00002000 08:05 961523                     /home/chibi/.m2/repository/org/uqbar-project/arena-xtend/3.6.1/arena-xtend-3.6.1.jar
7fdf014fb000-7fdf01505000 r--s 00095000 08:05 916803                     /home/chibi/.m2/repository/org/scala-lang/modules/scala-xml_2.11/1.0.2/scala-xml_2.11-1.0.2.jar
7fdf01505000-7fdf01506000 ---p 00000000 00:00 0 
7fdf01506000-7fdf01606000 rw-p 00000000 00:00 0                          [stack:7524]
7fdf01606000-7fdf01609000 ---p 00000000 00:00 0 
7fdf01609000-7fdf01707000 rw-p 00000000 00:00 0                          [stack:7523]
7fdf01707000-7fdf0170a000 ---p 00000000 00:00 0 
7fdf0170a000-7fdf01808000 rw-p 00000000 00:00 0                          [stack:7522]
7fdf01808000-7fdf0180b000 ---p 00000000 00:00 0 
7fdf0180b000-7fdf01909000 rw-p 00000000 00:00 0                          [stack:7521]
7fdf01909000-7fdf0190c000 ---p 00000000 00:00 0 
7fdf0190c000-7fdf01a0a000 rw-p 00000000 00:00 0                          [stack:7520]
7fdf01a0a000-7fdf01a0d000 ---p 00000000 00:00 0 
7fdf01a0d000-7fdf01b0b000 rw-p 00000000 00:00 0                          [stack:7519]
7fdf01b0b000-7fdf01b63000 r--s 004f2000 08:05 952183                     /home/chibi/.m2/repository/org/scala-lang/scala-library/2.11.2/scala-library-2.11.2.jar
7fdf01b63000-7fdf01b76000 r--s 00211000 08:05 933303                     /home/chibi/.m2/repository/org/eclipse/swt/gtk/org.eclipse.swt.gtk.linux.x86_64/3.5.2.v3557f/org.eclipse.swt.gtk.linux.x86_64-3.5.2.v3557f.jar
7fdf01b76000-7fdf01bba000 r--s 0037c000 08:05 918073                     /home/chibi/.m2/repository/org/eclipse/ui/org.eclipse.ui.workbench/3.4.2.M20090127-1700/org.eclipse.ui.workbench-3.4.2.M20090127-1700.jar
7fdf01bba000-7fdf01bc9000 r--s 000e5000 08:05 917936                     /home/chibi/.m2/repository/org/eclipse/org.eclipse.osgi/3.4.3.R34x_v20081215-1030/org.eclipse.osgi-3.4.3.R34x_v20081215-1030.jar
7fdf01bc9000-7fdf01bdd000 r--s 000eb000 08:05 917228                     /home/chibi/.m2/repository/org/eclipse/org.eclipse.jface/3.4.2.M20090107-0800/org.eclipse.jface-3.4.2.M20090107-0800.jar
7fdf01bdd000-7fdf01be2000 r--s 0002b000 08:05 917172                     /home/chibi/.m2/repository/org/eclipse/jface/org.eclipse.jface.databinding/1.2.1.M20080827-0800a/org.eclipse.jface.databinding-1.2.1.M20080827-0800a.jar
7fdf01be2000-7fdf01be5000 r--s 00015000 08:05 917168                     /home/chibi/.m2/repository/org/eclipse/equinox/org.eclipse.equinox.common/3.4.0.v20080421-2006/org.eclipse.equinox.common-3.4.0.v20080421-2006.jar
7fdf01be5000-7fdf01bee000 r--s 0004c000 08:05 917136                     /home/chibi/.m2/repository/org/eclipse/core/org.eclipse.core.databinding/1.1.1.M20080827-0800b/org.eclipse.core.databinding-1.1.1.M20080827-0800b.jar
7fdf01bee000-7fdf01bf0000 r--s 0000d000 08:05 917123                     /home/chibi/.m2/repository/org/eclipse/core/databinding/org.eclipse.core.databinding.beans/1.1.1.M20080827-0800a/org.eclipse.core.databinding.beans-1.1.1.M20080827-0800a.jar
7fdf01bf0000-7fdf01bf3000 r--s 00017000 08:05 917117                     /home/chibi/.m2/repository/org/eclipse/core/org.eclipse.core.commands/3.4.0.I20080509-2000/org.eclipse.core.commands-3.4.0.I20080509-2000.jar
7fdf01bf3000-7fdf01c41000 r--s 0087c000 08:05 940691                     /home/chibi/.m2/repository/com/ibm/icu/icu4j/50.1.1/icu4j-50.1.1.jar
7fdf01c41000-7fdf01c46000 r--s 00016000 08:05 951959                     /home/chibi/.m2/repository/xml-apis/xml-apis/1.0.b2/xml-apis-1.0.b2.jar
7fdf01c46000-7fdf01c4b000 r--s 00048000 08:05 942722                     /home/chibi/.m2/repository/dom4j/dom4j/1.6.1/dom4j-1.6.1.jar
7fdf01c4b000-7fdf01c4e000 r--s 00017000 08:05 951950                     /home/chibi/.m2/repository/org/reflections/reflections/0.9.8/reflections-0.9.8.jar
7fdf01c4e000-7fdf02330000 r--p 00000000 08:05 789633                     /usr/lib/locale/locale-archive
7fdf02330000-7fdf02333000 ---p 00000000 00:00 0 
7fdf02333000-7fdf02431000 rw-p 00000000 00:00 0                          [stack:7518]
7fdf02431000-7fdf02434000 ---p 00000000 00:00 0 
7fdf02434000-7fdf02532000 rw-p 00000000 00:00 0                          [stack:7517]
7fdf02532000-7fdf02533000 ---p 00000000 00:00 0 
7fdf02533000-7fdf05000000 rw-p 00000000 00:00 0                          [stack:7516]
7fdf05000000-7fdf05920000 rwxp 00000000 00:00 0 
7fdf05920000-7fdf14000000 ---p 00000000 00:00 0 
7fdf14000000-7fdf14b8f000 rw-p 00000000 00:00 0 
7fdf14b8f000-7fdf18000000 ---p 00000000 00:00 0 
7fdf18000000-7fdf18001000 r--s 00003000 08:05 918008                     /home/chibi/.m2/repository/org/eclipse/org.eclipse.swt/3.4.2.v3452b/org.eclipse.swt-3.4.2.v3452b.jar
7fdf18001000-7fdf1800b000 r--s 000a5000 08:05 951946                     /home/chibi/.m2/repository/org/javassist/javassist/3.18.1-GA/javassist-3.18.1-GA.jar
7fdf1800b000-7fdf1800f000 r--s 00028000 08:05 951944                     /home/chibi/.m2/repository/org/uqbar-project/arena-apo/3.6.1/arena-apo-3.6.1.jar
7fdf1800f000-7fdf18012000 r--s 00014000 08:05 951941                     /home/chibi/.m2/repository/org/uqbar-project/arena-pot/3.6.1/arena-pot-3.6.1.jar
7fdf18012000-7fdf18019000 r--s 0002c000 08:05 951937                     /home/chibi/.m2/repository/org/uqbar-project/arena-core/3.6.1/arena-core-3.6.1.jar
7fdf18019000-7fdf18480000 rw-p 00000000 00:00 0 
7fdf18480000-7fdf18659000 r--s 03d20000 08:05 807771                     /usr/lib/jvm/java-8-oracle/jre/lib/rt.jar
7fdf18659000-7fdf190b7000 rw-p 00000000 00:00 0 
7fdf190b7000-7fdf190b8000 ---p 00000000 00:00 0 
7fdf190b8000-7fdf191b8000 rw-p 00000000 00:00 0                          [stack:7515]
7fdf191b8000-7fdf191b9000 ---p 00000000 00:00 0 
7fdf191b9000-7fdf192b9000 rw-p 00000000 00:00 0                          [stack:7514]
7fdf192b9000-7fdf192ba000 ---p 00000000 00:00 0 
7fdf192ba000-7fdf193ba000 rw-p 00000000 00:00 0                          [stack:7513]
7fdf193ba000-7fdf193bb000 ---p 00000000 00:00 0 
7fdf193bb000-7fdf194d0000 rw-p 00000000 00:00 0                          [stack:7512]
7fdf194d0000-7fdf19601000 ---p 00000000 00:00 0 
7fdf19601000-7fdf19616000 rw-p 00000000 00:00 0 
7fdf19616000-7fdf19746000 ---p 00000000 00:00 0 
7fdf19746000-7fdf197a0000 rw-p 00000000 00:00 0 
7fdf197a0000-7fdf197e9000 ---p 00000000 00:00 0 
7fdf197e9000-7fdf1980f000 rw-p 00000000 00:00 0 
7fdf1980f000-7fdf19baa000 ---p 00000000 00:00 0 
7fdf19baa000-7fdf19bc4000 r-xp 00000000 08:05 807888                     /usr/lib/jvm/java-8-oracle/jre/lib/amd64/libzip.so
7fdf19bc4000-7fdf19dc4000 ---p 0001a000 08:05 807888                     /usr/lib/jvm/java-8-oracle/jre/lib/amd64/libzip.so
7fdf19dc4000-7fdf19dc5000 rw-p 0001a000 08:05 807888                     /usr/lib/jvm/java-8-oracle/jre/lib/amd64/libzip.so
7fdf19dc5000-7fdf19dd0000 r-xp 00000000 08:05 657773                     /lib/x86_64-linux-gnu/libnss_files-2.19.so
7fdf19dd0000-7fdf19fcf000 ---p 0000b000 08:05 657773                     /lib/x86_64-linux-gnu/libnss_files-2.19.so
7fdf19fcf000-7fdf19fd0000 r--p 0000a000 08:05 657773                     /lib/x86_64-linux-gnu/libnss_files-2.19.so
7fdf19fd0000-7fdf19fd1000 rw-p 0000b000 08:05 657773                     /lib/x86_64-linux-gnu/libnss_files-2.19.so
7fdf19fd1000-7fdf19fdc000 r-xp 00000000 08:05 657783                     /lib/x86_64-linux-gnu/libnss_nis-2.19.so
7fdf19fdc000-7fdf1a1db000 ---p 0000b000 08:05 657783                     /lib/x86_64-linux-gnu/libnss_nis-2.19.so
7fdf1a1db000-7fdf1a1dc000 r--p 0000a000 08:05 657783                     /lib/x86_64-linux-gnu/libnss_nis-2.19.so
7fdf1a1dc000-7fdf1a1dd000 rw-p 0000b000 08:05 657783                     /lib/x86_64-linux-gnu/libnss_nis-2.19.so
7fdf1a1dd000-7fdf1a1f4000 r-xp 00000000 08:05 657767                     /lib/x86_64-linux-gnu/libnsl-2.19.so
7fdf1a1f4000-7fdf1a3f3000 ---p 00017000 08:05 657767                     /lib/x86_64-linux-gnu/libnsl-2.19.so
7fdf1a3f3000-7fdf1a3f4000 r--p 00016000 08:05 657767                     /lib/x86_64-linux-gnu/libnsl-2.19.so
7fdf1a3f4000-7fdf1a3f5000 rw-p 00017000 08:05 657767                     /lib/x86_64-linux-gnu/libnsl-2.19.so
7fdf1a3f5000-7fdf1a3f7000 rw-p 00000000 00:00 0 
7fdf1a3f7000-7fdf1a400000 r-xp 00000000 08:05 657769                     /lib/x86_64-linux-gnu/libnss_compat-2.19.so
7fdf1a400000-7fdf1a5ff000 ---p 00009000 08:05 657769                     /lib/x86_64-linux-gnu/libnss_compat-2.19.so
7fdf1a5ff000-7fdf1a600000 r--p 00008000 08:05 657769                     /lib/x86_64-linux-gnu/libnss_compat-2.19.so
7fdf1a600000-7fdf1a601000 rw-p 00009000 08:05 657769                     /lib/x86_64-linux-gnu/libnss_compat-2.19.so
7fdf1a601000-7fdf1a62b000 r-xp 00000000 08:05 807882                     /usr/lib/jvm/java-8-oracle/jre/lib/amd64/libjava.so
7fdf1a62b000-7fdf1a82b000 ---p 0002a000 08:05 807882                     /usr/lib/jvm/java-8-oracle/jre/lib/amd64/libjava.so
7fdf1a82b000-7fdf1a82d000 rw-p 0002a000 08:05 807882                     /usr/lib/jvm/java-8-oracle/jre/lib/amd64/libjava.so
7fdf1a82d000-7fdf1a83a000 r-xp 00000000 08:05 807881                     /usr/lib/jvm/java-8-oracle/jre/lib/amd64/libverify.so
7fdf1a83a000-7fdf1aa3a000 ---p 0000d000 08:05 807881                     /usr/lib/jvm/java-8-oracle/jre/lib/amd64/libverify.so
7fdf1aa3a000-7fdf1aa3c000 rw-p 0000d000 08:05 807881                     /usr/lib/jvm/java-8-oracle/jre/lib/amd64/libverify.so
7fdf1aa3c000-7fdf1aa43000 r-xp 00000000 08:05 657826                     /lib/x86_64-linux-gnu/librt-2.19.so
7fdf1aa43000-7fdf1ac42000 ---p 00007000 08:05 657826                     /lib/x86_64-linux-gnu/librt-2.19.so
7fdf1ac42000-7fdf1ac43000 r--p 00006000 08:05 657826                     /lib/x86_64-linux-gnu/librt-2.19.so
7fdf1ac43000-7fdf1ac44000 rw-p 00007000 08:05 657826                     /lib/x86_64-linux-gnu/librt-2.19.so
7fdf1ac44000-7fdf1ad49000 r-xp 00000000 08:05 657748                     /lib/x86_64-linux-gnu/libm-2.19.so
7fdf1ad49000-7fdf1af48000 ---p 00105000 08:05 657748                     /lib/x86_64-linux-gnu/libm-2.19.so
7fdf1af48000-7fdf1af49000 r--p 00104000 08:05 657748                     /lib/x86_64-linux-gnu/libm-2.19.so
7fdf1af49000-7fdf1af4a000 rw-p 00105000 08:05 657748                     /lib/x86_64-linux-gnu/libm-2.19.so
7fdf1af4a000-7fdf1bc08000 r-xp 00000000 08:05 807898                     /usr/lib/jvm/java-8-oracle/jre/lib/amd64/server/libjvm.so
7fdf1bc08000-7fdf1be07000 ---p 00cbe000 08:05 807898                     /usr/lib/jvm/java-8-oracle/jre/lib/amd64/server/libjvm.so
7fdf1be07000-7fdf1bee0000 rw-p 00cbd000 08:05 807898                     /usr/lib/jvm/java-8-oracle/jre/lib/amd64/server/libjvm.so
7fdf1bee0000-7fdf1bf24000 rw-p 00000000 00:00 0 
7fdf1bf24000-7fdf1c0df000 r-xp 00000000 08:05 657698                     /lib/x86_64-linux-gnu/libc-2.19.so
7fdf1c0df000-7fdf1c2de000 ---p 001bb000 08:05 657698                     /lib/x86_64-linux-gnu/libc-2.19.so
7fdf1c2de000-7fdf1c2e2000 r--p 001ba000 08:05 657698                     /lib/x86_64-linux-gnu/libc-2.19.so
7fdf1c2e2000-7fdf1c2e4000 rw-p 001be000 08:05 657698                     /lib/x86_64-linux-gnu/libc-2.19.so
7fdf1c2e4000-7fdf1c2e9000 rw-p 00000000 00:00 0 
7fdf1c2e9000-7fdf1c2ec000 r-xp 00000000 08:05 657715                     /lib/x86_64-linux-gnu/libdl-2.19.so
7fdf1c2ec000-7fdf1c4eb000 ---p 00003000 08:05 657715                     /lib/x86_64-linux-gnu/libdl-2.19.so
7fdf1c4eb000-7fdf1c4ec000 r--p 00002000 08:05 657715                     /lib/x86_64-linux-gnu/libdl-2.19.so
7fdf1c4ec000-7fdf1c4ed000 rw-p 00003000 08:05 657715                     /lib/x86_64-linux-gnu/libdl-2.19.so
7fdf1c4ed000-7fdf1c502000 r-xp 00000000 08:05 809124                     /usr/lib/jvm/java-8-oracle/lib/amd64/jli/libjli.so
7fdf1c502000-7fdf1c702000 ---p 00015000 08:05 809124                     /usr/lib/jvm/java-8-oracle/lib/amd64/jli/libjli.so
7fdf1c702000-7fdf1c703000 rw-p 00015000 08:05 809124                     /usr/lib/jvm/java-8-oracle/lib/amd64/jli/libjli.so
7fdf1c703000-7fdf1c71c000 r-xp 00000000 08:05 657818                     /lib/x86_64-linux-gnu/libpthread-2.19.so
7fdf1c71c000-7fdf1c91b000 ---p 00019000 08:05 657818                     /lib/x86_64-linux-gnu/libpthread-2.19.so
7fdf1c91b000-7fdf1c91c000 r--p 00018000 08:05 657818                     /lib/x86_64-linux-gnu/libpthread-2.19.so
7fdf1c91c000-7fdf1c91d000 rw-p 00019000 08:05 657818                     /lib/x86_64-linux-gnu/libpthread-2.19.so
7fdf1c91d000-7fdf1c921000 rw-p 00000000 00:00 0 
7fdf1c921000-7fdf1c944000 r-xp 00000000 08:05 657674                     /lib/x86_64-linux-gnu/ld-2.19.so
7fdf1c944000-7fdf1c94a000 r--s 00035000 08:05 951933                     /home/chibi/.m2/repository/org/uqbar-project/arena-jface/3.6.1/arena-jface-3.6.1.jar
7fdf1c94a000-7fdf1ca1c000 rw-p 00000000 00:00 0 
7fdf1ca1c000-7fdf1ca1f000 ---p 00000000 00:00 0 
7fdf1ca1f000-7fdf1cb21000 rw-p 00000000 00:00 0                          [stack:7511]
7fdf1cb21000-7fdf1cb23000 r--s 00008000 08:05 933654                     /home/chibi/.m2/repository/org/uqbar-project/arena-poo/3.6.1/arena-poo-3.6.1.jar
7fdf1cb23000-7fdf1cb37000 rw-p 00000000 00:00 0 
7fdf1cb37000-7fdf1cb3f000 rw-s 00000000 08:05 169438                     /tmp/hsperfdata_chibi/7506
7fdf1cb3f000-7fdf1cb40000 rw-p 00000000 00:00 0 
7fdf1cb40000-7fdf1cb41000 ---p 00000000 00:00 0 
7fdf1cb41000-7fdf1cb43000 rw-p 00000000 00:00 0 
7fdf1cb43000-7fdf1cb44000 r--p 00022000 08:05 657674                     /lib/x86_64-linux-gnu/ld-2.19.so
7fdf1cb44000-7fdf1cb45000 rw-p 00023000 08:05 657674                     /lib/x86_64-linux-gnu/ld-2.19.so
7fdf1cb45000-7fdf1cb46000 rw-p 00000000 00:00 0 
7fffc08e5000-7fffc0907000 rw-p 00000000 00:00 0                          [stack]
7fffc094e000-7fffc0950000 r--p 00000000 00:00 0                          [vvar]
7fffc0950000-7fffc0952000 r-xp 00000000 00:00 0                          [vdso]
ffffffffff600000-ffffffffff601000 r-xp 00000000 00:00 0                  [vsyscall]

VM Arguments:
jvm_args: -Djava.system.class.loader=org.uqbar.apo.APOClassLoader -Dfile.encoding=UTF-8 
java_command: runnable.AplicacionLaberinto
java_class_path (initial): /home/chibi/Escritorio/UIS-Laberinto/UIS-Arena/target/classes:/home/chibi/.m2/repository/org/uqbar-project/arena-jface/3.6.1/arena-jface-3.6.1.jar:/home/chibi/.m2/repository/org/uqbar-project/arena-core/3.6.1/arena-core-3.6.1.jar:/home/chibi/.m2/repository/org/uqbar-project/arena-pot/3.6.1/arena-pot-3.6.1.jar:/home/chibi/.m2/repository/org/uqbar-project/arena-apo/3.6.1/arena-apo-3.6.1.jar:/home/chibi/.m2/repository/org/javassist/javassist/3.18.1-GA/javassist-3.18.1-GA.jar:/home/chibi/.m2/repository/org/reflections/reflections/0.9.8/reflections-0.9.8.jar:/home/chibi/.m2/repository/dom4j/dom4j/1.6.1/dom4j-1.6.1.jar:/home/chibi/.m2/repository/xml-apis/xml-apis/1.0.b2/xml-apis-1.0.b2.jar:/home/chibi/.m2/repository/org/uqbar-project/arena-poo/3.6.1/arena-poo-3.6.1.jar:/home/chibi/.m2/repository/com/ibm/icu/icu4j/50.1.1/icu4j-50.1.1.jar:/home/chibi/.m2/repository/org/eclipse/core/org.eclipse.core.commands/3.4.0.I20080509-2000/org.eclipse.core.commands-3.4.0.I20080509-2000.jar:/home/chibi/.m2/repository/org/eclipse/core/databinding/org.eclipse.core.databinding.beans/1.1.1.M20080827-0800a/org.eclipse.core.databinding.beans-1.1.1.M20080827-0800a.jar:/home/chibi/.m2/repository/org/eclipse/core/org.eclipse.core.databinding/1.1.1.M20080827-0800b/org.eclipse.core.databinding-1.1.1.M20080827-0800b.jar:/home/chibi/.m2/repository/org/eclipse/equinox/org.eclipse.equinox.common/3.4.0.v20080421-2006/org.eclipse.equinox.common-3.4.0.v20080421-2006.jar:/home/chibi/.m2/repository/org/eclipse/jface/org.eclipse.jface.databinding/1.2.1.M20080827-0800a/org.eclipse.jface.databinding-1.2.1.M20080827-0800a.jar:/home/chibi/.m2/repository/org/eclipse/org.eclipse.jface/3.4.2.M20090107-0800/org.eclipse.jface-3.4.2.M20090107-0800.jar:/home/chibi/.m2/repository/org/eclipse/org.eclipse.osgi/3.4.3.R34x_v20081215-1030/org.eclipse.osgi-3.4.3.R34x_v20081215-1030.jar:/home/chibi/.m2/repository/org/eclipse/org.eclipse.swt/3.4.2.v3452b/org.eclipse.swt-3.4.2.v3452b.jar:/home/chibi
Launcher Type: SUN_STANDARD

Environment Variables:
PATH=/usr/local/sbin:/usr/local/bin:/usr/sbin:/usr/bin:/sbin:/bin:/usr/games:/usr/local/games
SHELL=/bin/bash
DISPLAY=:0.0

Signal Handlers:
SIGSEGV: [libjvm.so+0xaba2a0], sa_mask[0]=11111111011111111101111111111110, sa_flags=SA_RESTART|SA_SIGINFO
SIGBUS: [libjvm.so+0xaba2a0], sa_mask[0]=11111111011111111101111111111110, sa_flags=SA_RESTART|SA_SIGINFO
SIGFPE: [libjvm.so+0x917710], sa_mask[0]=11111111011111111101111111111110, sa_flags=SA_RESTART|SA_SIGINFO
SIGPIPE: SIG_IGN, sa_mask[0]=00000000000010000000000000000000, sa_flags=SA_RESTART
SIGXFSZ: [libjvm.so+0x917710], sa_mask[0]=11111111011111111101111111111110, sa_flags=SA_RESTART|SA_SIGINFO
SIGILL: [libjvm.so+0x917710], sa_mask[0]=11111111011111111101111111111110, sa_flags=SA_RESTART|SA_SIGINFO
SIGUSR1: SIG_DFL, sa_mask[0]=00000000000000000000000000000000, sa_flags=none
SIGUSR2: [libjvm.so+0x918d40], sa_mask[0]=00100000000000000000000000000000, sa_flags=SA_RESTART|SA_SIGINFO
SIGHUP: [libjvm.so+0x91a140], sa_mask[0]=11111111011111111101111111111110, sa_flags=SA_RESTART|SA_SIGINFO
SIGINT: [libjvm.so+0x91a140], sa_mask[0]=11111111011111111101111111111110, sa_flags=SA_RESTART|SA_SIGINFO
SIGTERM: [libjvm.so+0x91a140], sa_mask[0]=11111111011111111101111111111110, sa_flags=SA_RESTART|SA_SIGINFO
SIGQUIT: [libjvm.so+0x91a140], sa_mask[0]=11111111011111111101111111111110, sa_flags=SA_RESTART|SA_SIGINFO


---------------  S Y S T E M  ---------------

OS:DISTRIB_ID=Ubuntu
DISTRIB_RELEASE=14.04
DISTRIB_CODENAME=trusty
DISTRIB_DESCRIPTION="Ubuntu 14.04.3 LTS"

uname:Linux 3.19.0-30-generic #34~14.04.1-Ubuntu SMP Fri Oct 2 22:09:39 UTC 2015 x86_64
libc:glibc 2.19 NPTL 2.19 
rlimit: STACK 8192k, CORE 0k, NPROC 15514, NOFILE 4096, AS infinity
load average:2,59 1,44 0,85

/proc/meminfo:
MemTotal:        3993212 kB
MemFree:          126248 kB
MemAvailable:      67672 kB
Buffers:             512 kB
Cached:           286888 kB
SwapCached:            0 kB
Active:          2256104 kB
Inactive:         234012 kB
Active(anon):    2247492 kB
Inactive(anon):   222528 kB
Active(file):       8612 kB
Inactive(file):    11484 kB
Unevictable:     1222104 kB
Mlocked:         1222104 kB
SwapTotal:             0 kB
SwapFree:              0 kB
Dirty:              4376 kB
Writeback:             0 kB
AnonPages:       3425256 kB
Mapped:           106832 kB
Shmem:            246148 kB
Slab:              61852 kB
SReclaimable:      31696 kB
SUnreclaim:        30156 kB
KernelStack:        9744 kB
PageTables:        37936 kB
NFS_Unstable:          0 kB
Bounce:                0 kB
WritebackTmp:          0 kB
CommitLimit:     1996604 kB
Committed_AS:    7101136 kB
VmallocTotal:   34359738367 kB
VmallocUsed:      216732 kB
VmallocChunk:   34359512028 kB
HardwareCorrupted:     0 kB
AnonHugePages:   1796096 kB
CmaTotal:              0 kB
CmaFree:               0 kB
HugePages_Total:       0
HugePages_Free:        0
HugePages_Rsvd:        0
HugePages_Surp:        0
Hugepagesize:       2048 kB
DirectMap4k:      116992 kB
DirectMap2M:     4024320 kB


CPU:total 4 (2 cores per cpu, 2 threads per core) family 6 model 42 stepping 7, cmov, cx8, fxsr, mmx, sse, sse2, sse3, ssse3, sse4.1, sse4.2, popcnt, avx, clmul, ht, tsc, tscinvbit

/proc/cpuinfo:
processor	: 0
vendor_id	: GenuineIntel
cpu family	: 6
model		: 42
model name	: Intel(R) Core(TM) i3-2330M CPU @ 2.20GHz
stepping	: 7
microcode	: 0x23
cpu MHz		: 853.960
cache size	: 3072 KB
physical id	: 0
siblings	: 4
core id		: 0
cpu cores	: 2
apicid		: 0
initial apicid	: 0
fpu		: yes
fpu_exception	: yes
cpuid level	: 13
wp		: yes
flags		: fpu vme de pse tsc msr pae mce cx8 apic sep mtrr pge mca cmov pat pse36 clflush dts acpi mmx fxsr sse sse2 ss ht tm pbe syscall nx rdtscp lm constant_tsc arch_perfmon pebs bts rep_good nopl xtopology nonstop_tsc aperfmperf eagerfpu pni pclmulqdq dtes64 monitor ds_cpl vmx est tm2 ssse3 cx16 xtpr pdcm pcid sse4_1 sse4_2 x2apic popcnt tsc_deadline_timer xsave avx lahf_lm arat epb pln pts dtherm tpr_shadow vnmi flexpriority ept vpid xsaveopt
bugs		:
bogomips	: 4390.12
clflush size	: 64
cache_alignment	: 64
address sizes	: 36 bits physical, 48 bits virtual
power management:

processor	: 1
vendor_id	: GenuineIntel
cpu family	: 6
model		: 42
model name	: Intel(R) Core(TM) i3-2330M CPU @ 2.20GHz
stepping	: 7
microcode	: 0x23
cpu MHz		: 823.023
cache size	: 3072 KB
physical id	: 0
siblings	: 4
core id		: 0
cpu cores	: 2
apicid		: 1
initial apicid	: 1
fpu		: yes
fpu_exception	: yes
cpuid level	: 13
wp		: yes
flags		: fpu vme de pse tsc msr pae mce cx8 apic sep mtrr pge mca cmov pat pse36 clflush dts acpi mmx fxsr sse sse2 ss ht tm pbe syscall nx rdtscp lm constant_tsc arch_perfmon pebs bts rep_good nopl xtopology nonstop_tsc aperfmperf eagerfpu pni pclmulqdq dtes64 monitor ds_cpl vmx est tm2 ssse3 cx16 xtpr pdcm pcid sse4_1 sse4_2 x2apic popcnt tsc_deadline_timer xsave avx lahf_lm arat epb pln pts dtherm tpr_shadow vnmi flexpriority ept vpid xsaveopt
bugs		:
bogomips	: 4390.12
clflush size	: 64
cache_alignment	: 64
address sizes	: 36 bits physical, 48 bits virtual
power management:

processor	: 2
vendor_id	: GenuineIntel
cpu family	: 6
model		: 42
model name	: Intel(R) Core(TM) i3-2330M CPU @ 2.20GHz
stepping	: 7
microcode	: 0x23
cpu MHz		: 819.671
cache size	: 3072 KB
physical id	: 0
siblings	: 4
core id		: 1
cpu cores	: 2
apicid		: 2
initial apicid	: 2
fpu		: yes
fpu_exception	: yes
cpuid level	: 13
wp		: yes
flags		: fpu vme de pse tsc msr pae mce cx8 apic sep mtrr pge mca cmov pat pse36 clflush dts acpi mmx fxsr sse sse2 ss ht tm pbe syscall nx rdtscp lm constant_tsc arch_perfmon pebs bts rep_good nopl xtopology nonstop_tsc aperfmperf eagerfpu pni pclmulqdq dtes64 monitor ds_cpl vmx est tm2 ssse3 cx16 xtpr pdcm pcid sse4_1 sse4_2 x2apic popcnt tsc_deadline_timer xsave avx lahf_lm arat epb pln pts dtherm tpr_shadow vnmi flexpriority ept vpid xsaveopt
bugs		:
bogomips	: 4390.12
clflush size	: 64
cache_alignment	: 64
address sizes	: 36 bits physical, 48 bits virtual
power management:

processor	: 3
vendor_id	: GenuineIntel
cpu family	: 6
model		: 42
model name	: Intel(R) Core(TM) i3-2330M CPU @ 2.20GHz
stepping	: 7
microcode	: 0x23
cpu MHz		: 802.226
cache size	: 3072 KB
physical id	: 0
siblings	: 4
core id		: 1
cpu cores	: 2
apicid		: 3
initial apicid	: 3
fpu		: yes
fpu_exception	: yes
cpuid level	: 13
wp		: yes
flags		: fpu vme de pse tsc msr pae mce cx8 apic sep mtrr pge mca cmov pat pse36 clflush dts acpi mmx fxsr sse sse2 ss ht tm pbe syscall nx rdtscp lm constant_tsc arch_perfmon pebs bts rep_good nopl xtopology nonstop_tsc aperfmperf eagerfpu pni pclmulqdq dtes64 monitor ds_cpl vmx est tm2 ssse3 cx16 xtpr pdcm pcid sse4_1 sse4_2 x2apic popcnt tsc_deadline_timer xsave avx lahf_lm arat epb pln pts dtherm tpr_shadow vnmi flexpriority ept vpid xsaveopt
bugs		:
bogomips	: 4390.12
clflush size	: 64
cache_alignment	: 64
address sizes	: 36 bits physical, 48 bits virtual
power management:



Memory: 4k page, physical 3993212k(126248k free), swap 0k(0k free)

vm_info: Java HotSpot(TM) 64-Bit Server VM (25.66-b17) for linux-amd64 JRE (1.8.0_66-b17), built on Oct  6 2015 17:28:34 by "java_re" with gcc 4.3.0 20080428 (Red Hat 4.3.0-8)

time: Mon Apr 18 05:33:49 2016
elapsed time: 51 seconds (0d 0h 0m 51s)

