#
# There is insufficient memory for the Java Runtime Environment to continue.
# Native memory allocation (mmap) failed to map 83361792 bytes for committing reserved memory.
# Possible reasons:
#   The system is out of physical RAM or swap space
#   In 32 bit mode, the process size limit was hit
# Possible solutions:
#   Reduce memory load on the system
#   Increase physical memory or swap space
#   Check if swap backing store is full
#   Use 64 bit Java on a 64 bit OS
#   Decrease Java heap size (-Xmx/-Xms)
#   Decrease number of Java threads
#   Decrease Java thread stack sizes (-Xss)
#   Set larger code cache with -XX:ReservedCodeCacheSize=
# This output file may be truncated or incomplete.
#
#  Out of Memory Error (os_linux.cpp:2627), pid=3483, tid=140596670977792
#
# JRE version: Java(TM) SE Runtime Environment (8.0_66-b17) (build 1.8.0_66-b17)
# Java VM: Java HotSpot(TM) 64-Bit Server VM (25.66-b17 mixed mode linux-amd64 compressed oops)
# Failed to write core dump. Core dumps have been disabled. To enable core dumping, try "ulimit -c unlimited" before starting Java again
#

---------------  T H R E A D  ---------------

Current thread (0x00007fdf48079800):  VMThread [stack: 0x00007fdf36915000,0x00007fdf36a16000] [id=3505]

Stack: [0x00007fdf36915000,0x00007fdf36a16000],  sp=0x00007fdf36a13f60,  free space=1019k
Native frames: (J=compiled Java code, j=interpreted, Vv=VM code, C=native code)
V  [libjvm.so+0xab9a1a]  VMError::report_and_die()+0x2ba
V  [libjvm.so+0x4f9e0b]  report_vm_out_of_memory(char const*, int, unsigned long, VMErrorType, char const*)+0x8b
V  [libjvm.so+0x91a8a3]  os::Linux::commit_memory_impl(char*, unsigned long, bool)+0x103
V  [libjvm.so+0x91adf9]  os::pd_commit_memory(char*, unsigned long, unsigned long, bool)+0x29
V  [libjvm.so+0x91510a]  os::commit_memory(char*, unsigned long, unsigned long, bool)+0x2a
V  [libjvm.so+0x9887a3]  PSVirtualSpace::expand_by(unsigned long)+0x53
V  [libjvm.so+0x989ba8]  PSYoungGen::resize_generation(unsigned long, unsigned long)+0xf8
V  [libjvm.so+0x988d02]  PSYoungGen::resize(unsigned long, unsigned long)+0x22
V  [libjvm.so+0x985fdb]  PSScavenge::invoke_no_policy()+0xf3b
V  [libjvm.so+0x986761]  PSScavenge::invoke()+0x41
V  [libjvm.so+0x93e500]  ParallelScavengeHeap::failed_mem_allocate(unsigned long)+0x70
V  [libjvm.so+0xabb437]  VM_ParallelGCFailedAllocation::doit()+0x97
V  [libjvm.so+0xac2e65]  VM_Operation::evaluate()+0x55
V  [libjvm.so+0xac123a]  VMThread::evaluate_operation(VM_Operation*)+0xba
V  [libjvm.so+0xac15be]  VMThread::loop()+0x1ce
V  [libjvm.so+0xac1a30]  VMThread::run()+0x70
V  [libjvm.so+0x91cc68]  java_start(Thread*)+0x108

VM_Operation (0x00007fdf50eea9d0): ParallelGCFailedAllocation, mode: safepoint, requested by thread 0x00007fdf4800b800


---------------  P R O C E S S  ---------------

Java Threads: ( => current thread )
  0x00007fdf48227800 JavaThread "Service Thread" daemon [_thread_blocked, id=3515, stack(0x00007fdf359d7000,0x00007fdf35ad8000)]
  0x00007fdf48224800 JavaThread "C1 CompilerThread2" daemon [_thread_blocked, id=3514, stack(0x00007fdf35ad8000,0x00007fdf35bd9000)]
  0x00007fdf48222800 JavaThread "C2 CompilerThread1" daemon [_thread_blocked, id=3513, stack(0x00007fdf35bd9000,0x00007fdf35cda000)]
  0x00007fdf48220800 JavaThread "C2 CompilerThread0" daemon [_thread_blocked, id=3512, stack(0x00007fdf35cda000,0x00007fdf35ddb000)]
  0x00007fdf4821e800 JavaThread "Signal Dispatcher" daemon [_thread_blocked, id=3511, stack(0x00007fdf35ddb000,0x00007fdf35edc000)]
  0x00007fdf48080800 JavaThread "Finalizer" daemon [_thread_blocked, id=3509, stack(0x00007fdf36713000,0x00007fdf36814000)]
  0x00007fdf4807e800 JavaThread "Reference Handler" daemon [_thread_blocked, id=3506, stack(0x00007fdf36814000,0x00007fdf36915000)]
  0x00007fdf4800b800 JavaThread "main" [_thread_blocked, id=3489, stack(0x00007fdf50ded000,0x00007fdf50eee000)]

Other Threads:
=>0x00007fdf48079800 VMThread [stack: 0x00007fdf36915000,0x00007fdf36a16000] [id=3505]
  0x00007fdf4822d000 WatcherThread [stack: 0x00007fdf358d6000,0x00007fdf359d7000] [id=3516]

VM state:at safepoint (normal execution)

VM Mutex/Monitor currently owned by a thread:  ([mutex/lock_event])
[0x00007fdf48007fa0] Threads_lock - owner thread: 0x00007fdf48079800
[0x00007fdf480084a0] Heap_lock - owner thread: 0x00007fdf4800b800

Heap:
 PSYoungGen      total 134656K, used 7666K [0x00000000ebb00000, 0x00000000f4600000, 0x0000000100000000)
  eden space 126976K, 0% used [0x00000000ebb00000,0x00000000ebb00000,0x00000000f3700000)
  from space 7680K, 99% used [0x00000000f3700000,0x00000000f3e7cb88,0x00000000f3e80000)
  to   space 7680K, 0% used [0x00000000f3e80000,0x00000000f3e80000,0x00000000f4600000)
 ParOldGen       total 42496K, used 19002K [0x00000000c3000000, 0x00000000c5980000, 0x00000000ebb00000)
  object space 42496K, 44% used [0x00000000c3000000,0x00000000c428e998,0x00000000c5980000)
 Metaspace       used 15742K, capacity 16002K, committed 16256K, reserved 1062912K
  class space    used 1987K, capacity 2091K, committed 2176K, reserved 1048576K

Card table byte_map: [0x00007fdf4d9d2000,0x00007fdf4dbbb000] byte_map_base: 0x00007fdf4d3ba000

Marking Bits: (ParMarkBitMap*) 0x00007fdf502ca020
 Begin Bits: [0x00007fdf37180000, 0x00007fdf380c0000)
 End Bits:   [0x00007fdf380c0000, 0x00007fdf39000000)

Polling page: 0x00007fdf50f11000

CodeCache: size=245760Kb used=7003Kb max_used=7003Kb free=238756Kb
 bounds [0x00007fdf39000000, 0x00007fdf396e0000, 0x00007fdf48000000]
 total_blobs=2503 nmethods=2065 adapters=351
 compilation: enabled

Compilation events (10 events):
Event: 8,617 Thread 0x00007fdf48222800 2070       4       java.net.URLStreamHandler::parseURL (1158 bytes)
Event: 8,622 Thread 0x00007fdf48220800 2071       4       sun.misc.URLClassPath$1::next (63 bytes)
Event: 8,629 Thread 0x00007fdf48224800 2072       3       javassist.bytecode.LocalVariableAttribute::shiftPc (130 bytes)
Event: 8,631 Thread 0x00007fdf48224800 nmethod 2072 0x00007fdf396cee50 code [0x00007fdf396cf020, 0x00007fdf396cf850]
Event: 8,644 Thread 0x00007fdf48224800 2073 %     3       javassist.bytecode.CodeIterator::insertGap2 @ 6 (622 bytes)
Event: 8,648 Thread 0x00007fdf48224800 nmethod 2073% 0x00007fdf396cc350 code [0x00007fdf396cc6e0, 0x00007fdf396cdc98]
Event: 8,648 Thread 0x00007fdf48224800 2074       3       com.google.common.cache.LocalCache::customWeigher (16 bytes)
Event: 8,648 Thread 0x00007fdf48224800 nmethod 2074 0x00007fdf396d61d0 code [0x00007fdf396d6340, 0x00007fdf396d6510]
Event: 8,648 Thread 0x00007fdf48224800 2075       3       com.google.common.cache.LocalCache::usesWriteQueue (5 bytes)
Event: 8,649 Thread 0x00007fdf48224800 nmethod 2075 0x00007fdf396cbf10 code [0x00007fdf396cc080, 0x00007fdf396cc2b0]

GC Heap History (10 events):
Event: 3,463 GC heap after
Heap after GC invocations=4 (full 0):
 PSYoungGen      total 34304K, used 2528K [0x00000000ebb00000, 0x00000000edf00000, 0x0000000100000000)
  eden space 31744K, 0% used [0x00000000ebb00000,0x00000000ebb00000,0x00000000eda00000)
  from space 2560K, 98% used [0x00000000edc80000,0x00000000edef8020,0x00000000edf00000)
  to   space 2560K, 0% used [0x00000000eda00000,0x00000000eda00000,0x00000000edc80000)
 ParOldGen       total 42496K, used 8911K [0x00000000c3000000, 0x00000000c5980000, 0x00000000ebb00000)
  object space 42496K, 20% used [0x00000000c3000000,0x00000000c38b3e78,0x00000000c5980000)
 Metaspace       used 14391K, capacity 14608K, committed 14848K, reserved 1062912K
  class space    used 1864K, capacity 1944K, committed 2048K, reserved 1048576K
}
Event: 4,344 GC heap before
{Heap before GC invocations=5 (full 0):
 PSYoungGen      total 34304K, used 34272K [0x00000000ebb00000, 0x00000000edf00000, 0x0000000100000000)
  eden space 31744K, 100% used [0x00000000ebb00000,0x00000000eda00000,0x00000000eda00000)
  from space 2560K, 98% used [0x00000000edc80000,0x00000000edef8020,0x00000000edf00000)
  to   space 2560K, 0% used [0x00000000eda00000,0x00000000eda00000,0x00000000edc80000)
 ParOldGen       total 42496K, used 8911K [0x00000000c3000000, 0x00000000c5980000, 0x00000000ebb00000)
  object space 42496K, 20% used [0x00000000c3000000,0x00000000c38b3e78,0x00000000c5980000)
 Metaspace       used 14812K, capacity 15056K, committed 15360K, reserved 1062912K
  class space    used 1910K, capacity 1992K, committed 2048K, reserved 1048576K
Event: 4,383 GC heap after
Heap after GC invocations=5 (full 0):
 PSYoungGen      total 34304K, used 2544K [0x00000000ebb00000, 0x00000000f0700000, 0x0000000100000000)
  eden space 31744K, 0% used [0x00000000ebb00000,0x00000000ebb00000,0x00000000eda00000)
  from space 2560K, 99% used [0x00000000eda00000,0x00000000edc7c010,0x00000000edc80000)
  to   space 7168K, 0% used [0x00000000f0000000,0x00000000f0000000,0x00000000f0700000)
 ParOldGen       total 42496K, used 12294K [0x00000000c3000000, 0x00000000c5980000, 0x00000000ebb00000)
  object space 42496K, 28% used [0x00000000c3000000,0x00000000c3c01958,0x00000000c5980000)
 Metaspace       used 14812K, capacity 15056K, committed 15360K, reserved 1062912K
  class space    used 1910K, capacity 1992K, committed 2048K, reserved 1048576K
}
Event: 4,922 GC heap before
{Heap before GC invocations=6 (full 0):
 PSYoungGen      total 34304K, used 34288K [0x00000000ebb00000, 0x00000000f0700000, 0x0000000100000000)
  eden space 31744K, 100% used [0x00000000ebb00000,0x00000000eda00000,0x00000000eda00000)
  from space 2560K, 99% used [0x00000000eda00000,0x00000000edc7c010,0x00000000edc80000)
  to   space 7168K, 0% used [0x00000000f0000000,0x00000000f0000000,0x00000000f0700000)
 ParOldGen       total 42496K, used 12294K [0x00000000c3000000, 0x00000000c5980000, 0x00000000ebb00000)
  object space 42496K, 28% used [0x00000000c3000000,0x00000000c3c01958,0x00000000c5980000)
 Metaspace       used 14980K, capacity 15184K, committed 15360K, reserved 1062912K
  class space    used 1920K, capacity 1992K, committed 2048K, reserved 1048576K
Event: 4,957 GC heap after
Heap after GC invocations=6 (full 0):
 PSYoungGen      total 70656K, used 5424K [0x00000000ebb00000, 0x00000000f0700000, 0x0000000100000000)
  eden space 63488K, 0% used [0x00000000ebb00000,0x00000000ebb00000,0x00000000ef900000)
  from space 7168K, 75% used [0x00000000f0000000,0x00000000f054c030,0x00000000f0700000)
  to   space 7168K, 0% used [0x00000000ef900000,0x00000000ef900000,0x00000000f0000000)
 ParOldGen       total 42496K, used 12302K [0x00000000c3000000, 0x00000000c5980000, 0x00000000ebb00000)
  object space 42496K, 28% used [0x00000000c3000000,0x00000000c3c03958,0x00000000c5980000)
 Metaspace       used 14980K, capacity 15184K, committed 15360K, reserved 1062912K
  class space    used 1920K, capacity 1992K, committed 2048K, reserved 1048576K
}
Event: 5,716 GC heap before
{Heap before GC invocations=7 (full 0):
 PSYoungGen      total 70656K, used 68912K [0x00000000ebb00000, 0x00000000f0700000, 0x0000000100000000)
  eden space 63488K, 100% used [0x00000000ebb00000,0x00000000ef900000,0x00000000ef900000)
  from space 7168K, 75% used [0x00000000f0000000,0x00000000f054c030,0x00000000f0700000)
  to   space 7168K, 0% used [0x00000000ef900000,0x00000000ef900000,0x00000000f0000000)
 ParOldGen       total 42496K, used 12302K [0x00000000c3000000, 0x00000000c5980000, 0x00000000ebb00000)
  object space 42496K, 28% used [0x00000000c3000000,0x00000000c3c03958,0x00000000c5980000)
 Metaspace       used 15122K, capacity 15312K, committed 15616K, reserved 1062912K
  class space    used 1921K, capacity 1992K, committed 2048K, reserved 1048576K
Event: 5,788 GC heap after
Heap after GC invocations=7 (full 0):
 PSYoungGen      total 70656K, used 6618K [0x00000000ebb00000, 0x00000000f4600000, 0x0000000100000000)
  eden space 63488K, 0% used [0x00000000ebb00000,0x00000000ebb00000,0x00000000ef900000)
  from space 7168K, 92% used [0x00000000ef900000,0x00000000eff76810,0x00000000f0000000)
  to   space 7680K, 0% used [0x00000000f3e80000,0x00000000f3e80000,0x00000000f4600000)
 ParOldGen       total 42496K, used 13761K [0x00000000c3000000, 0x00000000c5980000, 0x00000000ebb00000)
  object space 42496K, 32% used [0x00000000c3000000,0x00000000c3d70740,0x00000000c5980000)
 Metaspace       used 15122K, capacity 15312K, committed 15616K, reserved 1062912K
  class space    used 1921K, capacity 1992K, committed 2048K, reserved 1048576K
}
Event: 6,897 GC heap before
{Heap before GC invocations=8 (full 0):
 PSYoungGen      total 70656K, used 70106K [0x00000000ebb00000, 0x00000000f4600000, 0x0000000100000000)
  eden space 63488K, 100% used [0x00000000ebb00000,0x00000000ef900000,0x00000000ef900000)
  from space 7168K, 92% used [0x00000000ef900000,0x00000000eff76810,0x00000000f0000000)
  to   space 7680K, 0% used [0x00000000f3e80000,0x00000000f3e80000,0x00000000f4600000)
 ParOldGen       total 42496K, used 13761K [0x00000000c3000000, 0x00000000c5980000, 0x00000000ebb00000)
  object space 42496K, 32% used [0x00000000c3000000,0x00000000c3d70740,0x00000000c5980000)
 Metaspace       used 15432K, capacity 15670K, committed 15872K, reserved 1062912K
  class space    used 1950K, capacity 2025K, committed 2048K, reserved 1048576K
Event: 6,949 GC heap after
Heap after GC invocations=8 (full 0):
 PSYoungGen      total 134656K, used 6624K [0x00000000ebb00000, 0x00000000f4600000, 0x0000000100000000)
  eden space 126976K, 0% used [0x00000000ebb00000,0x00000000ebb00000,0x00000000f3700000)
  from space 7680K, 86% used [0x00000000f3e80000,0x00000000f44f8000,0x00000000f4600000)
  to   space 7680K, 0% used [0x00000000f3700000,0x00000000f3700000,0x00000000f3e80000)
 ParOldGen       total 42496K, used 14218K [0x00000000c3000000, 0x00000000c5980000, 0x00000000ebb00000)
  object space 42496K, 33% used [0x00000000c3000000,0x00000000c3de2998,0x00000000c5980000)
 Metaspace       used 15432K, capacity 15670K, committed 15872K, reserved 1062912K
  class space    used 1950K, capacity 2025K, committed 2048K, reserved 1048576K
}
Event: 8,655 GC heap before
{Heap before GC invocations=9 (full 0):
 PSYoungGen      total 134656K, used 133600K [0x00000000ebb00000, 0x00000000f4600000, 0x0000000100000000)
  eden space 126976K, 100% used [0x00000000ebb00000,0x00000000f3700000,0x00000000f3700000)
  from space 7680K, 86% used [0x00000000f3e80000,0x00000000f44f8000,0x00000000f4600000)
  to   space 7680K, 0% used [0x00000000f3700000,0x00000000f3700000,0x00000000f3e80000)
 ParOldGen       total 42496K, used 14218K [0x00000000c3000000, 0x00000000c5980000, 0x00000000ebb00000)
  object space 42496K, 33% used [0x00000000c3000000,0x00000000c3de2998,0x00000000c5980000)
 Metaspace       used 15742K, capacity 16002K, committed 16256K, reserved 1062912K
  class space    used 1987K, capacity 2091K, committed 2176K, reserved 1048576K

Deoptimization events (10 events):
Event: 5,342 Thread 0x00007fdf4800b800 Uncommon trap: reason=unstable_if action=reinterpret pc=0x00007fdf392c18cc method=java.util.HashMap.putVal(ILjava/lang/Object;Ljava/lang/Object;ZZ)Ljava/lang/Object; @ 162
Event: 5,342 Thread 0x00007fdf4800b800 Uncommon trap: reason=unstable_if action=reinterpret pc=0x00007fdf39497fb0 method=java.util.HashMap.putVal(ILjava/lang/Object;Ljava/lang/Object;ZZ)Ljava/lang/Object; @ 109
Event: 5,361 Thread 0x00007fdf4800b800 Uncommon trap: reason=unstable_if action=reinterpret pc=0x00007fdf394c2078 method=java.util.HashMap.getNode(ILjava/lang/Object;)Ljava/util/HashMap$Node; @ 84
Event: 5,398 Thread 0x00007fdf4800b800 Uncommon trap: reason=unstable_if action=reinterpret pc=0x00007fdf3946ac7c method=java.util.HashMap.getNode(ILjava/lang/Object;)Ljava/util/HashMap$Node; @ 84
Event: 5,793 Thread 0x00007fdf4800b800 Uncommon trap: reason=unstable_if action=reinterpret pc=0x00007fdf3948a3e4 method=java.util.HashMap.resize()[Ljava/util/HashMap$Node; @ 206
Event: 7,661 Thread 0x00007fdf4800b800 Uncommon trap: reason=class_check action=maybe_recompile pc=0x00007fdf39655e24 method=java.util.HashMap.putVal(ILjava/lang/Object;Ljava/lang/Object;ZZ)Ljava/lang/Object; @ 203
Event: 7,662 Thread 0x00007fdf4800b800 Uncommon trap: reason=class_check action=maybe_recompile pc=0x00007fdf39655e24 method=java.util.HashMap.putVal(ILjava/lang/Object;Ljava/lang/Object;ZZ)Ljava/lang/Object; @ 203
Event: 7,662 Thread 0x00007fdf4800b800 Uncommon trap: reason=class_check action=maybe_recompile pc=0x00007fdf3964a2b4 method=java.util.HashMap.putVal(ILjava/lang/Object;Ljava/lang/Object;ZZ)Ljava/lang/Object; @ 203
Event: 7,733 Thread 0x00007fdf4800b800 Uncommon trap: reason=unstable_if action=reinterpret pc=0x00007fdf395fce24 method=java.util.HashMap.hash(Ljava/lang/Object;)I @ 1
Event: 7,734 Thread 0x00007fdf4800b800 Uncommon trap: reason=unstable_if action=reinterpret pc=0x00007fdf3929bbe8 method=java.util.HashMap.hash(Ljava/lang/Object;)I @ 1

Internal exceptions (10 events):
Event: 2,716 Thread 0x00007fdf4800b800 Exception <a 'java/lang/ClassNotFoundException': java/lang/ObjectBeanInfo> (0x00000000ec6abb50) thrown at [/HUDSON/workspace/8-2-build-linux-amd64/jdk8u66/4988/hotspot/src/share/vm/classfile/systemDictionary.cpp, line 210]
Event: 2,717 Thread 0x00007fdf4800b800 Exception <a 'java/lang/ClassNotFoundException': java/lang/ObjectCustomizer> (0x00000000ec6b0dd0) thrown at [/HUDSON/workspace/8-2-build-linux-amd64/jdk8u66/4988/hotspot/src/share/vm/classfile/systemDictionary.cpp, line 210]
Event: 2,731 Thread 0x00007fdf4800b800 Exception <a 'java/lang/ArrayIndexOutOfBoundsException': 18> (0x00000000ec6b3018) thrown at [/HUDSON/workspace/8-2-build-linux-amd64/jdk8u66/4988/hotspot/src/share/vm/interpreter/interpreterRuntime.cpp, line 366]
Event: 2,735 Thread 0x00007fdf4800b800 Exception <a 'java/lang/ArrayIndexOutOfBoundsException': 22> (0x00000000ec6b63c8) thrown at [/HUDSON/workspace/8-2-build-linux-amd64/jdk8u66/4988/hotspot/src/share/vm/interpreter/interpreterRuntime.cpp, line 366]
Event: 2,739 Thread 0x00007fdf4800b800 Exception <a 'java/lang/ArrayIndexOutOfBoundsException': 160> (0x00000000ec6b87a0) thrown at [/HUDSON/workspace/8-2-build-linux-amd64/jdk8u66/4988/hotspot/src/share/vm/interpreter/interpreterRuntime.cpp, line 366]
Event: 2,743 Thread 0x00007fdf4800b800 Exception <a 'java/lang/ClassNotFoundException': org/apache/log4j/LayoutCustomizer> (0x00000000ec6c5b08) thrown at [/HUDSON/workspace/8-2-build-linux-amd64/jdk8u66/4988/hotspot/src/share/vm/classfile/systemDictionary.cpp, line 210]
Event: 2,746 Thread 0x00007fdf4800b800 Exception <a 'java/lang/ClassNotFoundException': org/apache/log4j/PatternLayoutCustomizer> (0x00000000ec6e3e50) thrown at [/HUDSON/workspace/8-2-build-linux-amd64/jdk8u66/4988/hotspot/src/share/vm/classfile/systemDictionary.cpp, line 210]
Event: 2,752 Thread 0x00007fdf4800b800 Implicit null exception at 0x00007fdf391ab7f5 to 0x00007fdf391abb35
Event: 7,733 Thread 0x00007fdf4800b800 Implicit null exception at 0x00007fdf395fcc35 to 0x00007fdf395fce15
Event: 7,734 Thread 0x00007fdf4800b800 Implicit null exception at 0x00007fdf3929bb6f to 0x00007fdf3929bbd9

Events (10 events):
Event: 7,733 loading class java/beans/PropertyChangeEvent done
Event: 7,733 Thread 0x00007fdf4800b800 Uncommon trap: trap_request=0xffffff65 fr.pc=0x00007fdf395fce24
Event: 7,734 Thread 0x00007fdf4800b800 DEOPT PACKING pc=0x00007fdf395fce24 sp=0x00007fdf50eebcf0
Event: 7,734 Thread 0x00007fdf4800b800 DEOPT UNPACKING pc=0x00007fdf39005229 sp=0x00007fdf50eebc58 mode 2
Event: 7,734 Thread 0x00007fdf4800b800 Uncommon trap: trap_request=0xffffff65 fr.pc=0x00007fdf3929bbe8
Event: 7,734 Thread 0x00007fdf4800b800 DEOPT PACKING pc=0x00007fdf3929bbe8 sp=0x00007fdf50eebc90
Event: 7,734 Thread 0x00007fdf4800b800 DEOPT UNPACKING pc=0x00007fdf39005229 sp=0x00007fdf50eebc50 mode 2
Event: 8,043 loading class javax/persistence/Transient
Event: 8,043 loading class javax/persistence/Transient done
Event: 8,655 Executing VM operation: ParallelGCFailedAllocation


Dynamic libraries:
00400000-00401000 r-xp 00000000 08:05 806533                             /usr/lib/jvm/java-8-oracle/bin/java
00600000-00601000 rw-p 00000000 08:05 806533                             /usr/lib/jvm/java-8-oracle/bin/java
014a6000-014c7000 rw-p 00000000 00:00 0                                  [heap]
c3000000-c5980000 rw-p 00000000 00:00 0 
c5980000-ebb00000 ---p 00000000 00:00 0 
ebb00000-f4600000 rw-p 00000000 00:00 0 
f9580000-100000000 ---p 00000000 00:00 0 
100000000-100220000 rw-p 00000000 00:00 0 
100220000-140000000 ---p 00000000 00:00 0 
7fdeec000000-7fdeec022000 rw-p 00000000 00:00 0 
7fdeec022000-7fdef0000000 ---p 00000000 00:00 0 
7fdef3c00000-7fdef3dc0000 rw-p 00000000 00:00 0 
7fdef3dc0000-7fdef3e00000 ---p 00000000 00:00 0 
7fdef3e00000-7fdef4000000 rw-p 00000000 00:00 0 
7fdef4000000-7fdef4021000 rw-p 00000000 00:00 0 
7fdef4021000-7fdef8000000 ---p 00000000 00:00 0 
7fdef8006000-7fdef8018000 r--s 00345000 08:05 807759                     /usr/lib/jvm/java-8-oracle/jre/lib/resources.jar
7fdef81e5000-7fdef81e6000 rw-p 00000000 00:00 0 
7fdef81e6000-7fdef8238000 r--p 00000000 08:05 5522                       /usr/share/fonts/truetype/dejavu/DejaVuSansMono.ttf
7fdef8238000-7fdef828f000 r--p 00000000 08:05 133210                     /usr/share/fonts/truetype/ubuntu-font-family/Ubuntu-R.ttf
7fdef828f000-7fdef8290000 r--s 00000000 08:05 289549                     /var/cache/fontconfig/c05880de57d1f5e948fdfacc138775d9-le64.cache-4
7fdef8290000-7fdef829b000 r--s 00000000 08:05 289543                     /var/cache/fontconfig/945677eb7aeaf62f1d50efc3fb3ec7d8-le64.cache-4
7fdef829b000-7fdef829d000 r--s 00000000 08:05 292932                     /var/cache/fontconfig/99e8ed0e538f840c565b6ed5dad60d56-le64.cache-4
7fdef829d000-7fdef82a6000 r--s 00000000 08:05 292931                     /var/cache/fontconfig/a6d8cf8e4ec09cdbc8633c31745a07dd-le64.cache-4
7fdef82a6000-7fdef82ac000 r--s 00000000 08:05 289529                     /var/cache/fontconfig/2cd17615ca594fa2959ae173292e504c-le64.cache-4
7fdef82ac000-7fdef82ad000 r--s 00000000 08:05 289559                     /var/cache/fontconfig/e7071f4a29fa870f4323321c154eba04-le64.cache-4
7fdef82ad000-7fdef82ae000 r--s 00000000 08:05 289526                     /var/cache/fontconfig/0d8c3b2ac0904cb8a57a757ad11a4a08-le64.cache-4
7fdef82ae000-7fdef82b5000 r--s 00000000 08:05 289546                     /var/cache/fontconfig/a755afe4a08bf5b97852ceb7400b47bc-le64.cache-4
7fdef82b5000-7fdef82c9000 r--s 00000000 08:05 289524                     /var/cache/fontconfig/04aabc0a78ac019cf9454389977116d2-le64.cache-4
7fdef82c9000-7fdef82ca000 r--s 00000000 08:05 289528                     /var/cache/fontconfig/1ac9eb803944fde146138c791f5cc56a-le64.cache-4
7fdef82ca000-7fdef82ce000 r--s 00000000 08:05 289532                     /var/cache/fontconfig/385c0604a188198f04d133e54aba7fe7-le64.cache-4
7fdef82ce000-7fdef82d0000 r--s 00000000 08:05 289540                     /var/cache/fontconfig/767a8244fc0220cfb567a839d0392e0b-le64.cache-4
7fdef82d0000-7fdef82d5000 r--s 00000000 08:05 289542                     /var/cache/fontconfig/8801497958630a81b71ace7c5f9b32a8-le64.cache-4
7fdef82d5000-7fdef8310000 r--s 00000000 08:05 289941                     /var/cache/fontconfig/365b55f210c0a22e9a19e35191240f32-le64.cache-4
7fdef8310000-7fdef8317000 r--s 00000000 08:05 289530                     /var/cache/fontconfig/3047814df9a2f067bd2d96a2b9c36e5a-le64.cache-4
7fdef8317000-7fdef831d000 r--s 00000000 08:05 289547                     /var/cache/fontconfig/b47c4e1ecd0709278f4910c18777a504-le64.cache-4
7fdef831d000-7fdef8326000 r--s 00000000 08:05 290072                     /var/cache/fontconfig/52f7bdb7ce746bfd7eaa1985bd9cfa93-le64.cache-4
7fdef8326000-7fdef8339000 r--s 00000000 08:05 289553                     /var/cache/fontconfig/d52a8644073d54c13679302ca1180695-le64.cache-4
7fdef8339000-7fdef8342000 r--s 00000000 08:05 289533                     /var/cache/fontconfig/3f7329c5293ffd510edef78f73874cfd-le64.cache-4
7fdef8342000-7fdef834d000 r--s 00000000 08:05 290642                     /var/cache/fontconfig/d589a48862398ed80a3d6066f4f56f4c-le64.cache-4
7fdef834d000-7fdef834e000 ---p 00000000 00:00 0 
7fdef834e000-7fdef8b4e000 rw-p 00000000 00:00 0                          [stack:3526]
7fdef8b4e000-7fdef8b4f000 ---p 00000000 00:00 0 
7fdef8b4f000-7fdef934f000 rw-p 00000000 00:00 0                          [stack:3523]
7fdef934f000-7fdef935a000 r-xp 00000000 08:05 1047922                    /usr/lib/x86_64-linux-gnu/gio/modules/libdconfsettings.so
7fdef935a000-7fdef955a000 ---p 0000b000 08:05 1047922                    /usr/lib/x86_64-linux-gnu/gio/modules/libdconfsettings.so
7fdef955a000-7fdef955b000 r--p 0000b000 08:05 1047922                    /usr/lib/x86_64-linux-gnu/gio/modules/libdconfsettings.so
7fdef955b000-7fdef955c000 rw-p 0000c000 08:05 1047922                    /usr/lib/x86_64-linux-gnu/gio/modules/libdconfsettings.so
7fdef955c000-7fdef959c000 r--p 00000000 08:05 1046756                    /usr/share/glib-2.0/schemas/gschemas.compiled
7fdef959c000-7fdef95a3000 r-xp 00000000 08:05 922569                     /usr/lib/x86_64-linux-gnu/libogg.so.0.8.1
7fdef95a3000-7fdef97a3000 ---p 00007000 08:05 922569                     /usr/lib/x86_64-linux-gnu/libogg.so.0.8.1
7fdef97a3000-7fdef97a4000 r--p 00007000 08:05 922569                     /usr/lib/x86_64-linux-gnu/libogg.so.0.8.1
7fdef97a4000-7fdef97a5000 rw-p 00008000 08:05 922569                     /usr/lib/x86_64-linux-gnu/libogg.so.0.8.1
7fdef97a5000-7fdef97d1000 r-xp 00000000 08:05 922843                     /usr/lib/x86_64-linux-gnu/libvorbis.so.0.4.5
7fdef97d1000-7fdef99d0000 ---p 0002c000 08:05 922843                     /usr/lib/x86_64-linux-gnu/libvorbis.so.0.4.5
7fdef99d0000-7fdef99d1000 r--p 0002b000 08:05 922843                     /usr/lib/x86_64-linux-gnu/libvorbis.so.0.4.5
7fdef99d1000-7fdef99d2000 rw-p 0002c000 08:05 922843                     /usr/lib/x86_64-linux-gnu/libvorbis.so.0.4.5
7fdef99d2000-7fdef99db000 r-xp 00000000 08:05 922475                     /usr/lib/x86_64-linux-gnu/libltdl.so.7.3.0
7fdef99db000-7fdef9bda000 ---p 00009000 08:05 922475                     /usr/lib/x86_64-linux-gnu/libltdl.so.7.3.0
7fdef9bda000-7fdef9bdb000 r--p 00008000 08:05 922475                     /usr/lib/x86_64-linux-gnu/libltdl.so.7.3.0
7fdef9bdb000-7fdef9bdc000 rw-p 00009000 08:05 922475                     /usr/lib/x86_64-linux-gnu/libltdl.so.7.3.0
7fdef9bdc000-7fdef9bed000 r-xp 00000000 08:05 922764                     /usr/lib/x86_64-linux-gnu/libtdb.so.1.2.12
7fdef9bed000-7fdef9dec000 ---p 00011000 08:05 922764                     /usr/lib/x86_64-linux-gnu/libtdb.so.1.2.12
7fdef9dec000-7fdef9ded000 r--p 00010000 08:05 922764                     /usr/lib/x86_64-linux-gnu/libtdb.so.1.2.12
7fdef9ded000-7fdef9dee000 rw-p 00011000 08:05 922764                     /usr/lib/x86_64-linux-gnu/libtdb.so.1.2.12
7fdef9dee000-7fdef9df5000 r-xp 00000000 08:05 922847                     /usr/lib/x86_64-linux-gnu/libvorbisfile.so.3.3.4
7fdef9df5000-7fdef9ff4000 ---p 00007000 08:05 922847                     /usr/lib/x86_64-linux-gnu/libvorbisfile.so.3.3.4
7fdef9ff4000-7fdef9ff5000 r--p 00006000 08:05 922847                     /usr/lib/x86_64-linux-gnu/libvorbisfile.so.3.3.4
7fdef9ff5000-7fdef9ff6000 rw-p 00007000 08:05 922847                     /usr/lib/x86_64-linux-gnu/libvorbisfile.so.3.3.4
7fdef9ff6000-7fdefa005000 r-xp 00000000 08:05 921989                     /usr/lib/x86_64-linux-gnu/libcanberra.so.0.2.5
7fdefa005000-7fdefa204000 ---p 0000f000 08:05 921989                     /usr/lib/x86_64-linux-gnu/libcanberra.so.0.2.5
7fdefa204000-7fdefa205000 r--p 0000e000 08:05 921989                     /usr/lib/x86_64-linux-gnu/libcanberra.so.0.2.5
7fdefa205000-7fdefa206000 rw-p 0000f000 08:05 921989                     /usr/lib/x86_64-linux-gnu/libcanberra.so.0.2.5
7fdefa206000-7fdefa20a000 r-xp 00000000 08:05 921985                     /usr/lib/x86_64-linux-gnu/libcanberra-gtk.so.0.1.9
7fdefa20a000-7fdefa409000 ---p 00004000 08:05 921985                     /usr/lib/x86_64-linux-gnu/libcanberra-gtk.so.0.1.9
7fdefa409000-7fdefa40a000 r--p 00003000 08:05 921985                     /usr/lib/x86_64-linux-gnu/libcanberra-gtk.so.0.1.9
7fdefa40a000-7fdefa40b000 rw-p 00004000 08:05 921985                     /usr/lib/x86_64-linux-gnu/libcanberra-gtk.so.0.1.9
7fdefa40b000-7fdefa410000 r-xp 00000000 08:05 1048177                    /usr/lib/x86_64-linux-gnu/gtk-2.0/modules/libcanberra-gtk-module.so
7fdefa410000-7fdefa60f000 ---p 00005000 08:05 1048177                    /usr/lib/x86_64-linux-gnu/gtk-2.0/modules/libcanberra-gtk-module.so
7fdefa60f000-7fdefa610000 r--p 00004000 08:05 1048177                    /usr/lib/x86_64-linux-gnu/gtk-2.0/modules/libcanberra-gtk-module.so
7fdefa610000-7fdefa611000 rw-p 00005000 08:05 1048177                    /usr/lib/x86_64-linux-gnu/gtk-2.0/modules/libcanberra-gtk-module.so
7fdefa611000-7fdefa640000 r-xp 00000000 08:05 1048159                    /usr/lib/x86_64-linux-gnu/gtk-2.0/2.10.0/engines/libmurrine.so
7fdefa640000-7fdefa840000 ---p 0002f000 08:05 1048159                    /usr/lib/x86_64-linux-gnu/gtk-2.0/2.10.0/engines/libmurrine.so
7fdefa840000-7fdefa841000 r--p 0002f000 08:05 1048159                    /usr/lib/x86_64-linux-gnu/gtk-2.0/2.10.0/engines/libmurrine.so
7fdefa841000-7fdefa842000 rw-p 00030000 08:05 1048159                    /usr/lib/x86_64-linux-gnu/gtk-2.0/2.10.0/engines/libmurrine.so
7fdefa842000-7fdefa852000 r-xp 00000000 08:05 922813                     /usr/lib/x86_64-linux-gnu/libunity-gtk2-parser.so.0.0.0
7fdefa852000-7fdefaa51000 ---p 00010000 08:05 922813                     /usr/lib/x86_64-linux-gnu/libunity-gtk2-parser.so.0.0.0
7fdefaa51000-7fdefaa52000 r--p 0000f000 08:05 922813                     /usr/lib/x86_64-linux-gnu/libunity-gtk2-parser.so.0.0.0
7fdefaa52000-7fdefaa53000 rw-p 00010000 08:05 922813                     /usr/lib/x86_64-linux-gnu/libunity-gtk2-parser.so.0.0.0
7fdefaa53000-7fdefaa66000 r--s 00000000 08:05 292602                     /var/cache/fontconfig/4ac51e5cfbc76fc3f983e470323a16d3-le64.cache-4
7fdefaa66000-7fdefaa73000 r--s 00000000 08:05 290135                     /var/cache/fontconfig/e13b20fdb08344e0e664864cc2ede53d-le64.cache-4
7fdefaa73000-7fdefaa78000 r-xp 00000000 08:05 1048181                    /usr/lib/x86_64-linux-gnu/gtk-2.0/modules/libunity-gtk-module.so
7fdefaa78000-7fdefac77000 ---p 00005000 08:05 1048181                    /usr/lib/x86_64-linux-gnu/gtk-2.0/modules/libunity-gtk-module.so
7fdefac77000-7fdefac78000 r--p 00004000 08:05 1048181                    /usr/lib/x86_64-linux-gnu/gtk-2.0/modules/libunity-gtk-module.so
7fdefac78000-7fdefac79000 rw-p 00005000 08:05 1048181                    /usr/lib/x86_64-linux-gnu/gtk-2.0/modules/libunity-gtk-module.so
7fdefac79000-7fdefac8a000 r-xp 00000000 08:05 1048180                    /usr/lib/x86_64-linux-gnu/gtk-2.0/modules/liboverlay-scrollbar.so
7fdefac8a000-7fdefae89000 ---p 00011000 08:05 1048180                    /usr/lib/x86_64-linux-gnu/gtk-2.0/modules/liboverlay-scrollbar.so
7fdefae89000-7fdefae8a000 r--p 00010000 08:05 1048180                    /usr/lib/x86_64-linux-gnu/gtk-2.0/modules/liboverlay-scrollbar.so
7fdefae8a000-7fdefae8b000 rw-p 00011000 08:05 1048180                    /usr/lib/x86_64-linux-gnu/gtk-2.0/modules/liboverlay-scrollbar.so
7fdefae8b000-7fdefaeb5000 r--p 00000000 08:05 168338                     /usr/share/locale-langpack/es/LC_MESSAGES/gtk20-properties.mo
7fdefaeb5000-7fdefaedb000 r--p 00000000 08:05 168395                     /usr/share/locale-langpack/es/LC_MESSAGES/libc.mo
7fdefaedb000-7fdefaee1000 r-xp 00000000 08:05 922053                     /usr/lib/x86_64-linux-gnu/libdatrie.so.1.3.1
7fdefaee1000-7fdefb0e0000 ---p 00006000 08:05 922053                     /usr/lib/x86_64-linux-gnu/libdatrie.so.1.3.1
7fdefb0e0000-7fdefb0e1000 r--p 00005000 08:05 922053                     /usr/lib/x86_64-linux-gnu/libdatrie.so.1.3.1
7fdefb0e1000-7fdefb0e2000 rw-p 00006000 08:05 922053                     /usr/lib/x86_64-linux-gnu/libdatrie.so.1.3.1
7fdefb0e2000-7fdefb0fc000 r-xp 00000000 08:05 922279                     /usr/lib/x86_64-linux-gnu/libgraphite2.so.3.0.1
7fdefb0fc000-7fdefb2fb000 ---p 0001a000 08:05 922279                     /usr/lib/x86_64-linux-gnu/libgraphite2.so.3.0.1
7fdefb2fb000-7fdefb2fd000 r--p 00019000 08:05 922279                     /usr/lib/x86_64-linux-gnu/libgraphite2.so.3.0.1
7fdefb2fd000-7fdefb2fe000 rw-p 0001b000 08:05 922279                     /usr/lib/x86_64-linux-gnu/libgraphite2.so.3.0.1
7fdefb2fe000-7fdefb303000 r-xp 00000000 08:05 921861                     /usr/lib/x86_64-linux-gnu/libXdmcp.so.6.0.0
7fdefb303000-7fdefb502000 ---p 00005000 08:05 921861                     /usr/lib/x86_64-linux-gnu/libXdmcp.so.6.0.0
7fdefb502000-7fdefb503000 r--p 00004000 08:05 921861                     /usr/lib/x86_64-linux-gnu/libXdmcp.so.6.0.0
7fdefb503000-7fdefb504000 rw-p 00005000 08:05 921861                     /usr/lib/x86_64-linux-gnu/libXdmcp.so.6.0.0
7fdefb504000-7fdefb506000 r-xp 00000000 08:05 921850                     /usr/lib/x86_64-linux-gnu/libXau.so.6.0.0
7fdefb506000-7fdefb706000 ---p 00002000 08:05 921850                     /usr/lib/x86_64-linux-gnu/libXau.so.6.0.0
7fdefb706000-7fdefb707000 r--p 00002000 08:05 921850                     /usr/lib/x86_64-linux-gnu/libXau.so.6.0.0
7fdefb707000-7fdefb708000 rw-p 00003000 08:05 921850                     /usr/lib/x86_64-linux-gnu/libXau.so.6.0.0
7fdefb708000-7fdefb745000 r-xp 00000000 08:05 657801                     /lib/x86_64-linux-gnu/libpcre.so.3.13.1
7fdefb745000-7fdefb944000 ---p 0003d000 08:05 657801                     /lib/x86_64-linux-gnu/libpcre.so.3.13.1
7fdefb944000-7fdefb945000 r--p 0003c000 08:05 657801                     /lib/x86_64-linux-gnu/libpcre.so.3.13.1
7fdefb945000-7fdefb946000 rw-p 0003d000 08:05 657801                     /lib/x86_64-linux-gnu/libpcre.so.3.13.1
7fdefb946000-7fdefb94d000 r-xp 00000000 08:05 921603                     /usr/lib/x86_64-linux-gnu/libffi.so.6.0.1
7fdefb94d000-7fdefbb4c000 ---p 00007000 08:05 921603                     /usr/lib/x86_64-linux-gnu/libffi.so.6.0.1
7fdefbb4c000-7fdefbb4d000 r--p 00006000 08:05 921603                     /usr/lib/x86_64-linux-gnu/libffi.so.6.0.1
7fdefbb4d000-7fdefbb4e000 rw-p 00007000 08:05 921603                     /usr/lib/x86_64-linux-gnu/libffi.so.6.0.1
7fdefbb4e000-7fdefbb75000 r-xp 00000000 08:05 652811                     /lib/x86_64-linux-gnu/libexpat.so.1.6.0
7fdefbb75000-7fdefbd75000 ---p 00027000 08:05 652811                     /lib/x86_64-linux-gnu/libexpat.so.1.6.0
7fdefbd75000-7fdefbd77000 r--p 00027000 08:05 652811                     /lib/x86_64-linux-gnu/libexpat.so.1.6.0
7fdefbd77000-7fdefbd78000 rw-p 00029000 08:05 652811                     /lib/x86_64-linux-gnu/libexpat.so.1.6.0
7fdefbd78000-7fdefbd80000 r-xp 00000000 08:05 922776                     /usr/lib/x86_64-linux-gnu/libthai.so.0.2.0
7fdefbd80000-7fdefbf7f000 ---p 00008000 08:05 922776                     /usr/lib/x86_64-linux-gnu/libthai.so.0.2.0
7fdefbf7f000-7fdefbf80000 r--p 00007000 08:05 922776                     /usr/lib/x86_64-linux-gnu/libthai.so.0.2.0
7fdefbf80000-7fdefbf81000 rw-p 00008000 08:05 922776                     /usr/lib/x86_64-linux-gnu/libthai.so.0.2.0
7fdefbf81000-7fdefbfd4000 r-xp 00000000 08:05 922392                     /usr/lib/x86_64-linux-gnu/libharfbuzz.so.0.927.0
7fdefbfd4000-7fdefc1d4000 ---p 00053000 08:05 922392                     /usr/lib/x86_64-linux-gnu/libharfbuzz.so.0.927.0
7fdefc1d4000-7fdefc1d5000 r--p 00053000 08:05 922392                     /usr/lib/x86_64-linux-gnu/libharfbuzz.so.0.927.0
7fdefc1d5000-7fdefc1d6000 rw-p 00054000 08:05 922392                     /usr/lib/x86_64-linux-gnu/libharfbuzz.so.0.927.0
7fdefc1d6000-7fdefc1ed000 r-xp 00000000 08:05 657824                     /lib/x86_64-linux-gnu/libresolv-2.19.so
7fdefc1ed000-7fdefc3ed000 ---p 00017000 08:05 657824                     /lib/x86_64-linux-gnu/libresolv-2.19.so
7fdefc3ed000-7fdefc3ee000 r--p 00017000 08:05 657824                     /lib/x86_64-linux-gnu/libresolv-2.19.so
7fdefc3ee000-7fdefc3ef000 rw-p 00018000 08:05 657824                     /lib/x86_64-linux-gnu/libresolv-2.19.so
7fdefc3ef000-7fdefc3f1000 rw-p 00000000 00:00 0 
7fdefc3f1000-7fdefc411000 r-xp 00000000 08:05 657828                     /lib/x86_64-linux-gnu/libselinux.so.1
7fdefc411000-7fdefc610000 ---p 00020000 08:05 657828                     /lib/x86_64-linux-gnu/libselinux.so.1
7fdefc610000-7fdefc611000 r--p 0001f000 08:05 657828                     /lib/x86_64-linux-gnu/libselinux.so.1
7fdefc611000-7fdefc612000 rw-p 00020000 08:05 657828                     /lib/x86_64-linux-gnu/libselinux.so.1
7fdefc612000-7fdefc614000 rw-p 00000000 00:00 0 
7fdefc614000-7fdefc62c000 r-xp 00000000 08:05 657861                     /lib/x86_64-linux-gnu/libz.so.1.2.8
7fdefc62c000-7fdefc82b000 ---p 00018000 08:05 657861                     /lib/x86_64-linux-gnu/libz.so.1.2.8
7fdefc82b000-7fdefc82c000 r--p 00017000 08:05 657861                     /lib/x86_64-linux-gnu/libz.so.1.2.8
7fdefc82c000-7fdefc82d000 rw-p 00018000 08:05 657861                     /lib/x86_64-linux-gnu/libz.so.1.2.8
7fdefc82d000-7fdefc835000 r-xp 00000000 08:05 922902                     /usr/lib/x86_64-linux-gnu/libxcb-render.so.0.0.0
7fdefc835000-7fdefca34000 ---p 00008000 08:05 922902                     /usr/lib/x86_64-linux-gnu/libxcb-render.so.0.0.0
7fdefca34000-7fdefca35000 r--p 00007000 08:05 922902                     /usr/lib/x86_64-linux-gnu/libxcb-render.so.0.0.0
7fdefca35000-7fdefca36000 rw-p 00008000 08:05 922902                     /usr/lib/x86_64-linux-gnu/libxcb-render.so.0.0.0
7fdefca36000-7fdefca38000 r-xp 00000000 08:05 922906                     /usr/lib/x86_64-linux-gnu/libxcb-shm.so.0.0.0
7fdefca38000-7fdefcc37000 ---p 00002000 08:05 922906                     /usr/lib/x86_64-linux-gnu/libxcb-shm.so.0.0.0
7fdefcc37000-7fdefcc38000 r--p 00001000 08:05 922906                     /usr/lib/x86_64-linux-gnu/libxcb-shm.so.0.0.0
7fdefcc38000-7fdefcc39000 rw-p 00002000 08:05 922906                     /usr/lib/x86_64-linux-gnu/libxcb-shm.so.0.0.0
7fdefcc39000-7fdefcc5e000 r-xp 00000000 08:05 654139                     /lib/x86_64-linux-gnu/libpng12.so.0.50.0
7fdefcc5e000-7fdefce5d000 ---p 00025000 08:05 654139                     /lib/x86_64-linux-gnu/libpng12.so.0.50.0
7fdefce5d000-7fdefce5e000 r--p 00024000 08:05 654139                     /lib/x86_64-linux-gnu/libpng12.so.0.50.0
7fdefce5e000-7fdefce5f000 rw-p 00025000 08:05 654139                     /lib/x86_64-linux-gnu/libpng12.so.0.50.0
7fdefce5f000-7fdefcf00000 r-xp 00000000 08:05 922608                     /usr/lib/x86_64-linux-gnu/libpixman-1.so.0.30.2
7fdefcf00000-7fdefd100000 ---p 000a1000 08:05 922608                     /usr/lib/x86_64-linux-gnu/libpixman-1.so.0.30.2
7fdefd100000-7fdefd107000 r--p 000a1000 08:05 922608                     /usr/lib/x86_64-linux-gnu/libpixman-1.so.0.30.2
7fdefd107000-7fdefd108000 rw-p 000a8000 08:05 922608                     /usr/lib/x86_64-linux-gnu/libpixman-1.so.0.30.2
7fdefd108000-7fdefd125000 r-xp 00000000 08:05 922916                     /usr/lib/x86_64-linux-gnu/libxcb.so.1.1.0
7fdefd125000-7fdefd325000 ---p 0001d000 08:05 922916                     /usr/lib/x86_64-linux-gnu/libxcb.so.1.1.0
7fdefd325000-7fdefd326000 r--p 0001d000 08:05 922916                     /usr/lib/x86_64-linux-gnu/libxcb.so.1.1.0
7fdefd326000-7fdefd327000 rw-p 0001e000 08:05 922916                     /usr/lib/x86_64-linux-gnu/libxcb.so.1.1.0
7fdefd327000-7fdefd3c4000 r-xp 00000000 08:05 921217                     /usr/lib/x86_64-linux-gnu/libfreetype.so.6.11.1
7fdefd3c4000-7fdefd5c3000 ---p 0009d000 08:05 921217                     /usr/lib/x86_64-linux-gnu/libfreetype.so.6.11.1
7fdefd5c3000-7fdefd5c9000 r--p 0009c000 08:05 921217                     /usr/lib/x86_64-linux-gnu/libfreetype.so.6.11.1
7fdefd5c9000-7fdefd5ca000 rw-p 000a2000 08:05 921217                     /usr/lib/x86_64-linux-gnu/libfreetype.so.6.11.1
7fdefd5ca000-7fdefd5cc000 r-xp 00000000 08:05 921859                     /usr/lib/x86_64-linux-gnu/libXdamage.so.1.1.0
7fdefd5cc000-7fdefd7cb000 ---p 00002000 08:05 921859                     /usr/lib/x86_64-linux-gnu/libXdamage.so.1.1.0
7fdefd7cb000-7fdefd7cc000 r--p 00001000 08:05 921859                     /usr/lib/x86_64-linux-gnu/libXdamage.so.1.1.0
7fdefd7cc000-7fdefd7cd000 rw-p 00002000 08:05 921859                     /usr/lib/x86_64-linux-gnu/libXdamage.so.1.1.0
7fdefd7cd000-7fdefd7cf000 r-xp 00000000 08:05 921855                     /usr/lib/x86_64-linux-gnu/libXcomposite.so.1.0.0
7fdefd7cf000-7fdefd9ce000 ---p 00002000 08:05 921855                     /usr/lib/x86_64-linux-gnu/libXcomposite.so.1.0.0
7fdefd9ce000-7fdefd9cf000 r--p 00001000 08:05 921855                     /usr/lib/x86_64-linux-gnu/libXcomposite.so.1.0.0
7fdefd9cf000-7fdefd9d0000 rw-p 00002000 08:05 921855                     /usr/lib/x86_64-linux-gnu/libXcomposite.so.1.0.0
7fdefd9d0000-7fdefd9d9000 r-xp 00000000 08:05 921857                     /usr/lib/x86_64-linux-gnu/libXcursor.so.1.0.2
7fdefd9d9000-7fdefdbd8000 ---p 00009000 08:05 921857                     /usr/lib/x86_64-linux-gnu/libXcursor.so.1.0.2
7fdefdbd8000-7fdefdbd9000 r--p 00008000 08:05 921857                     /usr/lib/x86_64-linux-gnu/libXcursor.so.1.0.2
7fdefdbd9000-7fdefdbda000 rw-p 00009000 08:05 921857                     /usr/lib/x86_64-linux-gnu/libXcursor.so.1.0.2
7fdefdbda000-7fdefdbe3000 r-xp 00000000 08:05 921883                     /usr/lib/x86_64-linux-gnu/libXrandr.so.2.2.0
7fdefdbe3000-7fdefdde2000 ---p 00009000 08:05 921883                     /usr/lib/x86_64-linux-gnu/libXrandr.so.2.2.0
7fdefdde2000-7fdefdde3000 r--p 00008000 08:05 921883                     /usr/lib/x86_64-linux-gnu/libXrandr.so.2.2.0
7fdefdde3000-7fdefdde4000 rw-p 00009000 08:05 921883                     /usr/lib/x86_64-linux-gnu/libXrandr.so.2.2.0
7fdefdde4000-7fdefddf3000 r-xp 00000000 08:05 921871                     /usr/lib/x86_64-linux-gnu/libXi.so.6.1.0
7fdefddf3000-7fdefdff2000 ---p 0000f000 08:05 921871                     /usr/lib/x86_64-linux-gnu/libXi.so.6.1.0
7fdefdff2000-7fdefdff3000 r--p 0000e000 08:05 921871                     /usr/lib/x86_64-linux-gnu/libXi.so.6.1.0
7fdefdff3000-7fdefdff4000 rw-p 0000f000 08:05 921871                     /usr/lib/x86_64-linux-gnu/libXi.so.6.1.0
7fdefdff4000-7fdefdff6000 r-xp 00000000 08:05 921873                     /usr/lib/x86_64-linux-gnu/libXinerama.so.1.0.0
7fdefdff6000-7fdefe1f5000 ---p 00002000 08:05 921873                     /usr/lib/x86_64-linux-gnu/libXinerama.so.1.0.0
7fdefe1f5000-7fdefe1f6000 r--p 00001000 08:05 921873                     /usr/lib/x86_64-linux-gnu/libXinerama.so.1.0.0
7fdefe1f6000-7fdefe1f7000 rw-p 00002000 08:05 921873                     /usr/lib/x86_64-linux-gnu/libXinerama.so.1.0.0
7fdefe1f7000-7fdefe200000 r-xp 00000000 08:05 921885                     /usr/lib/x86_64-linux-gnu/libXrender.so.1.3.0
7fdefe200000-7fdefe3ff000 ---p 00009000 08:05 921885                     /usr/lib/x86_64-linux-gnu/libXrender.so.1.3.0
7fdefe3ff000-7fdefe400000 r--p 00008000 08:05 921885                     /usr/lib/x86_64-linux-gnu/libXrender.so.1.3.0
7fdefe400000-7fdefe401000 rw-p 00009000 08:05 921885                     /usr/lib/x86_64-linux-gnu/libXrender.so.1.3.0
7fdefe401000-7fdefe412000 r-xp 00000000 08:05 921863                     /usr/lib/x86_64-linux-gnu/libXext.so.6.4.0
7fdefe412000-7fdefe611000 ---p 00011000 08:05 921863                     /usr/lib/x86_64-linux-gnu/libXext.so.6.4.0
7fdefe611000-7fdefe612000 r--p 00010000 08:05 921863                     /usr/lib/x86_64-linux-gnu/libXext.so.6.4.0
7fdefe612000-7fdefe613000 rw-p 00011000 08:05 921863                     /usr/lib/x86_64-linux-gnu/libXext.so.6.4.0
7fdefe613000-7fdefe719000 r-xp 00000000 08:05 657729                     /lib/x86_64-linux-gnu/libglib-2.0.so.0.4002.0
7fdefe719000-7fdefe918000 ---p 00106000 08:05 657729                     /lib/x86_64-linux-gnu/libglib-2.0.so.0.4002.0
7fdefe918000-7fdefe919000 r--p 00105000 08:05 657729                     /lib/x86_64-linux-gnu/libglib-2.0.so.0.4002.0
7fdefe919000-7fdefe91a000 rw-p 00106000 08:05 657729                     /lib/x86_64-linux-gnu/libglib-2.0.so.0.4002.0
7fdefe91a000-7fdefe91b000 rw-p 00000000 00:00 0 
7fdefe91b000-7fdefe96a000 r-xp 00000000 08:05 922261                     /usr/lib/x86_64-linux-gnu/libgobject-2.0.so.0.4002.0
7fdefe96a000-7fdefeb6a000 ---p 0004f000 08:05 922261                     /usr/lib/x86_64-linux-gnu/libgobject-2.0.so.0.4002.0
7fdefeb6a000-7fdefeb6b000 r--p 0004f000 08:05 922261                     /usr/lib/x86_64-linux-gnu/libgobject-2.0.so.0.4002.0
7fdefeb6b000-7fdefeb6c000 rw-p 00050000 08:05 922261                     /usr/lib/x86_64-linux-gnu/libgobject-2.0.so.0.4002.0
7fdefeb6c000-7fdefeba6000 r-xp 00000000 08:05 922146                     /usr/lib/x86_64-linux-gnu/libfontconfig.so.1.8.0
7fdefeba6000-7fdefeda5000 ---p 0003a000 08:05 922146                     /usr/lib/x86_64-linux-gnu/libfontconfig.so.1.8.0
7fdefeda5000-7fdefeda7000 r--p 00039000 08:05 922146                     /usr/lib/x86_64-linux-gnu/libfontconfig.so.1.8.0
7fdefeda7000-7fdefeda8000 rw-p 0003b000 08:05 922146                     /usr/lib/x86_64-linux-gnu/libfontconfig.so.1.8.0
7fdefeda8000-7fdefedf2000 r-xp 00000000 08:05 922585                     /usr/lib/x86_64-linux-gnu/libpango-1.0.so.0.3600.3
7fdefedf2000-7fdefeff2000 ---p 0004a000 08:05 922585                     /usr/lib/x86_64-linux-gnu/libpango-1.0.so.0.3600.3
7fdefeff2000-7fdefeff4000 r--p 0004a000 08:05 922585                     /usr/lib/x86_64-linux-gnu/libpango-1.0.so.0.3600.3
7fdefeff4000-7fdefeff5000 rw-p 0004c000 08:05 922585                     /usr/lib/x86_64-linux-gnu/libpango-1.0.so.0.3600.3
7fdefeff5000-7fdeff009000 r-xp 00000000 08:05 922589                     /usr/lib/x86_64-linux-gnu/libpangoft2-1.0.so.0.3600.3
7fdeff009000-7fdeff208000 ---p 00014000 08:05 922589                     /usr/lib/x86_64-linux-gnu/libpangoft2-1.0.so.0.3600.3
7fdeff208000-7fdeff209000 r--p 00013000 08:05 922589                     /usr/lib/x86_64-linux-gnu/libpangoft2-1.0.so.0.3600.3
7fdeff209000-7fdeff20a000 rw-p 00014000 08:05 922589                     /usr/lib/x86_64-linux-gnu/libpangoft2-1.0.so.0.3600.3
7fdeff20a000-7fdeff376000 r-xp 00000000 08:05 922233                     /usr/lib/x86_64-linux-gnu/libgio-2.0.so.0.4002.0
7fdeff376000-7fdeff575000 ---p 0016c000 08:05 922233                     /usr/lib/x86_64-linux-gnu/libgio-2.0.so.0.4002.0
7fdeff575000-7fdeff579000 r--p 0016b000 08:05 922233                     /usr/lib/x86_64-linux-gnu/libgio-2.0.so.0.4002.0
7fdeff579000-7fdeff57b000 rw-p 0016f000 08:05 922233                     /usr/lib/x86_64-linux-gnu/libgio-2.0.so.0.4002.0
7fdeff57b000-7fdeff57d000 rw-p 00000000 00:00 0 
7fdeff57d000-7fdeff59d000 r-xp 00000000 08:05 921307                     /usr/lib/x86_64-linux-gnu/libgdk_pixbuf-2.0.so.0.3000.7
7fdeff59d000-7fdeff79c000 ---p 00020000 08:05 921307                     /usr/lib/x86_64-linux-gnu/libgdk_pixbuf-2.0.so.0.3000.7
7fdeff79c000-7fdeff79d000 r--p 0001f000 08:05 921307                     /usr/lib/x86_64-linux-gnu/libgdk_pixbuf-2.0.so.0.3000.7
7fdeff79d000-7fdeff79e000 rw-p 00020000 08:05 921307                     /usr/lib/x86_64-linux-gnu/libgdk_pixbuf-2.0.so.0.3000.7
7fdeff79e000-7fdeff8a4000 r-xp 00000000 08:05 921981                     /usr/lib/x86_64-linux-gnu/libcairo.so.2.11301.0
7fdeff8a4000-7fdeffaa3000 ---p 00106000 08:05 921981                     /usr/lib/x86_64-linux-gnu/libcairo.so.2.11301.0
7fdeffaa3000-7fdeffaa6000 r--p 00105000 08:05 921981                     /usr/lib/x86_64-linux-gnu/libcairo.so.2.11301.0
7fdeffaa6000-7fdeffaa7000 rw-p 00108000 08:05 921981                     /usr/lib/x86_64-linux-gnu/libcairo.so.2.11301.0
7fdeffaa7000-7fdeffaa9000 rw-p 00000000 00:00 0 
7fdeffaa9000-7fdeffac8000 r-xp 00000000 08:05 921942                     /usr/lib/x86_64-linux-gnu/libatk-1.0.so.0.21009.1
7fdeffac8000-7fdeffcc8000 ---p 0001f000 08:05 921942                     /usr/lib/x86_64-linux-gnu/libatk-1.0.so.0.21009.1
7fdeffcc8000-7fdeffcca000 r--p 0001f000 08:05 921942                     /usr/lib/x86_64-linux-gnu/libatk-1.0.so.0.21009.1
7fdeffcca000-7fdeffccb000 rw-p 00021000 08:05 921942                     /usr/lib/x86_64-linux-gnu/libatk-1.0.so.0.21009.1
7fdeffccb000-7fdeffdfb000 r-xp 00000000 08:05 921846                     /usr/lib/x86_64-linux-gnu/libX11.so.6.3.0
7fdeffdfb000-7fdeffffb000 ---p 00130000 08:05 921846                     /usr/lib/x86_64-linux-gnu/libX11.so.6.3.0
7fdeffffb000-7fdeffffc000 r--p 00130000 08:05 921846                     /usr/lib/x86_64-linux-gnu/libX11.so.6.3.0
7fdeffffc000-7fdf00000000 rw-p 00131000 08:05 921846                     /usr/lib/x86_64-linux-gnu/libX11.so.6.3.0
7fdf00000000-7fdf00021000 rw-p 00000000 00:00 0 
7fdf00021000-7fdf04000000 ---p 00000000 00:00 0 
7fdf04000000-7fdf04021000 rw-p 00000000 00:00 0 
7fdf04021000-7fdf08000000 ---p 00000000 00:00 0 
7fdf08000000-7fdf09618000 rw-p 00000000 00:00 0 
7fdf09618000-7fdf0c000000 ---p 00000000 00:00 0 
7fdf0c000000-7fdf0ca5f000 rw-p 00000000 00:00 0 
7fdf0ca5f000-7fdf10000000 ---p 00000000 00:00 0 
7fdf10000000-7fdf10021000 rw-p 00000000 00:00 0 
7fdf10021000-7fdf14000000 ---p 00000000 00:00 0 
7fdf14000000-7fdf15609000 rw-p 00000000 00:00 0 
7fdf15609000-7fdf18000000 ---p 00000000 00:00 0 
7fdf18000000-7fdf18021000 rw-p 00000000 00:00 0 
7fdf18021000-7fdf1c000000 ---p 00000000 00:00 0 
7fdf1c000000-7fdf1c021000 rw-p 00000000 00:00 0 
7fdf1c021000-7fdf20000000 ---p 00000000 00:00 0 
7fdf20000000-7fdf20021000 rw-p 00000000 00:00 0 
7fdf20021000-7fdf24000000 ---p 00000000 00:00 0 
7fdf24000000-7fdf2428a000 rw-p 00000000 00:00 0 
7fdf2428a000-7fdf28000000 ---p 00000000 00:00 0 
7fdf28000000-7fdf28021000 rw-p 00000000 00:00 0 
7fdf28021000-7fdf2c000000 ---p 00000000 00:00 0 
7fdf2c000000-7fdf2c021000 rw-p 00000000 00:00 0 
7fdf2c021000-7fdf30000000 ---p 00000000 00:00 0 
7fdf30000000-7fdf30021000 rw-p 00000000 00:00 0 
7fdf30021000-7fdf34000000 ---p 00000000 00:00 0 
7fdf34000000-7fdf34001000 r--s 00000000 08:05 289556                     /var/cache/fontconfig/dc05db6664285cc2f12bf69c139ae4c3-le64.cache-4
7fdf34001000-7fdf34002000 r--s 00000000 08:05 286442                     /var/cache/fontconfig/4794a0821666d79190d59a36cb4f44b5-le64.cache-4
7fdf34002000-7fdf34003000 r--s 00000000 08:05 289536                     /var/cache/fontconfig/56cf4f4769d0f4abc89a4895d7bd3ae1-le64.cache-4
7fdf34003000-7fdf34004000 r--s 00000000 08:05 289548                     /var/cache/fontconfig/b9d506c9ac06c20b433354fa67a72993-le64.cache-4
7fdf34004000-7fdf34005000 r--s 00000000 08:05 289525                     /var/cache/fontconfig/0c9eb80ebd1c36541ebe2852d3bb0c49-le64.cache-4
7fdf34005000-7fdf3401e000 r--p 00000000 08:05 168294                     /usr/share/locale-langpack/es/LC_MESSAGES/glib20.mo
7fdf3401e000-7fdf34023000 r-xp 00000000 08:05 921865                     /usr/lib/x86_64-linux-gnu/libXfixes.so.3.1.0
7fdf34023000-7fdf34222000 ---p 00005000 08:05 921865                     /usr/lib/x86_64-linux-gnu/libXfixes.so.3.1.0
7fdf34222000-7fdf34223000 r--p 00004000 08:05 921865                     /usr/lib/x86_64-linux-gnu/libXfixes.so.3.1.0
7fdf34223000-7fdf34224000 rw-p 00005000 08:05 921865                     /usr/lib/x86_64-linux-gnu/libXfixes.so.3.1.0
7fdf34224000-7fdf3422f000 r-xp 00000000 08:05 922587                     /usr/lib/x86_64-linux-gnu/libpangocairo-1.0.so.0.3600.3
7fdf3422f000-7fdf3442f000 ---p 0000b000 08:05 922587                     /usr/lib/x86_64-linux-gnu/libpangocairo-1.0.so.0.3600.3
7fdf3442f000-7fdf34430000 r--p 0000b000 08:05 922587                     /usr/lib/x86_64-linux-gnu/libpangocairo-1.0.so.0.3600.3
7fdf34430000-7fdf34431000 rw-p 0000c000 08:05 922587                     /usr/lib/x86_64-linux-gnu/libpangocairo-1.0.so.0.3600.3
7fdf34431000-7fdf34434000 r-xp 00000000 08:05 922245                     /usr/lib/x86_64-linux-gnu/libgmodule-2.0.so.0.4002.0
7fdf34434000-7fdf34633000 ---p 00003000 08:05 922245                     /usr/lib/x86_64-linux-gnu/libgmodule-2.0.so.0.4002.0
7fdf34633000-7fdf34634000 r--p 00002000 08:05 922245                     /usr/lib/x86_64-linux-gnu/libgmodule-2.0.so.0.4002.0
7fdf34634000-7fdf34635000 rw-p 00003000 08:05 922245                     /usr/lib/x86_64-linux-gnu/libgmodule-2.0.so.0.4002.0
7fdf34635000-7fdf346e3000 r-xp 00000000 08:05 921225                     /usr/lib/x86_64-linux-gnu/libgdk-x11-2.0.so.0.2400.23
7fdf346e3000-7fdf348e2000 ---p 000ae000 08:05 921225                     /usr/lib/x86_64-linux-gnu/libgdk-x11-2.0.so.0.2400.23
7fdf348e2000-7fdf348e6000 r--p 000ad000 08:05 921225                     /usr/lib/x86_64-linux-gnu/libgdk-x11-2.0.so.0.2400.23
7fdf348e6000-7fdf348e8000 rw-p 000b1000 08:05 921225                     /usr/lib/x86_64-linux-gnu/libgdk-x11-2.0.so.0.2400.23
7fdf348e8000-7fdf348ed000 r-xp 00000000 08:05 921891                     /usr/lib/x86_64-linux-gnu/libXtst.so.6.1.0
7fdf348ed000-7fdf34aec000 ---p 00005000 08:05 921891                     /usr/lib/x86_64-linux-gnu/libXtst.so.6.1.0
7fdf34aec000-7fdf34aed000 r--p 00004000 08:05 921891                     /usr/lib/x86_64-linux-gnu/libXtst.so.6.1.0
7fdf34aed000-7fdf34aee000 rw-p 00005000 08:05 921891                     /usr/lib/x86_64-linux-gnu/libXtst.so.6.1.0
7fdf34aee000-7fdf34aef000 r-xp 00000000 08:05 922368                     /usr/lib/x86_64-linux-gnu/libgthread-2.0.so.0.4002.0
7fdf34aef000-7fdf34cee000 ---p 00001000 08:05 922368                     /usr/lib/x86_64-linux-gnu/libgthread-2.0.so.0.4002.0
7fdf34cee000-7fdf34cef000 r--p 00000000 08:05 922368                     /usr/lib/x86_64-linux-gnu/libgthread-2.0.so.0.4002.0
7fdf34cef000-7fdf34cf0000 rw-p 00001000 08:05 922368                     /usr/lib/x86_64-linux-gnu/libgthread-2.0.so.0.4002.0
7fdf34cf0000-7fdf35120000 r-xp 00000000 08:05 921226                     /usr/lib/x86_64-linux-gnu/libgtk-x11-2.0.so.0.2400.23
7fdf35120000-7fdf3531f000 ---p 00430000 08:05 921226                     /usr/lib/x86_64-linux-gnu/libgtk-x11-2.0.so.0.2400.23
7fdf3531f000-7fdf35326000 r--p 0042f000 08:05 921226                     /usr/lib/x86_64-linux-gnu/libgtk-x11-2.0.so.0.2400.23
7fdf35326000-7fdf3532a000 rw-p 00436000 08:05 921226                     /usr/lib/x86_64-linux-gnu/libgtk-x11-2.0.so.0.2400.23
7fdf3532a000-7fdf3532d000 rw-p 00000000 00:00 0 
7fdf3532d000-7fdf35331000 r--s 00000000 08:05 289937                     /var/cache/fontconfig/7ef2298fde41cc6eeb7af42e48b7d293-le64.cache-4
7fdf35331000-7fdf35336000 r--p 00000000 08:05 931563                     /home/chibi/.config/dconf/user
7fdf35336000-7fdf35337000 r--s 00000000 00:16 24665                      /run/user/1000/dconf/user
7fdf35337000-7fdf3533e000 r--s 00000000 08:05 1047829                    /usr/lib/x86_64-linux-gnu/gconv/gconv-modules.cache
7fdf3533e000-7fdf3534d000 r--p 00000000 08:05 168339                     /usr/share/locale-langpack/es/LC_MESSAGES/gtk20.mo
7fdf3534d000-7fdf353b9000 r-xp 00000000 08:05 169009                     /tmp/swtlib-64/libswt-pi-gtk-3557.so
7fdf353b9000-7fdf354b8000 ---p 0006c000 08:05 169009                     /tmp/swtlib-64/libswt-pi-gtk-3557.so
7fdf354b8000-7fdf354bc000 rw-p 0006b000 08:05 169009                     /tmp/swtlib-64/libswt-pi-gtk-3557.so
7fdf354bc000-7fdf354bd000 rw-p 00000000 00:00 0 
7fdf354bd000-7fdf354fd000 r-xp 00000000 08:05 168913                     /tmp/swtlib-64/libswt-gtk-3557.so
7fdf354fd000-7fdf355fd000 ---p 00040000 08:05 168913                     /tmp/swtlib-64/libswt-gtk-3557.so
7fdf355fd000-7fdf35601000 rw-p 00040000 08:05 168913                     /tmp/swtlib-64/libswt-gtk-3557.so
7fdf35601000-7fdf35602000 rw-p 00000000 00:00 0 
7fdf35602000-7fdf35605000 r--s 0001a000 08:05 807774                     /usr/lib/jvm/java-8-oracle/jre/lib/jce.jar
7fdf35605000-7fdf35805000 rw-p 00000000 00:00 0 
7fdf35805000-7fdf3580a000 r--s 00096000 08:05 807776                     /usr/lib/jvm/java-8-oracle/jre/lib/jsse.jar
7fdf3580a000-7fdf3580e000 r--s 00038000 08:05 951484                     /home/chibi/.m2/repository/commons-lang/commons-lang/2.2/commons-lang-2.2.jar
7fdf3580e000-7fdf35816000 r--s 00053000 08:05 951483                     /home/chibi/.m2/repository/net/sf/oval/oval/1.81/oval-1.81.jar
7fdf35816000-7fdf35818000 r--s 0000d000 08:05 927933                     /home/chibi/.m2/repository/commons-logging/commons-logging/1.1.1/commons-logging-1.1.1.jar
7fdf35818000-7fdf3581d000 r--s 00034000 08:05 951481                     /home/chibi/.m2/repository/commons-beanutils/commons-beanutils/1.8.3/commons-beanutils-1.8.3.jar
7fdf3581d000-7fdf35829000 r--s 00076000 08:05 940392                     /home/chibi/.m2/repository/net/sourceforge/collections/collections-generic/4.01/collections-generic-4.01.jar
7fdf35829000-7fdf35837000 r--s 0007f000 08:05 927228                     /home/chibi/.m2/repository/commons-collections/commons-collections/3.2.1/commons-collections-3.2.1.jar
7fdf35837000-7fdf35840000 r--s 0006d000 08:05 942749                     /home/chibi/.m2/repository/log4j/log4j/1.2.16/log4j-1.2.16.jar
7fdf35840000-7fdf35842000 r--s 00008000 08:05 961454                     /home/chibi/.m2/repository/org/uqbar-project/uqbar-domain/3.5.0/uqbar-domain-3.5.0.jar
7fdf35842000-7fdf35845000 r--s 0000f000 08:05 943495                     /home/chibi/Descargas/eclipse/plugins/org.eclipse.xtend.lib.macro_2.9.0.v201512010527.jar
7fdf35845000-7fdf3584a000 r--s 00036000 08:05 943494                     /home/chibi/Descargas/eclipse/plugins/org.eclipse.xtend.lib_2.9.0.v201512010527.jar
7fdf3584a000-7fdf3584d000 r--s 0001f000 08:05 943805                     /home/chibi/Descargas/eclipse/plugins/org.eclipse.xtext.xbase.lib_2.9.0.v201512010527.jar
7fdf3584d000-7fdf35876000 r--s 00200000 08:05 932915                     /home/chibi/Descargas/eclipse/plugins/com.google.guava_15.0.0.v201403281430.jar
7fdf35876000-7fdf35897000 r--s 00162000 08:05 952018                     /home/chibi/.m2/repository/org/mockito/mockito-all/1.9.5/mockito-all-1.9.5.jar
7fdf35897000-7fdf3589a000 r--s 0000c000 08:05 961531                     /home/chibi/.m2/repository/org/eclipse/xtend/org.eclipse.xtend.lib.macro/2.9.1/org.eclipse.xtend.lib.macro-2.9.1.jar
7fdf3589a000-7fdf358c3000 r--s 001ee000 08:05 942551                     /home/chibi/.m2/repository/com/google/guava/guava/14.0.1/guava-14.0.1.jar
7fdf358c3000-7fdf358c6000 r--s 0001b000 08:05 961529                     /home/chibi/.m2/repository/org/eclipse/xtext/org.eclipse.xtext.xbase.lib/2.9.1/org.eclipse.xtext.xbase.lib-2.9.1.jar
7fdf358c6000-7fdf358ca000 r--s 00022000 08:05 961525                     /home/chibi/.m2/repository/org/eclipse/xtend/org.eclipse.xtend.lib/2.9.1/org.eclipse.xtend.lib-2.9.1.jar
7fdf358ca000-7fdf358cc000 r--s 00002000 08:05 961523                     /home/chibi/.m2/repository/org/uqbar-project/arena-xtend/3.6.1/arena-xtend-3.6.1.jar
7fdf358cc000-7fdf358d6000 r--s 00095000 08:05 916803                     /home/chibi/.m2/repository/org/scala-lang/modules/scala-xml_2.11/1.0.2/scala-xml_2.11-1.0.2.jar
7fdf358d6000-7fdf358d7000 ---p 00000000 00:00 0 
7fdf358d7000-7fdf359d7000 rw-p 00000000 00:00 0                          [stack:3516]
7fdf359d7000-7fdf359da000 ---p 00000000 00:00 0 
7fdf359da000-7fdf35ad8000 rw-p 00000000 00:00 0                          [stack:3515]
7fdf35ad8000-7fdf35adb000 ---p 00000000 00:00 0 
7fdf35adb000-7fdf35bd9000 rw-p 00000000 00:00 0                          [stack:3514]
7fdf35bd9000-7fdf35bdc000 ---p 00000000 00:00 0 
7fdf35bdc000-7fdf35cda000 rw-p 00000000 00:00 0                          [stack:3513]
7fdf35cda000-7fdf35cdd000 ---p 00000000 00:00 0 
7fdf35cdd000-7fdf35ddb000 rw-p 00000000 00:00 0                          [stack:3512]
7fdf35ddb000-7fdf35dde000 ---p 00000000 00:00 0 
7fdf35dde000-7fdf35edc000 rw-p 00000000 00:00 0                          [stack:3511]
7fdf35edc000-7fdf35f34000 r--s 004f2000 08:05 952183                     /home/chibi/.m2/repository/org/scala-lang/scala-library/2.11.2/scala-library-2.11.2.jar
7fdf35f34000-7fdf35f47000 r--s 00211000 08:05 933303                     /home/chibi/.m2/repository/org/eclipse/swt/gtk/org.eclipse.swt.gtk.linux.x86_64/3.5.2.v3557f/org.eclipse.swt.gtk.linux.x86_64-3.5.2.v3557f.jar
7fdf35f47000-7fdf35f8b000 r--s 0037c000 08:05 918073                     /home/chibi/.m2/repository/org/eclipse/ui/org.eclipse.ui.workbench/3.4.2.M20090127-1700/org.eclipse.ui.workbench-3.4.2.M20090127-1700.jar
7fdf35f8b000-7fdf35f8c000 r--s 00003000 08:05 918008                     /home/chibi/.m2/repository/org/eclipse/org.eclipse.swt/3.4.2.v3452b/org.eclipse.swt-3.4.2.v3452b.jar
7fdf35f8c000-7fdf35f9b000 r--s 000e5000 08:05 917936                     /home/chibi/.m2/repository/org/eclipse/org.eclipse.osgi/3.4.3.R34x_v20081215-1030/org.eclipse.osgi-3.4.3.R34x_v20081215-1030.jar
7fdf35f9b000-7fdf35faf000 r--s 000eb000 08:05 917228                     /home/chibi/.m2/repository/org/eclipse/org.eclipse.jface/3.4.2.M20090107-0800/org.eclipse.jface-3.4.2.M20090107-0800.jar
7fdf35faf000-7fdf35fb4000 r--s 0002b000 08:05 917172                     /home/chibi/.m2/repository/org/eclipse/jface/org.eclipse.jface.databinding/1.2.1.M20080827-0800a/org.eclipse.jface.databinding-1.2.1.M20080827-0800a.jar
7fdf35fb4000-7fdf35fb7000 r--s 00015000 08:05 917168                     /home/chibi/.m2/repository/org/eclipse/equinox/org.eclipse.equinox.common/3.4.0.v20080421-2006/org.eclipse.equinox.common-3.4.0.v20080421-2006.jar
7fdf35fb7000-7fdf35fc0000 r--s 0004c000 08:05 917136                     /home/chibi/.m2/repository/org/eclipse/core/org.eclipse.core.databinding/1.1.1.M20080827-0800b/org.eclipse.core.databinding-1.1.1.M20080827-0800b.jar
7fdf35fc0000-7fdf35fc2000 r--s 0000d000 08:05 917123                     /home/chibi/.m2/repository/org/eclipse/core/databinding/org.eclipse.core.databinding.beans/1.1.1.M20080827-0800a/org.eclipse.core.databinding.beans-1.1.1.M20080827-0800a.jar
7fdf35fc2000-7fdf35fc5000 r--s 00017000 08:05 917117                     /home/chibi/.m2/repository/org/eclipse/core/org.eclipse.core.commands/3.4.0.I20080509-2000/org.eclipse.core.commands-3.4.0.I20080509-2000.jar
7fdf35fc5000-7fdf36013000 r--s 0087c000 08:05 940691                     /home/chibi/.m2/repository/com/ibm/icu/icu4j/50.1.1/icu4j-50.1.1.jar
7fdf36013000-7fdf36018000 r--s 00016000 08:05 951959                     /home/chibi/.m2/repository/xml-apis/xml-apis/1.0.b2/xml-apis-1.0.b2.jar
7fdf36018000-7fdf3601d000 r--s 00048000 08:05 942722                     /home/chibi/.m2/repository/dom4j/dom4j/1.6.1/dom4j-1.6.1.jar
7fdf3601d000-7fdf36020000 r--s 00017000 08:05 951950                     /home/chibi/.m2/repository/org/reflections/reflections/0.9.8/reflections-0.9.8.jar
7fdf36020000-7fdf3602a000 r--s 000a5000 08:05 951946                     /home/chibi/.m2/repository/org/javassist/javassist/3.18.1-GA/javassist-3.18.1-GA.jar
7fdf3602a000-7fdf3602e000 r--s 00028000 08:05 951944                     /home/chibi/.m2/repository/org/uqbar-project/arena-apo/3.6.1/arena-apo-3.6.1.jar
7fdf3602e000-7fdf36031000 r--s 00014000 08:05 951941                     /home/chibi/.m2/repository/org/uqbar-project/arena-pot/3.6.1/arena-pot-3.6.1.jar
7fdf36031000-7fdf36713000 r--p 00000000 08:05 789633                     /usr/lib/locale/locale-archive
7fdf36713000-7fdf36716000 ---p 00000000 00:00 0 
7fdf36716000-7fdf36814000 rw-p 00000000 00:00 0                          [stack:3509]
7fdf36814000-7fdf36817000 ---p 00000000 00:00 0 
7fdf36817000-7fdf36915000 rw-p 00000000 00:00 0                          [stack:3506]
7fdf36915000-7fdf36916000 ---p 00000000 00:00 0 
7fdf36916000-7fdf39000000 rw-p 00000000 00:00 0                          [stack:3505]
7fdf39000000-7fdf396e0000 rwxp 00000000 00:00 0 
7fdf396e0000-7fdf48000000 ---p 00000000 00:00 0 
7fdf48000000-7fdf48dc3000 rw-p 00000000 00:00 0 
7fdf48dc3000-7fdf4c000000 ---p 00000000 00:00 0 
7fdf4c000000-7fdf4c007000 r--s 0002c000 08:05 951937                     /home/chibi/.m2/repository/org/uqbar-project/arena-core/3.6.1/arena-core-3.6.1.jar
7fdf4c007000-7fdf4c851000 rw-p 00000000 00:00 0 
7fdf4c851000-7fdf4ca2a000 r--s 03d20000 08:05 807771                     /usr/lib/jvm/java-8-oracle/jre/lib/rt.jar
7fdf4ca2a000-7fdf4d488000 rw-p 00000000 00:00 0 
7fdf4d488000-7fdf4d489000 ---p 00000000 00:00 0 
7fdf4d489000-7fdf4d589000 rw-p 00000000 00:00 0                          [stack:3498]
7fdf4d589000-7fdf4d58a000 ---p 00000000 00:00 0 
7fdf4d58a000-7fdf4d68a000 rw-p 00000000 00:00 0                          [stack:3496]
7fdf4d68a000-7fdf4d68b000 ---p 00000000 00:00 0 
7fdf4d68b000-7fdf4d78b000 rw-p 00000000 00:00 0                          [stack:3492]
7fdf4d78b000-7fdf4d78c000 ---p 00000000 00:00 0 
7fdf4d78c000-7fdf4d8a1000 rw-p 00000000 00:00 0                          [stack:3491]
7fdf4d8a1000-7fdf4d9d2000 ---p 00000000 00:00 0 
7fdf4d9d2000-7fdf4d9e7000 rw-p 00000000 00:00 0 
7fdf4d9e7000-7fdf4db17000 ---p 00000000 00:00 0 
7fdf4db17000-7fdf4db5d000 rw-p 00000000 00:00 0 
7fdf4db5d000-7fdf4dbba000 ---p 00000000 00:00 0 
7fdf4dbba000-7fdf4dbd7000 rw-p 00000000 00:00 0 
7fdf4dbd7000-7fdf4df7b000 ---p 00000000 00:00 0 
7fdf4df7b000-7fdf4df95000 r-xp 00000000 08:05 807888                     /usr/lib/jvm/java-8-oracle/jre/lib/amd64/libzip.so
7fdf4df95000-7fdf4e195000 ---p 0001a000 08:05 807888                     /usr/lib/jvm/java-8-oracle/jre/lib/amd64/libzip.so
7fdf4e195000-7fdf4e196000 rw-p 0001a000 08:05 807888                     /usr/lib/jvm/java-8-oracle/jre/lib/amd64/libzip.so
7fdf4e196000-7fdf4e1a1000 r-xp 00000000 08:05 657773                     /lib/x86_64-linux-gnu/libnss_files-2.19.so
7fdf4e1a1000-7fdf4e3a0000 ---p 0000b000 08:05 657773                     /lib/x86_64-linux-gnu/libnss_files-2.19.so
7fdf4e3a0000-7fdf4e3a1000 r--p 0000a000 08:05 657773                     /lib/x86_64-linux-gnu/libnss_files-2.19.so
7fdf4e3a1000-7fdf4e3a2000 rw-p 0000b000 08:05 657773                     /lib/x86_64-linux-gnu/libnss_files-2.19.so
7fdf4e3a2000-7fdf4e3ad000 r-xp 00000000 08:05 657783                     /lib/x86_64-linux-gnu/libnss_nis-2.19.so
7fdf4e3ad000-7fdf4e5ac000 ---p 0000b000 08:05 657783                     /lib/x86_64-linux-gnu/libnss_nis-2.19.so
7fdf4e5ac000-7fdf4e5ad000 r--p 0000a000 08:05 657783                     /lib/x86_64-linux-gnu/libnss_nis-2.19.so
7fdf4e5ad000-7fdf4e5ae000 rw-p 0000b000 08:05 657783                     /lib/x86_64-linux-gnu/libnss_nis-2.19.so
7fdf4e5ae000-7fdf4e5c5000 r-xp 00000000 08:05 657767                     /lib/x86_64-linux-gnu/libnsl-2.19.so
7fdf4e5c5000-7fdf4e7c4000 ---p 00017000 08:05 657767                     /lib/x86_64-linux-gnu/libnsl-2.19.so
7fdf4e7c4000-7fdf4e7c5000 r--p 00016000 08:05 657767                     /lib/x86_64-linux-gnu/libnsl-2.19.so
7fdf4e7c5000-7fdf4e7c6000 rw-p 00017000 08:05 657767                     /lib/x86_64-linux-gnu/libnsl-2.19.so
7fdf4e7c6000-7fdf4e7c8000 rw-p 00000000 00:00 0 
7fdf4e7c8000-7fdf4e7d1000 r-xp 00000000 08:05 657769                     /lib/x86_64-linux-gnu/libnss_compat-2.19.so
7fdf4e7d1000-7fdf4e9d0000 ---p 00009000 08:05 657769                     /lib/x86_64-linux-gnu/libnss_compat-2.19.so
7fdf4e9d0000-7fdf4e9d1000 r--p 00008000 08:05 657769                     /lib/x86_64-linux-gnu/libnss_compat-2.19.so
7fdf4e9d1000-7fdf4e9d2000 rw-p 00009000 08:05 657769                     /lib/x86_64-linux-gnu/libnss_compat-2.19.so
7fdf4e9d2000-7fdf4e9fc000 r-xp 00000000 08:05 807882                     /usr/lib/jvm/java-8-oracle/jre/lib/amd64/libjava.so
7fdf4e9fc000-7fdf4ebfc000 ---p 0002a000 08:05 807882                     /usr/lib/jvm/java-8-oracle/jre/lib/amd64/libjava.so
7fdf4ebfc000-7fdf4ebfe000 rw-p 0002a000 08:05 807882                     /usr/lib/jvm/java-8-oracle/jre/lib/amd64/libjava.so
7fdf4ebfe000-7fdf4ec0b000 r-xp 00000000 08:05 807881                     /usr/lib/jvm/java-8-oracle/jre/lib/amd64/libverify.so
7fdf4ec0b000-7fdf4ee0b000 ---p 0000d000 08:05 807881                     /usr/lib/jvm/java-8-oracle/jre/lib/amd64/libverify.so
7fdf4ee0b000-7fdf4ee0d000 rw-p 0000d000 08:05 807881                     /usr/lib/jvm/java-8-oracle/jre/lib/amd64/libverify.so
7fdf4ee0d000-7fdf4ee14000 r-xp 00000000 08:05 657826                     /lib/x86_64-linux-gnu/librt-2.19.so
7fdf4ee14000-7fdf4f013000 ---p 00007000 08:05 657826                     /lib/x86_64-linux-gnu/librt-2.19.so
7fdf4f013000-7fdf4f014000 r--p 00006000 08:05 657826                     /lib/x86_64-linux-gnu/librt-2.19.so
7fdf4f014000-7fdf4f015000 rw-p 00007000 08:05 657826                     /lib/x86_64-linux-gnu/librt-2.19.so
7fdf4f015000-7fdf4f11a000 r-xp 00000000 08:05 657748                     /lib/x86_64-linux-gnu/libm-2.19.so
7fdf4f11a000-7fdf4f319000 ---p 00105000 08:05 657748                     /lib/x86_64-linux-gnu/libm-2.19.so
7fdf4f319000-7fdf4f31a000 r--p 00104000 08:05 657748                     /lib/x86_64-linux-gnu/libm-2.19.so
7fdf4f31a000-7fdf4f31b000 rw-p 00105000 08:05 657748                     /lib/x86_64-linux-gnu/libm-2.19.so
7fdf4f31b000-7fdf4ffd9000 r-xp 00000000 08:05 807898                     /usr/lib/jvm/java-8-oracle/jre/lib/amd64/server/libjvm.so
7fdf4ffd9000-7fdf501d8000 ---p 00cbe000 08:05 807898                     /usr/lib/jvm/java-8-oracle/jre/lib/amd64/server/libjvm.so
7fdf501d8000-7fdf502b1000 rw-p 00cbd000 08:05 807898                     /usr/lib/jvm/java-8-oracle/jre/lib/amd64/server/libjvm.so
7fdf502b1000-7fdf502f5000 rw-p 00000000 00:00 0 
7fdf502f5000-7fdf504b0000 r-xp 00000000 08:05 657698                     /lib/x86_64-linux-gnu/libc-2.19.so
7fdf504b0000-7fdf506af000 ---p 001bb000 08:05 657698                     /lib/x86_64-linux-gnu/libc-2.19.so
7fdf506af000-7fdf506b3000 r--p 001ba000 08:05 657698                     /lib/x86_64-linux-gnu/libc-2.19.so
7fdf506b3000-7fdf506b5000 rw-p 001be000 08:05 657698                     /lib/x86_64-linux-gnu/libc-2.19.so
7fdf506b5000-7fdf506ba000 rw-p 00000000 00:00 0 
7fdf506ba000-7fdf506bd000 r-xp 00000000 08:05 657715                     /lib/x86_64-linux-gnu/libdl-2.19.so
7fdf506bd000-7fdf508bc000 ---p 00003000 08:05 657715                     /lib/x86_64-linux-gnu/libdl-2.19.so
7fdf508bc000-7fdf508bd000 r--p 00002000 08:05 657715                     /lib/x86_64-linux-gnu/libdl-2.19.so
7fdf508bd000-7fdf508be000 rw-p 00003000 08:05 657715                     /lib/x86_64-linux-gnu/libdl-2.19.so
7fdf508be000-7fdf508d3000 r-xp 00000000 08:05 809124                     /usr/lib/jvm/java-8-oracle/lib/amd64/jli/libjli.so
7fdf508d3000-7fdf50ad3000 ---p 00015000 08:05 809124                     /usr/lib/jvm/java-8-oracle/lib/amd64/jli/libjli.so
7fdf50ad3000-7fdf50ad4000 rw-p 00015000 08:05 809124                     /usr/lib/jvm/java-8-oracle/lib/amd64/jli/libjli.so
7fdf50ad4000-7fdf50aed000 r-xp 00000000 08:05 657818                     /lib/x86_64-linux-gnu/libpthread-2.19.so
7fdf50aed000-7fdf50cec000 ---p 00019000 08:05 657818                     /lib/x86_64-linux-gnu/libpthread-2.19.so
7fdf50cec000-7fdf50ced000 r--p 00018000 08:05 657818                     /lib/x86_64-linux-gnu/libpthread-2.19.so
7fdf50ced000-7fdf50cee000 rw-p 00019000 08:05 657818                     /lib/x86_64-linux-gnu/libpthread-2.19.so
7fdf50cee000-7fdf50cf2000 rw-p 00000000 00:00 0 
7fdf50cf2000-7fdf50d15000 r-xp 00000000 08:05 657674                     /lib/x86_64-linux-gnu/ld-2.19.so
7fdf50d15000-7fdf50d1b000 r--s 00035000 08:05 951933                     /home/chibi/.m2/repository/org/uqbar-project/arena-jface/3.6.1/arena-jface-3.6.1.jar
7fdf50d1b000-7fdf50ded000 rw-p 00000000 00:00 0 
7fdf50ded000-7fdf50df0000 ---p 00000000 00:00 0 
7fdf50df0000-7fdf50ef2000 rw-p 00000000 00:00 0                          [stack:3489]
7fdf50ef2000-7fdf50ef4000 r--s 00008000 08:05 933654                     /home/chibi/.m2/repository/org/uqbar-project/arena-poo/3.6.1/arena-poo-3.6.1.jar
7fdf50ef4000-7fdf50f08000 rw-p 00000000 00:00 0 
7fdf50f08000-7fdf50f10000 rw-s 00000000 08:05 168906                     /tmp/hsperfdata_chibi/3483
7fdf50f10000-7fdf50f11000 rw-p 00000000 00:00 0 
7fdf50f11000-7fdf50f12000 ---p 00000000 00:00 0 
7fdf50f12000-7fdf50f14000 rw-p 00000000 00:00 0 
7fdf50f14000-7fdf50f15000 r--p 00022000 08:05 657674                     /lib/x86_64-linux-gnu/ld-2.19.so
7fdf50f15000-7fdf50f16000 rw-p 00023000 08:05 657674                     /lib/x86_64-linux-gnu/ld-2.19.so
7fdf50f16000-7fdf50f17000 rw-p 00000000 00:00 0 
7ffe10c47000-7ffe10c69000 rw-p 00000000 00:00 0                          [stack]
7ffe10ce1000-7ffe10ce3000 r--p 00000000 00:00 0                          [vvar]
7ffe10ce3000-7ffe10ce5000 r-xp 00000000 00:00 0                          [vdso]
ffffffffff600000-ffffffffff601000 r-xp 00000000 00:00 0                  [vsyscall]

VM Arguments:
jvm_args: -Djava.system.class.loader=org.uqbar.apo.APOClassLoader -Dfile.encoding=UTF-8 
java_command: runnable.AplicacionLaberinto
java_class_path (initial): /home/chibi/Escritorio/UIS-Laberinto/UIS-Arena/target/classes:/home/chibi/.m2/repository/org/uqbar-project/arena-jface/3.6.1/arena-jface-3.6.1.jar:/home/chibi/.m2/repository/org/uqbar-project/arena-core/3.6.1/arena-core-3.6.1.jar:/home/chibi/.m2/repository/org/uqbar-project/arena-pot/3.6.1/arena-pot-3.6.1.jar:/home/chibi/.m2/repository/org/uqbar-project/arena-apo/3.6.1/arena-apo-3.6.1.jar:/home/chibi/.m2/repository/org/javassist/javassist/3.18.1-GA/javassist-3.18.1-GA.jar:/home/chibi/.m2/repository/org/reflections/reflections/0.9.8/reflections-0.9.8.jar:/home/chibi/.m2/repository/dom4j/dom4j/1.6.1/dom4j-1.6.1.jar:/home/chibi/.m2/repository/xml-apis/xml-apis/1.0.b2/xml-apis-1.0.b2.jar:/home/chibi/.m2/repository/org/uqbar-project/arena-poo/3.6.1/arena-poo-3.6.1.jar:/home/chibi/.m2/repository/com/ibm/icu/icu4j/50.1.1/icu4j-50.1.1.jar:/home/chibi/.m2/repository/org/eclipse/core/org.eclipse.core.commands/3.4.0.I20080509-2000/org.eclipse.core.commands-3.4.0.I20080509-2000.jar:/home/chibi/.m2/repository/org/eclipse/core/databinding/org.eclipse.core.databinding.beans/1.1.1.M20080827-0800a/org.eclipse.core.databinding.beans-1.1.1.M20080827-0800a.jar:/home/chibi/.m2/repository/org/eclipse/core/org.eclipse.core.databinding/1.1.1.M20080827-0800b/org.eclipse.core.databinding-1.1.1.M20080827-0800b.jar:/home/chibi/.m2/repository/org/eclipse/equinox/org.eclipse.equinox.common/3.4.0.v20080421-2006/org.eclipse.equinox.common-3.4.0.v20080421-2006.jar:/home/chibi/.m2/repository/org/eclipse/jface/org.eclipse.jface.databinding/1.2.1.M20080827-0800a/org.eclipse.jface.databinding-1.2.1.M20080827-0800a.jar:/home/chibi/.m2/repository/org/eclipse/org.eclipse.jface/3.4.2.M20090107-0800/org.eclipse.jface-3.4.2.M20090107-0800.jar:/home/chibi/.m2/repository/org/eclipse/org.eclipse.osgi/3.4.3.R34x_v20081215-1030/org.eclipse.osgi-3.4.3.R34x_v20081215-1030.jar:/home/chibi/.m2/repository/org/eclipse/org.eclipse.swt/3.4.2.v3452b/org.eclipse.swt-3.4.2.v3452b.jar:/home/chibi
Launcher Type: SUN_STANDARD

Environment Variables:
PATH=/usr/local/sbin:/usr/local/bin:/usr/sbin:/usr/bin:/sbin:/bin:/usr/games:/usr/local/games
SHELL=/bin/bash
DISPLAY=:0.0

Signal Handlers:
SIGSEGV: [libjvm.so+0xaba2a0], sa_mask[0]=11111111011111111101111111111110, sa_flags=SA_RESTART|SA_SIGINFO
SIGBUS: [libjvm.so+0xaba2a0], sa_mask[0]=11111111011111111101111111111110, sa_flags=SA_RESTART|SA_SIGINFO
SIGFPE: [libjvm.so+0x917710], sa_mask[0]=11111111011111111101111111111110, sa_flags=SA_RESTART|SA_SIGINFO
SIGPIPE: SIG_IGN, sa_mask[0]=00000000000010000000000000000000, sa_flags=SA_RESTART
SIGXFSZ: [libjvm.so+0x917710], sa_mask[0]=11111111011111111101111111111110, sa_flags=SA_RESTART|SA_SIGINFO
SIGILL: [libjvm.so+0x917710], sa_mask[0]=11111111011111111101111111111110, sa_flags=SA_RESTART|SA_SIGINFO
SIGUSR1: SIG_DFL, sa_mask[0]=00000000000000000000000000000000, sa_flags=none
SIGUSR2: [libjvm.so+0x918d40], sa_mask[0]=00100000000000000000000000000000, sa_flags=SA_RESTART|SA_SIGINFO
SIGHUP: [libjvm.so+0x91a140], sa_mask[0]=11111111011111111101111111111110, sa_flags=SA_RESTART|SA_SIGINFO
SIGINT: [libjvm.so+0x91a140], sa_mask[0]=11111111011111111101111111111110, sa_flags=SA_RESTART|SA_SIGINFO
SIGTERM: [libjvm.so+0x91a140], sa_mask[0]=11111111011111111101111111111110, sa_flags=SA_RESTART|SA_SIGINFO
SIGQUIT: [libjvm.so+0x91a140], sa_mask[0]=11111111011111111101111111111110, sa_flags=SA_RESTART|SA_SIGINFO


---------------  S Y S T E M  ---------------

OS:DISTRIB_ID=Ubuntu
DISTRIB_RELEASE=14.04
DISTRIB_CODENAME=trusty
DISTRIB_DESCRIPTION="Ubuntu 14.04.3 LTS"

uname:Linux 3.19.0-30-generic #34~14.04.1-Ubuntu SMP Fri Oct 2 22:09:39 UTC 2015 x86_64
libc:glibc 2.19 NPTL 2.19 
rlimit: STACK 8192k, CORE 0k, NPROC 15514, NOFILE 4096, AS infinity
load average:2,19 1,51 0,92

/proc/meminfo:
MemTotal:        3993212 kB
MemFree:          106032 kB
MemAvailable:      59908 kB
Buffers:            1236 kB
Cached:           302456 kB
SwapCached:            0 kB
Active:          2287712 kB
Inactive:         231884 kB
Active(anon):    2263696 kB
Inactive(anon):   211652 kB
Active(file):      24016 kB
Inactive(file):    20232 kB
Unevictable:     1211612 kB
Mlocked:         1211612 kB
SwapTotal:             0 kB
SwapFree:              0 kB
Dirty:              3256 kB
Writeback:             4 kB
AnonPages:       3428088 kB
Mapped:           141300 kB
Shmem:            238192 kB
Slab:              61956 kB
SReclaimable:      32444 kB
SUnreclaim:        29512 kB
KernelStack:       10304 kB
PageTables:        39096 kB
NFS_Unstable:          0 kB
Bounce:                0 kB
WritebackTmp:          0 kB
CommitLimit:     1996604 kB
Committed_AS:    7142940 kB
VmallocTotal:   34359738367 kB
VmallocUsed:      216668 kB
VmallocChunk:   34359513052 kB
HardwareCorrupted:     0 kB
AnonHugePages:   1683456 kB
CmaTotal:              0 kB
CmaFree:               0 kB
HugePages_Total:       0
HugePages_Free:        0
HugePages_Rsvd:        0
HugePages_Surp:        0
Hugepagesize:       2048 kB
DirectMap4k:       98560 kB
DirectMap2M:     4042752 kB


CPU:total 4 (2 cores per cpu, 2 threads per core) family 6 model 42 stepping 7, cmov, cx8, fxsr, mmx, sse, sse2, sse3, ssse3, sse4.1, sse4.2, popcnt, avx, clmul, ht, tsc, tscinvbit

/proc/cpuinfo:
processor	: 0
vendor_id	: GenuineIntel
cpu family	: 6
model		: 42
model name	: Intel(R) Core(TM) i3-2330M CPU @ 2.20GHz
stepping	: 7
microcode	: 0x23
cpu MHz		: 2200.000
cache size	: 3072 KB
physical id	: 0
siblings	: 4
core id		: 0
cpu cores	: 2
apicid		: 0
initial apicid	: 0
fpu		: yes
fpu_exception	: yes
cpuid level	: 13
wp		: yes
flags		: fpu vme de pse tsc msr pae mce cx8 apic sep mtrr pge mca cmov pat pse36 clflush dts acpi mmx fxsr sse sse2 ss ht tm pbe syscall nx rdtscp lm constant_tsc arch_perfmon pebs bts rep_good nopl xtopology nonstop_tsc aperfmperf eagerfpu pni pclmulqdq dtes64 monitor ds_cpl vmx est tm2 ssse3 cx16 xtpr pdcm pcid sse4_1 sse4_2 x2apic popcnt tsc_deadline_timer xsave avx lahf_lm arat epb pln pts dtherm tpr_shadow vnmi flexpriority ept vpid xsaveopt
bugs		:
bogomips	: 4390.18
clflush size	: 64
cache_alignment	: 64
address sizes	: 36 bits physical, 48 bits virtual
power management:

processor	: 1
vendor_id	: GenuineIntel
cpu family	: 6
model		: 42
model name	: Intel(R) Core(TM) i3-2330M CPU @ 2.20GHz
stepping	: 7
microcode	: 0x23
cpu MHz		: 2200.000
cache size	: 3072 KB
physical id	: 0
siblings	: 4
core id		: 0
cpu cores	: 2
apicid		: 1
initial apicid	: 1
fpu		: yes
fpu_exception	: yes
cpuid level	: 13
wp		: yes
flags		: fpu vme de pse tsc msr pae mce cx8 apic sep mtrr pge mca cmov pat pse36 clflush dts acpi mmx fxsr sse sse2 ss ht tm pbe syscall nx rdtscp lm constant_tsc arch_perfmon pebs bts rep_good nopl xtopology nonstop_tsc aperfmperf eagerfpu pni pclmulqdq dtes64 monitor ds_cpl vmx est tm2 ssse3 cx16 xtpr pdcm pcid sse4_1 sse4_2 x2apic popcnt tsc_deadline_timer xsave avx lahf_lm arat epb pln pts dtherm tpr_shadow vnmi flexpriority ept vpid xsaveopt
bugs		:
bogomips	: 4390.18
clflush size	: 64
cache_alignment	: 64
address sizes	: 36 bits physical, 48 bits virtual
power management:

processor	: 2
vendor_id	: GenuineIntel
cpu family	: 6
model		: 42
model name	: Intel(R) Core(TM) i3-2330M CPU @ 2.20GHz
stepping	: 7
microcode	: 0x23
cpu MHz		: 2200.000
cache size	: 3072 KB
physical id	: 0
siblings	: 4
core id		: 1
cpu cores	: 2
apicid		: 2
initial apicid	: 2
fpu		: yes
fpu_exception	: yes
cpuid level	: 13
wp		: yes
flags		: fpu vme de pse tsc msr pae mce cx8 apic sep mtrr pge mca cmov pat pse36 clflush dts acpi mmx fxsr sse sse2 ss ht tm pbe syscall nx rdtscp lm constant_tsc arch_perfmon pebs bts rep_good nopl xtopology nonstop_tsc aperfmperf eagerfpu pni pclmulqdq dtes64 monitor ds_cpl vmx est tm2 ssse3 cx16 xtpr pdcm pcid sse4_1 sse4_2 x2apic popcnt tsc_deadline_timer xsave avx lahf_lm arat epb pln pts dtherm tpr_shadow vnmi flexpriority ept vpid xsaveopt
bugs		:
bogomips	: 4390.18
clflush size	: 64
cache_alignment	: 64
address sizes	: 36 bits physical, 48 bits virtual
power management:

processor	: 3
vendor_id	: GenuineIntel
cpu family	: 6
model		: 42
model name	: Intel(R) Core(TM) i3-2330M CPU @ 2.20GHz
stepping	: 7
microcode	: 0x23
cpu MHz		: 2200.000
cache size	: 3072 KB
physical id	: 0
siblings	: 4
core id		: 1
cpu cores	: 2
apicid		: 3
initial apicid	: 3
fpu		: yes
fpu_exception	: yes
cpuid level	: 13
wp		: yes
flags		: fpu vme de pse tsc msr pae mce cx8 apic sep mtrr pge mca cmov pat pse36 clflush dts acpi mmx fxsr sse sse2 ss ht tm pbe syscall nx rdtscp lm constant_tsc arch_perfmon pebs bts rep_good nopl xtopology nonstop_tsc aperfmperf eagerfpu pni pclmulqdq dtes64 monitor ds_cpl vmx est tm2 ssse3 cx16 xtpr pdcm pcid sse4_1 sse4_2 x2apic popcnt tsc_deadline_timer xsave avx lahf_lm arat epb pln pts dtherm tpr_shadow vnmi flexpriority ept vpid xsaveopt
bugs		:
bogomips	: 4390.18
clflush size	: 64
cache_alignment	: 64
address sizes	: 36 bits physical, 48 bits virtual
power management:



Memory: 4k page, physical 3993212k(106032k free), swap 0k(0k free)

vm_info: Java HotSpot(TM) 64-Bit Server VM (25.66-b17) for linux-amd64 JRE (1.8.0_66-b17), built on Oct  6 2015 17:28:34 by "java_re" with gcc 4.3.0 20080428 (Red Hat 4.3.0-8)

time: Thu Apr 14 13:59:40 2016
elapsed time: 8 seconds (0d 0h 0m 8s)

