#
# There is insufficient memory for the Java Runtime Environment to continue.
# Native memory allocation (mmap) failed to map 83361792 bytes for committing reserved memory.
# Possible reasons:
#   The system is out of physical RAM or swap space
#   In 32 bit mode, the process size limit was hit
# Possible solutions:
#   Reduce memory load on the system
#   Increase physical memory or swap space
#   Check if swap backing store is full
#   Use 64 bit Java on a 64 bit OS
#   Decrease Java heap size (-Xmx/-Xms)
#   Decrease number of Java threads
#   Decrease Java thread stack sizes (-Xss)
#   Set larger code cache with -XX:ReservedCodeCacheSize=
# This output file may be truncated or incomplete.
#
#  Out of Memory Error (os_linux.cpp:2627), pid=7290, tid=139908786104064
#
# JRE version: Java(TM) SE Runtime Environment (8.0_66-b17) (build 1.8.0_66-b17)
# Java VM: Java HotSpot(TM) 64-Bit Server VM (25.66-b17 mixed mode linux-amd64 compressed oops)
# Failed to write core dump. Core dumps have been disabled. To enable core dumping, try "ulimit -c unlimited" before starting Java again
#

---------------  T H R E A D  ---------------

Current thread (0x00007f3f24079800):  VMThread [stack: 0x00007f3f0d6f2000,0x00007f3f0d7f3000] [id=7313]

Stack: [0x00007f3f0d6f2000,0x00007f3f0d7f3000],  sp=0x00007f3f0d7f0fe0,  free space=1019k
Native frames: (J=compiled Java code, j=interpreted, Vv=VM code, C=native code)
V  [libjvm.so+0xab9a1a]  VMError::report_and_die()+0x2ba
V  [libjvm.so+0x4f9e0b]  report_vm_out_of_memory(char const*, int, unsigned long, VMErrorType, char const*)+0x8b
V  [libjvm.so+0x91a8a3]  os::Linux::commit_memory_impl(char*, unsigned long, bool)+0x103
V  [libjvm.so+0x91adf9]  os::pd_commit_memory(char*, unsigned long, unsigned long, bool)+0x29
V  [libjvm.so+0x91510a]  os::commit_memory(char*, unsigned long, unsigned long, bool)+0x2a
V  [libjvm.so+0x9887a3]  PSVirtualSpace::expand_by(unsigned long)+0x53
V  [libjvm.so+0x989ba8]  PSYoungGen::resize_generation(unsigned long, unsigned long)+0xf8
V  [libjvm.so+0x988d02]  PSYoungGen::resize(unsigned long, unsigned long)+0x22
V  [libjvm.so+0x985fdb]  PSScavenge::invoke_no_policy()+0xf3b
V  [libjvm.so+0x986761]  PSScavenge::invoke()+0x41
V  [libjvm.so+0x93e500]  ParallelScavengeHeap::failed_mem_allocate(unsigned long)+0x70
V  [libjvm.so+0xabb437]  VM_ParallelGCFailedAllocation::doit()+0x97
V  [libjvm.so+0xac2e65]  VM_Operation::evaluate()+0x55
V  [libjvm.so+0xac123a]  VMThread::evaluate_operation(VM_Operation*)+0xba
V  [libjvm.so+0xac15be]  VMThread::loop()+0x1ce
V  [libjvm.so+0xac1a30]  VMThread::run()+0x70
V  [libjvm.so+0x91cc68]  java_start(Thread*)+0x108

VM_Operation (0x00007f3f2bcc38e0): ParallelGCFailedAllocation, mode: safepoint, requested by thread 0x00007f3f2400b800


---------------  P R O C E S S  ---------------

Java Threads: ( => current thread )
  0x00007f3f2422f800 JavaThread "Service Thread" daemon [_thread_blocked, id=7327, stack(0x00007f3f0c7b0000,0x00007f3f0c8b1000)]
  0x00007f3f24224800 JavaThread "C1 CompilerThread2" daemon [_thread_blocked, id=7325, stack(0x00007f3f0c8b1000,0x00007f3f0c9b2000)]
  0x00007f3f24222000 JavaThread "C2 CompilerThread1" daemon [_thread_blocked, id=7322, stack(0x00007f3f0c9b2000,0x00007f3f0cab3000)]
  0x00007f3f24220800 JavaThread "C2 CompilerThread0" daemon [_thread_blocked, id=7321, stack(0x00007f3f0cab3000,0x00007f3f0cbb4000)]
  0x00007f3f2421e800 JavaThread "Signal Dispatcher" daemon [_thread_blocked, id=7319, stack(0x00007f3f0cbb4000,0x00007f3f0ccb5000)]
  0x00007f3f24080800 JavaThread "Finalizer" daemon [_thread_blocked, id=7316, stack(0x00007f3f0d4f0000,0x00007f3f0d5f1000)]
  0x00007f3f2407e800 JavaThread "Reference Handler" daemon [_thread_blocked, id=7315, stack(0x00007f3f0d5f1000,0x00007f3f0d6f2000)]
  0x00007f3f2400b800 JavaThread "main" [_thread_blocked, id=7302, stack(0x00007f3f2bbc6000,0x00007f3f2bcc7000)]

Other Threads:
=>0x00007f3f24079800 VMThread [stack: 0x00007f3f0d6f2000,0x00007f3f0d7f3000] [id=7313]
  0x00007f3f24234800 WatcherThread [stack: 0x00007f3f0c6af000,0x00007f3f0c7b0000] [id=7328]

VM state:at safepoint (normal execution)

VM Mutex/Monitor currently owned by a thread:  ([mutex/lock_event])
[0x00007f3f24007fa0] Threads_lock - owner thread: 0x00007f3f24079800
[0x00007f3f240084a0] Heap_lock - owner thread: 0x00007f3f2400b800

Heap:
 PSYoungGen      total 134656K, used 7666K [0x00000000ebb00000, 0x00000000f4600000, 0x0000000100000000)
  eden space 126976K, 0% used [0x00000000ebb00000,0x00000000ebb00000,0x00000000f3700000)
  from space 7680K, 99% used [0x00000000f3700000,0x00000000f3e7cb88,0x00000000f3e80000)
  to   space 7680K, 0% used [0x00000000f3e80000,0x00000000f3e80000,0x00000000f4600000)
 ParOldGen       total 42496K, used 19194K [0x00000000c3000000, 0x00000000c5980000, 0x00000000ebb00000)
  object space 42496K, 45% used [0x00000000c3000000,0x00000000c42bea10,0x00000000c5980000)
 Metaspace       used 15706K, capacity 15938K, committed 16256K, reserved 1062912K
  class space    used 1986K, capacity 2091K, committed 2176K, reserved 1048576K

Card table byte_map: [0x00007f3f287ab000,0x00007f3f28994000] byte_map_base: 0x00007f3f28193000

Marking Bits: (ParMarkBitMap*) 0x00007f3f2b0a3020
 Begin Bits: [0x00007f3f0e180000, 0x00007f3f0f0c0000)
 End Bits:   [0x00007f3f0f0c0000, 0x00007f3f10000000)

Polling page: 0x00007f3f2bcea000

CodeCache: size=245760Kb used=7172Kb max_used=7172Kb free=238587Kb
 bounds [0x00007f3f15000000, 0x00007f3f15710000, 0x00007f3f24000000]
 total_blobs=2492 nmethods=2054 adapters=351
 compilation: enabled

Compilation events (10 events):
Event: 12,796 Thread 0x00007f3f24224800 2051   !   3       javassist.compiler.MemberCodeGen::fieldAccess (364 bytes)
Event: 12,807 Thread 0x00007f3f24224800 nmethod 2051 0x00007f3f15706350 code [0x00007f3f157067e0, 0x00007f3f15709e88]
Event: 12,811 Thread 0x00007f3f24224800 2052       3       javassist.bytecode.LineNumberAttribute::shiftPc (71 bytes)
Event: 12,813 Thread 0x00007f3f24224800 nmethod 2052 0x00007f3f156f60d0 code [0x00007f3f156f6280, 0x00007f3f156f67d0]
Event: 12,830 Thread 0x00007f3f24224800 2053       3       scala.collection.generic.GenericCompanion::empty (13 bytes)
Event: 12,831 Thread 0x00007f3f24224800 nmethod 2053 0x00007f3f156f7ad0 code [0x00007f3f156f7c60, 0x00007f3f156f8038]
Event: 12,861 Thread 0x00007f3f24224800 2054       3       java.lang.StringBuilder::append (8 bytes)
Event: 12,861 Thread 0x00007f3f24224800 nmethod 2054 0x00007f3f156f5d50 code [0x00007f3f156f5ec0, 0x00007f3f156f6048]
Event: 12,861 Thread 0x00007f3f24222000 2055   !   4       java.net.URL::getURLStreamHandler (313 bytes)
Event: 12,864 Thread 0x00007f3f24220800 2056       4       java.net.URL::isValidProtocol (78 bytes)

GC Heap History (10 events):
Event: 6,845 GC heap after
Heap after GC invocations=4 (full 0):
 PSYoungGen      total 34304K, used 2560K [0x00000000ebb00000, 0x00000000edf00000, 0x0000000100000000)
  eden space 31744K, 0% used [0x00000000ebb00000,0x00000000ebb00000,0x00000000eda00000)
  from space 2560K, 100% used [0x00000000edc80000,0x00000000edf00000,0x00000000edf00000)
  to   space 2560K, 0% used [0x00000000eda00000,0x00000000eda00000,0x00000000edc80000)
 ParOldGen       total 42496K, used 8985K [0x00000000c3000000, 0x00000000c5980000, 0x00000000ebb00000)
  object space 42496K, 21% used [0x00000000c3000000,0x00000000c38c6758,0x00000000c5980000)
 Metaspace       used 14400K, capacity 14608K, committed 14848K, reserved 1062912K
  class space    used 1864K, capacity 1944K, committed 2048K, reserved 1048576K
}
Event: 7,468 GC heap before
{Heap before GC invocations=5 (full 0):
 PSYoungGen      total 34304K, used 34304K [0x00000000ebb00000, 0x00000000edf00000, 0x0000000100000000)
  eden space 31744K, 100% used [0x00000000ebb00000,0x00000000eda00000,0x00000000eda00000)
  from space 2560K, 100% used [0x00000000edc80000,0x00000000edf00000,0x00000000edf00000)
  to   space 2560K, 0% used [0x00000000eda00000,0x00000000eda00000,0x00000000edc80000)
 ParOldGen       total 42496K, used 8985K [0x00000000c3000000, 0x00000000c5980000, 0x00000000ebb00000)
  object space 42496K, 21% used [0x00000000c3000000,0x00000000c38c6758,0x00000000c5980000)
 Metaspace       used 14795K, capacity 14992K, committed 15104K, reserved 1062912K
  class space    used 1910K, capacity 1992K, committed 2048K, reserved 1048576K
Event: 7,488 GC heap after
Heap after GC invocations=5 (full 0):
 PSYoungGen      total 34304K, used 2544K [0x00000000ebb00000, 0x00000000f0700000, 0x0000000100000000)
  eden space 31744K, 0% used [0x00000000ebb00000,0x00000000ebb00000,0x00000000eda00000)
  from space 2560K, 99% used [0x00000000eda00000,0x00000000edc7c010,0x00000000edc80000)
  to   space 7168K, 0% used [0x00000000f0000000,0x00000000f0000000,0x00000000f0700000)
 ParOldGen       total 42496K, used 12296K [0x00000000c3000000, 0x00000000c5980000, 0x00000000ebb00000)
  object space 42496K, 28% used [0x00000000c3000000,0x00000000c3c021e0,0x00000000c5980000)
 Metaspace       used 14795K, capacity 14992K, committed 15104K, reserved 1062912K
  class space    used 1910K, capacity 1992K, committed 2048K, reserved 1048576K
}
Event: 7,977 GC heap before
{Heap before GC invocations=6 (full 0):
 PSYoungGen      total 34304K, used 34288K [0x00000000ebb00000, 0x00000000f0700000, 0x0000000100000000)
  eden space 31744K, 100% used [0x00000000ebb00000,0x00000000eda00000,0x00000000eda00000)
  from space 2560K, 99% used [0x00000000eda00000,0x00000000edc7c010,0x00000000edc80000)
  to   space 7168K, 0% used [0x00000000f0000000,0x00000000f0000000,0x00000000f0700000)
 ParOldGen       total 42496K, used 12296K [0x00000000c3000000, 0x00000000c5980000, 0x00000000ebb00000)
  object space 42496K, 28% used [0x00000000c3000000,0x00000000c3c021e0,0x00000000c5980000)
 Metaspace       used 14955K, capacity 15120K, committed 15360K, reserved 1062912K
  class space    used 1920K, capacity 1992K, committed 2048K, reserved 1048576K
Event: 8,001 GC heap after
Heap after GC invocations=6 (full 0):
 PSYoungGen      total 70656K, used 5440K [0x00000000ebb00000, 0x00000000f0700000, 0x0000000100000000)
  eden space 63488K, 0% used [0x00000000ebb00000,0x00000000ebb00000,0x00000000ef900000)
  from space 7168K, 75% used [0x00000000f0000000,0x00000000f0550020,0x00000000f0700000)
  to   space 7168K, 0% used [0x00000000ef900000,0x00000000ef900000,0x00000000f0000000)
 ParOldGen       total 42496K, used 12304K [0x00000000c3000000, 0x00000000c5980000, 0x00000000ebb00000)
  object space 42496K, 28% used [0x00000000c3000000,0x00000000c3c041e0,0x00000000c5980000)
 Metaspace       used 14955K, capacity 15120K, committed 15360K, reserved 1062912K
  class space    used 1920K, capacity 1992K, committed 2048K, reserved 1048576K
}
Event: 8,765 GC heap before
{Heap before GC invocations=7 (full 0):
 PSYoungGen      total 70656K, used 68928K [0x00000000ebb00000, 0x00000000f0700000, 0x0000000100000000)
  eden space 63488K, 100% used [0x00000000ebb00000,0x00000000ef900000,0x00000000ef900000)
  from space 7168K, 75% used [0x00000000f0000000,0x00000000f0550020,0x00000000f0700000)
  to   space 7168K, 0% used [0x00000000ef900000,0x00000000ef900000,0x00000000f0000000)
 ParOldGen       total 42496K, used 12304K [0x00000000c3000000, 0x00000000c5980000, 0x00000000ebb00000)
  object space 42496K, 28% used [0x00000000c3000000,0x00000000c3c041e0,0x00000000c5980000)
 Metaspace       used 15112K, capacity 15312K, committed 15616K, reserved 1062912K
  class space    used 1921K, capacity 1992K, committed 2048K, reserved 1048576K
Event: 8,787 GC heap after
Heap after GC invocations=7 (full 0):
 PSYoungGen      total 70656K, used 6650K [0x00000000ebb00000, 0x00000000f4600000, 0x0000000100000000)
  eden space 63488K, 0% used [0x00000000ebb00000,0x00000000ebb00000,0x00000000ef900000)
  from space 7168K, 92% used [0x00000000ef900000,0x00000000eff7e810,0x00000000f0000000)
  to   space 7680K, 0% used [0x00000000f3e80000,0x00000000f3e80000,0x00000000f4600000)
 ParOldGen       total 42496K, used 13561K [0x00000000c3000000, 0x00000000c5980000, 0x00000000ebb00000)
  object space 42496K, 31% used [0x00000000c3000000,0x00000000c3d3e7a8,0x00000000c5980000)
 Metaspace       used 15112K, capacity 15312K, committed 15616K, reserved 1062912K
  class space    used 1921K, capacity 1992K, committed 2048K, reserved 1048576K
}
Event: 9,604 GC heap before
{Heap before GC invocations=8 (full 0):
 PSYoungGen      total 70656K, used 70138K [0x00000000ebb00000, 0x00000000f4600000, 0x0000000100000000)
  eden space 63488K, 100% used [0x00000000ebb00000,0x00000000ef900000,0x00000000ef900000)
  from space 7168K, 92% used [0x00000000ef900000,0x00000000eff7e810,0x00000000f0000000)
  to   space 7680K, 0% used [0x00000000f3e80000,0x00000000f3e80000,0x00000000f4600000)
 ParOldGen       total 42496K, used 13561K [0x00000000c3000000, 0x00000000c5980000, 0x00000000ebb00000)
  object space 42496K, 31% used [0x00000000c3000000,0x00000000c3d3e7a8,0x00000000c5980000)
 Metaspace       used 15168K, capacity 15382K, committed 15616K, reserved 1062912K
  class space    used 1923K, capacity 1993K, committed 2048K, reserved 1048576K
Event: 9,622 GC heap after
Heap after GC invocations=8 (full 0):
 PSYoungGen      total 134656K, used 6176K [0x00000000ebb00000, 0x00000000f4600000, 0x0000000100000000)
  eden space 126976K, 0% used [0x00000000ebb00000,0x00000000ebb00000,0x00000000f3700000)
  from space 7680K, 80% used [0x00000000f3e80000,0x00000000f4488000,0x00000000f4600000)
  to   space 7680K, 0% used [0x00000000f3700000,0x00000000f3700000,0x00000000f3e80000)
 ParOldGen       total 42496K, used 14066K [0x00000000c3000000, 0x00000000c5980000, 0x00000000ebb00000)
  object space 42496K, 33% used [0x00000000c3000000,0x00000000c3dbca00,0x00000000c5980000)
 Metaspace       used 15168K, capacity 15382K, committed 15616K, reserved 1062912K
  class space    used 1923K, capacity 1993K, committed 2048K, reserved 1048576K
}
Event: 12,869 GC heap before
{Heap before GC invocations=9 (full 0):
 PSYoungGen      total 134656K, used 133152K [0x00000000ebb00000, 0x00000000f4600000, 0x0000000100000000)
  eden space 126976K, 100% used [0x00000000ebb00000,0x00000000f3700000,0x00000000f3700000)
  from space 7680K, 80% used [0x00000000f3e80000,0x00000000f4488000,0x00000000f4600000)
  to   space 7680K, 0% used [0x00000000f3700000,0x00000000f3700000,0x00000000f3e80000)
 ParOldGen       total 42496K, used 14066K [0x00000000c3000000, 0x00000000c5980000, 0x00000000ebb00000)
  object space 42496K, 33% used [0x00000000c3000000,0x00000000c3dbca00,0x00000000c5980000)
 Metaspace       used 15706K, capacity 15938K, committed 16256K, reserved 1062912K
  class space    used 1986K, capacity 2091K, committed 2176K, reserved 1048576K

Deoptimization events (10 events):
Event: 8,478 Thread 0x00007f3f2400b800 Uncommon trap: reason=unstable_if action=reinterpret pc=0x00007f3f15494538 method=java.util.HashMap.getNode(ILjava/lang/Object;)Ljava/util/HashMap$Node; @ 84
Event: 8,478 Thread 0x00007f3f2400b800 Uncommon trap: reason=unstable_if action=reinterpret pc=0x00007f3f1546093c method=java.util.HashMap.getNode(ILjava/lang/Object;)Ljava/util/HashMap$Node; @ 84
Event: 10,013 Thread 0x00007f3f2400b800 Uncommon trap: reason=unstable_if action=reinterpret pc=0x00007f3f155c42ac method=javassist.bytecode.AttributeInfo.read(Ljavassist/bytecode/ConstPool;Ljava/io/DataInputStream;)Ljavassist/bytecode/AttributeInfo; @ 276
Event: 10,515 Thread 0x00007f3f2400b800 Uncommon trap: reason=unstable_if action=reinterpret pc=0x00007f3f1555767c method=javassist.bytecode.AttributeInfo.remove(Ljava/util/ArrayList;Ljava/lang/String;)V @ 37
Event: 11,217 Thread 0x00007f3f2400b800 Uncommon trap: reason=unstable_if action=reinterpret pc=0x00007f3f1535f268 method=java.lang.StringCoding$StringDecoder.decode([BII)[C @ 20
Event: 11,399 Thread 0x00007f3f2400b800 Uncommon trap: reason=class_check action=maybe_recompile pc=0x00007f3f15612040 method=java.util.HashMap.putVal(ILjava/lang/Object;Ljava/lang/Object;ZZ)Ljava/lang/Object; @ 203
Event: 11,400 Thread 0x00007f3f2400b800 Uncommon trap: reason=class_check action=maybe_recompile pc=0x00007f3f15612040 method=java.util.HashMap.putVal(ILjava/lang/Object;Ljava/lang/Object;ZZ)Ljava/lang/Object; @ 203
Event: 11,400 Thread 0x00007f3f2400b800 Uncommon trap: reason=class_check action=maybe_recompile pc=0x00007f3f156bbe38 method=java.util.HashMap.putVal(ILjava/lang/Object;Ljava/lang/Object;ZZ)Ljava/lang/Object; @ 203
Event: 12,569 Thread 0x00007f3f2400b800 Uncommon trap: reason=unstable_if action=reinterpret pc=0x00007f3f1564eca4 method=java.util.HashMap.hash(Ljava/lang/Object;)I @ 1
Event: 12,571 Thread 0x00007f3f2400b800 Uncommon trap: reason=unstable_if action=reinterpret pc=0x00007f3f152a8928 method=java.util.HashMap.hash(Ljava/lang/Object;)I @ 1

Internal exceptions (10 events):
Event: 5,599 Thread 0x00007f3f2400b800 Exception <a 'java/lang/ClassNotFoundException': java/lang/ObjectCustomizer> (0x00000000ec6b2ea0) thrown at [/HUDSON/workspace/8-2-build-linux-amd64/jdk8u66/4988/hotspot/src/share/vm/classfile/systemDictionary.cpp, line 210]
Event: 5,626 Thread 0x00007f3f2400b800 Exception <a 'java/lang/ArrayIndexOutOfBoundsException': 18> (0x00000000ec6b50b0) thrown at [/HUDSON/workspace/8-2-build-linux-amd64/jdk8u66/4988/hotspot/src/share/vm/interpreter/interpreterRuntime.cpp, line 366]
Event: 5,629 Thread 0x00007f3f2400b800 Exception <a 'java/lang/ArrayIndexOutOfBoundsException': 22> (0x00000000ec6b8460) thrown at [/HUDSON/workspace/8-2-build-linux-amd64/jdk8u66/4988/hotspot/src/share/vm/interpreter/interpreterRuntime.cpp, line 366]
Event: 5,645 Thread 0x00007f3f2400b800 Exception <a 'java/lang/ArrayIndexOutOfBoundsException'> (0x00000000ec6ba838) thrown at [/HUDSON/workspace/8-2-build-linux-amd64/jdk8u66/4988/hotspot/src/share/vm/runtime/sharedRuntime.cpp, line 605]
Event: 5,656 Thread 0x00007f3f2400b800 Exception <a 'java/lang/ClassNotFoundException': org/apache/log4j/LayoutCustomizer> (0x00000000ec6c7ba0) thrown at [/HUDSON/workspace/8-2-build-linux-amd64/jdk8u66/4988/hotspot/src/share/vm/classfile/systemDictionary.cpp, line 210]
Event: 5,660 Thread 0x00007f3f2400b800 Exception <a 'java/lang/ClassNotFoundException': org/apache/log4j/PatternLayoutCustomizer> (0x00000000ec6e5ee8) thrown at [/HUDSON/workspace/8-2-build-linux-amd64/jdk8u66/4988/hotspot/src/share/vm/classfile/systemDictionary.cpp, line 210]
Event: 5,687 Thread 0x00007f3f2400b800 Implicit null exception at 0x00007f3f1519f9f5 to 0x00007f3f1519fd35
Event: 7,099 Thread 0x00007f3f2400b800 Implicit null exception at 0x00007f3f1546ad83 to 0x00007f3f1546b7d1
Event: 12,569 Thread 0x00007f3f2400b800 Implicit null exception at 0x00007f3f1564eab5 to 0x00007f3f1564ec95
Event: 12,571 Thread 0x00007f3f2400b800 Implicit null exception at 0x00007f3f152a88af to 0x00007f3f152a8919

Events (10 events):
Event: 12,523 loading class java/util/EventObject
Event: 12,569 loading class java/util/EventObject done
Event: 12,569 loading class java/beans/PropertyChangeEvent done
Event: 12,569 Thread 0x00007f3f2400b800 Uncommon trap: trap_request=0xffffff65 fr.pc=0x00007f3f1564eca4
Event: 12,569 Thread 0x00007f3f2400b800 DEOPT PACKING pc=0x00007f3f1564eca4 sp=0x00007f3f2bcc4cf0
Event: 12,570 Thread 0x00007f3f2400b800 DEOPT UNPACKING pc=0x00007f3f15005229 sp=0x00007f3f2bcc4c58 mode 2
Event: 12,571 Thread 0x00007f3f2400b800 Uncommon trap: trap_request=0xffffff65 fr.pc=0x00007f3f152a8928
Event: 12,571 Thread 0x00007f3f2400b800 DEOPT PACKING pc=0x00007f3f152a8928 sp=0x00007f3f2bcc4c90
Event: 12,571 Thread 0x00007f3f2400b800 DEOPT UNPACKING pc=0x00007f3f15005229 sp=0x00007f3f2bcc4c50 mode 2
Event: 12,869 Executing VM operation: ParallelGCFailedAllocation


Dynamic libraries:
00400000-00401000 r-xp 00000000 08:05 806533                             /usr/lib/jvm/java-8-oracle/bin/java
00600000-00601000 rw-p 00000000 08:05 806533                             /usr/lib/jvm/java-8-oracle/bin/java
01cf4000-01d15000 rw-p 00000000 00:00 0                                  [heap]
c3000000-c5980000 rw-p 00000000 00:00 0 
c5980000-ebb00000 ---p 00000000 00:00 0 
ebb00000-f4600000 rw-p 00000000 00:00 0 
f9580000-100000000 ---p 00000000 00:00 0 
100000000-100220000 rw-p 00000000 00:00 0 
100220000-140000000 ---p 00000000 00:00 0 
7f3ec4000000-7f3ec4022000 rw-p 00000000 00:00 0 
7f3ec4022000-7f3ec8000000 ---p 00000000 00:00 0 
7f3ecc000000-7f3ecc021000 rw-p 00000000 00:00 0 
7f3ecc021000-7f3ed0000000 ---p 00000000 00:00 0 
7f3ed2bac000-7f3ed2bad000 rw-p 00000000 00:00 0 
7f3ed2bad000-7f3ed2bbf000 r--s 00345000 08:05 807759                     /usr/lib/jvm/java-8-oracle/jre/lib/resources.jar
7f3ed2bbf000-7f3ed2d7f000 rw-p 00000000 00:00 0 
7f3ed2d7f000-7f3ed2dbf000 ---p 00000000 00:00 0 
7f3ed2dbf000-7f3ed2fbf000 rw-p 00000000 00:00 0 
7f3ed2fbf000-7f3ed3011000 r--p 00000000 08:05 5522                       /usr/share/fonts/truetype/dejavu/DejaVuSansMono.ttf
7f3ed3011000-7f3ed3068000 r--p 00000000 08:05 133210                     /usr/share/fonts/truetype/ubuntu-font-family/Ubuntu-R.ttf
7f3ed3068000-7f3ed3069000 r--s 00000000 08:05 289549                     /var/cache/fontconfig/c05880de57d1f5e948fdfacc138775d9-le64.cache-4
7f3ed3069000-7f3ed3074000 r--s 00000000 08:05 289543                     /var/cache/fontconfig/945677eb7aeaf62f1d50efc3fb3ec7d8-le64.cache-4
7f3ed3074000-7f3ed3076000 r--s 00000000 08:05 292932                     /var/cache/fontconfig/99e8ed0e538f840c565b6ed5dad60d56-le64.cache-4
7f3ed3076000-7f3ed307f000 r--s 00000000 08:05 292931                     /var/cache/fontconfig/a6d8cf8e4ec09cdbc8633c31745a07dd-le64.cache-4
7f3ed307f000-7f3ed3085000 r--s 00000000 08:05 289529                     /var/cache/fontconfig/2cd17615ca594fa2959ae173292e504c-le64.cache-4
7f3ed3085000-7f3ed3086000 r--s 00000000 08:05 289559                     /var/cache/fontconfig/e7071f4a29fa870f4323321c154eba04-le64.cache-4
7f3ed3086000-7f3ed3087000 r--s 00000000 08:05 289526                     /var/cache/fontconfig/0d8c3b2ac0904cb8a57a757ad11a4a08-le64.cache-4
7f3ed3087000-7f3ed308e000 r--s 00000000 08:05 289546                     /var/cache/fontconfig/a755afe4a08bf5b97852ceb7400b47bc-le64.cache-4
7f3ed308e000-7f3ed30a2000 r--s 00000000 08:05 289524                     /var/cache/fontconfig/04aabc0a78ac019cf9454389977116d2-le64.cache-4
7f3ed30a2000-7f3ed30a3000 r--s 00000000 08:05 289528                     /var/cache/fontconfig/1ac9eb803944fde146138c791f5cc56a-le64.cache-4
7f3ed30a3000-7f3ed30a7000 r--s 00000000 08:05 289532                     /var/cache/fontconfig/385c0604a188198f04d133e54aba7fe7-le64.cache-4
7f3ed30a7000-7f3ed30ac000 r--s 00000000 08:05 289542                     /var/cache/fontconfig/8801497958630a81b71ace7c5f9b32a8-le64.cache-4
7f3ed30ac000-7f3ed30e7000 r--s 00000000 08:05 289941                     /var/cache/fontconfig/365b55f210c0a22e9a19e35191240f32-le64.cache-4
7f3ed30e7000-7f3ed30ee000 r--s 00000000 08:05 289530                     /var/cache/fontconfig/3047814df9a2f067bd2d96a2b9c36e5a-le64.cache-4
7f3ed30ee000-7f3ed30ef000 ---p 00000000 00:00 0 
7f3ed30ef000-7f3ed38ef000 rw-p 00000000 00:00 0                          [stack:7332]
7f3ed38ef000-7f3ed38f0000 ---p 00000000 00:00 0 
7f3ed38f0000-7f3ed40f0000 rw-p 00000000 00:00 0                          [stack:7331]
7f3ed40f0000-7f3ed40fb000 r-xp 00000000 08:05 1047922                    /usr/lib/x86_64-linux-gnu/gio/modules/libdconfsettings.so
7f3ed40fb000-7f3ed42fb000 ---p 0000b000 08:05 1047922                    /usr/lib/x86_64-linux-gnu/gio/modules/libdconfsettings.so
7f3ed42fb000-7f3ed42fc000 r--p 0000b000 08:05 1047922                    /usr/lib/x86_64-linux-gnu/gio/modules/libdconfsettings.so
7f3ed42fc000-7f3ed42fd000 rw-p 0000c000 08:05 1047922                    /usr/lib/x86_64-linux-gnu/gio/modules/libdconfsettings.so
7f3ed42fd000-7f3ed4304000 r-xp 00000000 08:05 922569                     /usr/lib/x86_64-linux-gnu/libogg.so.0.8.1
7f3ed4304000-7f3ed4504000 ---p 00007000 08:05 922569                     /usr/lib/x86_64-linux-gnu/libogg.so.0.8.1
7f3ed4504000-7f3ed4505000 r--p 00007000 08:05 922569                     /usr/lib/x86_64-linux-gnu/libogg.so.0.8.1
7f3ed4505000-7f3ed4506000 rw-p 00008000 08:05 922569                     /usr/lib/x86_64-linux-gnu/libogg.so.0.8.1
7f3ed4506000-7f3ed4532000 r-xp 00000000 08:05 922843                     /usr/lib/x86_64-linux-gnu/libvorbis.so.0.4.5
7f3ed4532000-7f3ed4731000 ---p 0002c000 08:05 922843                     /usr/lib/x86_64-linux-gnu/libvorbis.so.0.4.5
7f3ed4731000-7f3ed4732000 r--p 0002b000 08:05 922843                     /usr/lib/x86_64-linux-gnu/libvorbis.so.0.4.5
7f3ed4732000-7f3ed4733000 rw-p 0002c000 08:05 922843                     /usr/lib/x86_64-linux-gnu/libvorbis.so.0.4.5
7f3ed4733000-7f3ed473c000 r-xp 00000000 08:05 922475                     /usr/lib/x86_64-linux-gnu/libltdl.so.7.3.0
7f3ed473c000-7f3ed493b000 ---p 00009000 08:05 922475                     /usr/lib/x86_64-linux-gnu/libltdl.so.7.3.0
7f3ed493b000-7f3ed493c000 r--p 00008000 08:05 922475                     /usr/lib/x86_64-linux-gnu/libltdl.so.7.3.0
7f3ed493c000-7f3ed493d000 rw-p 00009000 08:05 922475                     /usr/lib/x86_64-linux-gnu/libltdl.so.7.3.0
7f3ed493d000-7f3ed494e000 r-xp 00000000 08:05 922764                     /usr/lib/x86_64-linux-gnu/libtdb.so.1.2.12
7f3ed494e000-7f3ed4b4d000 ---p 00011000 08:05 922764                     /usr/lib/x86_64-linux-gnu/libtdb.so.1.2.12
7f3ed4b4d000-7f3ed4b4e000 r--p 00010000 08:05 922764                     /usr/lib/x86_64-linux-gnu/libtdb.so.1.2.12
7f3ed4b4e000-7f3ed4b4f000 rw-p 00011000 08:05 922764                     /usr/lib/x86_64-linux-gnu/libtdb.so.1.2.12
7f3ed4b4f000-7f3ed4b56000 r-xp 00000000 08:05 922847                     /usr/lib/x86_64-linux-gnu/libvorbisfile.so.3.3.4
7f3ed4b56000-7f3ed4d55000 ---p 00007000 08:05 922847                     /usr/lib/x86_64-linux-gnu/libvorbisfile.so.3.3.4
7f3ed4d55000-7f3ed4d56000 r--p 00006000 08:05 922847                     /usr/lib/x86_64-linux-gnu/libvorbisfile.so.3.3.4
7f3ed4d56000-7f3ed4d57000 rw-p 00007000 08:05 922847                     /usr/lib/x86_64-linux-gnu/libvorbisfile.so.3.3.4
7f3ed4d57000-7f3ed4d66000 r-xp 00000000 08:05 921989                     /usr/lib/x86_64-linux-gnu/libcanberra.so.0.2.5
7f3ed4d66000-7f3ed4f65000 ---p 0000f000 08:05 921989                     /usr/lib/x86_64-linux-gnu/libcanberra.so.0.2.5
7f3ed4f65000-7f3ed4f66000 r--p 0000e000 08:05 921989                     /usr/lib/x86_64-linux-gnu/libcanberra.so.0.2.5
7f3ed4f66000-7f3ed4f67000 rw-p 0000f000 08:05 921989                     /usr/lib/x86_64-linux-gnu/libcanberra.so.0.2.5
7f3ed4f67000-7f3ed4f6b000 r-xp 00000000 08:05 921985                     /usr/lib/x86_64-linux-gnu/libcanberra-gtk.so.0.1.9
7f3ed4f6b000-7f3ed516a000 ---p 00004000 08:05 921985                     /usr/lib/x86_64-linux-gnu/libcanberra-gtk.so.0.1.9
7f3ed516a000-7f3ed516b000 r--p 00003000 08:05 921985                     /usr/lib/x86_64-linux-gnu/libcanberra-gtk.so.0.1.9
7f3ed516b000-7f3ed516c000 rw-p 00004000 08:05 921985                     /usr/lib/x86_64-linux-gnu/libcanberra-gtk.so.0.1.9
7f3ed516c000-7f3ed5171000 r-xp 00000000 08:05 1048177                    /usr/lib/x86_64-linux-gnu/gtk-2.0/modules/libcanberra-gtk-module.so
7f3ed5171000-7f3ed5370000 ---p 00005000 08:05 1048177                    /usr/lib/x86_64-linux-gnu/gtk-2.0/modules/libcanberra-gtk-module.so
7f3ed5370000-7f3ed5371000 r--p 00004000 08:05 1048177                    /usr/lib/x86_64-linux-gnu/gtk-2.0/modules/libcanberra-gtk-module.so
7f3ed5371000-7f3ed5372000 rw-p 00005000 08:05 1048177                    /usr/lib/x86_64-linux-gnu/gtk-2.0/modules/libcanberra-gtk-module.so
7f3ed5372000-7f3ed53a1000 r-xp 00000000 08:05 1048159                    /usr/lib/x86_64-linux-gnu/gtk-2.0/2.10.0/engines/libmurrine.so
7f3ed53a1000-7f3ed55a1000 ---p 0002f000 08:05 1048159                    /usr/lib/x86_64-linux-gnu/gtk-2.0/2.10.0/engines/libmurrine.so
7f3ed55a1000-7f3ed55a2000 r--p 0002f000 08:05 1048159                    /usr/lib/x86_64-linux-gnu/gtk-2.0/2.10.0/engines/libmurrine.so
7f3ed55a2000-7f3ed55a3000 rw-p 00030000 08:05 1048159                    /usr/lib/x86_64-linux-gnu/gtk-2.0/2.10.0/engines/libmurrine.so
7f3ed55a3000-7f3ed55b3000 r-xp 00000000 08:05 922813                     /usr/lib/x86_64-linux-gnu/libunity-gtk2-parser.so.0.0.0
7f3ed55b3000-7f3ed57b2000 ---p 00010000 08:05 922813                     /usr/lib/x86_64-linux-gnu/libunity-gtk2-parser.so.0.0.0
7f3ed57b2000-7f3ed57b3000 r--p 0000f000 08:05 922813                     /usr/lib/x86_64-linux-gnu/libunity-gtk2-parser.so.0.0.0
7f3ed57b3000-7f3ed57b4000 rw-p 00010000 08:05 922813                     /usr/lib/x86_64-linux-gnu/libunity-gtk2-parser.so.0.0.0
7f3ed57b4000-7f3ed57b9000 r-xp 00000000 08:05 1048181                    /usr/lib/x86_64-linux-gnu/gtk-2.0/modules/libunity-gtk-module.so
7f3ed57b9000-7f3ed59b8000 ---p 00005000 08:05 1048181                    /usr/lib/x86_64-linux-gnu/gtk-2.0/modules/libunity-gtk-module.so
7f3ed59b8000-7f3ed59b9000 r--p 00004000 08:05 1048181                    /usr/lib/x86_64-linux-gnu/gtk-2.0/modules/libunity-gtk-module.so
7f3ed59b9000-7f3ed59ba000 rw-p 00005000 08:05 1048181                    /usr/lib/x86_64-linux-gnu/gtk-2.0/modules/libunity-gtk-module.so
7f3ed59ba000-7f3ed59cb000 r-xp 00000000 08:05 1048180                    /usr/lib/x86_64-linux-gnu/gtk-2.0/modules/liboverlay-scrollbar.so
7f3ed59cb000-7f3ed5bca000 ---p 00011000 08:05 1048180                    /usr/lib/x86_64-linux-gnu/gtk-2.0/modules/liboverlay-scrollbar.so
7f3ed5bca000-7f3ed5bcb000 r--p 00010000 08:05 1048180                    /usr/lib/x86_64-linux-gnu/gtk-2.0/modules/liboverlay-scrollbar.so
7f3ed5bcb000-7f3ed5bcc000 rw-p 00011000 08:05 1048180                    /usr/lib/x86_64-linux-gnu/gtk-2.0/modules/liboverlay-scrollbar.so
7f3ed5bcc000-7f3ed5bd2000 r-xp 00000000 08:05 922053                     /usr/lib/x86_64-linux-gnu/libdatrie.so.1.3.1
7f3ed5bd2000-7f3ed5dd1000 ---p 00006000 08:05 922053                     /usr/lib/x86_64-linux-gnu/libdatrie.so.1.3.1
7f3ed5dd1000-7f3ed5dd2000 r--p 00005000 08:05 922053                     /usr/lib/x86_64-linux-gnu/libdatrie.so.1.3.1
7f3ed5dd2000-7f3ed5dd3000 rw-p 00006000 08:05 922053                     /usr/lib/x86_64-linux-gnu/libdatrie.so.1.3.1
7f3ed5dd3000-7f3ed5ded000 r-xp 00000000 08:05 922279                     /usr/lib/x86_64-linux-gnu/libgraphite2.so.3.0.1
7f3ed5ded000-7f3ed5fec000 ---p 0001a000 08:05 922279                     /usr/lib/x86_64-linux-gnu/libgraphite2.so.3.0.1
7f3ed5fec000-7f3ed5fee000 r--p 00019000 08:05 922279                     /usr/lib/x86_64-linux-gnu/libgraphite2.so.3.0.1
7f3ed5fee000-7f3ed5fef000 rw-p 0001b000 08:05 922279                     /usr/lib/x86_64-linux-gnu/libgraphite2.so.3.0.1
7f3ed5fef000-7f3ed5ff4000 r-xp 00000000 08:05 921861                     /usr/lib/x86_64-linux-gnu/libXdmcp.so.6.0.0
7f3ed5ff4000-7f3ed61f3000 ---p 00005000 08:05 921861                     /usr/lib/x86_64-linux-gnu/libXdmcp.so.6.0.0
7f3ed61f3000-7f3ed61f4000 r--p 00004000 08:05 921861                     /usr/lib/x86_64-linux-gnu/libXdmcp.so.6.0.0
7f3ed61f4000-7f3ed61f5000 rw-p 00005000 08:05 921861                     /usr/lib/x86_64-linux-gnu/libXdmcp.so.6.0.0
7f3ed61f5000-7f3ed61f7000 r-xp 00000000 08:05 921850                     /usr/lib/x86_64-linux-gnu/libXau.so.6.0.0
7f3ed61f7000-7f3ed63f7000 ---p 00002000 08:05 921850                     /usr/lib/x86_64-linux-gnu/libXau.so.6.0.0
7f3ed63f7000-7f3ed63f8000 r--p 00002000 08:05 921850                     /usr/lib/x86_64-linux-gnu/libXau.so.6.0.0
7f3ed63f8000-7f3ed63f9000 rw-p 00003000 08:05 921850                     /usr/lib/x86_64-linux-gnu/libXau.so.6.0.0
7f3ed63f9000-7f3ed6436000 r-xp 00000000 08:05 657801                     /lib/x86_64-linux-gnu/libpcre.so.3.13.1
7f3ed6436000-7f3ed6635000 ---p 0003d000 08:05 657801                     /lib/x86_64-linux-gnu/libpcre.so.3.13.1
7f3ed6635000-7f3ed6636000 r--p 0003c000 08:05 657801                     /lib/x86_64-linux-gnu/libpcre.so.3.13.1
7f3ed6636000-7f3ed6637000 rw-p 0003d000 08:05 657801                     /lib/x86_64-linux-gnu/libpcre.so.3.13.1
7f3ed6637000-7f3ed663e000 r-xp 00000000 08:05 921603                     /usr/lib/x86_64-linux-gnu/libffi.so.6.0.1
7f3ed663e000-7f3ed683d000 ---p 00007000 08:05 921603                     /usr/lib/x86_64-linux-gnu/libffi.so.6.0.1
7f3ed683d000-7f3ed683e000 r--p 00006000 08:05 921603                     /usr/lib/x86_64-linux-gnu/libffi.so.6.0.1
7f3ed683e000-7f3ed683f000 rw-p 00007000 08:05 921603                     /usr/lib/x86_64-linux-gnu/libffi.so.6.0.1
7f3ed683f000-7f3ed6866000 r-xp 00000000 08:05 652811                     /lib/x86_64-linux-gnu/libexpat.so.1.6.0
7f3ed6866000-7f3ed6a66000 ---p 00027000 08:05 652811                     /lib/x86_64-linux-gnu/libexpat.so.1.6.0
7f3ed6a66000-7f3ed6a68000 r--p 00027000 08:05 652811                     /lib/x86_64-linux-gnu/libexpat.so.1.6.0
7f3ed6a68000-7f3ed6a69000 rw-p 00029000 08:05 652811                     /lib/x86_64-linux-gnu/libexpat.so.1.6.0
7f3ed6a69000-7f3ed6a71000 r-xp 00000000 08:05 922776                     /usr/lib/x86_64-linux-gnu/libthai.so.0.2.0
7f3ed6a71000-7f3ed6c70000 ---p 00008000 08:05 922776                     /usr/lib/x86_64-linux-gnu/libthai.so.0.2.0
7f3ed6c70000-7f3ed6c71000 r--p 00007000 08:05 922776                     /usr/lib/x86_64-linux-gnu/libthai.so.0.2.0
7f3ed6c71000-7f3ed6c72000 rw-p 00008000 08:05 922776                     /usr/lib/x86_64-linux-gnu/libthai.so.0.2.0
7f3ed6c72000-7f3ed6cc5000 r-xp 00000000 08:05 922392                     /usr/lib/x86_64-linux-gnu/libharfbuzz.so.0.927.0
7f3ed6cc5000-7f3ed6ec5000 ---p 00053000 08:05 922392                     /usr/lib/x86_64-linux-gnu/libharfbuzz.so.0.927.0
7f3ed6ec5000-7f3ed6ec6000 r--p 00053000 08:05 922392                     /usr/lib/x86_64-linux-gnu/libharfbuzz.so.0.927.0
7f3ed6ec6000-7f3ed6ec7000 rw-p 00054000 08:05 922392                     /usr/lib/x86_64-linux-gnu/libharfbuzz.so.0.927.0
7f3ed6ec7000-7f3ed6ede000 r-xp 00000000 08:05 657824                     /lib/x86_64-linux-gnu/libresolv-2.19.so
7f3ed6ede000-7f3ed70de000 ---p 00017000 08:05 657824                     /lib/x86_64-linux-gnu/libresolv-2.19.so
7f3ed70de000-7f3ed70df000 r--p 00017000 08:05 657824                     /lib/x86_64-linux-gnu/libresolv-2.19.so
7f3ed70df000-7f3ed70e0000 rw-p 00018000 08:05 657824                     /lib/x86_64-linux-gnu/libresolv-2.19.so
7f3ed70e0000-7f3ed70e2000 rw-p 00000000 00:00 0 
7f3ed70e2000-7f3ed7102000 r-xp 00000000 08:05 657828                     /lib/x86_64-linux-gnu/libselinux.so.1
7f3ed7102000-7f3ed7301000 ---p 00020000 08:05 657828                     /lib/x86_64-linux-gnu/libselinux.so.1
7f3ed7301000-7f3ed7302000 r--p 0001f000 08:05 657828                     /lib/x86_64-linux-gnu/libselinux.so.1
7f3ed7302000-7f3ed7303000 rw-p 00020000 08:05 657828                     /lib/x86_64-linux-gnu/libselinux.so.1
7f3ed7303000-7f3ed7305000 rw-p 00000000 00:00 0 
7f3ed7305000-7f3ed731d000 r-xp 00000000 08:05 657861                     /lib/x86_64-linux-gnu/libz.so.1.2.8
7f3ed731d000-7f3ed751c000 ---p 00018000 08:05 657861                     /lib/x86_64-linux-gnu/libz.so.1.2.8
7f3ed751c000-7f3ed751d000 r--p 00017000 08:05 657861                     /lib/x86_64-linux-gnu/libz.so.1.2.8
7f3ed751d000-7f3ed751e000 rw-p 00018000 08:05 657861                     /lib/x86_64-linux-gnu/libz.so.1.2.8
7f3ed751e000-7f3ed7526000 r-xp 00000000 08:05 922902                     /usr/lib/x86_64-linux-gnu/libxcb-render.so.0.0.0
7f3ed7526000-7f3ed7725000 ---p 00008000 08:05 922902                     /usr/lib/x86_64-linux-gnu/libxcb-render.so.0.0.0
7f3ed7725000-7f3ed7726000 r--p 00007000 08:05 922902                     /usr/lib/x86_64-linux-gnu/libxcb-render.so.0.0.0
7f3ed7726000-7f3ed7727000 rw-p 00008000 08:05 922902                     /usr/lib/x86_64-linux-gnu/libxcb-render.so.0.0.0
7f3ed7727000-7f3ed7729000 r-xp 00000000 08:05 922906                     /usr/lib/x86_64-linux-gnu/libxcb-shm.so.0.0.0
7f3ed7729000-7f3ed7928000 ---p 00002000 08:05 922906                     /usr/lib/x86_64-linux-gnu/libxcb-shm.so.0.0.0
7f3ed7928000-7f3ed7929000 r--p 00001000 08:05 922906                     /usr/lib/x86_64-linux-gnu/libxcb-shm.so.0.0.0
7f3ed7929000-7f3ed792a000 rw-p 00002000 08:05 922906                     /usr/lib/x86_64-linux-gnu/libxcb-shm.so.0.0.0
7f3ed792a000-7f3ed794f000 r-xp 00000000 08:05 654139                     /lib/x86_64-linux-gnu/libpng12.so.0.50.0
7f3ed794f000-7f3ed7b4e000 ---p 00025000 08:05 654139                     /lib/x86_64-linux-gnu/libpng12.so.0.50.0
7f3ed7b4e000-7f3ed7b4f000 r--p 00024000 08:05 654139                     /lib/x86_64-linux-gnu/libpng12.so.0.50.0
7f3ed7b4f000-7f3ed7b50000 rw-p 00025000 08:05 654139                     /lib/x86_64-linux-gnu/libpng12.so.0.50.0
7f3ed7b50000-7f3ed7bf1000 r-xp 00000000 08:05 922608                     /usr/lib/x86_64-linux-gnu/libpixman-1.so.0.30.2
7f3ed7bf1000-7f3ed7df1000 ---p 000a1000 08:05 922608                     /usr/lib/x86_64-linux-gnu/libpixman-1.so.0.30.2
7f3ed7df1000-7f3ed7df8000 r--p 000a1000 08:05 922608                     /usr/lib/x86_64-linux-gnu/libpixman-1.so.0.30.2
7f3ed7df8000-7f3ed7df9000 rw-p 000a8000 08:05 922608                     /usr/lib/x86_64-linux-gnu/libpixman-1.so.0.30.2
7f3ed7df9000-7f3ed7e16000 r-xp 00000000 08:05 922916                     /usr/lib/x86_64-linux-gnu/libxcb.so.1.1.0
7f3ed7e16000-7f3ed8016000 ---p 0001d000 08:05 922916                     /usr/lib/x86_64-linux-gnu/libxcb.so.1.1.0
7f3ed8016000-7f3ed8017000 r--p 0001d000 08:05 922916                     /usr/lib/x86_64-linux-gnu/libxcb.so.1.1.0
7f3ed8017000-7f3ed8018000 rw-p 0001e000 08:05 922916                     /usr/lib/x86_64-linux-gnu/libxcb.so.1.1.0
7f3ed8018000-7f3ed80b5000 r-xp 00000000 08:05 921217                     /usr/lib/x86_64-linux-gnu/libfreetype.so.6.11.1
7f3ed80b5000-7f3ed82b4000 ---p 0009d000 08:05 921217                     /usr/lib/x86_64-linux-gnu/libfreetype.so.6.11.1
7f3ed82b4000-7f3ed82ba000 r--p 0009c000 08:05 921217                     /usr/lib/x86_64-linux-gnu/libfreetype.so.6.11.1
7f3ed82ba000-7f3ed82bb000 rw-p 000a2000 08:05 921217                     /usr/lib/x86_64-linux-gnu/libfreetype.so.6.11.1
7f3ed82bb000-7f3ed82bd000 r-xp 00000000 08:05 921859                     /usr/lib/x86_64-linux-gnu/libXdamage.so.1.1.0
7f3ed82bd000-7f3ed84bc000 ---p 00002000 08:05 921859                     /usr/lib/x86_64-linux-gnu/libXdamage.so.1.1.0
7f3ed84bc000-7f3ed84bd000 r--p 00001000 08:05 921859                     /usr/lib/x86_64-linux-gnu/libXdamage.so.1.1.0
7f3ed84bd000-7f3ed84be000 rw-p 00002000 08:05 921859                     /usr/lib/x86_64-linux-gnu/libXdamage.so.1.1.0
7f3ed84be000-7f3ed84c0000 r-xp 00000000 08:05 921855                     /usr/lib/x86_64-linux-gnu/libXcomposite.so.1.0.0
7f3ed84c0000-7f3ed86bf000 ---p 00002000 08:05 921855                     /usr/lib/x86_64-linux-gnu/libXcomposite.so.1.0.0
7f3ed86bf000-7f3ed86c0000 r--p 00001000 08:05 921855                     /usr/lib/x86_64-linux-gnu/libXcomposite.so.1.0.0
7f3ed86c0000-7f3ed86c1000 rw-p 00002000 08:05 921855                     /usr/lib/x86_64-linux-gnu/libXcomposite.so.1.0.0
7f3ed86c1000-7f3ed86ca000 r-xp 00000000 08:05 921857                     /usr/lib/x86_64-linux-gnu/libXcursor.so.1.0.2
7f3ed86ca000-7f3ed88c9000 ---p 00009000 08:05 921857                     /usr/lib/x86_64-linux-gnu/libXcursor.so.1.0.2
7f3ed88c9000-7f3ed88ca000 r--p 00008000 08:05 921857                     /usr/lib/x86_64-linux-gnu/libXcursor.so.1.0.2
7f3ed88ca000-7f3ed88cb000 rw-p 00009000 08:05 921857                     /usr/lib/x86_64-linux-gnu/libXcursor.so.1.0.2
7f3ed88cb000-7f3ed88d4000 r-xp 00000000 08:05 921883                     /usr/lib/x86_64-linux-gnu/libXrandr.so.2.2.0
7f3ed88d4000-7f3ed8ad3000 ---p 00009000 08:05 921883                     /usr/lib/x86_64-linux-gnu/libXrandr.so.2.2.0
7f3ed8ad3000-7f3ed8ad4000 r--p 00008000 08:05 921883                     /usr/lib/x86_64-linux-gnu/libXrandr.so.2.2.0
7f3ed8ad4000-7f3ed8ad5000 rw-p 00009000 08:05 921883                     /usr/lib/x86_64-linux-gnu/libXrandr.so.2.2.0
7f3ed8ad5000-7f3ed8ae4000 r-xp 00000000 08:05 921871                     /usr/lib/x86_64-linux-gnu/libXi.so.6.1.0
7f3ed8ae4000-7f3ed8ce3000 ---p 0000f000 08:05 921871                     /usr/lib/x86_64-linux-gnu/libXi.so.6.1.0
7f3ed8ce3000-7f3ed8ce4000 r--p 0000e000 08:05 921871                     /usr/lib/x86_64-linux-gnu/libXi.so.6.1.0
7f3ed8ce4000-7f3ed8ce5000 rw-p 0000f000 08:05 921871                     /usr/lib/x86_64-linux-gnu/libXi.so.6.1.0
7f3ed8ce5000-7f3ed8ce7000 r-xp 00000000 08:05 921873                     /usr/lib/x86_64-linux-gnu/libXinerama.so.1.0.0
7f3ed8ce7000-7f3ed8ee6000 ---p 00002000 08:05 921873                     /usr/lib/x86_64-linux-gnu/libXinerama.so.1.0.0
7f3ed8ee6000-7f3ed8ee7000 r--p 00001000 08:05 921873                     /usr/lib/x86_64-linux-gnu/libXinerama.so.1.0.0
7f3ed8ee7000-7f3ed8ee8000 rw-p 00002000 08:05 921873                     /usr/lib/x86_64-linux-gnu/libXinerama.so.1.0.0
7f3ed8ee8000-7f3ed8ef1000 r-xp 00000000 08:05 921885                     /usr/lib/x86_64-linux-gnu/libXrender.so.1.3.0
7f3ed8ef1000-7f3ed90f0000 ---p 00009000 08:05 921885                     /usr/lib/x86_64-linux-gnu/libXrender.so.1.3.0
7f3ed90f0000-7f3ed90f1000 r--p 00008000 08:05 921885                     /usr/lib/x86_64-linux-gnu/libXrender.so.1.3.0
7f3ed90f1000-7f3ed90f2000 rw-p 00009000 08:05 921885                     /usr/lib/x86_64-linux-gnu/libXrender.so.1.3.0
7f3ed90f2000-7f3ed9103000 r-xp 00000000 08:05 921863                     /usr/lib/x86_64-linux-gnu/libXext.so.6.4.0
7f3ed9103000-7f3ed9302000 ---p 00011000 08:05 921863                     /usr/lib/x86_64-linux-gnu/libXext.so.6.4.0
7f3ed9302000-7f3ed9303000 r--p 00010000 08:05 921863                     /usr/lib/x86_64-linux-gnu/libXext.so.6.4.0
7f3ed9303000-7f3ed9304000 rw-p 00011000 08:05 921863                     /usr/lib/x86_64-linux-gnu/libXext.so.6.4.0
7f3ed9304000-7f3ed940a000 r-xp 00000000 08:05 657729                     /lib/x86_64-linux-gnu/libglib-2.0.so.0.4002.0
7f3ed940a000-7f3ed9609000 ---p 00106000 08:05 657729                     /lib/x86_64-linux-gnu/libglib-2.0.so.0.4002.0
7f3ed9609000-7f3ed960a000 r--p 00105000 08:05 657729                     /lib/x86_64-linux-gnu/libglib-2.0.so.0.4002.0
7f3ed960a000-7f3ed960b000 rw-p 00106000 08:05 657729                     /lib/x86_64-linux-gnu/libglib-2.0.so.0.4002.0
7f3ed960b000-7f3ed960c000 rw-p 00000000 00:00 0 
7f3ed960c000-7f3ed965b000 r-xp 00000000 08:05 922261                     /usr/lib/x86_64-linux-gnu/libgobject-2.0.so.0.4002.0
7f3ed965b000-7f3ed985b000 ---p 0004f000 08:05 922261                     /usr/lib/x86_64-linux-gnu/libgobject-2.0.so.0.4002.0
7f3ed985b000-7f3ed985c000 r--p 0004f000 08:05 922261                     /usr/lib/x86_64-linux-gnu/libgobject-2.0.so.0.4002.0
7f3ed985c000-7f3ed985d000 rw-p 00050000 08:05 922261                     /usr/lib/x86_64-linux-gnu/libgobject-2.0.so.0.4002.0
7f3ed985d000-7f3ed9897000 r-xp 00000000 08:05 922146                     /usr/lib/x86_64-linux-gnu/libfontconfig.so.1.8.0
7f3ed9897000-7f3ed9a96000 ---p 0003a000 08:05 922146                     /usr/lib/x86_64-linux-gnu/libfontconfig.so.1.8.0
7f3ed9a96000-7f3ed9a98000 r--p 00039000 08:05 922146                     /usr/lib/x86_64-linux-gnu/libfontconfig.so.1.8.0
7f3ed9a98000-7f3ed9a99000 rw-p 0003b000 08:05 922146                     /usr/lib/x86_64-linux-gnu/libfontconfig.so.1.8.0
7f3ed9a99000-7f3ed9ae3000 r-xp 00000000 08:05 922585                     /usr/lib/x86_64-linux-gnu/libpango-1.0.so.0.3600.3
7f3ed9ae3000-7f3ed9ce3000 ---p 0004a000 08:05 922585                     /usr/lib/x86_64-linux-gnu/libpango-1.0.so.0.3600.3
7f3ed9ce3000-7f3ed9ce5000 r--p 0004a000 08:05 922585                     /usr/lib/x86_64-linux-gnu/libpango-1.0.so.0.3600.3
7f3ed9ce5000-7f3ed9ce6000 rw-p 0004c000 08:05 922585                     /usr/lib/x86_64-linux-gnu/libpango-1.0.so.0.3600.3
7f3ed9ce6000-7f3ed9cfa000 r-xp 00000000 08:05 922589                     /usr/lib/x86_64-linux-gnu/libpangoft2-1.0.so.0.3600.3
7f3ed9cfa000-7f3ed9ef9000 ---p 00014000 08:05 922589                     /usr/lib/x86_64-linux-gnu/libpangoft2-1.0.so.0.3600.3
7f3ed9ef9000-7f3ed9efa000 r--p 00013000 08:05 922589                     /usr/lib/x86_64-linux-gnu/libpangoft2-1.0.so.0.3600.3
7f3ed9efa000-7f3ed9efb000 rw-p 00014000 08:05 922589                     /usr/lib/x86_64-linux-gnu/libpangoft2-1.0.so.0.3600.3
7f3ed9efb000-7f3eda067000 r-xp 00000000 08:05 922233                     /usr/lib/x86_64-linux-gnu/libgio-2.0.so.0.4002.0
7f3eda067000-7f3eda266000 ---p 0016c000 08:05 922233                     /usr/lib/x86_64-linux-gnu/libgio-2.0.so.0.4002.0
7f3eda266000-7f3eda26a000 r--p 0016b000 08:05 922233                     /usr/lib/x86_64-linux-gnu/libgio-2.0.so.0.4002.0
7f3eda26a000-7f3eda26c000 rw-p 0016f000 08:05 922233                     /usr/lib/x86_64-linux-gnu/libgio-2.0.so.0.4002.0
7f3eda26c000-7f3eda26e000 rw-p 00000000 00:00 0 
7f3eda26e000-7f3eda28e000 r-xp 00000000 08:05 921307                     /usr/lib/x86_64-linux-gnu/libgdk_pixbuf-2.0.so.0.3000.7
7f3eda28e000-7f3eda48d000 ---p 00020000 08:05 921307                     /usr/lib/x86_64-linux-gnu/libgdk_pixbuf-2.0.so.0.3000.7
7f3eda48d000-7f3eda48e000 r--p 0001f000 08:05 921307                     /usr/lib/x86_64-linux-gnu/libgdk_pixbuf-2.0.so.0.3000.7
7f3eda48e000-7f3eda48f000 rw-p 00020000 08:05 921307                     /usr/lib/x86_64-linux-gnu/libgdk_pixbuf-2.0.so.0.3000.7
7f3eda48f000-7f3eda595000 r-xp 00000000 08:05 921981                     /usr/lib/x86_64-linux-gnu/libcairo.so.2.11301.0
7f3eda595000-7f3eda794000 ---p 00106000 08:05 921981                     /usr/lib/x86_64-linux-gnu/libcairo.so.2.11301.0
7f3eda794000-7f3eda797000 r--p 00105000 08:05 921981                     /usr/lib/x86_64-linux-gnu/libcairo.so.2.11301.0
7f3eda797000-7f3eda798000 rw-p 00108000 08:05 921981                     /usr/lib/x86_64-linux-gnu/libcairo.so.2.11301.0
7f3eda798000-7f3eda79a000 rw-p 00000000 00:00 0 
7f3eda79a000-7f3eda7b9000 r-xp 00000000 08:05 921942                     /usr/lib/x86_64-linux-gnu/libatk-1.0.so.0.21009.1
7f3eda7b9000-7f3eda9b9000 ---p 0001f000 08:05 921942                     /usr/lib/x86_64-linux-gnu/libatk-1.0.so.0.21009.1
7f3eda9b9000-7f3eda9bb000 r--p 0001f000 08:05 921942                     /usr/lib/x86_64-linux-gnu/libatk-1.0.so.0.21009.1
7f3eda9bb000-7f3eda9bc000 rw-p 00021000 08:05 921942                     /usr/lib/x86_64-linux-gnu/libatk-1.0.so.0.21009.1
7f3eda9bc000-7f3eda9c1000 r-xp 00000000 08:05 921865                     /usr/lib/x86_64-linux-gnu/libXfixes.so.3.1.0
7f3eda9c1000-7f3edabc0000 ---p 00005000 08:05 921865                     /usr/lib/x86_64-linux-gnu/libXfixes.so.3.1.0
7f3edabc0000-7f3edabc1000 r--p 00004000 08:05 921865                     /usr/lib/x86_64-linux-gnu/libXfixes.so.3.1.0
7f3edabc1000-7f3edabc2000 rw-p 00005000 08:05 921865                     /usr/lib/x86_64-linux-gnu/libXfixes.so.3.1.0
7f3edabc2000-7f3edacf2000 r-xp 00000000 08:05 921846                     /usr/lib/x86_64-linux-gnu/libX11.so.6.3.0
7f3edacf2000-7f3edaef2000 ---p 00130000 08:05 921846                     /usr/lib/x86_64-linux-gnu/libX11.so.6.3.0
7f3edaef2000-7f3edaef3000 r--p 00130000 08:05 921846                     /usr/lib/x86_64-linux-gnu/libX11.so.6.3.0
7f3edaef3000-7f3edaef7000 rw-p 00131000 08:05 921846                     /usr/lib/x86_64-linux-gnu/libX11.so.6.3.0
7f3edaef7000-7f3edaf02000 r-xp 00000000 08:05 922587                     /usr/lib/x86_64-linux-gnu/libpangocairo-1.0.so.0.3600.3
7f3edaf02000-7f3edb102000 ---p 0000b000 08:05 922587                     /usr/lib/x86_64-linux-gnu/libpangocairo-1.0.so.0.3600.3
7f3edb102000-7f3edb103000 r--p 0000b000 08:05 922587                     /usr/lib/x86_64-linux-gnu/libpangocairo-1.0.so.0.3600.3
7f3edb103000-7f3edb104000 rw-p 0000c000 08:05 922587                     /usr/lib/x86_64-linux-gnu/libpangocairo-1.0.so.0.3600.3
7f3edb104000-7f3edb107000 r-xp 00000000 08:05 922245                     /usr/lib/x86_64-linux-gnu/libgmodule-2.0.so.0.4002.0
7f3edb107000-7f3edb306000 ---p 00003000 08:05 922245                     /usr/lib/x86_64-linux-gnu/libgmodule-2.0.so.0.4002.0
7f3edb306000-7f3edb307000 r--p 00002000 08:05 922245                     /usr/lib/x86_64-linux-gnu/libgmodule-2.0.so.0.4002.0
7f3edb307000-7f3edb308000 rw-p 00003000 08:05 922245                     /usr/lib/x86_64-linux-gnu/libgmodule-2.0.so.0.4002.0
7f3edb308000-7f3edb3b6000 r-xp 00000000 08:05 921225                     /usr/lib/x86_64-linux-gnu/libgdk-x11-2.0.so.0.2400.23
7f3edb3b6000-7f3edb5b5000 ---p 000ae000 08:05 921225                     /usr/lib/x86_64-linux-gnu/libgdk-x11-2.0.so.0.2400.23
7f3edb5b5000-7f3edb5b9000 r--p 000ad000 08:05 921225                     /usr/lib/x86_64-linux-gnu/libgdk-x11-2.0.so.0.2400.23
7f3edb5b9000-7f3edb5bb000 rw-p 000b1000 08:05 921225                     /usr/lib/x86_64-linux-gnu/libgdk-x11-2.0.so.0.2400.23
7f3edb5bb000-7f3edb5c0000 r-xp 00000000 08:05 921891                     /usr/lib/x86_64-linux-gnu/libXtst.so.6.1.0
7f3edb5c0000-7f3edb7bf000 ---p 00005000 08:05 921891                     /usr/lib/x86_64-linux-gnu/libXtst.so.6.1.0
7f3edb7bf000-7f3edb7c0000 r--p 00004000 08:05 921891                     /usr/lib/x86_64-linux-gnu/libXtst.so.6.1.0
7f3edb7c0000-7f3edb7c1000 rw-p 00005000 08:05 921891                     /usr/lib/x86_64-linux-gnu/libXtst.so.6.1.0
7f3edb7c1000-7f3edb7c2000 r-xp 00000000 08:05 922368                     /usr/lib/x86_64-linux-gnu/libgthread-2.0.so.0.4002.0
7f3edb7c2000-7f3edb9c1000 ---p 00001000 08:05 922368                     /usr/lib/x86_64-linux-gnu/libgthread-2.0.so.0.4002.0
7f3edb9c1000-7f3edb9c2000 r--p 00000000 08:05 922368                     /usr/lib/x86_64-linux-gnu/libgthread-2.0.so.0.4002.0
7f3edb9c2000-7f3edb9c3000 rw-p 00001000 08:05 922368                     /usr/lib/x86_64-linux-gnu/libgthread-2.0.so.0.4002.0
7f3edb9c3000-7f3edbdf3000 r-xp 00000000 08:05 921226                     /usr/lib/x86_64-linux-gnu/libgtk-x11-2.0.so.0.2400.23
7f3edbdf3000-7f3edbff2000 ---p 00430000 08:05 921226                     /usr/lib/x86_64-linux-gnu/libgtk-x11-2.0.so.0.2400.23
7f3edbff2000-7f3edbff9000 r--p 0042f000 08:05 921226                     /usr/lib/x86_64-linux-gnu/libgtk-x11-2.0.so.0.2400.23
7f3edbff9000-7f3edbffd000 rw-p 00436000 08:05 921226                     /usr/lib/x86_64-linux-gnu/libgtk-x11-2.0.so.0.2400.23
7f3edbffd000-7f3edc000000 rw-p 00000000 00:00 0 
7f3edc000000-7f3edc021000 rw-p 00000000 00:00 0 
7f3edc021000-7f3ee0000000 ---p 00000000 00:00 0 
7f3ee0000000-7f3ee0021000 rw-p 00000000 00:00 0 
7f3ee0021000-7f3ee4000000 ---p 00000000 00:00 0 
7f3ee4000000-7f3ee56d3000 rw-p 00000000 00:00 0 
7f3ee56d3000-7f3ee8000000 ---p 00000000 00:00 0 
7f3ee8000000-7f3ee85e8000 rw-p 00000000 00:00 0 
7f3ee85e8000-7f3eec000000 ---p 00000000 00:00 0 
7f3eec000000-7f3eec021000 rw-p 00000000 00:00 0 
7f3eec021000-7f3ef0000000 ---p 00000000 00:00 0 
7f3ef0000000-7f3ef0c0e000 rw-p 00000000 00:00 0 
7f3ef0c0e000-7f3ef4000000 ---p 00000000 00:00 0 
7f3ef4000000-7f3ef4021000 rw-p 00000000 00:00 0 
7f3ef4021000-7f3ef8000000 ---p 00000000 00:00 0 
7f3ef8000000-7f3ef8021000 rw-p 00000000 00:00 0 
7f3ef8021000-7f3efc000000 ---p 00000000 00:00 0 
7f3efc000000-7f3efc021000 rw-p 00000000 00:00 0 
7f3efc021000-7f3f00000000 ---p 00000000 00:00 0 
7f3f00000000-7f3f0028a000 rw-p 00000000 00:00 0 
7f3f0028a000-7f3f04000000 ---p 00000000 00:00 0 
7f3f04000000-7f3f04021000 rw-p 00000000 00:00 0 
7f3f04021000-7f3f08000000 ---p 00000000 00:00 0 
7f3f08000000-7f3f08021000 rw-p 00000000 00:00 0 
7f3f08021000-7f3f0c000000 ---p 00000000 00:00 0 
7f3f0c000000-7f3f0c001000 r--s 00000000 08:05 289556                     /var/cache/fontconfig/dc05db6664285cc2f12bf69c139ae4c3-le64.cache-4
7f3f0c001000-7f3f0c003000 r--s 00000000 08:05 289540                     /var/cache/fontconfig/767a8244fc0220cfb567a839d0392e0b-le64.cache-4
7f3f0c003000-7f3f0c004000 r--s 00000000 08:05 286442                     /var/cache/fontconfig/4794a0821666d79190d59a36cb4f44b5-le64.cache-4
7f3f0c004000-7f3f0c005000 r--s 00000000 08:05 289536                     /var/cache/fontconfig/56cf4f4769d0f4abc89a4895d7bd3ae1-le64.cache-4
7f3f0c005000-7f3f0c006000 r--s 00000000 08:05 289548                     /var/cache/fontconfig/b9d506c9ac06c20b433354fa67a72993-le64.cache-4
7f3f0c006000-7f3f0c00c000 r--s 00000000 08:05 289547                     /var/cache/fontconfig/b47c4e1ecd0709278f4910c18777a504-le64.cache-4
7f3f0c00c000-7f3f0c015000 r--s 00000000 08:05 290072                     /var/cache/fontconfig/52f7bdb7ce746bfd7eaa1985bd9cfa93-le64.cache-4
7f3f0c015000-7f3f0c028000 r--s 00000000 08:05 289553                     /var/cache/fontconfig/d52a8644073d54c13679302ca1180695-le64.cache-4
7f3f0c028000-7f3f0c031000 r--s 00000000 08:05 289533                     /var/cache/fontconfig/3f7329c5293ffd510edef78f73874cfd-le64.cache-4
7f3f0c031000-7f3f0c03c000 r--s 00000000 08:05 290642                     /var/cache/fontconfig/d589a48862398ed80a3d6066f4f56f4c-le64.cache-4
7f3f0c03c000-7f3f0c03d000 r--s 00000000 08:05 289525                     /var/cache/fontconfig/0c9eb80ebd1c36541ebe2852d3bb0c49-le64.cache-4
7f3f0c03d000-7f3f0c050000 r--s 00000000 08:05 292602                     /var/cache/fontconfig/4ac51e5cfbc76fc3f983e470323a16d3-le64.cache-4
7f3f0c050000-7f3f0c05d000 r--s 00000000 08:05 290135                     /var/cache/fontconfig/e13b20fdb08344e0e664864cc2ede53d-le64.cache-4
7f3f0c05d000-7f3f0c061000 r--s 00000000 08:05 289937                     /var/cache/fontconfig/7ef2298fde41cc6eeb7af42e48b7d293-le64.cache-4
7f3f0c061000-7f3f0c066000 r--p 00000000 08:05 937459                     /home/chibi/.config/dconf/user
7f3f0c066000-7f3f0c067000 r--s 00000000 00:16 19795                      /run/user/1000/dconf/user
7f3f0c067000-7f3f0c0a7000 r--p 00000000 08:05 1046756                    /usr/share/glib-2.0/schemas/gschemas.compiled
7f3f0c0a7000-7f3f0c0c0000 r--p 00000000 08:05 168294                     /usr/share/locale-langpack/es/LC_MESSAGES/glib20.mo
7f3f0c0c0000-7f3f0c0ea000 r--p 00000000 08:05 168338                     /usr/share/locale-langpack/es/LC_MESSAGES/gtk20-properties.mo
7f3f0c0ea000-7f3f0c110000 r--p 00000000 08:05 168395                     /usr/share/locale-langpack/es/LC_MESSAGES/libc.mo
7f3f0c110000-7f3f0c117000 r--s 00000000 08:05 1047829                    /usr/lib/x86_64-linux-gnu/gconv/gconv-modules.cache
7f3f0c117000-7f3f0c126000 r--p 00000000 08:05 168339                     /usr/share/locale-langpack/es/LC_MESSAGES/gtk20.mo
7f3f0c126000-7f3f0c192000 r-xp 00000000 08:05 169116                     /tmp/swtlib-64/libswt-pi-gtk-3557.so
7f3f0c192000-7f3f0c291000 ---p 0006c000 08:05 169116                     /tmp/swtlib-64/libswt-pi-gtk-3557.so
7f3f0c291000-7f3f0c295000 rw-p 0006b000 08:05 169116                     /tmp/swtlib-64/libswt-pi-gtk-3557.so
7f3f0c295000-7f3f0c296000 rw-p 00000000 00:00 0 
7f3f0c296000-7f3f0c2d6000 r-xp 00000000 08:05 169051                     /tmp/swtlib-64/libswt-gtk-3557.so
7f3f0c2d6000-7f3f0c3d6000 ---p 00040000 08:05 169051                     /tmp/swtlib-64/libswt-gtk-3557.so
7f3f0c3d6000-7f3f0c3da000 rw-p 00040000 08:05 169051                     /tmp/swtlib-64/libswt-gtk-3557.so
7f3f0c3da000-7f3f0c3db000 rw-p 00000000 00:00 0 
7f3f0c3db000-7f3f0c3de000 r--s 0001a000 08:05 807774                     /usr/lib/jvm/java-8-oracle/jre/lib/jce.jar
7f3f0c3de000-7f3f0c5de000 rw-p 00000000 00:00 0 
7f3f0c5de000-7f3f0c5e3000 r--s 00096000 08:05 807776                     /usr/lib/jvm/java-8-oracle/jre/lib/jsse.jar
7f3f0c5e3000-7f3f0c5e7000 r--s 00038000 08:05 951484                     /home/chibi/.m2/repository/commons-lang/commons-lang/2.2/commons-lang-2.2.jar
7f3f0c5e7000-7f3f0c5ef000 r--s 00053000 08:05 951483                     /home/chibi/.m2/repository/net/sf/oval/oval/1.81/oval-1.81.jar
7f3f0c5ef000-7f3f0c5f1000 r--s 0000d000 08:05 927933                     /home/chibi/.m2/repository/commons-logging/commons-logging/1.1.1/commons-logging-1.1.1.jar
7f3f0c5f1000-7f3f0c5f6000 r--s 00034000 08:05 951481                     /home/chibi/.m2/repository/commons-beanutils/commons-beanutils/1.8.3/commons-beanutils-1.8.3.jar
7f3f0c5f6000-7f3f0c602000 r--s 00076000 08:05 940392                     /home/chibi/.m2/repository/net/sourceforge/collections/collections-generic/4.01/collections-generic-4.01.jar
7f3f0c602000-7f3f0c610000 r--s 0007f000 08:05 927228                     /home/chibi/.m2/repository/commons-collections/commons-collections/3.2.1/commons-collections-3.2.1.jar
7f3f0c610000-7f3f0c619000 r--s 0006d000 08:05 942749                     /home/chibi/.m2/repository/log4j/log4j/1.2.16/log4j-1.2.16.jar
7f3f0c619000-7f3f0c61b000 r--s 00008000 08:05 951476                     /home/chibi/.m2/repository/org/uqbar-project/uqbar-domain/3.6.1/uqbar-domain-3.6.1.jar
7f3f0c61b000-7f3f0c61e000 r--s 0000f000 08:05 943495                     /home/chibi/Descargas/eclipse/plugins/org.eclipse.xtend.lib.macro_2.9.0.v201512010527.jar
7f3f0c61e000-7f3f0c623000 r--s 00036000 08:05 943494                     /home/chibi/Descargas/eclipse/plugins/org.eclipse.xtend.lib_2.9.0.v201512010527.jar
7f3f0c623000-7f3f0c626000 r--s 0001f000 08:05 943805                     /home/chibi/Descargas/eclipse/plugins/org.eclipse.xtext.xbase.lib_2.9.0.v201512010527.jar
7f3f0c626000-7f3f0c64f000 r--s 00200000 08:05 932915                     /home/chibi/Descargas/eclipse/plugins/com.google.guava_15.0.0.v201403281430.jar
7f3f0c64f000-7f3f0c670000 r--s 00162000 08:05 952018                     /home/chibi/.m2/repository/org/mockito/mockito-all/1.9.5/mockito-all-1.9.5.jar
7f3f0c670000-7f3f0c673000 r--s 0000c000 08:05 961531                     /home/chibi/.m2/repository/org/eclipse/xtend/org.eclipse.xtend.lib.macro/2.9.1/org.eclipse.xtend.lib.macro-2.9.1.jar
7f3f0c673000-7f3f0c69c000 r--s 001ee000 08:05 942551                     /home/chibi/.m2/repository/com/google/guava/guava/14.0.1/guava-14.0.1.jar
7f3f0c69c000-7f3f0c69f000 r--s 0001b000 08:05 961529                     /home/chibi/.m2/repository/org/eclipse/xtext/org.eclipse.xtext.xbase.lib/2.9.1/org.eclipse.xtext.xbase.lib-2.9.1.jar
7f3f0c69f000-7f3f0c6a3000 r--s 00022000 08:05 961525                     /home/chibi/.m2/repository/org/eclipse/xtend/org.eclipse.xtend.lib/2.9.1/org.eclipse.xtend.lib-2.9.1.jar
7f3f0c6a3000-7f3f0c6a5000 r--s 00002000 08:05 961523                     /home/chibi/.m2/repository/org/uqbar-project/arena-xtend/3.6.1/arena-xtend-3.6.1.jar
7f3f0c6a5000-7f3f0c6af000 r--s 00095000 08:05 916803                     /home/chibi/.m2/repository/org/scala-lang/modules/scala-xml_2.11/1.0.2/scala-xml_2.11-1.0.2.jar
7f3f0c6af000-7f3f0c6b0000 ---p 00000000 00:00 0 
7f3f0c6b0000-7f3f0c7b0000 rw-p 00000000 00:00 0                          [stack:7328]
7f3f0c7b0000-7f3f0c7b3000 ---p 00000000 00:00 0 
7f3f0c7b3000-7f3f0c8b1000 rw-p 00000000 00:00 0                          [stack:7327]
7f3f0c8b1000-7f3f0c8b4000 ---p 00000000 00:00 0 
7f3f0c8b4000-7f3f0c9b2000 rw-p 00000000 00:00 0                          [stack:7325]
7f3f0c9b2000-7f3f0c9b5000 ---p 00000000 00:00 0 
7f3f0c9b5000-7f3f0cab3000 rw-p 00000000 00:00 0                          [stack:7322]
7f3f0cab3000-7f3f0cab6000 ---p 00000000 00:00 0 
7f3f0cab6000-7f3f0cbb4000 rw-p 00000000 00:00 0                          [stack:7321]
7f3f0cbb4000-7f3f0cbb7000 ---p 00000000 00:00 0 
7f3f0cbb7000-7f3f0ccb5000 rw-p 00000000 00:00 0                          [stack:7319]
7f3f0ccb5000-7f3f0cd0d000 r--s 004f2000 08:05 952183                     /home/chibi/.m2/repository/org/scala-lang/scala-library/2.11.2/scala-library-2.11.2.jar
7f3f0cd0d000-7f3f0cd20000 r--s 00211000 08:05 933303                     /home/chibi/.m2/repository/org/eclipse/swt/gtk/org.eclipse.swt.gtk.linux.x86_64/3.5.2.v3557f/org.eclipse.swt.gtk.linux.x86_64-3.5.2.v3557f.jar
7f3f0cd20000-7f3f0cd64000 r--s 0037c000 08:05 918073                     /home/chibi/.m2/repository/org/eclipse/ui/org.eclipse.ui.workbench/3.4.2.M20090127-1700/org.eclipse.ui.workbench-3.4.2.M20090127-1700.jar
7f3f0cd64000-7f3f0cd65000 r--s 00003000 08:05 918008                     /home/chibi/.m2/repository/org/eclipse/org.eclipse.swt/3.4.2.v3452b/org.eclipse.swt-3.4.2.v3452b.jar
7f3f0cd65000-7f3f0cd74000 r--s 000e5000 08:05 917936                     /home/chibi/.m2/repository/org/eclipse/org.eclipse.osgi/3.4.3.R34x_v20081215-1030/org.eclipse.osgi-3.4.3.R34x_v20081215-1030.jar
7f3f0cd74000-7f3f0cd88000 r--s 000eb000 08:05 917228                     /home/chibi/.m2/repository/org/eclipse/org.eclipse.jface/3.4.2.M20090107-0800/org.eclipse.jface-3.4.2.M20090107-0800.jar
7f3f0cd88000-7f3f0cd8d000 r--s 0002b000 08:05 917172                     /home/chibi/.m2/repository/org/eclipse/jface/org.eclipse.jface.databinding/1.2.1.M20080827-0800a/org.eclipse.jface.databinding-1.2.1.M20080827-0800a.jar
7f3f0cd8d000-7f3f0cd90000 r--s 00015000 08:05 917168                     /home/chibi/.m2/repository/org/eclipse/equinox/org.eclipse.equinox.common/3.4.0.v20080421-2006/org.eclipse.equinox.common-3.4.0.v20080421-2006.jar
7f3f0cd90000-7f3f0cd99000 r--s 0004c000 08:05 917136                     /home/chibi/.m2/repository/org/eclipse/core/org.eclipse.core.databinding/1.1.1.M20080827-0800b/org.eclipse.core.databinding-1.1.1.M20080827-0800b.jar
7f3f0cd99000-7f3f0cd9b000 r--s 0000d000 08:05 917123                     /home/chibi/.m2/repository/org/eclipse/core/databinding/org.eclipse.core.databinding.beans/1.1.1.M20080827-0800a/org.eclipse.core.databinding.beans-1.1.1.M20080827-0800a.jar
7f3f0cd9b000-7f3f0cd9e000 r--s 00017000 08:05 917117                     /home/chibi/.m2/repository/org/eclipse/core/org.eclipse.core.commands/3.4.0.I20080509-2000/org.eclipse.core.commands-3.4.0.I20080509-2000.jar
7f3f0cd9e000-7f3f0cdec000 r--s 0087c000 08:05 940691                     /home/chibi/.m2/repository/com/ibm/icu/icu4j/50.1.1/icu4j-50.1.1.jar
7f3f0cdec000-7f3f0cdf1000 r--s 00016000 08:05 951959                     /home/chibi/.m2/repository/xml-apis/xml-apis/1.0.b2/xml-apis-1.0.b2.jar
7f3f0cdf1000-7f3f0cdf6000 r--s 00048000 08:05 942722                     /home/chibi/.m2/repository/dom4j/dom4j/1.6.1/dom4j-1.6.1.jar
7f3f0cdf6000-7f3f0cdf9000 r--s 00017000 08:05 951950                     /home/chibi/.m2/repository/org/reflections/reflections/0.9.8/reflections-0.9.8.jar
7f3f0cdf9000-7f3f0ce03000 r--s 000a5000 08:05 951946                     /home/chibi/.m2/repository/org/javassist/javassist/3.18.1-GA/javassist-3.18.1-GA.jar
7f3f0ce03000-7f3f0ce07000 r--s 00028000 08:05 951944                     /home/chibi/.m2/repository/org/uqbar-project/arena-apo/3.6.1/arena-apo-3.6.1.jar
7f3f0ce07000-7f3f0ce0e000 r--s 0002c000 08:05 951937                     /home/chibi/.m2/repository/org/uqbar-project/arena-core/3.6.1/arena-core-3.6.1.jar
7f3f0ce0e000-7f3f0d4f0000 r--p 00000000 08:05 789633                     /usr/lib/locale/locale-archive
7f3f0d4f0000-7f3f0d4f3000 ---p 00000000 00:00 0 
7f3f0d4f3000-7f3f0d5f1000 rw-p 00000000 00:00 0                          [stack:7316]
7f3f0d5f1000-7f3f0d5f4000 ---p 00000000 00:00 0 
7f3f0d5f4000-7f3f0d6f2000 rw-p 00000000 00:00 0                          [stack:7315]
7f3f0d6f2000-7f3f0d6f3000 ---p 00000000 00:00 0 
7f3f0d6f3000-7f3f10000000 rw-p 00000000 00:00 0                          [stack:7313]
7f3f10000000-7f3f10021000 rw-p 00000000 00:00 0 
7f3f10021000-7f3f14000000 ---p 00000000 00:00 0 
7f3f14000000-7f3f14627000 rw-p 00000000 00:00 0 
7f3f14627000-7f3f14800000 r--s 03d20000 08:05 807771                     /usr/lib/jvm/java-8-oracle/jre/lib/rt.jar
7f3f14800000-7f3f15000000 rw-p 00000000 00:00 0 
7f3f15000000-7f3f15710000 rwxp 00000000 00:00 0 
7f3f15710000-7f3f24000000 ---p 00000000 00:00 0 
7f3f24000000-7f3f24bed000 rw-p 00000000 00:00 0 
7f3f24bed000-7f3f28000000 ---p 00000000 00:00 0 
7f3f28000000-7f3f28003000 r--s 00014000 08:05 951941                     /home/chibi/.m2/repository/org/uqbar-project/arena-pot/3.6.1/arena-pot-3.6.1.jar
7f3f28003000-7f3f28261000 rw-p 00000000 00:00 0 
7f3f28261000-7f3f28262000 ---p 00000000 00:00 0 
7f3f28262000-7f3f28362000 rw-p 00000000 00:00 0                          [stack:7311]
7f3f28362000-7f3f28363000 ---p 00000000 00:00 0 
7f3f28363000-7f3f28463000 rw-p 00000000 00:00 0                          [stack:7310]
7f3f28463000-7f3f28464000 ---p 00000000 00:00 0 
7f3f28464000-7f3f28564000 rw-p 00000000 00:00 0                          [stack:7309]
7f3f28564000-7f3f28565000 ---p 00000000 00:00 0 
7f3f28565000-7f3f2867a000 rw-p 00000000 00:00 0                          [stack:7305]
7f3f2867a000-7f3f287ab000 ---p 00000000 00:00 0 
7f3f287ab000-7f3f287c0000 rw-p 00000000 00:00 0 
7f3f287c0000-7f3f288f0000 ---p 00000000 00:00 0 
7f3f288f0000-7f3f28936000 rw-p 00000000 00:00 0 
7f3f28936000-7f3f28993000 ---p 00000000 00:00 0 
7f3f28993000-7f3f289b1000 rw-p 00000000 00:00 0 
7f3f289b1000-7f3f28d54000 ---p 00000000 00:00 0 
7f3f28d54000-7f3f28d6e000 r-xp 00000000 08:05 807888                     /usr/lib/jvm/java-8-oracle/jre/lib/amd64/libzip.so
7f3f28d6e000-7f3f28f6e000 ---p 0001a000 08:05 807888                     /usr/lib/jvm/java-8-oracle/jre/lib/amd64/libzip.so
7f3f28f6e000-7f3f28f6f000 rw-p 0001a000 08:05 807888                     /usr/lib/jvm/java-8-oracle/jre/lib/amd64/libzip.so
7f3f28f6f000-7f3f28f7a000 r-xp 00000000 08:05 657773                     /lib/x86_64-linux-gnu/libnss_files-2.19.so
7f3f28f7a000-7f3f29179000 ---p 0000b000 08:05 657773                     /lib/x86_64-linux-gnu/libnss_files-2.19.so
7f3f29179000-7f3f2917a000 r--p 0000a000 08:05 657773                     /lib/x86_64-linux-gnu/libnss_files-2.19.so
7f3f2917a000-7f3f2917b000 rw-p 0000b000 08:05 657773                     /lib/x86_64-linux-gnu/libnss_files-2.19.so
7f3f2917b000-7f3f29186000 r-xp 00000000 08:05 657783                     /lib/x86_64-linux-gnu/libnss_nis-2.19.so
7f3f29186000-7f3f29385000 ---p 0000b000 08:05 657783                     /lib/x86_64-linux-gnu/libnss_nis-2.19.so
7f3f29385000-7f3f29386000 r--p 0000a000 08:05 657783                     /lib/x86_64-linux-gnu/libnss_nis-2.19.so
7f3f29386000-7f3f29387000 rw-p 0000b000 08:05 657783                     /lib/x86_64-linux-gnu/libnss_nis-2.19.so
7f3f29387000-7f3f2939e000 r-xp 00000000 08:05 657767                     /lib/x86_64-linux-gnu/libnsl-2.19.so
7f3f2939e000-7f3f2959d000 ---p 00017000 08:05 657767                     /lib/x86_64-linux-gnu/libnsl-2.19.so
7f3f2959d000-7f3f2959e000 r--p 00016000 08:05 657767                     /lib/x86_64-linux-gnu/libnsl-2.19.so
7f3f2959e000-7f3f2959f000 rw-p 00017000 08:05 657767                     /lib/x86_64-linux-gnu/libnsl-2.19.so
7f3f2959f000-7f3f295a1000 rw-p 00000000 00:00 0 
7f3f295a1000-7f3f295aa000 r-xp 00000000 08:05 657769                     /lib/x86_64-linux-gnu/libnss_compat-2.19.so
7f3f295aa000-7f3f297a9000 ---p 00009000 08:05 657769                     /lib/x86_64-linux-gnu/libnss_compat-2.19.so
7f3f297a9000-7f3f297aa000 r--p 00008000 08:05 657769                     /lib/x86_64-linux-gnu/libnss_compat-2.19.so
7f3f297aa000-7f3f297ab000 rw-p 00009000 08:05 657769                     /lib/x86_64-linux-gnu/libnss_compat-2.19.so
7f3f297ab000-7f3f297d5000 r-xp 00000000 08:05 807882                     /usr/lib/jvm/java-8-oracle/jre/lib/amd64/libjava.so
7f3f297d5000-7f3f299d5000 ---p 0002a000 08:05 807882                     /usr/lib/jvm/java-8-oracle/jre/lib/amd64/libjava.so
7f3f299d5000-7f3f299d7000 rw-p 0002a000 08:05 807882                     /usr/lib/jvm/java-8-oracle/jre/lib/amd64/libjava.so
7f3f299d7000-7f3f299e4000 r-xp 00000000 08:05 807881                     /usr/lib/jvm/java-8-oracle/jre/lib/amd64/libverify.so
7f3f299e4000-7f3f29be4000 ---p 0000d000 08:05 807881                     /usr/lib/jvm/java-8-oracle/jre/lib/amd64/libverify.so
7f3f29be4000-7f3f29be6000 rw-p 0000d000 08:05 807881                     /usr/lib/jvm/java-8-oracle/jre/lib/amd64/libverify.so
7f3f29be6000-7f3f29bed000 r-xp 00000000 08:05 657826                     /lib/x86_64-linux-gnu/librt-2.19.so
7f3f29bed000-7f3f29dec000 ---p 00007000 08:05 657826                     /lib/x86_64-linux-gnu/librt-2.19.so
7f3f29dec000-7f3f29ded000 r--p 00006000 08:05 657826                     /lib/x86_64-linux-gnu/librt-2.19.so
7f3f29ded000-7f3f29dee000 rw-p 00007000 08:05 657826                     /lib/x86_64-linux-gnu/librt-2.19.so
7f3f29dee000-7f3f29ef3000 r-xp 00000000 08:05 657748                     /lib/x86_64-linux-gnu/libm-2.19.so
7f3f29ef3000-7f3f2a0f2000 ---p 00105000 08:05 657748                     /lib/x86_64-linux-gnu/libm-2.19.so
7f3f2a0f2000-7f3f2a0f3000 r--p 00104000 08:05 657748                     /lib/x86_64-linux-gnu/libm-2.19.so
7f3f2a0f3000-7f3f2a0f4000 rw-p 00105000 08:05 657748                     /lib/x86_64-linux-gnu/libm-2.19.so
7f3f2a0f4000-7f3f2adb2000 r-xp 00000000 08:05 807898                     /usr/lib/jvm/java-8-oracle/jre/lib/amd64/server/libjvm.so
7f3f2adb2000-7f3f2afb1000 ---p 00cbe000 08:05 807898                     /usr/lib/jvm/java-8-oracle/jre/lib/amd64/server/libjvm.so
7f3f2afb1000-7f3f2b08a000 rw-p 00cbd000 08:05 807898                     /usr/lib/jvm/java-8-oracle/jre/lib/amd64/server/libjvm.so
7f3f2b08a000-7f3f2b0ce000 rw-p 00000000 00:00 0 
7f3f2b0ce000-7f3f2b289000 r-xp 00000000 08:05 657698                     /lib/x86_64-linux-gnu/libc-2.19.so
7f3f2b289000-7f3f2b488000 ---p 001bb000 08:05 657698                     /lib/x86_64-linux-gnu/libc-2.19.so
7f3f2b488000-7f3f2b48c000 r--p 001ba000 08:05 657698                     /lib/x86_64-linux-gnu/libc-2.19.so
7f3f2b48c000-7f3f2b48e000 rw-p 001be000 08:05 657698                     /lib/x86_64-linux-gnu/libc-2.19.so
7f3f2b48e000-7f3f2b493000 rw-p 00000000 00:00 0 
7f3f2b493000-7f3f2b496000 r-xp 00000000 08:05 657715                     /lib/x86_64-linux-gnu/libdl-2.19.so
7f3f2b496000-7f3f2b695000 ---p 00003000 08:05 657715                     /lib/x86_64-linux-gnu/libdl-2.19.so
7f3f2b695000-7f3f2b696000 r--p 00002000 08:05 657715                     /lib/x86_64-linux-gnu/libdl-2.19.so
7f3f2b696000-7f3f2b697000 rw-p 00003000 08:05 657715                     /lib/x86_64-linux-gnu/libdl-2.19.so
7f3f2b697000-7f3f2b6ac000 r-xp 00000000 08:05 809124                     /usr/lib/jvm/java-8-oracle/lib/amd64/jli/libjli.so
7f3f2b6ac000-7f3f2b8ac000 ---p 00015000 08:05 809124                     /usr/lib/jvm/java-8-oracle/lib/amd64/jli/libjli.so
7f3f2b8ac000-7f3f2b8ad000 rw-p 00015000 08:05 809124                     /usr/lib/jvm/java-8-oracle/lib/amd64/jli/libjli.so
7f3f2b8ad000-7f3f2b8c6000 r-xp 00000000 08:05 657818                     /lib/x86_64-linux-gnu/libpthread-2.19.so
7f3f2b8c6000-7f3f2bac5000 ---p 00019000 08:05 657818                     /lib/x86_64-linux-gnu/libpthread-2.19.so
7f3f2bac5000-7f3f2bac6000 r--p 00018000 08:05 657818                     /lib/x86_64-linux-gnu/libpthread-2.19.so
7f3f2bac6000-7f3f2bac7000 rw-p 00019000 08:05 657818                     /lib/x86_64-linux-gnu/libpthread-2.19.so
7f3f2bac7000-7f3f2bacb000 rw-p 00000000 00:00 0 
7f3f2bacb000-7f3f2baee000 r-xp 00000000 08:05 657674                     /lib/x86_64-linux-gnu/ld-2.19.so
7f3f2baee000-7f3f2baf4000 r--s 00035000 08:05 951933                     /home/chibi/.m2/repository/org/uqbar-project/arena-jface/3.6.1/arena-jface-3.6.1.jar
7f3f2baf4000-7f3f2bbc6000 rw-p 00000000 00:00 0 
7f3f2bbc6000-7f3f2bbc9000 ---p 00000000 00:00 0 
7f3f2bbc9000-7f3f2bccb000 rw-p 00000000 00:00 0                          [stack:7302]
7f3f2bccb000-7f3f2bccd000 r--s 00008000 08:05 933654                     /home/chibi/.m2/repository/org/uqbar-project/arena-poo/3.6.1/arena-poo-3.6.1.jar
7f3f2bccd000-7f3f2bce1000 rw-p 00000000 00:00 0 
7f3f2bce1000-7f3f2bce9000 rw-s 00000000 08:05 168913                     /tmp/hsperfdata_chibi/7290
7f3f2bce9000-7f3f2bcea000 rw-p 00000000 00:00 0 
7f3f2bcea000-7f3f2bceb000 ---p 00000000 00:00 0 
7f3f2bceb000-7f3f2bced000 rw-p 00000000 00:00 0 
7f3f2bced000-7f3f2bcee000 r--p 00022000 08:05 657674                     /lib/x86_64-linux-gnu/ld-2.19.so
7f3f2bcee000-7f3f2bcef000 rw-p 00023000 08:05 657674                     /lib/x86_64-linux-gnu/ld-2.19.so
7f3f2bcef000-7f3f2bcf0000 rw-p 00000000 00:00 0 
7ffff154f000-7ffff1571000 rw-p 00000000 00:00 0                          [stack]
7ffff15cb000-7ffff15cd000 r--p 00000000 00:00 0                          [vvar]
7ffff15cd000-7ffff15cf000 r-xp 00000000 00:00 0                          [vdso]
ffffffffff600000-ffffffffff601000 r-xp 00000000 00:00 0                  [vsyscall]

VM Arguments:
jvm_args: -Djava.system.class.loader=org.uqbar.apo.APOClassLoader -Dfile.encoding=UTF-8 
java_command: runnable.AplicacionLaberinto
java_class_path (initial): /home/chibi/Escritorio/UIS-Laberinto/UIS-Arena/target/classes:/home/chibi/.m2/repository/org/uqbar-project/arena-jface/3.6.1/arena-jface-3.6.1.jar:/home/chibi/.m2/repository/org/uqbar-project/arena-core/3.6.1/arena-core-3.6.1.jar:/home/chibi/.m2/repository/org/uqbar-project/arena-pot/3.6.1/arena-pot-3.6.1.jar:/home/chibi/.m2/repository/org/uqbar-project/arena-apo/3.6.1/arena-apo-3.6.1.jar:/home/chibi/.m2/repository/org/javassist/javassist/3.18.1-GA/javassist-3.18.1-GA.jar:/home/chibi/.m2/repository/org/reflections/reflections/0.9.8/reflections-0.9.8.jar:/home/chibi/.m2/repository/dom4j/dom4j/1.6.1/dom4j-1.6.1.jar:/home/chibi/.m2/repository/xml-apis/xml-apis/1.0.b2/xml-apis-1.0.b2.jar:/home/chibi/.m2/repository/org/uqbar-project/arena-poo/3.6.1/arena-poo-3.6.1.jar:/home/chibi/.m2/repository/com/ibm/icu/icu4j/50.1.1/icu4j-50.1.1.jar:/home/chibi/.m2/repository/org/eclipse/core/org.eclipse.core.commands/3.4.0.I20080509-2000/org.eclipse.core.commands-3.4.0.I20080509-2000.jar:/home/chibi/.m2/repository/org/eclipse/core/databinding/org.eclipse.core.databinding.beans/1.1.1.M20080827-0800a/org.eclipse.core.databinding.beans-1.1.1.M20080827-0800a.jar:/home/chibi/.m2/repository/org/eclipse/core/org.eclipse.core.databinding/1.1.1.M20080827-0800b/org.eclipse.core.databinding-1.1.1.M20080827-0800b.jar:/home/chibi/.m2/repository/org/eclipse/equinox/org.eclipse.equinox.common/3.4.0.v20080421-2006/org.eclipse.equinox.common-3.4.0.v20080421-2006.jar:/home/chibi/.m2/repository/org/eclipse/jface/org.eclipse.jface.databinding/1.2.1.M20080827-0800a/org.eclipse.jface.databinding-1.2.1.M20080827-0800a.jar:/home/chibi/.m2/repository/org/eclipse/org.eclipse.jface/3.4.2.M20090107-0800/org.eclipse.jface-3.4.2.M20090107-0800.jar:/home/chibi/.m2/repository/org/eclipse/org.eclipse.osgi/3.4.3.R34x_v20081215-1030/org.eclipse.osgi-3.4.3.R34x_v20081215-1030.jar:/home/chibi/.m2/repository/org/eclipse/org.eclipse.swt/3.4.2.v3452b/org.eclipse.swt-3.4.2.v3452b.jar:/home/chibi
Launcher Type: SUN_STANDARD

Environment Variables:
PATH=/usr/local/sbin:/usr/local/bin:/usr/sbin:/usr/bin:/sbin:/bin:/usr/games:/usr/local/games
SHELL=/bin/bash
DISPLAY=:0.0

Signal Handlers:
SIGSEGV: [libjvm.so+0xaba2a0], sa_mask[0]=11111111011111111101111111111110, sa_flags=SA_RESTART|SA_SIGINFO
SIGBUS: [libjvm.so+0xaba2a0], sa_mask[0]=11111111011111111101111111111110, sa_flags=SA_RESTART|SA_SIGINFO
SIGFPE: [libjvm.so+0x917710], sa_mask[0]=11111111011111111101111111111110, sa_flags=SA_RESTART|SA_SIGINFO
SIGPIPE: SIG_IGN, sa_mask[0]=00000000000010000000000000000000, sa_flags=SA_RESTART
SIGXFSZ: [libjvm.so+0x917710], sa_mask[0]=11111111011111111101111111111110, sa_flags=SA_RESTART|SA_SIGINFO
SIGILL: [libjvm.so+0x917710], sa_mask[0]=11111111011111111101111111111110, sa_flags=SA_RESTART|SA_SIGINFO
SIGUSR1: SIG_DFL, sa_mask[0]=00000000000000000000000000000000, sa_flags=none
SIGUSR2: [libjvm.so+0x918d40], sa_mask[0]=00100000000000000000000000000000, sa_flags=SA_RESTART|SA_SIGINFO
SIGHUP: [libjvm.so+0x91a140], sa_mask[0]=11111111011111111101111111111110, sa_flags=SA_RESTART|SA_SIGINFO
SIGINT: [libjvm.so+0x91a140], sa_mask[0]=11111111011111111101111111111110, sa_flags=SA_RESTART|SA_SIGINFO
SIGTERM: [libjvm.so+0x91a140], sa_mask[0]=11111111011111111101111111111110, sa_flags=SA_RESTART|SA_SIGINFO
SIGQUIT: [libjvm.so+0x91a140], sa_mask[0]=11111111011111111101111111111110, sa_flags=SA_RESTART|SA_SIGINFO


---------------  S Y S T E M  ---------------

OS:DISTRIB_ID=Ubuntu
DISTRIB_RELEASE=14.04
DISTRIB_CODENAME=trusty
DISTRIB_DESCRIPTION="Ubuntu 14.04.3 LTS"

uname:Linux 3.19.0-30-generic #34~14.04.1-Ubuntu SMP Fri Oct 2 22:09:39 UTC 2015 x86_64
libc:glibc 2.19 NPTL 2.19 
rlimit: STACK 8192k, CORE 0k, NPROC 15514, NOFILE 4096, AS infinity
load average:1,43 0,96 0,86

/proc/meminfo:
MemTotal:        3993212 kB
MemFree:           97276 kB
MemAvailable:      29808 kB
Buffers:             264 kB
Cached:           227040 kB
SwapCached:            0 kB
Active:          2319252 kB
Inactive:         189948 kB
Active(anon):    2318104 kB
Inactive(anon):   188800 kB
Active(file):       1148 kB
Inactive(file):     1148 kB
Unevictable:     1230224 kB
Mlocked:         1230224 kB
SwapTotal:             0 kB
SwapFree:              0 kB
Dirty:                92 kB
Writeback:             0 kB
AnonPages:       3513040 kB
Mapped:            93604 kB
Shmem:            203436 kB
Slab:              61892 kB
SReclaimable:      31712 kB
SUnreclaim:        30180 kB
KernelStack:        9888 kB
PageTables:        38784 kB
NFS_Unstable:          0 kB
Bounce:                0 kB
WritebackTmp:          0 kB
CommitLimit:     1996604 kB
Committed_AS:    7049920 kB
VmallocTotal:   34359738367 kB
VmallocUsed:      216700 kB
VmallocChunk:   34359513052 kB
HardwareCorrupted:     0 kB
AnonHugePages:   2066432 kB
CmaTotal:              0 kB
CmaFree:               0 kB
HugePages_Total:       0
HugePages_Free:        0
HugePages_Rsvd:        0
HugePages_Surp:        0
Hugepagesize:       2048 kB
DirectMap4k:       98560 kB
DirectMap2M:     4042752 kB


CPU:total 4 (2 cores per cpu, 2 threads per core) family 6 model 42 stepping 7, cmov, cx8, fxsr, mmx, sse, sse2, sse3, ssse3, sse4.1, sse4.2, popcnt, avx, clmul, ht, tsc, tscinvbit

/proc/cpuinfo:
processor	: 0
vendor_id	: GenuineIntel
cpu family	: 6
model		: 42
model name	: Intel(R) Core(TM) i3-2330M CPU @ 2.20GHz
stepping	: 7
microcode	: 0x23
cpu MHz		: 841.242
cache size	: 3072 KB
physical id	: 0
siblings	: 4
core id		: 0
cpu cores	: 2
apicid		: 0
initial apicid	: 0
fpu		: yes
fpu_exception	: yes
cpuid level	: 13
wp		: yes
flags		: fpu vme de pse tsc msr pae mce cx8 apic sep mtrr pge mca cmov pat pse36 clflush dts acpi mmx fxsr sse sse2 ss ht tm pbe syscall nx rdtscp lm constant_tsc arch_perfmon pebs bts rep_good nopl xtopology nonstop_tsc aperfmperf eagerfpu pni pclmulqdq dtes64 monitor ds_cpl vmx est tm2 ssse3 cx16 xtpr pdcm pcid sse4_1 sse4_2 x2apic popcnt tsc_deadline_timer xsave avx lahf_lm arat epb pln pts dtherm tpr_shadow vnmi flexpriority ept vpid xsaveopt
bugs		:
bogomips	: 4390.09
clflush size	: 64
cache_alignment	: 64
address sizes	: 36 bits physical, 48 bits virtual
power management:

processor	: 1
vendor_id	: GenuineIntel
cpu family	: 6
model		: 42
model name	: Intel(R) Core(TM) i3-2330M CPU @ 2.20GHz
stepping	: 7
microcode	: 0x23
cpu MHz		: 870.375
cache size	: 3072 KB
physical id	: 0
siblings	: 4
core id		: 0
cpu cores	: 2
apicid		: 1
initial apicid	: 1
fpu		: yes
fpu_exception	: yes
cpuid level	: 13
wp		: yes
flags		: fpu vme de pse tsc msr pae mce cx8 apic sep mtrr pge mca cmov pat pse36 clflush dts acpi mmx fxsr sse sse2 ss ht tm pbe syscall nx rdtscp lm constant_tsc arch_perfmon pebs bts rep_good nopl xtopology nonstop_tsc aperfmperf eagerfpu pni pclmulqdq dtes64 monitor ds_cpl vmx est tm2 ssse3 cx16 xtpr pdcm pcid sse4_1 sse4_2 x2apic popcnt tsc_deadline_timer xsave avx lahf_lm arat epb pln pts dtherm tpr_shadow vnmi flexpriority ept vpid xsaveopt
bugs		:
bogomips	: 4390.09
clflush size	: 64
cache_alignment	: 64
address sizes	: 36 bits physical, 48 bits virtual
power management:

processor	: 2
vendor_id	: GenuineIntel
cpu family	: 6
model		: 42
model name	: Intel(R) Core(TM) i3-2330M CPU @ 2.20GHz
stepping	: 7
microcode	: 0x23
cpu MHz		: 800.765
cache size	: 3072 KB
physical id	: 0
siblings	: 4
core id		: 1
cpu cores	: 2
apicid		: 2
initial apicid	: 2
fpu		: yes
fpu_exception	: yes
cpuid level	: 13
wp		: yes
flags		: fpu vme de pse tsc msr pae mce cx8 apic sep mtrr pge mca cmov pat pse36 clflush dts acpi mmx fxsr sse sse2 ss ht tm pbe syscall nx rdtscp lm constant_tsc arch_perfmon pebs bts rep_good nopl xtopology nonstop_tsc aperfmperf eagerfpu pni pclmulqdq dtes64 monitor ds_cpl vmx est tm2 ssse3 cx16 xtpr pdcm pcid sse4_1 sse4_2 x2apic popcnt tsc_deadline_timer xsave avx lahf_lm arat epb pln pts dtherm tpr_shadow vnmi flexpriority ept vpid xsaveopt
bugs		:
bogomips	: 4390.09
clflush size	: 64
cache_alignment	: 64
address sizes	: 36 bits physical, 48 bits virtual
power management:

processor	: 3
vendor_id	: GenuineIntel
cpu family	: 6
model		: 42
model name	: Intel(R) Core(TM) i3-2330M CPU @ 2.20GHz
stepping	: 7
microcode	: 0x23
cpu MHz		: 799.992
cache size	: 3072 KB
physical id	: 0
siblings	: 4
core id		: 1
cpu cores	: 2
apicid		: 3
initial apicid	: 3
fpu		: yes
fpu_exception	: yes
cpuid level	: 13
wp		: yes
flags		: fpu vme de pse tsc msr pae mce cx8 apic sep mtrr pge mca cmov pat pse36 clflush dts acpi mmx fxsr sse sse2 ss ht tm pbe syscall nx rdtscp lm constant_tsc arch_perfmon pebs bts rep_good nopl xtopology nonstop_tsc aperfmperf eagerfpu pni pclmulqdq dtes64 monitor ds_cpl vmx est tm2 ssse3 cx16 xtpr pdcm pcid sse4_1 sse4_2 x2apic popcnt tsc_deadline_timer xsave avx lahf_lm arat epb pln pts dtherm tpr_shadow vnmi flexpriority ept vpid xsaveopt
bugs		:
bogomips	: 4390.09
clflush size	: 64
cache_alignment	: 64
address sizes	: 36 bits physical, 48 bits virtual
power management:



Memory: 4k page, physical 3993212k(97424k free), swap 0k(0k free)

vm_info: Java HotSpot(TM) 64-Bit Server VM (25.66-b17) for linux-amd64 JRE (1.8.0_66-b17), built on Oct  6 2015 17:28:34 by "java_re" with gcc 4.3.0 20080428 (Red Hat 4.3.0-8)

time: Thu Apr 14 23:57:06 2016
elapsed time: 16 seconds (0d 0h 0m 16s)

