#
# There is insufficient memory for the Java Runtime Environment to continue.
# Native memory allocation (mmap) failed to map 103809024 bytes for committing reserved memory.
# Possible reasons:
#   The system is out of physical RAM or swap space
#   In 32 bit mode, the process size limit was hit
# Possible solutions:
#   Reduce memory load on the system
#   Increase physical memory or swap space
#   Check if swap backing store is full
#   Use 64 bit Java on a 64 bit OS
#   Decrease Java heap size (-Xmx/-Xms)
#   Decrease number of Java threads
#   Decrease Java thread stack sizes (-Xss)
#   Set larger code cache with -XX:ReservedCodeCacheSize=
# This output file may be truncated or incomplete.
#
#  Out of Memory Error (os_linux.cpp:2627), pid=7066, tid=140543236699904
#
# JRE version: Java(TM) SE Runtime Environment (8.0_66-b17) (build 1.8.0_66-b17)
# Java VM: Java HotSpot(TM) 64-Bit Server VM (25.66-b17 mixed mode linux-amd64 compressed oops)
# Failed to write core dump. Core dumps have been disabled. To enable core dumping, try "ulimit -c unlimited" before starting Java again
#

---------------  T H R E A D  ---------------

Current thread (0x00007fd2d8079800):  VMThread [stack: 0x00007fd2c5a2f000,0x00007fd2c5b30000] [id=7077]

Stack: [0x00007fd2c5a2f000,0x00007fd2c5b30000],  sp=0x00007fd2c5b2dfe0,  free space=1019k
Native frames: (J=compiled Java code, j=interpreted, Vv=VM code, C=native code)
V  [libjvm.so+0xab9a1a]  VMError::report_and_die()+0x2ba
V  [libjvm.so+0x4f9e0b]  report_vm_out_of_memory(char const*, int, unsigned long, VMErrorType, char const*)+0x8b
V  [libjvm.so+0x91a8a3]  os::Linux::commit_memory_impl(char*, unsigned long, bool)+0x103
V  [libjvm.so+0x91adf9]  os::pd_commit_memory(char*, unsigned long, unsigned long, bool)+0x29
V  [libjvm.so+0x91510a]  os::commit_memory(char*, unsigned long, unsigned long, bool)+0x2a
V  [libjvm.so+0x9887a3]  PSVirtualSpace::expand_by(unsigned long)+0x53
V  [libjvm.so+0x989ba8]  PSYoungGen::resize_generation(unsigned long, unsigned long)+0xf8
V  [libjvm.so+0x988d02]  PSYoungGen::resize(unsigned long, unsigned long)+0x22
V  [libjvm.so+0x985fdb]  PSScavenge::invoke_no_policy()+0xf3b
V  [libjvm.so+0x986761]  PSScavenge::invoke()+0x41
V  [libjvm.so+0x93e500]  ParallelScavengeHeap::failed_mem_allocate(unsigned long)+0x70
V  [libjvm.so+0xabb437]  VM_ParallelGCFailedAllocation::doit()+0x97
V  [libjvm.so+0xac2e65]  VM_Operation::evaluate()+0x55
V  [libjvm.so+0xac123a]  VMThread::evaluate_operation(VM_Operation*)+0xba
V  [libjvm.so+0xac15be]  VMThread::loop()+0x1ce
V  [libjvm.so+0xac1a30]  VMThread::run()+0x70
V  [libjvm.so+0x91cc68]  java_start(Thread*)+0x108

VM_Operation (0x00007fd2e0008c10): ParallelGCFailedAllocation, mode: safepoint, requested by thread 0x00007fd2d800b800


---------------  P R O C E S S  ---------------

Java Threads: ( => current thread )
  0x00007fd2d822d800 JavaThread "Service Thread" daemon [_thread_blocked, id=7084, stack(0x00007fd2c4af8000,0x00007fd2c4bf9000)]
  0x00007fd2d8222000 JavaThread "C1 CompilerThread2" daemon [_thread_blocked, id=7083, stack(0x00007fd2c4bf9000,0x00007fd2c4cfa000)]
  0x00007fd2d8220000 JavaThread "C2 CompilerThread1" daemon [_thread_blocked, id=7082, stack(0x00007fd2c4cfa000,0x00007fd2c4dfb000)]
  0x00007fd2d821e000 JavaThread "C2 CompilerThread0" daemon [_thread_blocked, id=7081, stack(0x00007fd2c4dfb000,0x00007fd2c4efc000)]
  0x00007fd2d821c800 JavaThread "Signal Dispatcher" daemon [_thread_blocked, id=7080, stack(0x00007fd2c4efc000,0x00007fd2c4ffd000)]
  0x00007fd2d8080800 JavaThread "Finalizer" daemon [_thread_blocked, id=7079, stack(0x00007fd2c582d000,0x00007fd2c592e000)]
  0x00007fd2d807e800 JavaThread "Reference Handler" daemon [_thread_blocked, id=7078, stack(0x00007fd2c592e000,0x00007fd2c5a2f000)]
  0x00007fd2d800b800 JavaThread "main" [_thread_blocked, id=7072, stack(0x00007fd2dff0e000,0x00007fd2e000f000)]

Other Threads:
=>0x00007fd2d8079800 VMThread [stack: 0x00007fd2c5a2f000,0x00007fd2c5b30000] [id=7077]
  0x00007fd2d8232800 WatcherThread [stack: 0x00007fd2c49f7000,0x00007fd2c4af8000] [id=7085]

VM state:at safepoint (normal execution)

VM Mutex/Monitor currently owned by a thread:  ([mutex/lock_event])
[0x00007fd2d8007fa0] Threads_lock - owner thread: 0x00007fd2d8079800
[0x00007fd2d80084a0] Heap_lock - owner thread: 0x00007fd2d800b800

Heap:
 PSYoungGen      total 171008K, used 10224K [0x00000000ebb00000, 0x00000000f6d80000, 0x0000000100000000)
  eden space 160768K, 0% used [0x00000000ebb00000,0x00000000ebb00000,0x00000000f5800000)
  from space 10240K, 99% used [0x00000000f5800000,0x00000000f61fc2f8,0x00000000f6200000)
  to   space 8704K, 0% used [0x00000000f6200000,0x00000000f6200000,0x00000000f6a80000)
 ParOldGen       total 42496K, used 22791K [0x00000000c3000000, 0x00000000c5980000, 0x00000000ebb00000)
  object space 42496K, 53% used [0x00000000c3000000,0x00000000c4641cd0,0x00000000c5980000)
 Metaspace       used 19282K, capacity 19550K, committed 19840K, reserved 1067008K
  class space    used 2503K, capacity 2587K, committed 2688K, reserved 1048576K

Card table byte_map: [0x00007fd2dcaf3000,0x00007fd2dccdc000] byte_map_base: 0x00007fd2dc4db000

Marking Bits: (ParMarkBitMap*) 0x00007fd2df3eb020
 Begin Bits: [0x00007fd2c7180000, 0x00007fd2c80c0000)
 End Bits:   [0x00007fd2c80c0000, 0x00007fd2c9000000)

Polling page: 0x00007fd2e0032000

CodeCache: size=245760Kb used=9474Kb max_used=9495Kb free=236285Kb
 bounds [0x00007fd2c9000000, 0x00007fd2c9950000, 0x00007fd2d8000000]
 total_blobs=3198 nmethods=2727 adapters=384
 compilation: enabled

Compilation events (10 events):
Event: 19,818 Thread 0x00007fd2d8222000 2733       3       java.io.File::isDirectory (43 bytes)
Event: 19,818 Thread 0x00007fd2d8222000 nmethod 2733 0x00007fd2c993c950 code [0x00007fd2c993cb00, 0x00007fd2c993cf68]
Event: 19,832 Thread 0x00007fd2d821e000 nmethod 2715 0x00007fd2c9944250 code [0x00007fd2c9944840, 0x00007fd2c9948c48]
Event: 19,832 Thread 0x00007fd2d821e000 2722 %     4       javassist.bytecode.ConstPool::read @ 28 (64 bytes)
Event: 19,835 Thread 0x00007fd2d821e000 nmethod 2722% 0x00007fd2c99410d0 code [0x00007fd2c9941240, 0x00007fd2c9941398]
Event: 19,835 Thread 0x00007fd2d821e000 2725   !   4       org.reflections.Reflections::scan (628 bytes)
Event: 19,852 Thread 0x00007fd2d8222000 2734   !   3       org.eclipse.swt.internal.gtk.OS::g_list_length (29 bytes)
Event: 19,853 Thread 0x00007fd2d8222000 nmethod 2734 0x00007fd2c9943d10 code [0x00007fd2c9943ec0, 0x00007fd2c9944138]
Event: 19,855 Thread 0x00007fd2d8222000 2736   !   3       sun.reflect.GeneratedConstructorAccessor1::newInstance (53 bytes)
Event: 19,856 Thread 0x00007fd2d8222000 nmethod 2736 0x00007fd2c9942950 code [0x00007fd2c9942b60, 0x00007fd2c99433c8]

GC Heap History (10 events):
Event: 8,019 GC heap after
Heap after GC invocations=8 (full 0):
 PSYoungGen      total 69632K, used 3232K [0x00000000ebb00000, 0x00000000f0500000, 0x0000000100000000)
  eden space 63488K, 0% used [0x00000000ebb00000,0x00000000ebb00000,0x00000000ef900000)
  from space 6144K, 52% used [0x00000000eff00000,0x00000000f0228000,0x00000000f0500000)
  to   space 6144K, 0% used [0x00000000ef900000,0x00000000ef900000,0x00000000eff00000)
 ParOldGen       total 42496K, used 12824K [0x00000000c3000000, 0x00000000c5980000, 0x00000000ebb00000)
  object space 42496K, 30% used [0x00000000c3000000,0x00000000c3c862b0,0x00000000c5980000)
 Metaspace       used 14998K, capacity 15184K, committed 15360K, reserved 1062912K
  class space    used 1921K, capacity 1992K, committed 2048K, reserved 1048576K
}
Event: 8,344 GC heap before
{Heap before GC invocations=9 (full 0):
 PSYoungGen      total 69632K, used 66720K [0x00000000ebb00000, 0x00000000f0500000, 0x0000000100000000)
  eden space 63488K, 100% used [0x00000000ebb00000,0x00000000ef900000,0x00000000ef900000)
  from space 6144K, 52% used [0x00000000eff00000,0x00000000f0228000,0x00000000f0500000)
  to   space 6144K, 0% used [0x00000000ef900000,0x00000000ef900000,0x00000000eff00000)
 ParOldGen       total 42496K, used 12824K [0x00000000c3000000, 0x00000000c5980000, 0x00000000ebb00000)
  object space 42496K, 30% used [0x00000000c3000000,0x00000000c3c862b0,0x00000000c5980000)
 Metaspace       used 15131K, capacity 15376K, committed 15616K, reserved 1062912K
  class space    used 1923K, capacity 1992K, committed 2048K, reserved 1048576K
Event: 8,352 GC heap after
Heap after GC invocations=9 (full 0):
 PSYoungGen      total 69632K, used 6138K [0x00000000ebb00000, 0x00000000f2b80000, 0x0000000100000000)
  eden space 63488K, 0% used [0x00000000ebb00000,0x00000000ebb00000,0x00000000ef900000)
  from space 6144K, 99% used [0x00000000ef900000,0x00000000efefe810,0x00000000eff00000)
  to   space 6656K, 0% used [0x00000000f2500000,0x00000000f2500000,0x00000000f2b80000)
 ParOldGen       total 42496K, used 12960K [0x00000000c3000000, 0x00000000c5980000, 0x00000000ebb00000)
  object space 42496K, 30% used [0x00000000c3000000,0x00000000c3ca82b0,0x00000000c5980000)
 Metaspace       used 15131K, capacity 15376K, committed 15616K, reserved 1062912K
  class space    used 1923K, capacity 1992K, committed 2048K, reserved 1048576K
}
Event: 8,603 GC heap before
{Heap before GC invocations=10 (full 0):
 PSYoungGen      total 69632K, used 69626K [0x00000000ebb00000, 0x00000000f2b80000, 0x0000000100000000)
  eden space 63488K, 100% used [0x00000000ebb00000,0x00000000ef900000,0x00000000ef900000)
  from space 6144K, 99% used [0x00000000ef900000,0x00000000efefe810,0x00000000eff00000)
  to   space 6656K, 0% used [0x00000000f2500000,0x00000000f2500000,0x00000000f2b80000)
 ParOldGen       total 42496K, used 12960K [0x00000000c3000000, 0x00000000c5980000, 0x00000000ebb00000)
  object space 42496K, 30% used [0x00000000c3000000,0x00000000c3ca82b0,0x00000000c5980000)
 Metaspace       used 15194K, capacity 15382K, committed 15616K, reserved 1062912K
  class space    used 1923K, capacity 1993K, committed 2048K, reserved 1048576K
Event: 8,613 GC heap after
Heap after GC invocations=10 (full 0):
 PSYoungGen      total 108032K, used 5920K [0x00000000ebb00000, 0x00000000f2c80000, 0x0000000100000000)
  eden space 101376K, 0% used [0x00000000ebb00000,0x00000000ebb00000,0x00000000f1e00000)
  from space 6656K, 88% used [0x00000000f2500000,0x00000000f2ac8000,0x00000000f2b80000)
  to   space 7168K, 0% used [0x00000000f1e00000,0x00000000f1e00000,0x00000000f2500000)
 ParOldGen       total 42496K, used 13112K [0x00000000c3000000, 0x00000000c5980000, 0x00000000ebb00000)
  object space 42496K, 30% used [0x00000000c3000000,0x00000000c3cce2b0,0x00000000c5980000)
 Metaspace       used 15194K, capacity 15382K, committed 15616K, reserved 1062912K
  class space    used 1923K, capacity 1993K, committed 2048K, reserved 1048576K
}
Event: 9,203 GC heap before
{Heap before GC invocations=11 (full 0):
 PSYoungGen      total 108032K, used 107296K [0x00000000ebb00000, 0x00000000f2c80000, 0x0000000100000000)
  eden space 101376K, 100% used [0x00000000ebb00000,0x00000000f1e00000,0x00000000f1e00000)
  from space 6656K, 88% used [0x00000000f2500000,0x00000000f2ac8000,0x00000000f2b80000)
  to   space 7168K, 0% used [0x00000000f1e00000,0x00000000f1e00000,0x00000000f2500000)
 ParOldGen       total 42496K, used 13112K [0x00000000c3000000, 0x00000000c5980000, 0x00000000ebb00000)
  object space 42496K, 30% used [0x00000000c3000000,0x00000000c3cce2b0,0x00000000c5980000)
 Metaspace       used 15727K, capacity 15970K, committed 16256K, reserved 1062912K
  class space    used 1986K, capacity 2059K, committed 2176K, reserved 1048576K
Event: 9,220 GC heap after
Heap after GC invocations=11 (full 0):
 PSYoungGen      total 108544K, used 7154K [0x00000000ebb00000, 0x00000000f6a80000, 0x0000000100000000)
  eden space 101376K, 0% used [0x00000000ebb00000,0x00000000ebb00000,0x00000000f1e00000)
  from space 7168K, 99% used [0x00000000f1e00000,0x00000000f24fcb88,0x00000000f2500000)
  to   space 8704K, 0% used [0x00000000f6200000,0x00000000f6200000,0x00000000f6a80000)
 ParOldGen       total 42496K, used 16032K [0x00000000c3000000, 0x00000000c5980000, 0x00000000ebb00000)
  object space 42496K, 37% used [0x00000000c3000000,0x00000000c3fa82b0,0x00000000c5980000)
 Metaspace       used 15727K, capacity 15970K, committed 16256K, reserved 1062912K
  class space    used 1986K, capacity 2059K, committed 2176K, reserved 1048576K
}
Event: 9,709 GC heap before
{Heap before GC invocations=12 (full 0):
 PSYoungGen      total 108544K, used 108530K [0x00000000ebb00000, 0x00000000f6a80000, 0x0000000100000000)
  eden space 101376K, 100% used [0x00000000ebb00000,0x00000000f1e00000,0x00000000f1e00000)
  from space 7168K, 99% used [0x00000000f1e00000,0x00000000f24fcb88,0x00000000f2500000)
  to   space 8704K, 0% used [0x00000000f6200000,0x00000000f6200000,0x00000000f6a80000)
 ParOldGen       total 42496K, used 16032K [0x00000000c3000000, 0x00000000c5980000, 0x00000000ebb00000)
  object space 42496K, 37% used [0x00000000c3000000,0x00000000c3fa82b0,0x00000000c5980000)
 Metaspace       used 15806K, capacity 16130K, committed 16256K, reserved 1062912K
  class space    used 1987K, capacity 2091K, committed 2176K, reserved 1048576K
Event: 9,786 GC heap after
Heap after GC invocations=12 (full 0):
 PSYoungGen      total 169472K, used 8704K [0x00000000ebb00000, 0x00000000f6d80000, 0x0000000100000000)
  eden space 160768K, 0% used [0x00000000ebb00000,0x00000000ebb00000,0x00000000f5800000)
  from space 8704K, 100% used [0x00000000f6200000,0x00000000f6a80000,0x00000000f6a80000)
  to   space 10240K, 0% used [0x00000000f5800000,0x00000000f5800000,0x00000000f6200000)
 ParOldGen       total 42496K, used 17056K [0x00000000c3000000, 0x00000000c5980000, 0x00000000ebb00000)
  object space 42496K, 40% used [0x00000000c3000000,0x00000000c40a82b0,0x00000000c5980000)
 Metaspace       used 15806K, capacity 16130K, committed 16256K, reserved 1062912K
  class space    used 1987K, capacity 2091K, committed 2176K, reserved 1048576K
}
Event: 19,867 GC heap before
{Heap before GC invocations=13 (full 0):
 PSYoungGen      total 169472K, used 169472K [0x00000000ebb00000, 0x00000000f6d80000, 0x0000000100000000)
  eden space 160768K, 100% used [0x00000000ebb00000,0x00000000f5800000,0x00000000f5800000)
  from space 8704K, 100% used [0x00000000f6200000,0x00000000f6a80000,0x00000000f6a80000)
  to   space 10240K, 0% used [0x00000000f5800000,0x00000000f5800000,0x00000000f6200000)
 ParOldGen       total 42496K, used 17056K [0x00000000c3000000, 0x00000000c5980000, 0x00000000ebb00000)
  object space 42496K, 40% used [0x00000000c3000000,0x00000000c40a82b0,0x00000000c5980000)
 Metaspace       used 19282K, capacity 19550K, committed 19840K, reserved 1067008K
  class space    used 2503K, capacity 2587K, committed 2688K, reserved 1048576K

Deoptimization events (10 events):
Event: 10,577 Thread 0x00007fd2d800b800 Uncommon trap: reason=unloaded action=reinterpret pc=0x00007fd2c95ae48c method=javassist.bytecode.ConstPool.readOne(Ljava/io/DataInputStream;)I @ 156
Event: 10,578 Thread 0x00007fd2d800b800 Uncommon trap: reason=unstable_if action=reinterpret pc=0x00007fd2c9633c88 method=javassist.bytecode.ConstPool.read(Ljava/io/DataInputStream;)V @ 49
Event: 10,594 Thread 0x00007fd2d800b800 Uncommon trap: reason=unstable_if action=reinterpret pc=0x00007fd2c9528c38 method=javassist.bytecode.ConstPool.read(Ljava/io/DataInputStream;)V @ 49
Event: 10,596 Thread 0x00007fd2d800b800 Uncommon trap: reason=unstable_if action=reinterpret pc=0x00007fd2c9479e80 method=javassist.bytecode.ConstPool.read(Ljava/io/DataInputStream;)V @ 43
Event: 10,989 Thread 0x00007fd2d800b800 Uncommon trap: reason=unstable_if action=reinterpret pc=0x00007fd2c9603c28 method=java.lang.Class.getDeclaringClass()Ljava/lang/Class; @ 6
Event: 11,015 Thread 0x00007fd2d800b800 Uncommon trap: reason=unstable_if action=reinterpret pc=0x00007fd2c98393d0 method=java.lang.reflect.Modifier.isPublic(I)Z @ 3
Event: 12,438 Thread 0x00007fd2d800b800 Uncommon trap: reason=bimorphic action=maybe_recompile pc=0x00007fd2c9693940 method=java.util.AbstractCollection.addAll(Ljava/util/Collection;)Z @ 3
Event: 12,669 Thread 0x00007fd2d800b800 Uncommon trap: reason=bimorphic action=maybe_recompile pc=0x00007fd2c9693940 method=java.util.AbstractCollection.addAll(Ljava/util/Collection;)Z @ 3
Event: 12,689 Thread 0x00007fd2d800b800 Uncommon trap: reason=bimorphic action=maybe_recompile pc=0x00007fd2c9693940 method=java.util.AbstractCollection.addAll(Ljava/util/Collection;)Z @ 3
Event: 12,689 Thread 0x00007fd2d800b800 Uncommon trap: reason=bimorphic action=maybe_recompile pc=0x00007fd2c9693940 method=java.util.AbstractCollection.addAll(Ljava/util/Collection;)Z @ 3

Internal exceptions (10 events):
Event: 10,424 Thread 0x00007fd2d800b800 Exception <a 'java/lang/ClassNotFoundException': unq/edu/ar/UIS_Modelo/SistemaDeLaberintosBeanInfo> (0x00000000f0566460) thrown at [/HUDSON/workspace/8-2-build-linux-amd64/jdk8u66/4988/hotspot/src/share/vm/classfile/systemDictionary.cpp, line 210]
Event: 10,425 Thread 0x00007fd2d800b800 Exception <a 'java/lang/ClassNotFoundException': unq/edu/ar/UIS_Modelo/SistemaDeLaberintosCustomizer> (0x00000000f057fd30) thrown at [/HUDSON/workspace/8-2-build-linux-amd64/jdk8u66/4988/hotspot/src/share/vm/classfile/systemDictionary.cpp, line 210]
Event: 10,425 Thread 0x00007fd2d800b800 Exception <a 'java/lang/ArrayIndexOutOfBoundsException'> (0x00000000f05842c0) thrown at [/HUDSON/workspace/8-2-build-linux-amd64/jdk8u66/4988/hotspot/src/share/vm/runtime/sharedRuntime.cpp, line 605]
Event: 10,426 Thread 0x00007fd2d800b800 Exception <a 'java/lang/ArrayIndexOutOfBoundsException'> (0x00000000f0589f80) thrown at [/HUDSON/workspace/8-2-build-linux-amd64/jdk8u66/4988/hotspot/src/share/vm/runtime/sharedRuntime.cpp, line 605]
Event: 10,426 Thread 0x00007fd2d800b800 Exception <a 'java/lang/ArrayIndexOutOfBoundsException'> (0x00000000f058b840) thrown at [/HUDSON/workspace/8-2-build-linux-amd64/jdk8u66/4988/hotspot/src/share/vm/runtime/sharedRuntime.cpp, line 605]
Event: 10,426 Thread 0x00007fd2d800b800 Exception <a 'java/lang/ArrayIndexOutOfBoundsException'> (0x00000000f058d030) thrown at [/HUDSON/workspace/8-2-build-linux-amd64/jdk8u66/4988/hotspot/src/share/vm/runtime/sharedRuntime.cpp, line 605]
Event: 11,039 Thread 0x00007fd2d800b800 Exception <a 'java/io/FileNotFoundException'> (0x00000000f1070ee8) thrown at [/HUDSON/workspace/8-2-build-linux-amd64/jdk8u66/4988/hotspot/src/share/vm/prims/jni.cpp, line 709]
Event: 11,039 Thread 0x00007fd2d800b800 Exception <a 'java/io/FileNotFoundException'> (0x00000000f1071960) thrown at [/HUDSON/workspace/8-2-build-linux-amd64/jdk8u66/4988/hotspot/src/share/vm/prims/jni.cpp, line 709]
Event: 12,415 Thread 0x00007fd2d800b800 Exception <a 'java/lang/ClassNotFoundException': aplicationModel/GatoEncerradoAppModelBeanInfo> (0x00000000f21c5750) thrown at [/HUDSON/workspace/8-2-build-linux-amd64/jdk8u66/4988/hotspot/src/share/vm/classfile/systemDictionary.cpp, line 210]
Event: 12,415 Thread 0x00007fd2d800b800 Exception <a 'java/lang/ClassNotFoundException': aplicationModel/GatoEncerradoAppModelCustomizer> (0x00000000f21ddd50) thrown at [/HUDSON/workspace/8-2-build-linux-amd64/jdk8u66/4988/hotspot/src/share/vm/classfile/systemDictionary.cpp, line 210]

Events (10 events):
Event: 13,434 loading class java/util/Collections$SingletonSet done
Event: 18,464 Thread 0x00007fd2d800b800 DEOPT PACKING pc=0x00007fd2c981e59a sp=0x00007fd2e000b5f0
Event: 18,464 Thread 0x00007fd2d800b800 DEOPT UNPACKING pc=0x00007fd2c9047633 sp=0x00007fd2e000b318 mode 0
Event: 19,650 loading class javax/persistence/Transient
Event: 19,650 loading class javax/persistence/Transient done
Event: 19,708 loading class unq/edu/ar/UIS_Modelo/AccionUsarItem
Event: 19,708 loading class unq/edu/ar/UIS_Modelo/AccionUsarItem done
Event: 19,721 Thread 0x00007fd2d800b800 DEOPT PACKING pc=0x00007fd2c95c2b98 sp=0x00007fd2e000b280
Event: 19,721 Thread 0x00007fd2d800b800 DEOPT UNPACKING pc=0x00007fd2c9047633 sp=0x00007fd2e000b120 mode 0
Event: 19,867 Executing VM operation: ParallelGCFailedAllocation


Dynamic libraries:
00400000-00401000 r-xp 00000000 08:05 806533                             /usr/lib/jvm/java-8-oracle/bin/java
00600000-00601000 rw-p 00000000 08:05 806533                             /usr/lib/jvm/java-8-oracle/bin/java
017cf000-017f0000 rw-p 00000000 00:00 0                                  [heap]
c3000000-c5980000 rw-p 00000000 00:00 0 
c5980000-ebb00000 ---p 00000000 00:00 0 
ebb00000-f6d80000 rw-p 00000000 00:00 0 
fd080000-100000000 ---p 00000000 00:00 0 
100000000-1002a0000 rw-p 00000000 00:00 0 
1002a0000-140000000 ---p 00000000 00:00 0 
7fd26c000000-7fd26c022000 rw-p 00000000 00:00 0 
7fd26c022000-7fd270000000 ---p 00000000 00:00 0 
7fd270000000-7fd270022000 rw-p 00000000 00:00 0 
7fd270022000-7fd274000000 ---p 00000000 00:00 0 
7fd2777ff000-7fd277800000 ---p 00000000 00:00 0 
7fd277800000-7fd278000000 rw-p 00000000 00:00 0                          [stack:7092]
7fd278000000-7fd278022000 rw-p 00000000 00:00 0 
7fd278022000-7fd27c000000 ---p 00000000 00:00 0 
7fd27c000000-7fd27c021000 rw-p 00000000 00:00 0 
7fd27c021000-7fd280000000 ---p 00000000 00:00 0 
7fd280000000-7fd280021000 rw-p 00000000 00:00 0 
7fd280021000-7fd284000000 ---p 00000000 00:00 0 
7fd2841be000-7fd28423e000 rw-s 00000000 00:05 3801102                    /SYSV00000000 (deleted)
7fd28423e000-7fd2842fe000 rw-p 00000000 00:00 0 
7fd2842fe000-7fd28443e000 ---p 00000000 00:00 0 
7fd28443e000-7fd28443f000 ---p 00000000 00:00 0 
7fd28443f000-7fd284c3f000 rw-p 00000000 00:00 0 
7fd284c3f000-7fd284c40000 ---p 00000000 00:00 0 
7fd284c40000-7fd285440000 rw-p 00000000 00:00 0                          [stack:7089]
7fd285440000-7fd285484000 r-xp 00000000 08:05 657712                     /lib/x86_64-linux-gnu/libdbus-1.so.3.7.6
7fd285484000-7fd285683000 ---p 00044000 08:05 657712                     /lib/x86_64-linux-gnu/libdbus-1.so.3.7.6
7fd285683000-7fd285684000 r--p 00043000 08:05 657712                     /lib/x86_64-linux-gnu/libdbus-1.so.3.7.6
7fd285684000-7fd285685000 rw-p 00044000 08:05 657712                     /lib/x86_64-linux-gnu/libdbus-1.so.3.7.6
7fd285685000-7fd28568d000 r-xp 00000000 08:05 657760                     /lib/x86_64-linux-gnu/libnih-dbus.so.1.0.0
7fd28568d000-7fd28588d000 ---p 00008000 08:05 657760                     /lib/x86_64-linux-gnu/libnih-dbus.so.1.0.0
7fd28588d000-7fd28588e000 r--p 00008000 08:05 657760                     /lib/x86_64-linux-gnu/libnih-dbus.so.1.0.0
7fd28588e000-7fd28588f000 rw-p 00009000 08:05 657760                     /lib/x86_64-linux-gnu/libnih-dbus.so.1.0.0
7fd28588f000-7fd2858a6000 r-xp 00000000 08:05 657762                     /lib/x86_64-linux-gnu/libnih.so.1.0.0
7fd2858a6000-7fd285aa5000 ---p 00017000 08:05 657762                     /lib/x86_64-linux-gnu/libnih.so.1.0.0
7fd285aa5000-7fd285aa6000 r--p 00016000 08:05 657762                     /lib/x86_64-linux-gnu/libnih.so.1.0.0
7fd285aa6000-7fd285aa7000 rw-p 00017000 08:05 657762                     /lib/x86_64-linux-gnu/libnih.so.1.0.0
7fd285aa7000-7fd285ac0000 r-xp 00000000 08:05 654145                     /lib/x86_64-linux-gnu/libcgmanager.so.0.0.0
7fd285ac0000-7fd285cbf000 ---p 00019000 08:05 654145                     /lib/x86_64-linux-gnu/libcgmanager.so.0.0.0
7fd285cbf000-7fd285cc1000 r--p 00018000 08:05 654145                     /lib/x86_64-linux-gnu/libcgmanager.so.0.0.0
7fd285cc1000-7fd285cc2000 rw-p 0001a000 08:05 654145                     /lib/x86_64-linux-gnu/libcgmanager.so.0.0.0
7fd285cc2000-7fd285cd2000 r-xp 00000000 08:05 652967                     /lib/x86_64-linux-gnu/libudev.so.1.3.5
7fd285cd2000-7fd285ed1000 ---p 00010000 08:05 652967                     /lib/x86_64-linux-gnu/libudev.so.1.3.5
7fd285ed1000-7fd285ed2000 r--p 0000f000 08:05 652967                     /lib/x86_64-linux-gnu/libudev.so.1.3.5
7fd285ed2000-7fd285ed3000 rw-p 00010000 08:05 652967                     /lib/x86_64-linux-gnu/libudev.so.1.3.5
7fd285ed3000-7fd285f07000 r-xp 00000000 08:05 1049333                    /usr/lib/x86_64-linux-gnu/gvfs/libgvfscommon.so
7fd285f07000-7fd286107000 ---p 00034000 08:05 1049333                    /usr/lib/x86_64-linux-gnu/gvfs/libgvfscommon.so
7fd286107000-7fd28610c000 r--p 00034000 08:05 1049333                    /usr/lib/x86_64-linux-gnu/gvfs/libgvfscommon.so
7fd28610c000-7fd28610d000 rw-p 00039000 08:05 1049333                    /usr/lib/x86_64-linux-gnu/gvfs/libgvfscommon.so
7fd28610d000-7fd28613c000 r-xp 00000000 08:05 1049334                    /usr/lib/x86_64-linux-gnu/gio/modules/libgvfsdbus.so
7fd28613c000-7fd28633c000 ---p 0002f000 08:05 1049334                    /usr/lib/x86_64-linux-gnu/gio/modules/libgvfsdbus.so
7fd28633c000-7fd28633d000 r--p 0002f000 08:05 1049334                    /usr/lib/x86_64-linux-gnu/gio/modules/libgvfsdbus.so
7fd28633d000-7fd28633e000 rw-p 00030000 08:05 1049334                    /usr/lib/x86_64-linux-gnu/gio/modules/libgvfsdbus.so
7fd28633e000-7fd28633f000 rw-p 00000000 00:00 0 
7fd28633f000-7fd286398000 r-xp 00000000 08:05 922406                     /usr/lib/x86_64-linux-gnu/libibus-1.0.so.5.0.505
7fd286398000-7fd286598000 ---p 00059000 08:05 922406                     /usr/lib/x86_64-linux-gnu/libibus-1.0.so.5.0.505
7fd286598000-7fd28659a000 r--p 00059000 08:05 922406                     /usr/lib/x86_64-linux-gnu/libibus-1.0.so.5.0.505
7fd28659a000-7fd28659b000 rw-p 0005b000 08:05 922406                     /usr/lib/x86_64-linux-gnu/libibus-1.0.so.5.0.505
7fd28659b000-7fd28659c000 rw-p 00000000 00:00 0 
7fd2865b8000-7fd2865b9000 rw-p 00000000 00:00 0 
7fd2865b9000-7fd2865bc000 r--p 00000000 08:05 168202                     /usr/share/locale-langpack/es/LC_MESSAGES/atk10.mo
7fd2865bc000-7fd2865c2000 r-xp 00000000 08:05 1048163                    /usr/lib/x86_64-linux-gnu/gtk-2.0/2.10.0/immodules/im-ibus.so
7fd2865c2000-7fd2867c2000 ---p 00006000 08:05 1048163                    /usr/lib/x86_64-linux-gnu/gtk-2.0/2.10.0/immodules/im-ibus.so
7fd2867c2000-7fd2867c3000 r--p 00006000 08:05 1048163                    /usr/lib/x86_64-linux-gnu/gtk-2.0/2.10.0/immodules/im-ibus.so
7fd2867c3000-7fd2867c4000 rw-p 00007000 08:05 1048163                    /usr/lib/x86_64-linux-gnu/gtk-2.0/2.10.0/immodules/im-ibus.so
7fd2867c4000-7fd286818000 r-xp 00000000 08:05 807899                     /usr/lib/jvm/java-8-oracle/jre/lib/amd64/libawt_xawt.so
7fd286818000-7fd286a18000 ---p 00054000 08:05 807899                     /usr/lib/jvm/java-8-oracle/jre/lib/amd64/libawt_xawt.so
7fd286a18000-7fd286a1c000 rw-p 00054000 08:05 807899                     /usr/lib/jvm/java-8-oracle/jre/lib/amd64/libawt_xawt.so
7fd286a1c000-7fd286a1d000 rw-p 00000000 00:00 0 
7fd286a1d000-7fd286abf000 r-xp 00000000 08:05 807867                     /usr/lib/jvm/java-8-oracle/jre/lib/amd64/libawt.so
7fd286abf000-7fd286cbf000 ---p 000a2000 08:05 807867                     /usr/lib/jvm/java-8-oracle/jre/lib/amd64/libawt.so
7fd286cbf000-7fd286ccb000 rw-p 000a2000 08:05 807867                     /usr/lib/jvm/java-8-oracle/jre/lib/amd64/libawt.so
7fd286ccb000-7fd286cef000 rw-p 00000000 00:00 0 
7fd286cef000-7fd286cf5000 r--s 002f8000 08:05 807739                     /usr/lib/jvm/java-8-oracle/jre/lib/charsets.jar
7fd286cf5000-7fd286ef5000 rw-p 00000000 00:00 0 
7fd286ef5000-7fd286f07000 r--s 00345000 08:05 807759                     /usr/lib/jvm/java-8-oracle/jre/lib/resources.jar
7fd286f07000-7fd287107000 rw-p 00000000 00:00 0 
7fd287107000-7fd287307000 rw-p 00000000 00:00 0 
7fd287307000-7fd287359000 r--p 00000000 08:05 5522                       /usr/share/fonts/truetype/dejavu/DejaVuSansMono.ttf
7fd287359000-7fd2873b0000 r--p 00000000 08:05 133210                     /usr/share/fonts/truetype/ubuntu-font-family/Ubuntu-R.ttf
7fd2873b0000-7fd2873b1000 r--s 00000000 08:05 289549                     /var/cache/fontconfig/c05880de57d1f5e948fdfacc138775d9-le64.cache-4
7fd2873b1000-7fd2873bc000 r--s 00000000 08:05 289543                     /var/cache/fontconfig/945677eb7aeaf62f1d50efc3fb3ec7d8-le64.cache-4
7fd2873bc000-7fd2873be000 r--s 00000000 08:05 292932                     /var/cache/fontconfig/99e8ed0e538f840c565b6ed5dad60d56-le64.cache-4
7fd2873be000-7fd2873c7000 r--s 00000000 08:05 292931                     /var/cache/fontconfig/a6d8cf8e4ec09cdbc8633c31745a07dd-le64.cache-4
7fd2873c7000-7fd2873cd000 r--s 00000000 08:05 289529                     /var/cache/fontconfig/2cd17615ca594fa2959ae173292e504c-le64.cache-4
7fd2873cd000-7fd2873ce000 r--s 00000000 08:05 289559                     /var/cache/fontconfig/e7071f4a29fa870f4323321c154eba04-le64.cache-4
7fd2873ce000-7fd2873cf000 r--s 00000000 08:05 289526                     /var/cache/fontconfig/0d8c3b2ac0904cb8a57a757ad11a4a08-le64.cache-4
7fd2873cf000-7fd2873d6000 r--s 00000000 08:05 289546                     /var/cache/fontconfig/a755afe4a08bf5b97852ceb7400b47bc-le64.cache-4
7fd2873d6000-7fd2873ea000 r--s 00000000 08:05 289524                     /var/cache/fontconfig/04aabc0a78ac019cf9454389977116d2-le64.cache-4
7fd2873ea000-7fd2873eb000 r--s 00000000 08:05 289528                     /var/cache/fontconfig/1ac9eb803944fde146138c791f5cc56a-le64.cache-4
7fd2873eb000-7fd2873ef000 r--s 00000000 08:05 289532                     /var/cache/fontconfig/385c0604a188198f04d133e54aba7fe7-le64.cache-4
7fd2873ef000-7fd2873f0000 r--s 00000000 08:05 289556                     /var/cache/fontconfig/dc05db6664285cc2f12bf69c139ae4c3-le64.cache-4
7fd2873f0000-7fd2873f2000 r--s 00000000 08:05 289540                     /var/cache/fontconfig/767a8244fc0220cfb567a839d0392e0b-le64.cache-4
7fd2873f2000-7fd2873f3000 r--s 00000000 08:05 286442                     /var/cache/fontconfig/4794a0821666d79190d59a36cb4f44b5-le64.cache-4
7fd2873f3000-7fd2873f8000 r--s 00000000 08:05 289542                     /var/cache/fontconfig/8801497958630a81b71ace7c5f9b32a8-le64.cache-4
7fd2873f8000-7fd287433000 r--s 00000000 08:05 289941                     /var/cache/fontconfig/365b55f210c0a22e9a19e35191240f32-le64.cache-4
7fd287433000-7fd28743a000 r--s 00000000 08:05 289530                     /var/cache/fontconfig/3047814df9a2f067bd2d96a2b9c36e5a-le64.cache-4
7fd28743a000-7fd28743b000 r--s 00000000 08:05 289536                     /var/cache/fontconfig/56cf4f4769d0f4abc89a4895d7bd3ae1-le64.cache-4
7fd28743b000-7fd28743c000 r--s 00000000 08:05 289548                     /var/cache/fontconfig/b9d506c9ac06c20b433354fa67a72993-le64.cache-4
7fd28743c000-7fd287445000 r--s 00000000 08:05 290072                     /var/cache/fontconfig/52f7bdb7ce746bfd7eaa1985bd9cfa93-le64.cache-4
7fd287445000-7fd287458000 r--s 00000000 08:05 289553                     /var/cache/fontconfig/d52a8644073d54c13679302ca1180695-le64.cache-4
7fd287458000-7fd287461000 r--s 00000000 08:05 289533                     /var/cache/fontconfig/3f7329c5293ffd510edef78f73874cfd-le64.cache-4
7fd287461000-7fd28746c000 r--s 00000000 08:05 290642                     /var/cache/fontconfig/d589a48862398ed80a3d6066f4f56f4c-le64.cache-4
7fd28746c000-7fd28747f000 r--s 00000000 08:05 292602                     /var/cache/fontconfig/4ac51e5cfbc76fc3f983e470323a16d3-le64.cache-4
7fd28747f000-7fd28748c000 r--s 00000000 08:05 290135                     /var/cache/fontconfig/e13b20fdb08344e0e664864cc2ede53d-le64.cache-4
7fd28748c000-7fd28748d000 ---p 00000000 00:00 0 
7fd28748d000-7fd287c8d000 rw-p 00000000 00:00 0                          [stack:7088]
7fd287c8d000-7fd287c8e000 ---p 00000000 00:00 0 
7fd287c8e000-7fd28848e000 rw-p 00000000 00:00 0                          [stack:7087]
7fd28848e000-7fd288499000 r-xp 00000000 08:05 1047922                    /usr/lib/x86_64-linux-gnu/gio/modules/libdconfsettings.so
7fd288499000-7fd288699000 ---p 0000b000 08:05 1047922                    /usr/lib/x86_64-linux-gnu/gio/modules/libdconfsettings.so
7fd288699000-7fd28869a000 r--p 0000b000 08:05 1047922                    /usr/lib/x86_64-linux-gnu/gio/modules/libdconfsettings.so
7fd28869a000-7fd28869b000 rw-p 0000c000 08:05 1047922                    /usr/lib/x86_64-linux-gnu/gio/modules/libdconfsettings.so
7fd28869b000-7fd2886db000 r--p 00000000 08:05 1046756                    /usr/share/glib-2.0/schemas/gschemas.compiled
7fd2886db000-7fd2886e2000 r-xp 00000000 08:05 922569                     /usr/lib/x86_64-linux-gnu/libogg.so.0.8.1
7fd2886e2000-7fd2888e2000 ---p 00007000 08:05 922569                     /usr/lib/x86_64-linux-gnu/libogg.so.0.8.1
7fd2888e2000-7fd2888e3000 r--p 00007000 08:05 922569                     /usr/lib/x86_64-linux-gnu/libogg.so.0.8.1
7fd2888e3000-7fd2888e4000 rw-p 00008000 08:05 922569                     /usr/lib/x86_64-linux-gnu/libogg.so.0.8.1
7fd2888e4000-7fd288910000 r-xp 00000000 08:05 922843                     /usr/lib/x86_64-linux-gnu/libvorbis.so.0.4.5
7fd288910000-7fd288b0f000 ---p 0002c000 08:05 922843                     /usr/lib/x86_64-linux-gnu/libvorbis.so.0.4.5
7fd288b0f000-7fd288b10000 r--p 0002b000 08:05 922843                     /usr/lib/x86_64-linux-gnu/libvorbis.so.0.4.5
7fd288b10000-7fd288b11000 rw-p 0002c000 08:05 922843                     /usr/lib/x86_64-linux-gnu/libvorbis.so.0.4.5
7fd288b11000-7fd288b1a000 r-xp 00000000 08:05 922475                     /usr/lib/x86_64-linux-gnu/libltdl.so.7.3.0
7fd288b1a000-7fd288d19000 ---p 00009000 08:05 922475                     /usr/lib/x86_64-linux-gnu/libltdl.so.7.3.0
7fd288d19000-7fd288d1a000 r--p 00008000 08:05 922475                     /usr/lib/x86_64-linux-gnu/libltdl.so.7.3.0
7fd288d1a000-7fd288d1b000 rw-p 00009000 08:05 922475                     /usr/lib/x86_64-linux-gnu/libltdl.so.7.3.0
7fd288d1b000-7fd288d2c000 r-xp 00000000 08:05 922764                     /usr/lib/x86_64-linux-gnu/libtdb.so.1.2.12
7fd288d2c000-7fd288f2b000 ---p 00011000 08:05 922764                     /usr/lib/x86_64-linux-gnu/libtdb.so.1.2.12
7fd288f2b000-7fd288f2c000 r--p 00010000 08:05 922764                     /usr/lib/x86_64-linux-gnu/libtdb.so.1.2.12
7fd288f2c000-7fd288f2d000 rw-p 00011000 08:05 922764                     /usr/lib/x86_64-linux-gnu/libtdb.so.1.2.12
7fd288f2d000-7fd288f34000 r-xp 00000000 08:05 922847                     /usr/lib/x86_64-linux-gnu/libvorbisfile.so.3.3.4
7fd288f34000-7fd289133000 ---p 00007000 08:05 922847                     /usr/lib/x86_64-linux-gnu/libvorbisfile.so.3.3.4
7fd289133000-7fd289134000 r--p 00006000 08:05 922847                     /usr/lib/x86_64-linux-gnu/libvorbisfile.so.3.3.4
7fd289134000-7fd289135000 rw-p 00007000 08:05 922847                     /usr/lib/x86_64-linux-gnu/libvorbisfile.so.3.3.4
7fd289135000-7fd289144000 r-xp 00000000 08:05 921989                     /usr/lib/x86_64-linux-gnu/libcanberra.so.0.2.5
7fd289144000-7fd289343000 ---p 0000f000 08:05 921989                     /usr/lib/x86_64-linux-gnu/libcanberra.so.0.2.5
7fd289343000-7fd289344000 r--p 0000e000 08:05 921989                     /usr/lib/x86_64-linux-gnu/libcanberra.so.0.2.5
7fd289344000-7fd289345000 rw-p 0000f000 08:05 921989                     /usr/lib/x86_64-linux-gnu/libcanberra.so.0.2.5
7fd289345000-7fd289349000 r-xp 00000000 08:05 921985                     /usr/lib/x86_64-linux-gnu/libcanberra-gtk.so.0.1.9
7fd289349000-7fd289548000 ---p 00004000 08:05 921985                     /usr/lib/x86_64-linux-gnu/libcanberra-gtk.so.0.1.9
7fd289548000-7fd289549000 r--p 00003000 08:05 921985                     /usr/lib/x86_64-linux-gnu/libcanberra-gtk.so.0.1.9
7fd289549000-7fd28954a000 rw-p 00004000 08:05 921985                     /usr/lib/x86_64-linux-gnu/libcanberra-gtk.so.0.1.9
7fd28954a000-7fd28954f000 r-xp 00000000 08:05 1048177                    /usr/lib/x86_64-linux-gnu/gtk-2.0/modules/libcanberra-gtk-module.so
7fd28954f000-7fd28974e000 ---p 00005000 08:05 1048177                    /usr/lib/x86_64-linux-gnu/gtk-2.0/modules/libcanberra-gtk-module.so
7fd28974e000-7fd28974f000 r--p 00004000 08:05 1048177                    /usr/lib/x86_64-linux-gnu/gtk-2.0/modules/libcanberra-gtk-module.so
7fd28974f000-7fd289750000 rw-p 00005000 08:05 1048177                    /usr/lib/x86_64-linux-gnu/gtk-2.0/modules/libcanberra-gtk-module.so
7fd289750000-7fd28977f000 r-xp 00000000 08:05 1048159                    /usr/lib/x86_64-linux-gnu/gtk-2.0/2.10.0/engines/libmurrine.so
7fd28977f000-7fd28997f000 ---p 0002f000 08:05 1048159                    /usr/lib/x86_64-linux-gnu/gtk-2.0/2.10.0/engines/libmurrine.so
7fd28997f000-7fd289980000 r--p 0002f000 08:05 1048159                    /usr/lib/x86_64-linux-gnu/gtk-2.0/2.10.0/engines/libmurrine.so
7fd289980000-7fd289981000 rw-p 00030000 08:05 1048159                    /usr/lib/x86_64-linux-gnu/gtk-2.0/2.10.0/engines/libmurrine.so
7fd289981000-7fd289991000 r-xp 00000000 08:05 922813                     /usr/lib/x86_64-linux-gnu/libunity-gtk2-parser.so.0.0.0
7fd289991000-7fd289b90000 ---p 00010000 08:05 922813                     /usr/lib/x86_64-linux-gnu/libunity-gtk2-parser.so.0.0.0
7fd289b90000-7fd289b91000 r--p 0000f000 08:05 922813                     /usr/lib/x86_64-linux-gnu/libunity-gtk2-parser.so.0.0.0
7fd289b91000-7fd289b92000 rw-p 00010000 08:05 922813                     /usr/lib/x86_64-linux-gnu/libunity-gtk2-parser.so.0.0.0
7fd289b92000-7fd289b97000 r-xp 00000000 08:05 1048181                    /usr/lib/x86_64-linux-gnu/gtk-2.0/modules/libunity-gtk-module.so
7fd289b97000-7fd289d96000 ---p 00005000 08:05 1048181                    /usr/lib/x86_64-linux-gnu/gtk-2.0/modules/libunity-gtk-module.so
7fd289d96000-7fd289d97000 r--p 00004000 08:05 1048181                    /usr/lib/x86_64-linux-gnu/gtk-2.0/modules/libunity-gtk-module.so
7fd289d97000-7fd289d98000 rw-p 00005000 08:05 1048181                    /usr/lib/x86_64-linux-gnu/gtk-2.0/modules/libunity-gtk-module.so
7fd289d98000-7fd289da9000 r-xp 00000000 08:05 1048180                    /usr/lib/x86_64-linux-gnu/gtk-2.0/modules/liboverlay-scrollbar.so
7fd289da9000-7fd289fa8000 ---p 00011000 08:05 1048180                    /usr/lib/x86_64-linux-gnu/gtk-2.0/modules/liboverlay-scrollbar.so
7fd289fa8000-7fd289fa9000 r--p 00010000 08:05 1048180                    /usr/lib/x86_64-linux-gnu/gtk-2.0/modules/liboverlay-scrollbar.so
7fd289fa9000-7fd289faa000 rw-p 00011000 08:05 1048180                    /usr/lib/x86_64-linux-gnu/gtk-2.0/modules/liboverlay-scrollbar.so
7fd289faa000-7fd289fd4000 r--p 00000000 08:05 168338                     /usr/share/locale-langpack/es/LC_MESSAGES/gtk20-properties.mo
7fd289fd4000-7fd289fda000 r-xp 00000000 08:05 922053                     /usr/lib/x86_64-linux-gnu/libdatrie.so.1.3.1
7fd289fda000-7fd28a1d9000 ---p 00006000 08:05 922053                     /usr/lib/x86_64-linux-gnu/libdatrie.so.1.3.1
7fd28a1d9000-7fd28a1da000 r--p 00005000 08:05 922053                     /usr/lib/x86_64-linux-gnu/libdatrie.so.1.3.1
7fd28a1da000-7fd28a1db000 rw-p 00006000 08:05 922053                     /usr/lib/x86_64-linux-gnu/libdatrie.so.1.3.1
7fd28a1db000-7fd28a1f5000 r-xp 00000000 08:05 922279                     /usr/lib/x86_64-linux-gnu/libgraphite2.so.3.0.1
7fd28a1f5000-7fd28a3f4000 ---p 0001a000 08:05 922279                     /usr/lib/x86_64-linux-gnu/libgraphite2.so.3.0.1
7fd28a3f4000-7fd28a3f6000 r--p 00019000 08:05 922279                     /usr/lib/x86_64-linux-gnu/libgraphite2.so.3.0.1
7fd28a3f6000-7fd28a3f7000 rw-p 0001b000 08:05 922279                     /usr/lib/x86_64-linux-gnu/libgraphite2.so.3.0.1
7fd28a3f7000-7fd28a3fc000 r-xp 00000000 08:05 921861                     /usr/lib/x86_64-linux-gnu/libXdmcp.so.6.0.0
7fd28a3fc000-7fd28a5fb000 ---p 00005000 08:05 921861                     /usr/lib/x86_64-linux-gnu/libXdmcp.so.6.0.0
7fd28a5fb000-7fd28a5fc000 r--p 00004000 08:05 921861                     /usr/lib/x86_64-linux-gnu/libXdmcp.so.6.0.0
7fd28a5fc000-7fd28a5fd000 rw-p 00005000 08:05 921861                     /usr/lib/x86_64-linux-gnu/libXdmcp.so.6.0.0
7fd28a5fd000-7fd28a5ff000 r-xp 00000000 08:05 921850                     /usr/lib/x86_64-linux-gnu/libXau.so.6.0.0
7fd28a5ff000-7fd28a7ff000 ---p 00002000 08:05 921850                     /usr/lib/x86_64-linux-gnu/libXau.so.6.0.0
7fd28a7ff000-7fd28a800000 r--p 00002000 08:05 921850                     /usr/lib/x86_64-linux-gnu/libXau.so.6.0.0
7fd28a800000-7fd28a801000 rw-p 00003000 08:05 921850                     /usr/lib/x86_64-linux-gnu/libXau.so.6.0.0
7fd28a801000-7fd28a83e000 r-xp 00000000 08:05 657801                     /lib/x86_64-linux-gnu/libpcre.so.3.13.1
7fd28a83e000-7fd28aa3d000 ---p 0003d000 08:05 657801                     /lib/x86_64-linux-gnu/libpcre.so.3.13.1
7fd28aa3d000-7fd28aa3e000 r--p 0003c000 08:05 657801                     /lib/x86_64-linux-gnu/libpcre.so.3.13.1
7fd28aa3e000-7fd28aa3f000 rw-p 0003d000 08:05 657801                     /lib/x86_64-linux-gnu/libpcre.so.3.13.1
7fd28aa3f000-7fd28aa46000 r-xp 00000000 08:05 921603                     /usr/lib/x86_64-linux-gnu/libffi.so.6.0.1
7fd28aa46000-7fd28ac45000 ---p 00007000 08:05 921603                     /usr/lib/x86_64-linux-gnu/libffi.so.6.0.1
7fd28ac45000-7fd28ac46000 r--p 00006000 08:05 921603                     /usr/lib/x86_64-linux-gnu/libffi.so.6.0.1
7fd28ac46000-7fd28ac47000 rw-p 00007000 08:05 921603                     /usr/lib/x86_64-linux-gnu/libffi.so.6.0.1
7fd28ac47000-7fd28ac6e000 r-xp 00000000 08:05 652811                     /lib/x86_64-linux-gnu/libexpat.so.1.6.0
7fd28ac6e000-7fd28ae6e000 ---p 00027000 08:05 652811                     /lib/x86_64-linux-gnu/libexpat.so.1.6.0
7fd28ae6e000-7fd28ae70000 r--p 00027000 08:05 652811                     /lib/x86_64-linux-gnu/libexpat.so.1.6.0
7fd28ae70000-7fd28ae71000 rw-p 00029000 08:05 652811                     /lib/x86_64-linux-gnu/libexpat.so.1.6.0
7fd28ae71000-7fd28ae79000 r-xp 00000000 08:05 922776                     /usr/lib/x86_64-linux-gnu/libthai.so.0.2.0
7fd28ae79000-7fd28b078000 ---p 00008000 08:05 922776                     /usr/lib/x86_64-linux-gnu/libthai.so.0.2.0
7fd28b078000-7fd28b079000 r--p 00007000 08:05 922776                     /usr/lib/x86_64-linux-gnu/libthai.so.0.2.0
7fd28b079000-7fd28b07a000 rw-p 00008000 08:05 922776                     /usr/lib/x86_64-linux-gnu/libthai.so.0.2.0
7fd28b07a000-7fd28b0cd000 r-xp 00000000 08:05 922392                     /usr/lib/x86_64-linux-gnu/libharfbuzz.so.0.927.0
7fd28b0cd000-7fd28b2cd000 ---p 00053000 08:05 922392                     /usr/lib/x86_64-linux-gnu/libharfbuzz.so.0.927.0
7fd28b2cd000-7fd28b2ce000 r--p 00053000 08:05 922392                     /usr/lib/x86_64-linux-gnu/libharfbuzz.so.0.927.0
7fd28b2ce000-7fd28b2cf000 rw-p 00054000 08:05 922392                     /usr/lib/x86_64-linux-gnu/libharfbuzz.so.0.927.0
7fd28b2cf000-7fd28b2e6000 r-xp 00000000 08:05 657824                     /lib/x86_64-linux-gnu/libresolv-2.19.so
7fd28b2e6000-7fd28b4e6000 ---p 00017000 08:05 657824                     /lib/x86_64-linux-gnu/libresolv-2.19.so
7fd28b4e6000-7fd28b4e7000 r--p 00017000 08:05 657824                     /lib/x86_64-linux-gnu/libresolv-2.19.so
7fd28b4e7000-7fd28b4e8000 rw-p 00018000 08:05 657824                     /lib/x86_64-linux-gnu/libresolv-2.19.so
7fd28b4e8000-7fd28b4ea000 rw-p 00000000 00:00 0 
7fd28b4ea000-7fd28b50a000 r-xp 00000000 08:05 657828                     /lib/x86_64-linux-gnu/libselinux.so.1
7fd28b50a000-7fd28b709000 ---p 00020000 08:05 657828                     /lib/x86_64-linux-gnu/libselinux.so.1
7fd28b709000-7fd28b70a000 r--p 0001f000 08:05 657828                     /lib/x86_64-linux-gnu/libselinux.so.1
7fd28b70a000-7fd28b70b000 rw-p 00020000 08:05 657828                     /lib/x86_64-linux-gnu/libselinux.so.1
7fd28b70b000-7fd28b70d000 rw-p 00000000 00:00 0 
7fd28b70d000-7fd28b725000 r-xp 00000000 08:05 657861                     /lib/x86_64-linux-gnu/libz.so.1.2.8
7fd28b725000-7fd28b924000 ---p 00018000 08:05 657861                     /lib/x86_64-linux-gnu/libz.so.1.2.8
7fd28b924000-7fd28b925000 r--p 00017000 08:05 657861                     /lib/x86_64-linux-gnu/libz.so.1.2.8
7fd28b925000-7fd28b926000 rw-p 00018000 08:05 657861                     /lib/x86_64-linux-gnu/libz.so.1.2.8
7fd28b926000-7fd28b92e000 r-xp 00000000 08:05 922902                     /usr/lib/x86_64-linux-gnu/libxcb-render.so.0.0.0
7fd28b92e000-7fd28bb2d000 ---p 00008000 08:05 922902                     /usr/lib/x86_64-linux-gnu/libxcb-render.so.0.0.0
7fd28bb2d000-7fd28bb2e000 r--p 00007000 08:05 922902                     /usr/lib/x86_64-linux-gnu/libxcb-render.so.0.0.0
7fd28bb2e000-7fd28bb2f000 rw-p 00008000 08:05 922902                     /usr/lib/x86_64-linux-gnu/libxcb-render.so.0.0.0
7fd28bb2f000-7fd28bb31000 r-xp 00000000 08:05 922906                     /usr/lib/x86_64-linux-gnu/libxcb-shm.so.0.0.0
7fd28bb31000-7fd28bd30000 ---p 00002000 08:05 922906                     /usr/lib/x86_64-linux-gnu/libxcb-shm.so.0.0.0
7fd28bd30000-7fd28bd31000 r--p 00001000 08:05 922906                     /usr/lib/x86_64-linux-gnu/libxcb-shm.so.0.0.0
7fd28bd31000-7fd28bd32000 rw-p 00002000 08:05 922906                     /usr/lib/x86_64-linux-gnu/libxcb-shm.so.0.0.0
7fd28bd32000-7fd28bd57000 r-xp 00000000 08:05 654139                     /lib/x86_64-linux-gnu/libpng12.so.0.50.0
7fd28bd57000-7fd28bf56000 ---p 00025000 08:05 654139                     /lib/x86_64-linux-gnu/libpng12.so.0.50.0
7fd28bf56000-7fd28bf57000 r--p 00024000 08:05 654139                     /lib/x86_64-linux-gnu/libpng12.so.0.50.0
7fd28bf57000-7fd28bf58000 rw-p 00025000 08:05 654139                     /lib/x86_64-linux-gnu/libpng12.so.0.50.0
7fd28bf58000-7fd28bff9000 r-xp 00000000 08:05 922608                     /usr/lib/x86_64-linux-gnu/libpixman-1.so.0.30.2
7fd28bff9000-7fd28c1f9000 ---p 000a1000 08:05 922608                     /usr/lib/x86_64-linux-gnu/libpixman-1.so.0.30.2
7fd28c1f9000-7fd28c200000 r--p 000a1000 08:05 922608                     /usr/lib/x86_64-linux-gnu/libpixman-1.so.0.30.2
7fd28c200000-7fd28c201000 rw-p 000a8000 08:05 922608                     /usr/lib/x86_64-linux-gnu/libpixman-1.so.0.30.2
7fd28c201000-7fd28c21e000 r-xp 00000000 08:05 922916                     /usr/lib/x86_64-linux-gnu/libxcb.so.1.1.0
7fd28c21e000-7fd28c41e000 ---p 0001d000 08:05 922916                     /usr/lib/x86_64-linux-gnu/libxcb.so.1.1.0
7fd28c41e000-7fd28c41f000 r--p 0001d000 08:05 922916                     /usr/lib/x86_64-linux-gnu/libxcb.so.1.1.0
7fd28c41f000-7fd28c420000 rw-p 0001e000 08:05 922916                     /usr/lib/x86_64-linux-gnu/libxcb.so.1.1.0
7fd28c420000-7fd28c4bd000 r-xp 00000000 08:05 921217                     /usr/lib/x86_64-linux-gnu/libfreetype.so.6.11.1
7fd28c4bd000-7fd28c6bc000 ---p 0009d000 08:05 921217                     /usr/lib/x86_64-linux-gnu/libfreetype.so.6.11.1
7fd28c6bc000-7fd28c6c2000 r--p 0009c000 08:05 921217                     /usr/lib/x86_64-linux-gnu/libfreetype.so.6.11.1
7fd28c6c2000-7fd28c6c3000 rw-p 000a2000 08:05 921217                     /usr/lib/x86_64-linux-gnu/libfreetype.so.6.11.1
7fd28c6c3000-7fd28c6c5000 r-xp 00000000 08:05 921859                     /usr/lib/x86_64-linux-gnu/libXdamage.so.1.1.0
7fd28c6c5000-7fd28c8c4000 ---p 00002000 08:05 921859                     /usr/lib/x86_64-linux-gnu/libXdamage.so.1.1.0
7fd28c8c4000-7fd28c8c5000 r--p 00001000 08:05 921859                     /usr/lib/x86_64-linux-gnu/libXdamage.so.1.1.0
7fd28c8c5000-7fd28c8c6000 rw-p 00002000 08:05 921859                     /usr/lib/x86_64-linux-gnu/libXdamage.so.1.1.0
7fd28c8c6000-7fd28c8c8000 r-xp 00000000 08:05 921855                     /usr/lib/x86_64-linux-gnu/libXcomposite.so.1.0.0
7fd28c8c8000-7fd28cac7000 ---p 00002000 08:05 921855                     /usr/lib/x86_64-linux-gnu/libXcomposite.so.1.0.0
7fd28cac7000-7fd28cac8000 r--p 00001000 08:05 921855                     /usr/lib/x86_64-linux-gnu/libXcomposite.so.1.0.0
7fd28cac8000-7fd28cac9000 rw-p 00002000 08:05 921855                     /usr/lib/x86_64-linux-gnu/libXcomposite.so.1.0.0
7fd28cac9000-7fd28cad2000 r-xp 00000000 08:05 921857                     /usr/lib/x86_64-linux-gnu/libXcursor.so.1.0.2
7fd28cad2000-7fd28ccd1000 ---p 00009000 08:05 921857                     /usr/lib/x86_64-linux-gnu/libXcursor.so.1.0.2
7fd28ccd1000-7fd28ccd2000 r--p 00008000 08:05 921857                     /usr/lib/x86_64-linux-gnu/libXcursor.so.1.0.2
7fd28ccd2000-7fd28ccd3000 rw-p 00009000 08:05 921857                     /usr/lib/x86_64-linux-gnu/libXcursor.so.1.0.2
7fd28ccd3000-7fd28ccdc000 r-xp 00000000 08:05 921883                     /usr/lib/x86_64-linux-gnu/libXrandr.so.2.2.0
7fd28ccdc000-7fd28cedb000 ---p 00009000 08:05 921883                     /usr/lib/x86_64-linux-gnu/libXrandr.so.2.2.0
7fd28cedb000-7fd28cedc000 r--p 00008000 08:05 921883                     /usr/lib/x86_64-linux-gnu/libXrandr.so.2.2.0
7fd28cedc000-7fd28cedd000 rw-p 00009000 08:05 921883                     /usr/lib/x86_64-linux-gnu/libXrandr.so.2.2.0
7fd28cedd000-7fd28ceec000 r-xp 00000000 08:05 921871                     /usr/lib/x86_64-linux-gnu/libXi.so.6.1.0
7fd28ceec000-7fd28d0eb000 ---p 0000f000 08:05 921871                     /usr/lib/x86_64-linux-gnu/libXi.so.6.1.0
7fd28d0eb000-7fd28d0ec000 r--p 0000e000 08:05 921871                     /usr/lib/x86_64-linux-gnu/libXi.so.6.1.0
7fd28d0ec000-7fd28d0ed000 rw-p 0000f000 08:05 921871                     /usr/lib/x86_64-linux-gnu/libXi.so.6.1.0
7fd28d0ed000-7fd28d0ef000 r-xp 00000000 08:05 921873                     /usr/lib/x86_64-linux-gnu/libXinerama.so.1.0.0
7fd28d0ef000-7fd28d2ee000 ---p 00002000 08:05 921873                     /usr/lib/x86_64-linux-gnu/libXinerama.so.1.0.0
7fd28d2ee000-7fd28d2ef000 r--p 00001000 08:05 921873                     /usr/lib/x86_64-linux-gnu/libXinerama.so.1.0.0
7fd28d2ef000-7fd28d2f0000 rw-p 00002000 08:05 921873                     /usr/lib/x86_64-linux-gnu/libXinerama.so.1.0.0
7fd28d2f0000-7fd28d2f9000 r-xp 00000000 08:05 921885                     /usr/lib/x86_64-linux-gnu/libXrender.so.1.3.0
7fd28d2f9000-7fd28d4f8000 ---p 00009000 08:05 921885                     /usr/lib/x86_64-linux-gnu/libXrender.so.1.3.0
7fd28d4f8000-7fd28d4f9000 r--p 00008000 08:05 921885                     /usr/lib/x86_64-linux-gnu/libXrender.so.1.3.0
7fd28d4f9000-7fd28d4fa000 rw-p 00009000 08:05 921885                     /usr/lib/x86_64-linux-gnu/libXrender.so.1.3.0
7fd28d4fa000-7fd28d50b000 r-xp 00000000 08:05 921863                     /usr/lib/x86_64-linux-gnu/libXext.so.6.4.0
7fd28d50b000-7fd28d70a000 ---p 00011000 08:05 921863                     /usr/lib/x86_64-linux-gnu/libXext.so.6.4.0
7fd28d70a000-7fd28d70b000 r--p 00010000 08:05 921863                     /usr/lib/x86_64-linux-gnu/libXext.so.6.4.0
7fd28d70b000-7fd28d70c000 rw-p 00011000 08:05 921863                     /usr/lib/x86_64-linux-gnu/libXext.so.6.4.0
7fd28d70c000-7fd28d812000 r-xp 00000000 08:05 657729                     /lib/x86_64-linux-gnu/libglib-2.0.so.0.4002.0
7fd28d812000-7fd28da11000 ---p 00106000 08:05 657729                     /lib/x86_64-linux-gnu/libglib-2.0.so.0.4002.0
7fd28da11000-7fd28da12000 r--p 00105000 08:05 657729                     /lib/x86_64-linux-gnu/libglib-2.0.so.0.4002.0
7fd28da12000-7fd28da13000 rw-p 00106000 08:05 657729                     /lib/x86_64-linux-gnu/libglib-2.0.so.0.4002.0
7fd28da13000-7fd28da14000 rw-p 00000000 00:00 0 
7fd28da14000-7fd28da63000 r-xp 00000000 08:05 922261                     /usr/lib/x86_64-linux-gnu/libgobject-2.0.so.0.4002.0
7fd28da63000-7fd28dc63000 ---p 0004f000 08:05 922261                     /usr/lib/x86_64-linux-gnu/libgobject-2.0.so.0.4002.0
7fd28dc63000-7fd28dc64000 r--p 0004f000 08:05 922261                     /usr/lib/x86_64-linux-gnu/libgobject-2.0.so.0.4002.0
7fd28dc64000-7fd28dc65000 rw-p 00050000 08:05 922261                     /usr/lib/x86_64-linux-gnu/libgobject-2.0.so.0.4002.0
7fd28dc65000-7fd28dc9f000 r-xp 00000000 08:05 922146                     /usr/lib/x86_64-linux-gnu/libfontconfig.so.1.8.0
7fd28dc9f000-7fd28de9e000 ---p 0003a000 08:05 922146                     /usr/lib/x86_64-linux-gnu/libfontconfig.so.1.8.0
7fd28de9e000-7fd28dea0000 r--p 00039000 08:05 922146                     /usr/lib/x86_64-linux-gnu/libfontconfig.so.1.8.0
7fd28dea0000-7fd28dea1000 rw-p 0003b000 08:05 922146                     /usr/lib/x86_64-linux-gnu/libfontconfig.so.1.8.0
7fd28dea1000-7fd28deeb000 r-xp 00000000 08:05 922585                     /usr/lib/x86_64-linux-gnu/libpango-1.0.so.0.3600.3
7fd28deeb000-7fd28e0eb000 ---p 0004a000 08:05 922585                     /usr/lib/x86_64-linux-gnu/libpango-1.0.so.0.3600.3
7fd28e0eb000-7fd28e0ed000 r--p 0004a000 08:05 922585                     /usr/lib/x86_64-linux-gnu/libpango-1.0.so.0.3600.3
7fd28e0ed000-7fd28e0ee000 rw-p 0004c000 08:05 922585                     /usr/lib/x86_64-linux-gnu/libpango-1.0.so.0.3600.3
7fd28e0ee000-7fd28e102000 r-xp 00000000 08:05 922589                     /usr/lib/x86_64-linux-gnu/libpangoft2-1.0.so.0.3600.3
7fd28e102000-7fd28e301000 ---p 00014000 08:05 922589                     /usr/lib/x86_64-linux-gnu/libpangoft2-1.0.so.0.3600.3
7fd28e301000-7fd28e302000 r--p 00013000 08:05 922589                     /usr/lib/x86_64-linux-gnu/libpangoft2-1.0.so.0.3600.3
7fd28e302000-7fd28e303000 rw-p 00014000 08:05 922589                     /usr/lib/x86_64-linux-gnu/libpangoft2-1.0.so.0.3600.3
7fd28e303000-7fd28e46f000 r-xp 00000000 08:05 922233                     /usr/lib/x86_64-linux-gnu/libgio-2.0.so.0.4002.0
7fd28e46f000-7fd28e66e000 ---p 0016c000 08:05 922233                     /usr/lib/x86_64-linux-gnu/libgio-2.0.so.0.4002.0
7fd28e66e000-7fd28e672000 r--p 0016b000 08:05 922233                     /usr/lib/x86_64-linux-gnu/libgio-2.0.so.0.4002.0
7fd28e672000-7fd28e674000 rw-p 0016f000 08:05 922233                     /usr/lib/x86_64-linux-gnu/libgio-2.0.so.0.4002.0
7fd28e674000-7fd28e676000 rw-p 00000000 00:00 0 
7fd28e676000-7fd28e696000 r-xp 00000000 08:05 921307                     /usr/lib/x86_64-linux-gnu/libgdk_pixbuf-2.0.so.0.3000.7
7fd28e696000-7fd28e895000 ---p 00020000 08:05 921307                     /usr/lib/x86_64-linux-gnu/libgdk_pixbuf-2.0.so.0.3000.7
7fd28e895000-7fd28e896000 r--p 0001f000 08:05 921307                     /usr/lib/x86_64-linux-gnu/libgdk_pixbuf-2.0.so.0.3000.7
7fd28e896000-7fd28e897000 rw-p 00020000 08:05 921307                     /usr/lib/x86_64-linux-gnu/libgdk_pixbuf-2.0.so.0.3000.7
7fd28e897000-7fd28e99d000 r-xp 00000000 08:05 921981                     /usr/lib/x86_64-linux-gnu/libcairo.so.2.11301.0
7fd28e99d000-7fd28eb9c000 ---p 00106000 08:05 921981                     /usr/lib/x86_64-linux-gnu/libcairo.so.2.11301.0
7fd28eb9c000-7fd28eb9f000 r--p 00105000 08:05 921981                     /usr/lib/x86_64-linux-gnu/libcairo.so.2.11301.0
7fd28eb9f000-7fd28eba0000 rw-p 00108000 08:05 921981                     /usr/lib/x86_64-linux-gnu/libcairo.so.2.11301.0
7fd28eba0000-7fd28eba2000 rw-p 00000000 00:00 0 
7fd28eba2000-7fd28ebc1000 r-xp 00000000 08:05 921942                     /usr/lib/x86_64-linux-gnu/libatk-1.0.so.0.21009.1
7fd28ebc1000-7fd28edc1000 ---p 0001f000 08:05 921942                     /usr/lib/x86_64-linux-gnu/libatk-1.0.so.0.21009.1
7fd28edc1000-7fd28edc3000 r--p 0001f000 08:05 921942                     /usr/lib/x86_64-linux-gnu/libatk-1.0.so.0.21009.1
7fd28edc3000-7fd28edc4000 rw-p 00021000 08:05 921942                     /usr/lib/x86_64-linux-gnu/libatk-1.0.so.0.21009.1
7fd28edc4000-7fd28edc9000 r-xp 00000000 08:05 921865                     /usr/lib/x86_64-linux-gnu/libXfixes.so.3.1.0
7fd28edc9000-7fd28efc8000 ---p 00005000 08:05 921865                     /usr/lib/x86_64-linux-gnu/libXfixes.so.3.1.0
7fd28efc8000-7fd28efc9000 r--p 00004000 08:05 921865                     /usr/lib/x86_64-linux-gnu/libXfixes.so.3.1.0
7fd28efc9000-7fd28efca000 rw-p 00005000 08:05 921865                     /usr/lib/x86_64-linux-gnu/libXfixes.so.3.1.0
7fd28efca000-7fd28f0fa000 r-xp 00000000 08:05 921846                     /usr/lib/x86_64-linux-gnu/libX11.so.6.3.0
7fd28f0fa000-7fd28f2fa000 ---p 00130000 08:05 921846                     /usr/lib/x86_64-linux-gnu/libX11.so.6.3.0
7fd28f2fa000-7fd28f2fb000 r--p 00130000 08:05 921846                     /usr/lib/x86_64-linux-gnu/libX11.so.6.3.0
7fd28f2fb000-7fd28f2ff000 rw-p 00131000 08:05 921846                     /usr/lib/x86_64-linux-gnu/libX11.so.6.3.0
7fd28f2ff000-7fd28f30a000 r-xp 00000000 08:05 922587                     /usr/lib/x86_64-linux-gnu/libpangocairo-1.0.so.0.3600.3
7fd28f30a000-7fd28f50a000 ---p 0000b000 08:05 922587                     /usr/lib/x86_64-linux-gnu/libpangocairo-1.0.so.0.3600.3
7fd28f50a000-7fd28f50b000 r--p 0000b000 08:05 922587                     /usr/lib/x86_64-linux-gnu/libpangocairo-1.0.so.0.3600.3
7fd28f50b000-7fd28f50c000 rw-p 0000c000 08:05 922587                     /usr/lib/x86_64-linux-gnu/libpangocairo-1.0.so.0.3600.3
7fd28f50c000-7fd28f50f000 r-xp 00000000 08:05 922245                     /usr/lib/x86_64-linux-gnu/libgmodule-2.0.so.0.4002.0
7fd28f50f000-7fd28f70e000 ---p 00003000 08:05 922245                     /usr/lib/x86_64-linux-gnu/libgmodule-2.0.so.0.4002.0
7fd28f70e000-7fd28f70f000 r--p 00002000 08:05 922245                     /usr/lib/x86_64-linux-gnu/libgmodule-2.0.so.0.4002.0
7fd28f70f000-7fd28f710000 rw-p 00003000 08:05 922245                     /usr/lib/x86_64-linux-gnu/libgmodule-2.0.so.0.4002.0
7fd28f710000-7fd28f7be000 r-xp 00000000 08:05 921225                     /usr/lib/x86_64-linux-gnu/libgdk-x11-2.0.so.0.2400.23
7fd28f7be000-7fd28f9bd000 ---p 000ae000 08:05 921225                     /usr/lib/x86_64-linux-gnu/libgdk-x11-2.0.so.0.2400.23
7fd28f9bd000-7fd28f9c1000 r--p 000ad000 08:05 921225                     /usr/lib/x86_64-linux-gnu/libgdk-x11-2.0.so.0.2400.23
7fd28f9c1000-7fd28f9c3000 rw-p 000b1000 08:05 921225                     /usr/lib/x86_64-linux-gnu/libgdk-x11-2.0.so.0.2400.23
7fd28f9c3000-7fd28fdf3000 r-xp 00000000 08:05 921226                     /usr/lib/x86_64-linux-gnu/libgtk-x11-2.0.so.0.2400.23
7fd28fdf3000-7fd28fff2000 ---p 00430000 08:05 921226                     /usr/lib/x86_64-linux-gnu/libgtk-x11-2.0.so.0.2400.23
7fd28fff2000-7fd28fff9000 r--p 0042f000 08:05 921226                     /usr/lib/x86_64-linux-gnu/libgtk-x11-2.0.so.0.2400.23
7fd28fff9000-7fd28fffd000 rw-p 00436000 08:05 921226                     /usr/lib/x86_64-linux-gnu/libgtk-x11-2.0.so.0.2400.23
7fd28fffd000-7fd290000000 rw-p 00000000 00:00 0 
7fd290000000-7fd290021000 rw-p 00000000 00:00 0 
7fd290021000-7fd294000000 ---p 00000000 00:00 0 
7fd294000000-7fd294021000 rw-p 00000000 00:00 0 
7fd294021000-7fd298000000 ---p 00000000 00:00 0 
7fd298000000-7fd299476000 rw-p 00000000 00:00 0 
7fd299476000-7fd29c000000 ---p 00000000 00:00 0 
7fd29c000000-7fd29c713000 rw-p 00000000 00:00 0 
7fd29c713000-7fd2a0000000 ---p 00000000 00:00 0 
7fd2a0000000-7fd2a0021000 rw-p 00000000 00:00 0 
7fd2a0021000-7fd2a4000000 ---p 00000000 00:00 0 
7fd2a4000000-7fd2a4a9d000 rw-p 00000000 00:00 0 
7fd2a4a9d000-7fd2a8000000 ---p 00000000 00:00 0 
7fd2a8000000-7fd2a8021000 rw-p 00000000 00:00 0 
7fd2a8021000-7fd2ac000000 ---p 00000000 00:00 0 
7fd2ac000000-7fd2ac021000 rw-p 00000000 00:00 0 
7fd2ac021000-7fd2b0000000 ---p 00000000 00:00 0 
7fd2b0000000-7fd2b0021000 rw-p 00000000 00:00 0 
7fd2b0021000-7fd2b4000000 ---p 00000000 00:00 0 
7fd2b4000000-7fd2b428a000 rw-p 00000000 00:00 0 
7fd2b428a000-7fd2b8000000 ---p 00000000 00:00 0 
7fd2b8000000-7fd2b8021000 rw-p 00000000 00:00 0 
7fd2b8021000-7fd2bc000000 ---p 00000000 00:00 0 
7fd2bc000000-7fd2bc021000 rw-p 00000000 00:00 0 
7fd2bc021000-7fd2c0000000 ---p 00000000 00:00 0 
7fd2c0000000-7fd2c0021000 rw-p 00000000 00:00 0 
7fd2c0021000-7fd2c4000000 ---p 00000000 00:00 0 
7fd2c4000000-7fd2c4006000 r--s 00000000 08:05 289547                     /var/cache/fontconfig/b47c4e1ecd0709278f4910c18777a504-le64.cache-4
7fd2c4006000-7fd2c4007000 r--s 00000000 08:05 289525                     /var/cache/fontconfig/0c9eb80ebd1c36541ebe2852d3bb0c49-le64.cache-4
7fd2c4007000-7fd2c4020000 r--p 00000000 08:05 168294                     /usr/share/locale-langpack/es/LC_MESSAGES/glib20.mo
7fd2c4020000-7fd2c4046000 r--p 00000000 08:05 168395                     /usr/share/locale-langpack/es/LC_MESSAGES/libc.mo
7fd2c4046000-7fd2c404b000 r-xp 00000000 08:05 921891                     /usr/lib/x86_64-linux-gnu/libXtst.so.6.1.0
7fd2c404b000-7fd2c424a000 ---p 00005000 08:05 921891                     /usr/lib/x86_64-linux-gnu/libXtst.so.6.1.0
7fd2c424a000-7fd2c424b000 r--p 00004000 08:05 921891                     /usr/lib/x86_64-linux-gnu/libXtst.so.6.1.0
7fd2c424b000-7fd2c424c000 rw-p 00005000 08:05 921891                     /usr/lib/x86_64-linux-gnu/libXtst.so.6.1.0
7fd2c424c000-7fd2c424d000 r-xp 00000000 08:05 922368                     /usr/lib/x86_64-linux-gnu/libgthread-2.0.so.0.4002.0
7fd2c424d000-7fd2c444c000 ---p 00001000 08:05 922368                     /usr/lib/x86_64-linux-gnu/libgthread-2.0.so.0.4002.0
7fd2c444c000-7fd2c444d000 r--p 00000000 08:05 922368                     /usr/lib/x86_64-linux-gnu/libgthread-2.0.so.0.4002.0
7fd2c444d000-7fd2c444e000 rw-p 00001000 08:05 922368                     /usr/lib/x86_64-linux-gnu/libgthread-2.0.so.0.4002.0
7fd2c444e000-7fd2c4452000 r--s 00000000 08:05 289937                     /var/cache/fontconfig/7ef2298fde41cc6eeb7af42e48b7d293-le64.cache-4
7fd2c4452000-7fd2c4457000 r--p 00000000 08:05 922173                     /home/chibi/.config/dconf/user
7fd2c4457000-7fd2c4458000 r--s 00000000 00:16 19740                      /run/user/1000/dconf/user
7fd2c4458000-7fd2c445f000 r--s 00000000 08:05 1047829                    /usr/lib/x86_64-linux-gnu/gconv/gconv-modules.cache
7fd2c445f000-7fd2c446e000 r--p 00000000 08:05 168339                     /usr/share/locale-langpack/es/LC_MESSAGES/gtk20.mo
7fd2c446e000-7fd2c44da000 r-xp 00000000 08:05 169256                     /tmp/swtlib-64/libswt-pi-gtk-3557.so
7fd2c44da000-7fd2c45d9000 ---p 0006c000 08:05 169256                     /tmp/swtlib-64/libswt-pi-gtk-3557.so
7fd2c45d9000-7fd2c45dd000 rw-p 0006b000 08:05 169256                     /tmp/swtlib-64/libswt-pi-gtk-3557.so
7fd2c45dd000-7fd2c45de000 rw-p 00000000 00:00 0 
7fd2c45de000-7fd2c461e000 r-xp 00000000 08:05 169232                     /tmp/swtlib-64/libswt-gtk-3557.so
7fd2c461e000-7fd2c471e000 ---p 00040000 08:05 169232                     /tmp/swtlib-64/libswt-gtk-3557.so
7fd2c471e000-7fd2c4722000 rw-p 00040000 08:05 169232                     /tmp/swtlib-64/libswt-gtk-3557.so
7fd2c4722000-7fd2c4723000 rw-p 00000000 00:00 0 
7fd2c4723000-7fd2c4726000 r--s 0001a000 08:05 807774                     /usr/lib/jvm/java-8-oracle/jre/lib/jce.jar
7fd2c4726000-7fd2c4926000 rw-p 00000000 00:00 0 
7fd2c4926000-7fd2c492b000 r--s 00096000 08:05 807776                     /usr/lib/jvm/java-8-oracle/jre/lib/jsse.jar
7fd2c492b000-7fd2c492f000 r--s 00038000 08:05 951484                     /home/chibi/.m2/repository/commons-lang/commons-lang/2.2/commons-lang-2.2.jar
7fd2c492f000-7fd2c4937000 r--s 00053000 08:05 951483                     /home/chibi/.m2/repository/net/sf/oval/oval/1.81/oval-1.81.jar
7fd2c4937000-7fd2c4939000 r--s 0000d000 08:05 927933                     /home/chibi/.m2/repository/commons-logging/commons-logging/1.1.1/commons-logging-1.1.1.jar
7fd2c4939000-7fd2c493e000 r--s 00034000 08:05 951481                     /home/chibi/.m2/repository/commons-beanutils/commons-beanutils/1.8.3/commons-beanutils-1.8.3.jar
7fd2c493e000-7fd2c494a000 r--s 00076000 08:05 940392                     /home/chibi/.m2/repository/net/sourceforge/collections/collections-generic/4.01/collections-generic-4.01.jar
7fd2c494a000-7fd2c4958000 r--s 0007f000 08:05 927228                     /home/chibi/.m2/repository/commons-collections/commons-collections/3.2.1/commons-collections-3.2.1.jar
7fd2c4958000-7fd2c4961000 r--s 0006d000 08:05 942749                     /home/chibi/.m2/repository/log4j/log4j/1.2.16/log4j-1.2.16.jar
7fd2c4961000-7fd2c4963000 r--s 00008000 08:05 951476                     /home/chibi/.m2/repository/org/uqbar-project/uqbar-domain/3.6.1/uqbar-domain-3.6.1.jar
7fd2c4963000-7fd2c4966000 r--s 0000f000 08:05 943495                     /home/chibi/Descargas/eclipse/plugins/org.eclipse.xtend.lib.macro_2.9.0.v201512010527.jar
7fd2c4966000-7fd2c496b000 r--s 00036000 08:05 943494                     /home/chibi/Descargas/eclipse/plugins/org.eclipse.xtend.lib_2.9.0.v201512010527.jar
7fd2c496b000-7fd2c496e000 r--s 0001f000 08:05 943805                     /home/chibi/Descargas/eclipse/plugins/org.eclipse.xtext.xbase.lib_2.9.0.v201512010527.jar
7fd2c496e000-7fd2c4997000 r--s 00200000 08:05 932915                     /home/chibi/Descargas/eclipse/plugins/com.google.guava_15.0.0.v201403281430.jar
7fd2c4997000-7fd2c49b8000 r--s 00162000 08:05 952018                     /home/chibi/.m2/repository/org/mockito/mockito-all/1.9.5/mockito-all-1.9.5.jar
7fd2c49b8000-7fd2c49bb000 r--s 0000c000 08:05 961531                     /home/chibi/.m2/repository/org/eclipse/xtend/org.eclipse.xtend.lib.macro/2.9.1/org.eclipse.xtend.lib.macro-2.9.1.jar
7fd2c49bb000-7fd2c49e4000 r--s 001ee000 08:05 942551                     /home/chibi/.m2/repository/com/google/guava/guava/14.0.1/guava-14.0.1.jar
7fd2c49e4000-7fd2c49e7000 r--s 0001b000 08:05 961529                     /home/chibi/.m2/repository/org/eclipse/xtext/org.eclipse.xtext.xbase.lib/2.9.1/org.eclipse.xtext.xbase.lib-2.9.1.jar
7fd2c49e7000-7fd2c49eb000 r--s 00022000 08:05 961525                     /home/chibi/.m2/repository/org/eclipse/xtend/org.eclipse.xtend.lib/2.9.1/org.eclipse.xtend.lib-2.9.1.jar
7fd2c49eb000-7fd2c49ed000 r--s 00002000 08:05 961523                     /home/chibi/.m2/repository/org/uqbar-project/arena-xtend/3.6.1/arena-xtend-3.6.1.jar
7fd2c49ed000-7fd2c49f7000 r--s 00095000 08:05 916803                     /home/chibi/.m2/repository/org/scala-lang/modules/scala-xml_2.11/1.0.2/scala-xml_2.11-1.0.2.jar
7fd2c49f7000-7fd2c49f8000 ---p 00000000 00:00 0 
7fd2c49f8000-7fd2c4af8000 rw-p 00000000 00:00 0                          [stack:7085]
7fd2c4af8000-7fd2c4afb000 ---p 00000000 00:00 0 
7fd2c4afb000-7fd2c4bf9000 rw-p 00000000 00:00 0                          [stack:7084]
7fd2c4bf9000-7fd2c4bfc000 ---p 00000000 00:00 0 
7fd2c4bfc000-7fd2c4cfa000 rw-p 00000000 00:00 0                          [stack:7083]
7fd2c4cfa000-7fd2c4cfd000 ---p 00000000 00:00 0 
7fd2c4cfd000-7fd2c4dfb000 rw-p 00000000 00:00 0                          [stack:7082]
7fd2c4dfb000-7fd2c4dfe000 ---p 00000000 00:00 0 
7fd2c4dfe000-7fd2c4efc000 rw-p 00000000 00:00 0                          [stack:7081]
7fd2c4efc000-7fd2c4eff000 ---p 00000000 00:00 0 
7fd2c4eff000-7fd2c4ffd000 rw-p 00000000 00:00 0                          [stack:7080]
7fd2c4ffd000-7fd2c5055000 r--s 004f2000 08:05 952183                     /home/chibi/.m2/repository/org/scala-lang/scala-library/2.11.2/scala-library-2.11.2.jar
7fd2c5055000-7fd2c5068000 r--s 00211000 08:05 933303                     /home/chibi/.m2/repository/org/eclipse/swt/gtk/org.eclipse.swt.gtk.linux.x86_64/3.5.2.v3557f/org.eclipse.swt.gtk.linux.x86_64-3.5.2.v3557f.jar
7fd2c5068000-7fd2c50ac000 r--s 0037c000 08:05 918073                     /home/chibi/.m2/repository/org/eclipse/ui/org.eclipse.ui.workbench/3.4.2.M20090127-1700/org.eclipse.ui.workbench-3.4.2.M20090127-1700.jar
7fd2c50ac000-7fd2c50ad000 r--s 00003000 08:05 918008                     /home/chibi/.m2/repository/org/eclipse/org.eclipse.swt/3.4.2.v3452b/org.eclipse.swt-3.4.2.v3452b.jar
7fd2c50ad000-7fd2c50bc000 r--s 000e5000 08:05 917936                     /home/chibi/.m2/repository/org/eclipse/org.eclipse.osgi/3.4.3.R34x_v20081215-1030/org.eclipse.osgi-3.4.3.R34x_v20081215-1030.jar
7fd2c50bc000-7fd2c50d0000 r--s 000eb000 08:05 917228                     /home/chibi/.m2/repository/org/eclipse/org.eclipse.jface/3.4.2.M20090107-0800/org.eclipse.jface-3.4.2.M20090107-0800.jar
7fd2c50d0000-7fd2c50d5000 r--s 0002b000 08:05 917172                     /home/chibi/.m2/repository/org/eclipse/jface/org.eclipse.jface.databinding/1.2.1.M20080827-0800a/org.eclipse.jface.databinding-1.2.1.M20080827-0800a.jar
7fd2c50d5000-7fd2c50d8000 r--s 00015000 08:05 917168                     /home/chibi/.m2/repository/org/eclipse/equinox/org.eclipse.equinox.common/3.4.0.v20080421-2006/org.eclipse.equinox.common-3.4.0.v20080421-2006.jar
7fd2c50d8000-7fd2c50e1000 r--s 0004c000 08:05 917136                     /home/chibi/.m2/repository/org/eclipse/core/org.eclipse.core.databinding/1.1.1.M20080827-0800b/org.eclipse.core.databinding-1.1.1.M20080827-0800b.jar
7fd2c50e1000-7fd2c50e3000 r--s 0000d000 08:05 917123                     /home/chibi/.m2/repository/org/eclipse/core/databinding/org.eclipse.core.databinding.beans/1.1.1.M20080827-0800a/org.eclipse.core.databinding.beans-1.1.1.M20080827-0800a.jar
7fd2c50e3000-7fd2c50e6000 r--s 00017000 08:05 917117                     /home/chibi/.m2/repository/org/eclipse/core/org.eclipse.core.commands/3.4.0.I20080509-2000/org.eclipse.core.commands-3.4.0.I20080509-2000.jar
7fd2c50e6000-7fd2c5134000 r--s 0087c000 08:05 940691                     /home/chibi/.m2/repository/com/ibm/icu/icu4j/50.1.1/icu4j-50.1.1.jar
7fd2c5134000-7fd2c5139000 r--s 00016000 08:05 951959                     /home/chibi/.m2/repository/xml-apis/xml-apis/1.0.b2/xml-apis-1.0.b2.jar
7fd2c5139000-7fd2c513e000 r--s 00048000 08:05 942722                     /home/chibi/.m2/repository/dom4j/dom4j/1.6.1/dom4j-1.6.1.jar
7fd2c513e000-7fd2c5141000 r--s 00017000 08:05 951950                     /home/chibi/.m2/repository/org/reflections/reflections/0.9.8/reflections-0.9.8.jar
7fd2c5141000-7fd2c514b000 r--s 000a5000 08:05 951946                     /home/chibi/.m2/repository/org/javassist/javassist/3.18.1-GA/javassist-3.18.1-GA.jar
7fd2c514b000-7fd2c582d000 r--p 00000000 08:05 789633                     /usr/lib/locale/locale-archive
7fd2c582d000-7fd2c5830000 ---p 00000000 00:00 0 
7fd2c5830000-7fd2c592e000 rw-p 00000000 00:00 0                          [stack:7079]
7fd2c592e000-7fd2c5931000 ---p 00000000 00:00 0 
7fd2c5931000-7fd2c5a2f000 rw-p 00000000 00:00 0                          [stack:7078]
7fd2c5a2f000-7fd2c5a30000 ---p 00000000 00:00 0 
7fd2c5a30000-7fd2c9000000 rw-p 00000000 00:00 0                          [stack:7077]
7fd2c9000000-7fd2c9950000 rwxp 00000000 00:00 0 
7fd2c9950000-7fd2d8000000 ---p 00000000 00:00 0 
7fd2d8000000-7fd2d8b0d000 rw-p 00000000 00:00 0 
7fd2d8b0d000-7fd2dc000000 ---p 00000000 00:00 0 
7fd2dc000000-7fd2dc004000 r--s 00028000 08:05 951944                     /home/chibi/.m2/repository/org/uqbar-project/arena-apo/3.6.1/arena-apo-3.6.1.jar
7fd2dc004000-7fd2dc007000 r--s 00014000 08:05 951941                     /home/chibi/.m2/repository/org/uqbar-project/arena-pot/3.6.1/arena-pot-3.6.1.jar
7fd2dc007000-7fd2dc00e000 r--s 0002c000 08:05 951937                     /home/chibi/.m2/repository/org/uqbar-project/arena-core/3.6.1/arena-core-3.6.1.jar
7fd2dc00e000-7fd2dc172000 rw-p 00000000 00:00 0 
7fd2dc172000-7fd2dc34b000 r--s 03d20000 08:05 807771                     /usr/lib/jvm/java-8-oracle/jre/lib/rt.jar
7fd2dc34b000-7fd2dc5a9000 rw-p 00000000 00:00 0 
7fd2dc5a9000-7fd2dc5aa000 ---p 00000000 00:00 0 
7fd2dc5aa000-7fd2dc6aa000 rw-p 00000000 00:00 0                          [stack:7076]
7fd2dc6aa000-7fd2dc6ab000 ---p 00000000 00:00 0 
7fd2dc6ab000-7fd2dc7ab000 rw-p 00000000 00:00 0                          [stack:7075]
7fd2dc7ab000-7fd2dc7ac000 ---p 00000000 00:00 0 
7fd2dc7ac000-7fd2dc8ac000 rw-p 00000000 00:00 0                          [stack:7074]
7fd2dc8ac000-7fd2dc8ad000 ---p 00000000 00:00 0 
7fd2dc8ad000-7fd2dc9c2000 rw-p 00000000 00:00 0                          [stack:7073]
7fd2dc9c2000-7fd2dcaf3000 ---p 00000000 00:00 0 
7fd2dcaf3000-7fd2dcb08000 rw-p 00000000 00:00 0 
7fd2dcb08000-7fd2dcc38000 ---p 00000000 00:00 0 
7fd2dcc38000-7fd2dcc92000 rw-p 00000000 00:00 0 
7fd2dcc92000-7fd2dccdb000 ---p 00000000 00:00 0 
7fd2dccdb000-7fd2dcd02000 rw-p 00000000 00:00 0 
7fd2dcd02000-7fd2dd09c000 ---p 00000000 00:00 0 
7fd2dd09c000-7fd2dd0b6000 r-xp 00000000 08:05 807888                     /usr/lib/jvm/java-8-oracle/jre/lib/amd64/libzip.so
7fd2dd0b6000-7fd2dd2b6000 ---p 0001a000 08:05 807888                     /usr/lib/jvm/java-8-oracle/jre/lib/amd64/libzip.so
7fd2dd2b6000-7fd2dd2b7000 rw-p 0001a000 08:05 807888                     /usr/lib/jvm/java-8-oracle/jre/lib/amd64/libzip.so
7fd2dd2b7000-7fd2dd2c2000 r-xp 00000000 08:05 657773                     /lib/x86_64-linux-gnu/libnss_files-2.19.so
7fd2dd2c2000-7fd2dd4c1000 ---p 0000b000 08:05 657773                     /lib/x86_64-linux-gnu/libnss_files-2.19.so
7fd2dd4c1000-7fd2dd4c2000 r--p 0000a000 08:05 657773                     /lib/x86_64-linux-gnu/libnss_files-2.19.so
7fd2dd4c2000-7fd2dd4c3000 rw-p 0000b000 08:05 657773                     /lib/x86_64-linux-gnu/libnss_files-2.19.so
7fd2dd4c3000-7fd2dd4ce000 r-xp 00000000 08:05 657783                     /lib/x86_64-linux-gnu/libnss_nis-2.19.so
7fd2dd4ce000-7fd2dd6cd000 ---p 0000b000 08:05 657783                     /lib/x86_64-linux-gnu/libnss_nis-2.19.so
7fd2dd6cd000-7fd2dd6ce000 r--p 0000a000 08:05 657783                     /lib/x86_64-linux-gnu/libnss_nis-2.19.so
7fd2dd6ce000-7fd2dd6cf000 rw-p 0000b000 08:05 657783                     /lib/x86_64-linux-gnu/libnss_nis-2.19.so
7fd2dd6cf000-7fd2dd6e6000 r-xp 00000000 08:05 657767                     /lib/x86_64-linux-gnu/libnsl-2.19.so
7fd2dd6e6000-7fd2dd8e5000 ---p 00017000 08:05 657767                     /lib/x86_64-linux-gnu/libnsl-2.19.so
7fd2dd8e5000-7fd2dd8e6000 r--p 00016000 08:05 657767                     /lib/x86_64-linux-gnu/libnsl-2.19.so
7fd2dd8e6000-7fd2dd8e7000 rw-p 00017000 08:05 657767                     /lib/x86_64-linux-gnu/libnsl-2.19.so
7fd2dd8e7000-7fd2dd8e9000 rw-p 00000000 00:00 0 
7fd2dd8e9000-7fd2dd8f2000 r-xp 00000000 08:05 657769                     /lib/x86_64-linux-gnu/libnss_compat-2.19.so
7fd2dd8f2000-7fd2ddaf1000 ---p 00009000 08:05 657769                     /lib/x86_64-linux-gnu/libnss_compat-2.19.so
7fd2ddaf1000-7fd2ddaf2000 r--p 00008000 08:05 657769                     /lib/x86_64-linux-gnu/libnss_compat-2.19.so
7fd2ddaf2000-7fd2ddaf3000 rw-p 00009000 08:05 657769                     /lib/x86_64-linux-gnu/libnss_compat-2.19.so
7fd2ddaf3000-7fd2ddb1d000 r-xp 00000000 08:05 807882                     /usr/lib/jvm/java-8-oracle/jre/lib/amd64/libjava.so
7fd2ddb1d000-7fd2ddd1d000 ---p 0002a000 08:05 807882                     /usr/lib/jvm/java-8-oracle/jre/lib/amd64/libjava.so
7fd2ddd1d000-7fd2ddd1f000 rw-p 0002a000 08:05 807882                     /usr/lib/jvm/java-8-oracle/jre/lib/amd64/libjava.so
7fd2ddd1f000-7fd2ddd2c000 r-xp 00000000 08:05 807881                     /usr/lib/jvm/java-8-oracle/jre/lib/amd64/libverify.so
7fd2ddd2c000-7fd2ddf2c000 ---p 0000d000 08:05 807881                     /usr/lib/jvm/java-8-oracle/jre/lib/amd64/libverify.so
7fd2ddf2c000-7fd2ddf2e000 rw-p 0000d000 08:05 807881                     /usr/lib/jvm/java-8-oracle/jre/lib/amd64/libverify.so
7fd2ddf2e000-7fd2ddf35000 r-xp 00000000 08:05 657826                     /lib/x86_64-linux-gnu/librt-2.19.so
7fd2ddf35000-7fd2de134000 ---p 00007000 08:05 657826                     /lib/x86_64-linux-gnu/librt-2.19.so
7fd2de134000-7fd2de135000 r--p 00006000 08:05 657826                     /lib/x86_64-linux-gnu/librt-2.19.so
7fd2de135000-7fd2de136000 rw-p 00007000 08:05 657826                     /lib/x86_64-linux-gnu/librt-2.19.so
7fd2de136000-7fd2de23b000 r-xp 00000000 08:05 657748                     /lib/x86_64-linux-gnu/libm-2.19.so
7fd2de23b000-7fd2de43a000 ---p 00105000 08:05 657748                     /lib/x86_64-linux-gnu/libm-2.19.so
7fd2de43a000-7fd2de43b000 r--p 00104000 08:05 657748                     /lib/x86_64-linux-gnu/libm-2.19.so
7fd2de43b000-7fd2de43c000 rw-p 00105000 08:05 657748                     /lib/x86_64-linux-gnu/libm-2.19.so
7fd2de43c000-7fd2df0fa000 r-xp 00000000 08:05 807898                     /usr/lib/jvm/java-8-oracle/jre/lib/amd64/server/libjvm.so
7fd2df0fa000-7fd2df2f9000 ---p 00cbe000 08:05 807898                     /usr/lib/jvm/java-8-oracle/jre/lib/amd64/server/libjvm.so
7fd2df2f9000-7fd2df3d2000 rw-p 00cbd000 08:05 807898                     /usr/lib/jvm/java-8-oracle/jre/lib/amd64/server/libjvm.so
7fd2df3d2000-7fd2df416000 rw-p 00000000 00:00 0 
7fd2df416000-7fd2df5d1000 r-xp 00000000 08:05 657698                     /lib/x86_64-linux-gnu/libc-2.19.so
7fd2df5d1000-7fd2df7d0000 ---p 001bb000 08:05 657698                     /lib/x86_64-linux-gnu/libc-2.19.so
7fd2df7d0000-7fd2df7d4000 r--p 001ba000 08:05 657698                     /lib/x86_64-linux-gnu/libc-2.19.so
7fd2df7d4000-7fd2df7d6000 rw-p 001be000 08:05 657698                     /lib/x86_64-linux-gnu/libc-2.19.so
7fd2df7d6000-7fd2df7db000 rw-p 00000000 00:00 0 
7fd2df7db000-7fd2df7de000 r-xp 00000000 08:05 657715                     /lib/x86_64-linux-gnu/libdl-2.19.so
7fd2df7de000-7fd2df9dd000 ---p 00003000 08:05 657715                     /lib/x86_64-linux-gnu/libdl-2.19.so
7fd2df9dd000-7fd2df9de000 r--p 00002000 08:05 657715                     /lib/x86_64-linux-gnu/libdl-2.19.so
7fd2df9de000-7fd2df9df000 rw-p 00003000 08:05 657715                     /lib/x86_64-linux-gnu/libdl-2.19.so
7fd2df9df000-7fd2df9f4000 r-xp 00000000 08:05 809124                     /usr/lib/jvm/java-8-oracle/lib/amd64/jli/libjli.so
7fd2df9f4000-7fd2dfbf4000 ---p 00015000 08:05 809124                     /usr/lib/jvm/java-8-oracle/lib/amd64/jli/libjli.so
7fd2dfbf4000-7fd2dfbf5000 rw-p 00015000 08:05 809124                     /usr/lib/jvm/java-8-oracle/lib/amd64/jli/libjli.so
7fd2dfbf5000-7fd2dfc0e000 r-xp 00000000 08:05 657818                     /lib/x86_64-linux-gnu/libpthread-2.19.so
7fd2dfc0e000-7fd2dfe0d000 ---p 00019000 08:05 657818                     /lib/x86_64-linux-gnu/libpthread-2.19.so
7fd2dfe0d000-7fd2dfe0e000 r--p 00018000 08:05 657818                     /lib/x86_64-linux-gnu/libpthread-2.19.so
7fd2dfe0e000-7fd2dfe0f000 rw-p 00019000 08:05 657818                     /lib/x86_64-linux-gnu/libpthread-2.19.so
7fd2dfe0f000-7fd2dfe13000 rw-p 00000000 00:00 0 
7fd2dfe13000-7fd2dfe36000 r-xp 00000000 08:05 657674                     /lib/x86_64-linux-gnu/ld-2.19.so
7fd2dfe36000-7fd2dfe3c000 r--s 00035000 08:05 951933                     /home/chibi/.m2/repository/org/uqbar-project/arena-jface/3.6.1/arena-jface-3.6.1.jar
7fd2dfe3c000-7fd2dff0e000 rw-p 00000000 00:00 0 
7fd2dff0e000-7fd2dff11000 ---p 00000000 00:00 0 
7fd2dff11000-7fd2e0013000 rw-p 00000000 00:00 0                          [stack:7072]
7fd2e0013000-7fd2e0015000 r--s 00008000 08:05 933654                     /home/chibi/.m2/repository/org/uqbar-project/arena-poo/3.6.1/arena-poo-3.6.1.jar
7fd2e0015000-7fd2e0029000 rw-p 00000000 00:00 0 
7fd2e0029000-7fd2e0031000 rw-s 00000000 08:05 169438                     /tmp/hsperfdata_chibi/7066
7fd2e0031000-7fd2e0032000 rw-p 00000000 00:00 0 
7fd2e0032000-7fd2e0033000 ---p 00000000 00:00 0 
7fd2e0033000-7fd2e0035000 rw-p 00000000 00:00 0 
7fd2e0035000-7fd2e0036000 r--p 00022000 08:05 657674                     /lib/x86_64-linux-gnu/ld-2.19.so
7fd2e0036000-7fd2e0037000 rw-p 00023000 08:05 657674                     /lib/x86_64-linux-gnu/ld-2.19.so
7fd2e0037000-7fd2e0038000 rw-p 00000000 00:00 0 
7ffce8f6c000-7ffce8f8e000 rw-p 00000000 00:00 0                          [stack]
7ffce8ffb000-7ffce8ffd000 r--p 00000000 00:00 0                          [vvar]
7ffce8ffd000-7ffce8fff000 r-xp 00000000 00:00 0                          [vdso]
ffffffffff600000-ffffffffff601000 r-xp 00000000 00:00 0                  [vsyscall]

VM Arguments:
jvm_args: -Djava.system.class.loader=org.uqbar.apo.APOClassLoader -Dfile.encoding=UTF-8 
java_command: runnable.AplicacionLaberinto
java_class_path (initial): /home/chibi/Escritorio/UIS-Laberinto/UIS-Arena/target/classes:/home/chibi/.m2/repository/org/uqbar-project/arena-jface/3.6.1/arena-jface-3.6.1.jar:/home/chibi/.m2/repository/org/uqbar-project/arena-core/3.6.1/arena-core-3.6.1.jar:/home/chibi/.m2/repository/org/uqbar-project/arena-pot/3.6.1/arena-pot-3.6.1.jar:/home/chibi/.m2/repository/org/uqbar-project/arena-apo/3.6.1/arena-apo-3.6.1.jar:/home/chibi/.m2/repository/org/javassist/javassist/3.18.1-GA/javassist-3.18.1-GA.jar:/home/chibi/.m2/repository/org/reflections/reflections/0.9.8/reflections-0.9.8.jar:/home/chibi/.m2/repository/dom4j/dom4j/1.6.1/dom4j-1.6.1.jar:/home/chibi/.m2/repository/xml-apis/xml-apis/1.0.b2/xml-apis-1.0.b2.jar:/home/chibi/.m2/repository/org/uqbar-project/arena-poo/3.6.1/arena-poo-3.6.1.jar:/home/chibi/.m2/repository/com/ibm/icu/icu4j/50.1.1/icu4j-50.1.1.jar:/home/chibi/.m2/repository/org/eclipse/core/org.eclipse.core.commands/3.4.0.I20080509-2000/org.eclipse.core.commands-3.4.0.I20080509-2000.jar:/home/chibi/.m2/repository/org/eclipse/core/databinding/org.eclipse.core.databinding.beans/1.1.1.M20080827-0800a/org.eclipse.core.databinding.beans-1.1.1.M20080827-0800a.jar:/home/chibi/.m2/repository/org/eclipse/core/org.eclipse.core.databinding/1.1.1.M20080827-0800b/org.eclipse.core.databinding-1.1.1.M20080827-0800b.jar:/home/chibi/.m2/repository/org/eclipse/equinox/org.eclipse.equinox.common/3.4.0.v20080421-2006/org.eclipse.equinox.common-3.4.0.v20080421-2006.jar:/home/chibi/.m2/repository/org/eclipse/jface/org.eclipse.jface.databinding/1.2.1.M20080827-0800a/org.eclipse.jface.databinding-1.2.1.M20080827-0800a.jar:/home/chibi/.m2/repository/org/eclipse/org.eclipse.jface/3.4.2.M20090107-0800/org.eclipse.jface-3.4.2.M20090107-0800.jar:/home/chibi/.m2/repository/org/eclipse/org.eclipse.osgi/3.4.3.R34x_v20081215-1030/org.eclipse.osgi-3.4.3.R34x_v20081215-1030.jar:/home/chibi/.m2/repository/org/eclipse/org.eclipse.swt/3.4.2.v3452b/org.eclipse.swt-3.4.2.v3452b.jar:/home/chibi
Launcher Type: SUN_STANDARD

Environment Variables:
PATH=/usr/local/sbin:/usr/local/bin:/usr/sbin:/usr/bin:/sbin:/bin:/usr/games:/usr/local/games
SHELL=/bin/bash
DISPLAY=:0.0

Signal Handlers:
SIGSEGV: [libjvm.so+0xaba2a0], sa_mask[0]=11111111011111111101111111111110, sa_flags=SA_RESTART|SA_SIGINFO
SIGBUS: [libjvm.so+0xaba2a0], sa_mask[0]=11111111011111111101111111111110, sa_flags=SA_RESTART|SA_SIGINFO
SIGFPE: [libjvm.so+0x917710], sa_mask[0]=11111111011111111101111111111110, sa_flags=SA_RESTART|SA_SIGINFO
SIGPIPE: SIG_IGN, sa_mask[0]=00000000000010000000000000000000, sa_flags=SA_RESTART
SIGXFSZ: [libjvm.so+0x917710], sa_mask[0]=11111111011111111101111111111110, sa_flags=SA_RESTART|SA_SIGINFO
SIGILL: [libjvm.so+0x917710], sa_mask[0]=11111111011111111101111111111110, sa_flags=SA_RESTART|SA_SIGINFO
SIGUSR1: SIG_DFL, sa_mask[0]=00000000000000000000000000000000, sa_flags=none
SIGUSR2: [libjvm.so+0x918d40], sa_mask[0]=00100000000000000000000000000000, sa_flags=SA_RESTART|SA_SIGINFO
SIGHUP: [libjvm.so+0x91a140], sa_mask[0]=11111111011111111101111111111110, sa_flags=SA_RESTART|SA_SIGINFO
SIGINT: [libjvm.so+0x91a140], sa_mask[0]=11111111011111111101111111111110, sa_flags=SA_RESTART|SA_SIGINFO
SIGTERM: [libjvm.so+0x91a140], sa_mask[0]=11111111011111111101111111111110, sa_flags=SA_RESTART|SA_SIGINFO
SIGQUIT: [libjvm.so+0x91a140], sa_mask[0]=11111111011111111101111111111110, sa_flags=SA_RESTART|SA_SIGINFO


---------------  S Y S T E M  ---------------

OS:DISTRIB_ID=Ubuntu
DISTRIB_RELEASE=14.04
DISTRIB_CODENAME=trusty
DISTRIB_DESCRIPTION="Ubuntu 14.04.3 LTS"

uname:Linux 3.19.0-30-generic #34~14.04.1-Ubuntu SMP Fri Oct 2 22:09:39 UTC 2015 x86_64
libc:glibc 2.19 NPTL 2.19 
rlimit: STACK 8192k, CORE 0k, NPROC 15514, NOFILE 4096, AS infinity
load average:0,86 0,59 0,44

/proc/meminfo:
MemTotal:        3993212 kB
MemFree:          142240 kB
MemAvailable:      87528 kB
Buffers:             648 kB
Cached:           294472 kB
SwapCached:            0 kB
Active:          2234228 kB
Inactive:         239552 kB
Active(anon):    2220688 kB
Inactive(anon):   225372 kB
Active(file):      13540 kB
Inactive(file):    14180 kB
Unevictable:     1222104 kB
Mlocked:         1222104 kB
SwapTotal:             0 kB
SwapFree:              0 kB
Dirty:               628 kB
Writeback:             0 kB
AnonPages:       3400792 kB
Mapped:           118652 kB
Shmem:            246516 kB
Slab:              61848 kB
SReclaimable:      31796 kB
SUnreclaim:        30052 kB
KernelStack:        9664 kB
PageTables:        37788 kB
NFS_Unstable:          0 kB
Bounce:                0 kB
WritebackTmp:          0 kB
CommitLimit:     1996604 kB
Committed_AS:    7084484 kB
VmallocTotal:   34359738367 kB
VmallocUsed:      216732 kB
VmallocChunk:   34359512028 kB
HardwareCorrupted:     0 kB
AnonHugePages:   1767424 kB
CmaTotal:              0 kB
CmaFree:               0 kB
HugePages_Total:       0
HugePages_Free:        0
HugePages_Rsvd:        0
HugePages_Surp:        0
Hugepagesize:       2048 kB
DirectMap4k:      116992 kB
DirectMap2M:     4024320 kB


CPU:total 4 (2 cores per cpu, 2 threads per core) family 6 model 42 stepping 7, cmov, cx8, fxsr, mmx, sse, sse2, sse3, ssse3, sse4.1, sse4.2, popcnt, avx, clmul, ht, tsc, tscinvbit

/proc/cpuinfo:
processor	: 0
vendor_id	: GenuineIntel
cpu family	: 6
model		: 42
model name	: Intel(R) Core(TM) i3-2330M CPU @ 2.20GHz
stepping	: 7
microcode	: 0x23
cpu MHz		: 895.125
cache size	: 3072 KB
physical id	: 0
siblings	: 4
core id		: 0
cpu cores	: 2
apicid		: 0
initial apicid	: 0
fpu		: yes
fpu_exception	: yes
cpuid level	: 13
wp		: yes
flags		: fpu vme de pse tsc msr pae mce cx8 apic sep mtrr pge mca cmov pat pse36 clflush dts acpi mmx fxsr sse sse2 ss ht tm pbe syscall nx rdtscp lm constant_tsc arch_perfmon pebs bts rep_good nopl xtopology nonstop_tsc aperfmperf eagerfpu pni pclmulqdq dtes64 monitor ds_cpl vmx est tm2 ssse3 cx16 xtpr pdcm pcid sse4_1 sse4_2 x2apic popcnt tsc_deadline_timer xsave avx lahf_lm arat epb pln pts dtherm tpr_shadow vnmi flexpriority ept vpid xsaveopt
bugs		:
bogomips	: 4390.12
clflush size	: 64
cache_alignment	: 64
address sizes	: 36 bits physical, 48 bits virtual
power management:

processor	: 1
vendor_id	: GenuineIntel
cpu family	: 6
model		: 42
model name	: Intel(R) Core(TM) i3-2330M CPU @ 2.20GHz
stepping	: 7
microcode	: 0x23
cpu MHz		: 1321.632
cache size	: 3072 KB
physical id	: 0
siblings	: 4
core id		: 0
cpu cores	: 2
apicid		: 1
initial apicid	: 1
fpu		: yes
fpu_exception	: yes
cpuid level	: 13
wp		: yes
flags		: fpu vme de pse tsc msr pae mce cx8 apic sep mtrr pge mca cmov pat pse36 clflush dts acpi mmx fxsr sse sse2 ss ht tm pbe syscall nx rdtscp lm constant_tsc arch_perfmon pebs bts rep_good nopl xtopology nonstop_tsc aperfmperf eagerfpu pni pclmulqdq dtes64 monitor ds_cpl vmx est tm2 ssse3 cx16 xtpr pdcm pcid sse4_1 sse4_2 x2apic popcnt tsc_deadline_timer xsave avx lahf_lm arat epb pln pts dtherm tpr_shadow vnmi flexpriority ept vpid xsaveopt
bugs		:
bogomips	: 4390.12
clflush size	: 64
cache_alignment	: 64
address sizes	: 36 bits physical, 48 bits virtual
power management:

processor	: 2
vendor_id	: GenuineIntel
cpu family	: 6
model		: 42
model name	: Intel(R) Core(TM) i3-2330M CPU @ 2.20GHz
stepping	: 7
microcode	: 0x23
cpu MHz		: 821.648
cache size	: 3072 KB
physical id	: 0
siblings	: 4
core id		: 1
cpu cores	: 2
apicid		: 2
initial apicid	: 2
fpu		: yes
fpu_exception	: yes
cpuid level	: 13
wp		: yes
flags		: fpu vme de pse tsc msr pae mce cx8 apic sep mtrr pge mca cmov pat pse36 clflush dts acpi mmx fxsr sse sse2 ss ht tm pbe syscall nx rdtscp lm constant_tsc arch_perfmon pebs bts rep_good nopl xtopology nonstop_tsc aperfmperf eagerfpu pni pclmulqdq dtes64 monitor ds_cpl vmx est tm2 ssse3 cx16 xtpr pdcm pcid sse4_1 sse4_2 x2apic popcnt tsc_deadline_timer xsave avx lahf_lm arat epb pln pts dtherm tpr_shadow vnmi flexpriority ept vpid xsaveopt
bugs		:
bogomips	: 4390.12
clflush size	: 64
cache_alignment	: 64
address sizes	: 36 bits physical, 48 bits virtual
power management:

processor	: 3
vendor_id	: GenuineIntel
cpu family	: 6
model		: 42
model name	: Intel(R) Core(TM) i3-2330M CPU @ 2.20GHz
stepping	: 7
microcode	: 0x23
cpu MHz		: 799.992
cache size	: 3072 KB
physical id	: 0
siblings	: 4
core id		: 1
cpu cores	: 2
apicid		: 3
initial apicid	: 3
fpu		: yes
fpu_exception	: yes
cpuid level	: 13
wp		: yes
flags		: fpu vme de pse tsc msr pae mce cx8 apic sep mtrr pge mca cmov pat pse36 clflush dts acpi mmx fxsr sse sse2 ss ht tm pbe syscall nx rdtscp lm constant_tsc arch_perfmon pebs bts rep_good nopl xtopology nonstop_tsc aperfmperf eagerfpu pni pclmulqdq dtes64 monitor ds_cpl vmx est tm2 ssse3 cx16 xtpr pdcm pcid sse4_1 sse4_2 x2apic popcnt tsc_deadline_timer xsave avx lahf_lm arat epb pln pts dtherm tpr_shadow vnmi flexpriority ept vpid xsaveopt
bugs		:
bogomips	: 4390.12
clflush size	: 64
cache_alignment	: 64
address sizes	: 36 bits physical, 48 bits virtual
power management:



Memory: 4k page, physical 3993212k(142240k free), swap 0k(0k free)

vm_info: Java HotSpot(TM) 64-Bit Server VM (25.66-b17) for linux-amd64 JRE (1.8.0_66-b17), built on Oct  6 2015 17:28:34 by "java_re" with gcc 4.3.0 20080428 (Red Hat 4.3.0-8)

time: Mon Apr 18 05:26:37 2016
elapsed time: 20 seconds (0d 0h 0m 20s)

